Args parsed
Training student without distillation (Full data but without smote)

Validating the train path:/home/micml/25m0764/MIC_project/final_dataset/dataset_600/train
Validating the train path:/home/micml/25m0764/MIC_project/final_dataset/dataset_600/test
Train size: 2833
Test size: 828
Creating model: student_model
Model created
The student_model has number of params = 3724977
Starting training
2e-05
Epoch [1/200], Training Loss: 1.7166, Training Accuracy: 30.53%, Validation Loss: 0.9936, Validation Accuracy: 73.31%
----------- saving --------------
2.6000000000000002e-05
Epoch [2/200], Training Loss: 1.5320, Training Accuracy: 40.70%, Validation Loss: 0.7130, Validation Accuracy: 75.48%
----------- saving --------------
3.2000000000000005e-05
Epoch [3/200], Training Loss: 1.4459, Training Accuracy: 43.17%, Validation Loss: 0.7935, Validation Accuracy: 72.22%
3.8e-05
Epoch [4/200], Training Loss: 1.3843, Training Accuracy: 45.32%, Validation Loss: 0.8459, Validation Accuracy: 71.14%
4.4e-05
Epoch [5/200], Training Loss: 1.3238, Training Accuracy: 47.16%, Validation Loss: 0.7571, Validation Accuracy: 73.43%
4.9953760005996925e-05
Epoch [6/200], Training Loss: 1.2775, Training Accuracy: 50.26%, Validation Loss: 0.7026, Validation Accuracy: 73.91%
4.993342946904621e-05
Epoch [7/200], Training Loss: 1.2398, Training Accuracy: 51.68%, Validation Loss: 0.7533, Validation Accuracy: 74.52%
4.9909414331827703e-05
Epoch [8/200], Training Loss: 1.2019, Training Accuracy: 53.90%, Validation Loss: 0.5771, Validation Accuracy: 78.62%
----------- saving --------------
4.988172051971717e-05
Epoch [9/200], Training Loss: 1.1672, Training Accuracy: 54.64%, Validation Loss: 0.5253, Validation Accuracy: 80.43%
----------- saving --------------
4.9850354865748364e-05
Epoch [10/200], Training Loss: 1.1450, Training Accuracy: 56.97%, Validation Loss: 0.5208, Validation Accuracy: 79.71%
4.981532510892707e-05
Epoch [11/200], Training Loss: 1.1236, Training Accuracy: 56.19%, Validation Loss: 0.6047, Validation Accuracy: 77.05%
4.977663989232161e-05
Epoch [12/200], Training Loss: 1.1112, Training Accuracy: 57.25%, Validation Loss: 0.5574, Validation Accuracy: 81.04%
----------- saving --------------
4.973430876093034e-05
Epoch [13/200], Training Loss: 1.0989, Training Accuracy: 58.45%, Validation Loss: 0.6316, Validation Accuracy: 78.62%
4.968834215932649e-05
Epoch [14/200], Training Loss: 1.0672, Training Accuracy: 59.05%, Validation Loss: 0.5128, Validation Accuracy: 82.13%
----------- saving --------------
4.963875142908122e-05
Epoch [15/200], Training Loss: 1.0499, Training Accuracy: 59.27%, Validation Loss: 0.5470, Validation Accuracy: 81.04%
4.958554880596515e-05
Epoch [16/200], Training Loss: 1.0574, Training Accuracy: 60.57%, Validation Loss: 0.5322, Validation Accuracy: 80.68%
4.952874741692947e-05
Epoch [17/200], Training Loss: 1.0210, Training Accuracy: 61.07%, Validation Loss: 0.5896, Validation Accuracy: 80.43%
4.946836127686698e-05
Epoch [18/200], Training Loss: 0.9978, Training Accuracy: 62.44%, Validation Loss: 0.5913, Validation Accuracy: 78.38%
4.940440528515415e-05
Epoch [19/200], Training Loss: 0.9965, Training Accuracy: 61.49%, Validation Loss: 0.6275, Validation Accuracy: 78.14%
4.933689522197495e-05
Epoch [20/200], Training Loss: 0.9777, Training Accuracy: 63.15%, Validation Loss: 0.5522, Validation Accuracy: 79.95%
4.926584774442731e-05
Epoch [21/200], Training Loss: 0.9761, Training Accuracy: 61.98%, Validation Loss: 0.5649, Validation Accuracy: 77.90%
4.919128038241318e-05
Epoch [22/200], Training Loss: 0.9618, Training Accuracy: 63.11%, Validation Loss: 0.6214, Validation Accuracy: 77.29%
4.9113211534313383e-05
Epoch [23/200], Training Loss: 0.9459, Training Accuracy: 63.64%, Validation Loss: 0.6304, Validation Accuracy: 75.36%
4.9031660462448016e-05
Epoch [24/200], Training Loss: 0.9223, Training Accuracy: 64.24%, Validation Loss: 0.4671, Validation Accuracy: 83.45%
----------- saving --------------
4.894664728832377e-05
Epoch [25/200], Training Loss: 0.9186, Training Accuracy: 64.24%, Validation Loss: 0.6212, Validation Accuracy: 77.54%
4.88581929876693e-05
Epoch [26/200], Training Loss: 0.9245, Training Accuracy: 64.00%, Validation Loss: 0.6426, Validation Accuracy: 76.09%
4.876631938525972e-05
Epoch [27/200], Training Loss: 0.9132, Training Accuracy: 64.45%, Validation Loss: 0.5928, Validation Accuracy: 76.45%
4.8671049149531676e-05
Epoch [28/200], Training Loss: 0.8701, Training Accuracy: 66.93%, Validation Loss: 0.5226, Validation Accuracy: 80.43%
4.8572405786990295e-05
Epoch [29/200], Training Loss: 0.8771, Training Accuracy: 65.30%, Validation Loss: 0.5913, Validation Accuracy: 78.02%
4.847041363640924e-05
Epoch [30/200], Training Loss: 0.8710, Training Accuracy: 66.01%, Validation Loss: 0.6132, Validation Accuracy: 76.69%
4.836509786282552e-05
Epoch [31/200], Training Loss: 0.8583, Training Accuracy: 67.88%, Validation Loss: 0.4695, Validation Accuracy: 82.00%
4.8256484451330404e-05
Epoch [32/200], Training Loss: 0.8728, Training Accuracy: 65.62%, Validation Loss: 0.6904, Validation Accuracy: 74.40%
4.814460020065795e-05
Epoch [33/200], Training Loss: 0.8383, Training Accuracy: 67.28%, Validation Loss: 0.4860, Validation Accuracy: 81.16%
4.802947271657287e-05
Epoch [34/200], Training Loss: 0.8201, Training Accuracy: 68.30%, Validation Loss: 0.5208, Validation Accuracy: 80.43%
4.7911130405059156e-05
Epoch [35/200], Training Loss: 0.8002, Training Accuracy: 68.87%, Validation Loss: 0.4956, Validation Accuracy: 80.68%
4.778960246531139e-05
Epoch [36/200], Training Loss: 0.8005, Training Accuracy: 68.73%, Validation Loss: 0.3931, Validation Accuracy: 86.35%
----------- saving --------------
4.766491888253023e-05
Epoch [37/200], Training Loss: 0.8092, Training Accuracy: 68.62%, Validation Loss: 0.6131, Validation Accuracy: 75.60%
4.753711042052406e-05
Epoch [38/200], Training Loss: 0.8074, Training Accuracy: 69.36%, Validation Loss: 0.5629, Validation Accuracy: 78.62%
4.7406208614118425e-05
Epoch [39/200], Training Loss: 0.7804, Training Accuracy: 70.88%, Validation Loss: 0.5727, Validation Accuracy: 78.74%
4.727224576137535e-05
Epoch [40/200], Training Loss: 0.7905, Training Accuracy: 69.89%, Validation Loss: 0.5749, Validation Accuracy: 78.50%
4.7135254915624215e-05
Epoch [41/200], Training Loss: 0.7710, Training Accuracy: 70.42%, Validation Loss: 0.5588, Validation Accuracy: 77.78%
4.699526987730636e-05
Epoch [42/200], Training Loss: 0.7565, Training Accuracy: 71.55%, Validation Loss: 0.6178, Validation Accuracy: 77.05%
4.6852325185635355e-05
Epoch [43/200], Training Loss: 0.7633, Training Accuracy: 70.63%, Validation Loss: 0.5070, Validation Accuracy: 80.56%
4.6706456110074944e-05
Epoch [44/200], Training Loss: 0.7661, Training Accuracy: 70.53%, Validation Loss: 0.4794, Validation Accuracy: 82.25%
4.655769864163684e-05
Epoch [45/200], Training Loss: 0.7462, Training Accuracy: 71.09%, Validation Loss: 0.5274, Validation Accuracy: 79.11%
4.6406089484000467e-05
Epoch [46/200], Training Loss: 0.7232, Training Accuracy: 72.08%, Validation Loss: 0.4603, Validation Accuracy: 84.30%
4.6251666044456894e-05
Epoch [47/200], Training Loss: 0.7364, Training Accuracy: 71.13%, Validation Loss: 0.4322, Validation Accuracy: 85.27%
4.609446642467915e-05
Epoch [48/200], Training Loss: 0.7205, Training Accuracy: 71.90%, Validation Loss: 0.4643, Validation Accuracy: 81.64%
4.5934529411321176e-05
Epoch [49/200], Training Loss: 0.7367, Training Accuracy: 71.73%, Validation Loss: 0.4532, Validation Accuracy: 82.85%
4.5771894466447835e-05
Epoch [50/200], Training Loss: 0.7007, Training Accuracy: 73.00%, Validation Loss: 0.5540, Validation Accuracy: 79.71%
4.560660171779821e-05
Epoch [51/200], Training Loss: 0.7020, Training Accuracy: 73.77%, Validation Loss: 0.5617, Validation Accuracy: 79.47%
4.543869194888471e-05
Epoch [52/200], Training Loss: 0.7157, Training Accuracy: 71.94%, Validation Loss: 0.5017, Validation Accuracy: 81.76%
4.526820658893033e-05
Epoch [53/200], Training Loss: 0.6984, Training Accuracy: 73.35%, Validation Loss: 0.5679, Validation Accuracy: 78.38%
4.50951877026466e-05
Epoch [54/200], Training Loss: 0.6850, Training Accuracy: 73.67%, Validation Loss: 0.4255, Validation Accuracy: 83.82%
4.491967797985478e-05
Epoch [55/200], Training Loss: 0.6981, Training Accuracy: 73.56%, Validation Loss: 0.4533, Validation Accuracy: 83.57%
4.474172072495276e-05
Epoch [56/200], Training Loss: 0.6954, Training Accuracy: 72.82%, Validation Loss: 0.5297, Validation Accuracy: 79.71%
4.456135984623035e-05
Epoch [57/200], Training Loss: 0.6381, Training Accuracy: 75.43%, Validation Loss: 0.4634, Validation Accuracy: 82.85%
4.4378639845035585e-05
Epoch [58/200], Training Loss: 0.6713, Training Accuracy: 73.95%, Validation Loss: 0.5684, Validation Accuracy: 78.14%
4.419360580479465e-05
Epoch [59/200], Training Loss: 0.6601, Training Accuracy: 74.66%, Validation Loss: 0.4756, Validation Accuracy: 83.09%
4.400630337988827e-05
Epoch [60/200], Training Loss: 0.6518, Training Accuracy: 74.94%, Validation Loss: 0.4935, Validation Accuracy: 81.40%
4.3816778784387106e-05
Epoch [61/200], Training Loss: 0.6397, Training Accuracy: 75.57%, Validation Loss: 0.5346, Validation Accuracy: 79.83%
4.362507878064918e-05
Epoch [62/200], Training Loss: 0.6514, Training Accuracy: 75.61%, Validation Loss: 0.4427, Validation Accuracy: 84.54%
4.343125066778197e-05
Epoch [63/200], Training Loss: 0.6384, Training Accuracy: 75.68%, Validation Loss: 0.5159, Validation Accuracy: 79.95%
4.323534226997198e-05
Epoch [64/200], Training Loss: 0.6275, Training Accuracy: 76.60%, Validation Loss: 0.5122, Validation Accuracy: 81.28%
4.3037401924684955e-05
Epoch [65/200], Training Loss: 0.6327, Training Accuracy: 75.26%, Validation Loss: 0.5565, Validation Accuracy: 79.83%
4.2837478470739236e-05
Epoch [66/200], Training Loss: 0.6242, Training Accuracy: 76.21%, Validation Loss: 0.5006, Validation Accuracy: 81.04%
4.263562123625557e-05
Epoch [67/200], Training Loss: 0.6058, Training Accuracy: 76.56%, Validation Loss: 0.6055, Validation Accuracy: 77.05%
4.243188002648612e-05
Epoch [68/200], Training Loss: 0.5931, Training Accuracy: 77.13%, Validation Loss: 0.5822, Validation Accuracy: 78.38%
4.222630511152573e-05
Epoch [69/200], Training Loss: 0.6199, Training Accuracy: 76.84%, Validation Loss: 0.5316, Validation Accuracy: 80.19%
4.20189472139086e-05
Epoch [70/200], Training Loss: 0.5954, Training Accuracy: 76.91%, Validation Loss: 0.4987, Validation Accuracy: 81.76%
4.180985749609321e-05
Epoch [71/200], Training Loss: 0.5764, Training Accuracy: 77.83%, Validation Loss: 0.4951, Validation Accuracy: 82.61%
4.159908754783872e-05
Epoch [72/200], Training Loss: 0.5770, Training Accuracy: 78.79%, Validation Loss: 0.6312, Validation Accuracy: 76.09%
4.1386689373476096e-05
Epoch [73/200], Training Loss: 0.5605, Training Accuracy: 78.50%, Validation Loss: 0.4432, Validation Accuracy: 85.39%
4.117271537907663e-05
Epoch [74/200], Training Loss: 0.5598, Training Accuracy: 78.26%, Validation Loss: 0.5607, Validation Accuracy: 79.71%
4.095721835952171e-05
Epoch [75/200], Training Loss: 0.5804, Training Accuracy: 77.73%, Validation Loss: 0.4294, Validation Accuracy: 84.90%
4.074025148547635e-05
Epoch [76/200], Training Loss: 0.5534, Training Accuracy: 79.21%, Validation Loss: 0.5360, Validation Accuracy: 79.71%
4.052186829027017e-05
Epoch [77/200], Training Loss: 0.5539, Training Accuracy: 78.40%, Validation Loss: 0.7376, Validation Accuracy: 72.10%
4.0302122656688864e-05
Epoch [78/200], Training Loss: 0.5439, Training Accuracy: 79.32%, Validation Loss: 0.5000, Validation Accuracy: 82.37%
4.008106880367937e-05
Epoch [79/200], Training Loss: 0.5484, Training Accuracy: 78.82%, Validation Loss: 0.6122, Validation Accuracy: 77.42%
3.985876127297224e-05
Epoch [80/200], Training Loss: 0.5474, Training Accuracy: 79.14%, Validation Loss: 0.4622, Validation Accuracy: 84.30%
3.963525491562421e-05
Epoch [81/200], Training Loss: 0.5619, Training Accuracy: 79.00%, Validation Loss: 0.5151, Validation Accuracy: 81.64%
3.9410604878484564e-05
Epoch [82/200], Training Loss: 0.5262, Training Accuracy: 79.63%, Validation Loss: 0.6096, Validation Accuracy: 77.66%
3.918486659058844e-05
Epoch [83/200], Training Loss: 0.5443, Training Accuracy: 79.10%, Validation Loss: 0.4689, Validation Accuracy: 83.33%
3.89580957494806e-05
Epoch [84/200], Training Loss: 0.5370, Training Accuracy: 80.06%, Validation Loss: 0.4628, Validation Accuracy: 82.97%
3.873034830747282e-05
Epoch [85/200], Training Loss: 0.5229, Training Accuracy: 79.74%, Validation Loss: 0.6416, Validation Accuracy: 77.54%
3.8501680457838584e-05
Epoch [86/200], Training Loss: 0.5052, Training Accuracy: 80.69%, Validation Loss: 0.4927, Validation Accuracy: 82.85%
Training time 0:27:14
