Args parsed
Testing student distillation with combined forward and reverse KL. Dataset size: full

Validating the train path:/home/micml/25m0764/MIC_project/final_dataset/dataset_600/train
Validating the train path:/home/micml/25m0764/MIC_project/final_dataset/dataset_600/test
Train size: 2833
Test size: 828
Creating model: HDKD
Model created
The HDKD has number of params = 3727288
Path for teacher model: /home/micml/25m0764/MIC_project/HDKD/weighted_loss_data_models/teacher_model/teacher_model_weighted_loss.pth
Using weighted loss function for training
Using combination of forward and reverse KL, 0.3 weighting for reverse KL.
Starting training
2e-05
Epoch [1/200], Training Loss: 591.7663, Training Accuracy: 25.17%, Validation Loss: 1.4399, Validation Accuracy: 54.23%
----------- saving --------------
2.6000000000000002e-05
Epoch [2/200], Training Loss: 496.7513, Training Accuracy: 30.74%, Validation Loss: 1.0820, Validation Accuracy: 75.72%
----------- saving --------------
3.2000000000000005e-05
Epoch [3/200], Training Loss: 431.5277, Training Accuracy: 35.72%, Validation Loss: 0.8849, Validation Accuracy: 74.64%
3.8e-05
Epoch [4/200], Training Loss: 383.1419, Training Accuracy: 39.71%, Validation Loss: 0.6742, Validation Accuracy: 78.86%
----------- saving --------------
4.4e-05
Epoch [5/200], Training Loss: 346.8966, Training Accuracy: 43.21%, Validation Loss: 0.6720, Validation Accuracy: 76.93%
4.9953760005996925e-05
Epoch [6/200], Training Loss: 319.4151, Training Accuracy: 45.92%, Validation Loss: 0.7712, Validation Accuracy: 75.97%
4.993342946904621e-05
Epoch [7/200], Training Loss: 297.8246, Training Accuracy: 47.79%, Validation Loss: 0.6572, Validation Accuracy: 77.17%
4.9909414331827703e-05
Epoch [8/200], Training Loss: 281.4042, Training Accuracy: 49.95%, Validation Loss: 0.5380, Validation Accuracy: 81.64%
----------- saving --------------
4.988172051971717e-05
Epoch [9/200], Training Loss: 268.0825, Training Accuracy: 49.59%, Validation Loss: 0.6189, Validation Accuracy: 80.43%
4.9850354865748364e-05
Epoch [10/200], Training Loss: 255.2983, Training Accuracy: 53.23%, Validation Loss: 0.5598, Validation Accuracy: 81.40%
4.981532510892707e-05
Epoch [11/200], Training Loss: 245.2632, Training Accuracy: 54.64%, Validation Loss: 0.6366, Validation Accuracy: 78.99%
4.977663989232161e-05
Epoch [12/200], Training Loss: 234.1223, Training Accuracy: 54.36%, Validation Loss: 0.5053, Validation Accuracy: 82.61%
----------- saving --------------
4.973430876093034e-05
Epoch [13/200], Training Loss: 225.3915, Training Accuracy: 57.32%, Validation Loss: 0.5351, Validation Accuracy: 82.37%
4.968834215932649e-05
Epoch [14/200], Training Loss: 216.2328, Training Accuracy: 57.92%, Validation Loss: 0.5331, Validation Accuracy: 82.00%
4.963875142908122e-05
Epoch [15/200], Training Loss: 208.6192, Training Accuracy: 59.05%, Validation Loss: 0.5956, Validation Accuracy: 79.95%
4.958554880596515e-05
Epoch [16/200], Training Loss: 200.8388, Training Accuracy: 59.55%, Validation Loss: 0.4406, Validation Accuracy: 84.66%
----------- saving --------------
4.952874741692947e-05
Epoch [17/200], Training Loss: 194.6905, Training Accuracy: 61.88%, Validation Loss: 0.4451, Validation Accuracy: 84.66%
4.946836127686698e-05
Epoch [18/200], Training Loss: 187.8138, Training Accuracy: 62.37%, Validation Loss: 0.4330, Validation Accuracy: 84.18%
4.940440528515415e-05
Epoch [19/200], Training Loss: 182.1749, Training Accuracy: 63.11%, Validation Loss: 0.4105, Validation Accuracy: 85.99%
----------- saving --------------
4.933689522197495e-05
Epoch [20/200], Training Loss: 177.9167, Training Accuracy: 63.82%, Validation Loss: 0.5075, Validation Accuracy: 81.28%
4.926584774442731e-05
Epoch [21/200], Training Loss: 172.4115, Training Accuracy: 64.74%, Validation Loss: 0.4275, Validation Accuracy: 84.90%
4.919128038241318e-05
Epoch [22/200], Training Loss: 168.7776, Training Accuracy: 64.45%, Validation Loss: 0.4584, Validation Accuracy: 83.45%
4.9113211534313383e-05
Epoch [23/200], Training Loss: 165.3552, Training Accuracy: 67.03%, Validation Loss: 0.4300, Validation Accuracy: 84.06%
4.9031660462448016e-05
Epoch [24/200], Training Loss: 161.4038, Training Accuracy: 65.83%, Validation Loss: 0.4492, Validation Accuracy: 83.94%
4.894664728832377e-05
Epoch [25/200], Training Loss: 157.0415, Training Accuracy: 66.54%, Validation Loss: 0.3892, Validation Accuracy: 86.59%
----------- saving --------------
4.88581929876693e-05
Epoch [26/200], Training Loss: 154.2678, Training Accuracy: 66.50%, Validation Loss: 0.4103, Validation Accuracy: 85.51%
4.876631938525972e-05
Epoch [27/200], Training Loss: 151.4073, Training Accuracy: 68.55%, Validation Loss: 0.4149, Validation Accuracy: 85.27%
4.8671049149531676e-05
Epoch [28/200], Training Loss: 148.5020, Training Accuracy: 68.02%, Validation Loss: 0.3737, Validation Accuracy: 87.20%
----------- saving --------------
4.8572405786990295e-05
Epoch [29/200], Training Loss: 146.0336, Training Accuracy: 67.56%, Validation Loss: 0.3969, Validation Accuracy: 85.02%
4.847041363640924e-05
Epoch [30/200], Training Loss: 144.0308, Training Accuracy: 68.02%, Validation Loss: 0.3638, Validation Accuracy: 87.32%
----------- saving --------------
4.836509786282552e-05
Epoch [31/200], Training Loss: 141.5474, Training Accuracy: 69.47%, Validation Loss: 0.4245, Validation Accuracy: 83.94%
4.8256484451330404e-05
Epoch [32/200], Training Loss: 139.4948, Training Accuracy: 68.62%, Validation Loss: 0.3595, Validation Accuracy: 87.32%
4.814460020065795e-05
Epoch [33/200], Training Loss: 136.3949, Training Accuracy: 70.00%, Validation Loss: 0.3682, Validation Accuracy: 87.20%
4.802947271657287e-05
Epoch [34/200], Training Loss: 134.9074, Training Accuracy: 69.78%, Validation Loss: 0.4179, Validation Accuracy: 84.06%
4.7911130405059156e-05
Epoch [35/200], Training Loss: 133.3494, Training Accuracy: 69.36%, Validation Loss: 0.4350, Validation Accuracy: 83.94%
4.778960246531139e-05
Epoch [36/200], Training Loss: 131.3286, Training Accuracy: 70.31%, Validation Loss: 0.4065, Validation Accuracy: 84.90%
4.766491888253023e-05
Epoch [37/200], Training Loss: 129.9672, Training Accuracy: 70.84%, Validation Loss: 0.4031, Validation Accuracy: 85.14%
4.753711042052406e-05
Epoch [38/200], Training Loss: 128.4755, Training Accuracy: 71.09%, Validation Loss: 0.3916, Validation Accuracy: 86.59%
4.7406208614118425e-05
Epoch [39/200], Training Loss: 127.2884, Training Accuracy: 69.82%, Validation Loss: 0.3676, Validation Accuracy: 87.32%
4.727224576137535e-05
Epoch [40/200], Training Loss: 125.6024, Training Accuracy: 70.91%, Validation Loss: 0.3658, Validation Accuracy: 86.71%
4.7135254915624215e-05
Epoch [41/200], Training Loss: 123.8783, Training Accuracy: 71.66%, Validation Loss: 0.3591, Validation Accuracy: 86.35%
4.699526987730636e-05
Epoch [42/200], Training Loss: 122.9476, Training Accuracy: 71.55%, Validation Loss: 0.3972, Validation Accuracy: 86.35%
4.6852325185635355e-05
Epoch [43/200], Training Loss: 121.5141, Training Accuracy: 71.76%, Validation Loss: 0.3589, Validation Accuracy: 88.16%
----------- saving --------------
4.6706456110074944e-05
Epoch [44/200], Training Loss: 119.5026, Training Accuracy: 71.62%, Validation Loss: 0.4698, Validation Accuracy: 82.85%
4.655769864163684e-05
Epoch [45/200], Training Loss: 117.9440, Training Accuracy: 71.87%, Validation Loss: 0.3547, Validation Accuracy: 87.08%
4.6406089484000467e-05
Epoch [46/200], Training Loss: 117.6136, Training Accuracy: 72.22%, Validation Loss: 0.4466, Validation Accuracy: 83.21%
4.6251666044456894e-05
Epoch [47/200], Training Loss: 116.4017, Training Accuracy: 72.68%, Validation Loss: 0.4049, Validation Accuracy: 85.14%
4.609446642467915e-05
Epoch [48/200], Training Loss: 115.1058, Training Accuracy: 73.21%, Validation Loss: 0.3944, Validation Accuracy: 85.51%
4.5934529411321176e-05
Epoch [49/200], Training Loss: 113.9346, Training Accuracy: 71.09%, Validation Loss: 0.3465, Validation Accuracy: 87.20%
4.5771894466447835e-05
Epoch [50/200], Training Loss: 112.4455, Training Accuracy: 72.18%, Validation Loss: 0.3915, Validation Accuracy: 85.02%
4.560660171779821e-05
Epoch [51/200], Training Loss: 111.6192, Training Accuracy: 72.75%, Validation Loss: 0.4072, Validation Accuracy: 85.02%
4.543869194888471e-05
Epoch [52/200], Training Loss: 110.6455, Training Accuracy: 72.75%, Validation Loss: 0.3679, Validation Accuracy: 85.75%
4.526820658893033e-05
Epoch [53/200], Training Loss: 110.4814, Training Accuracy: 73.10%, Validation Loss: 0.3979, Validation Accuracy: 84.42%
4.50951877026466e-05
Epoch [54/200], Training Loss: 109.1224, Training Accuracy: 73.63%, Validation Loss: 0.4702, Validation Accuracy: 82.37%
4.491967797985478e-05
Epoch [55/200], Training Loss: 108.2633, Training Accuracy: 73.10%, Validation Loss: 0.3920, Validation Accuracy: 84.42%
4.474172072495276e-05
Epoch [56/200], Training Loss: 107.6671, Training Accuracy: 73.99%, Validation Loss: 0.3697, Validation Accuracy: 85.51%
4.456135984623035e-05
Epoch [57/200], Training Loss: 105.8367, Training Accuracy: 73.88%, Validation Loss: 0.3369, Validation Accuracy: 87.68%
4.4378639845035585e-05
Epoch [58/200], Training Loss: 105.5619, Training Accuracy: 74.09%, Validation Loss: 0.3973, Validation Accuracy: 85.51%
4.419360580479465e-05
Epoch [59/200], Training Loss: 105.3011, Training Accuracy: 74.44%, Validation Loss: 0.3468, Validation Accuracy: 87.08%
4.400630337988827e-05
Epoch [60/200], Training Loss: 103.8050, Training Accuracy: 76.00%, Validation Loss: 0.3979, Validation Accuracy: 85.14%
4.3816778784387106e-05
Epoch [61/200], Training Loss: 102.9051, Training Accuracy: 74.73%, Validation Loss: 0.3887, Validation Accuracy: 85.99%
4.362507878064918e-05
Epoch [62/200], Training Loss: 102.6206, Training Accuracy: 74.27%, Validation Loss: 0.3751, Validation Accuracy: 85.51%
4.343125066778197e-05
Epoch [63/200], Training Loss: 102.0443, Training Accuracy: 75.08%, Validation Loss: 0.4504, Validation Accuracy: 83.57%
4.323534226997198e-05
Epoch [64/200], Training Loss: 100.4358, Training Accuracy: 75.08%, Validation Loss: 0.3882, Validation Accuracy: 84.78%
4.3037401924684955e-05
Epoch [65/200], Training Loss: 100.2638, Training Accuracy: 74.66%, Validation Loss: 0.3531, Validation Accuracy: 87.44%
4.2837478470739236e-05
Epoch [66/200], Training Loss: 99.8317, Training Accuracy: 75.64%, Validation Loss: 0.3829, Validation Accuracy: 86.84%
4.263562123625557e-05
Epoch [67/200], Training Loss: 99.2893, Training Accuracy: 73.63%, Validation Loss: 0.3975, Validation Accuracy: 84.42%
4.243188002648612e-05
Epoch [68/200], Training Loss: 98.1585, Training Accuracy: 76.17%, Validation Loss: 0.3974, Validation Accuracy: 84.78%
4.222630511152573e-05
Epoch [69/200], Training Loss: 97.6607, Training Accuracy: 75.33%, Validation Loss: 0.4153, Validation Accuracy: 84.18%
4.20189472139086e-05
Epoch [70/200], Training Loss: 96.7041, Training Accuracy: 76.07%, Validation Loss: 0.3799, Validation Accuracy: 85.75%
4.180985749609321e-05
Epoch [71/200], Training Loss: 96.2199, Training Accuracy: 76.03%, Validation Loss: 0.3619, Validation Accuracy: 87.08%
4.159908754783872e-05
Epoch [72/200], Training Loss: 95.9963, Training Accuracy: 74.97%, Validation Loss: 0.3327, Validation Accuracy: 88.53%
----------- saving --------------
4.1386689373476096e-05
Epoch [73/200], Training Loss: 95.6737, Training Accuracy: 76.63%, Validation Loss: 0.3956, Validation Accuracy: 85.02%
4.117271537907663e-05
Epoch [74/200], Training Loss: 94.5877, Training Accuracy: 75.89%, Validation Loss: 0.3517, Validation Accuracy: 86.84%
4.095721835952171e-05
Epoch [75/200], Training Loss: 95.1496, Training Accuracy: 76.53%, Validation Loss: 0.3550, Validation Accuracy: 86.35%
4.074025148547635e-05
Epoch [76/200], Training Loss: 93.8211, Training Accuracy: 75.26%, Validation Loss: 0.3800, Validation Accuracy: 85.51%
4.052186829027017e-05
Epoch [77/200], Training Loss: 94.1402, Training Accuracy: 77.20%, Validation Loss: 0.3982, Validation Accuracy: 85.02%
4.0302122656688864e-05
Epoch [78/200], Training Loss: 92.8433, Training Accuracy: 75.33%, Validation Loss: 0.3920, Validation Accuracy: 85.75%
4.008106880367937e-05
Epoch [79/200], Training Loss: 92.3356, Training Accuracy: 76.63%, Validation Loss: 0.4268, Validation Accuracy: 84.66%
3.985876127297224e-05
Epoch [80/200], Training Loss: 91.8626, Training Accuracy: 76.84%, Validation Loss: 0.4004, Validation Accuracy: 85.14%
3.963525491562421e-05
Epoch [81/200], Training Loss: 91.4848, Training Accuracy: 76.35%, Validation Loss: 0.3895, Validation Accuracy: 84.90%
3.9410604878484564e-05
Epoch [82/200], Training Loss: 90.7330, Training Accuracy: 76.67%, Validation Loss: 0.3743, Validation Accuracy: 86.96%
3.918486659058844e-05
Epoch [83/200], Training Loss: 90.7043, Training Accuracy: 77.41%, Validation Loss: 0.3982, Validation Accuracy: 84.54%
3.89580957494806e-05
Epoch [84/200], Training Loss: 90.1035, Training Accuracy: 77.52%, Validation Loss: 0.3752, Validation Accuracy: 86.11%
3.873034830747282e-05
Epoch [85/200], Training Loss: 90.0467, Training Accuracy: 76.17%, Validation Loss: 0.3316, Validation Accuracy: 88.41%
3.8501680457838584e-05
Epoch [86/200], Training Loss: 89.4363, Training Accuracy: 77.23%, Validation Loss: 0.3768, Validation Accuracy: 85.99%
3.8272148620948145e-05
Epoch [87/200], Training Loss: 88.8791, Training Accuracy: 77.23%, Validation Loss: 0.4229, Validation Accuracy: 84.06%
3.8041809430347696e-05
Epoch [88/200], Training Loss: 88.3351, Training Accuracy: 77.20%, Validation Loss: 0.3572, Validation Accuracy: 86.71%
3.7810719718785876e-05
Epoch [89/200], Training Loss: 88.1237, Training Accuracy: 77.73%, Validation Loss: 0.3842, Validation Accuracy: 86.71%
3.757893650419114e-05
Epoch [90/200], Training Loss: 87.9349, Training Accuracy: 77.34%, Validation Loss: 0.4128, Validation Accuracy: 85.02%
3.734651697560347e-05
Epoch [91/200], Training Loss: 87.0675, Training Accuracy: 78.64%, Validation Loss: 0.3828, Validation Accuracy: 86.11%
3.711351847906374e-05
Epoch [92/200], Training Loss: 86.9128, Training Accuracy: 78.40%, Validation Loss: 0.3740, Validation Accuracy: 87.20%
3.687999850346457e-05
Epoch [93/200], Training Loss: 86.6202, Training Accuracy: 77.06%, Validation Loss: 0.3629, Validation Accuracy: 86.35%
3.6646014666365684e-05
Epoch [94/200], Training Loss: 86.1040, Training Accuracy: 78.75%, Validation Loss: 0.3800, Validation Accuracy: 86.47%
3.641162469977772e-05
Epoch [95/200], Training Loss: 85.7473, Training Accuracy: 78.29%, Validation Loss: 0.3764, Validation Accuracy: 86.11%
3.617688643591768e-05
Epoch [96/200], Training Loss: 85.1808, Training Accuracy: 78.72%, Validation Loss: 0.3759, Validation Accuracy: 86.35%
3.594185779293971e-05
Epoch [97/200], Training Loss: 85.1729, Training Accuracy: 78.96%, Validation Loss: 0.4242, Validation Accuracy: 85.27%
3.5706596760644643e-05
Epoch [98/200], Training Loss: 84.7179, Training Accuracy: 78.43%, Validation Loss: 0.3554, Validation Accuracy: 87.56%
3.547116138617192e-05
Epoch [99/200], Training Loss: 84.4009, Training Accuracy: 79.00%, Validation Loss: 0.3807, Validation Accuracy: 86.11%
3.523560975967731e-05
Epoch [100/200], Training Loss: 83.6887, Training Accuracy: 80.66%, Validation Loss: 0.3923, Validation Accuracy: 85.87%
3.5000000000000004e-05
Epoch [101/200], Training Loss: 84.2687, Training Accuracy: 79.21%, Validation Loss: 0.3795, Validation Accuracy: 85.75%
3.4764390240322696e-05
Epoch [102/200], Training Loss: 83.6782, Training Accuracy: 79.60%, Validation Loss: 0.3596, Validation Accuracy: 86.71%
3.452883861382808e-05
Epoch [103/200], Training Loss: 83.3420, Training Accuracy: 79.32%, Validation Loss: 0.4367, Validation Accuracy: 84.66%
3.4293403239355364e-05
Epoch [104/200], Training Loss: 82.5980, Training Accuracy: 79.24%, Validation Loss: 0.3701, Validation Accuracy: 86.71%
3.40581422070603e-05
Epoch [105/200], Training Loss: 83.4047, Training Accuracy: 79.56%, Validation Loss: 0.3951, Validation Accuracy: 85.51%
3.382311356408233e-05
Epoch [106/200], Training Loss: 82.1043, Training Accuracy: 79.46%, Validation Loss: 0.4185, Validation Accuracy: 84.66%
3.358837530022229e-05
Epoch [107/200], Training Loss: 81.8775, Training Accuracy: 80.27%, Validation Loss: 0.3765, Validation Accuracy: 85.63%
3.335398533363432e-05
Epoch [108/200], Training Loss: 81.7625, Training Accuracy: 79.88%, Validation Loss: 0.3466, Validation Accuracy: 87.08%
3.312000149653544e-05
Epoch [109/200], Training Loss: 81.6064, Training Accuracy: 79.95%, Validation Loss: 0.3625, Validation Accuracy: 86.96%
3.2886481520936266e-05
Epoch [110/200], Training Loss: 81.7260, Training Accuracy: 79.39%, Validation Loss: 0.3560, Validation Accuracy: 86.71%
3.2653483024396536e-05
Epoch [111/200], Training Loss: 81.6887, Training Accuracy: 79.24%, Validation Loss: 0.4224, Validation Accuracy: 85.14%
3.242106349580886e-05
Epoch [112/200], Training Loss: 80.9356, Training Accuracy: 80.80%, Validation Loss: 0.4553, Validation Accuracy: 83.70%
3.218928028121413e-05
Epoch [113/200], Training Loss: 81.2606, Training Accuracy: 80.30%, Validation Loss: 0.3745, Validation Accuracy: 86.11%
3.195819056965232e-05
Epoch [114/200], Training Loss: 80.7253, Training Accuracy: 80.55%, Validation Loss: 0.4191, Validation Accuracy: 84.42%
3.172785137905187e-05
Epoch [115/200], Training Loss: 80.5257, Training Accuracy: 80.55%, Validation Loss: 0.3750, Validation Accuracy: 86.47%
3.149831954216142e-05
Epoch [116/200], Training Loss: 79.6584, Training Accuracy: 79.95%, Validation Loss: 0.3761, Validation Accuracy: 85.63%
3.126965169252718e-05
Epoch [117/200], Training Loss: 79.5646, Training Accuracy: 80.94%, Validation Loss: 0.3873, Validation Accuracy: 85.39%
3.104190425051941e-05
Epoch [118/200], Training Loss: 79.7812, Training Accuracy: 80.80%, Validation Loss: 0.4056, Validation Accuracy: 84.42%
3.0815133409411565e-05
Epoch [119/200], Training Loss: 79.5450, Training Accuracy: 80.13%, Validation Loss: 0.3621, Validation Accuracy: 86.11%
3.0589395121515443e-05
Epoch [120/200], Training Loss: 79.5514, Training Accuracy: 80.83%, Validation Loss: 0.3300, Validation Accuracy: 88.04%
3.0364745084375795e-05
Epoch [121/200], Training Loss: 78.6848, Training Accuracy: 81.64%, Validation Loss: 0.3934, Validation Accuracy: 85.75%
3.0141238727027758e-05
Epoch [122/200], Training Loss: 78.7523, Training Accuracy: 80.13%, Validation Loss: 0.3875, Validation Accuracy: 86.11%
2.991893119632063e-05
Epoch [123/200], Training Loss: 78.7711, Training Accuracy: 80.94%, Validation Loss: 0.3499, Validation Accuracy: 86.96%
2.9697877343311147e-05
Epoch [124/200], Training Loss: 78.6526, Training Accuracy: 81.75%, Validation Loss: 0.3853, Validation Accuracy: 85.99%
2.9478131709729838e-05
Epoch [125/200], Training Loss: 77.8188, Training Accuracy: 81.43%, Validation Loss: 0.3980, Validation Accuracy: 85.63%
2.9259748514523657e-05
Epoch [126/200], Training Loss: 77.9048, Training Accuracy: 80.69%, Validation Loss: 0.3749, Validation Accuracy: 86.35%
2.9042781640478292e-05
Epoch [127/200], Training Loss: 77.9541, Training Accuracy: 81.82%, Validation Loss: 0.4204, Validation Accuracy: 85.02%
2.882728462092337e-05
Epoch [128/200], Training Loss: 77.2330, Training Accuracy: 81.08%, Validation Loss: 0.3886, Validation Accuracy: 86.23%
2.861331062652391e-05
Epoch [129/200], Training Loss: 77.2260, Training Accuracy: 81.43%, Validation Loss: 0.3914, Validation Accuracy: 85.27%
2.8400912452161272e-05
Epoch [130/200], Training Loss: 77.4279, Training Accuracy: 81.26%, Validation Loss: 0.4056, Validation Accuracy: 85.02%
2.81901425039068e-05
Epoch [131/200], Training Loss: 76.7548, Training Accuracy: 81.50%, Validation Loss: 0.3912, Validation Accuracy: 85.75%
2.7981052786091404e-05
Epoch [132/200], Training Loss: 77.0262, Training Accuracy: 82.17%, Validation Loss: 0.3673, Validation Accuracy: 87.32%
2.777369488847427e-05
Epoch [133/200], Training Loss: 76.6037, Training Accuracy: 81.54%, Validation Loss: 0.4000, Validation Accuracy: 85.27%
2.756811997351389e-05
Epoch [134/200], Training Loss: 76.3811, Training Accuracy: 81.75%, Validation Loss: 0.4033, Validation Accuracy: 85.39%
2.7364378763744433e-05
Epoch [135/200], Training Loss: 76.5261, Training Accuracy: 82.70%, Validation Loss: 0.3930, Validation Accuracy: 85.99%
2.7162521529260772e-05
Epoch [136/200], Training Loss: 76.2699, Training Accuracy: 82.60%, Validation Loss: 0.3655, Validation Accuracy: 86.59%
2.696259807531505e-05
Epoch [137/200], Training Loss: 76.1974, Training Accuracy: 83.06%, Validation Loss: 0.3414, Validation Accuracy: 87.80%
2.6764657730028024e-05
Epoch [138/200], Training Loss: 75.6247, Training Accuracy: 82.46%, Validation Loss: 0.3834, Validation Accuracy: 86.59%
2.656874933221804e-05
Epoch [139/200], Training Loss: 75.6359, Training Accuracy: 82.07%, Validation Loss: 0.4394, Validation Accuracy: 84.42%
2.6374921219350825e-05
Epoch [140/200], Training Loss: 75.3223, Training Accuracy: 82.53%, Validation Loss: 0.3795, Validation Accuracy: 86.84%
2.6183221215612905e-05
Epoch [141/200], Training Loss: 75.6704, Training Accuracy: 82.00%, Validation Loss: 0.4224, Validation Accuracy: 84.54%
2.5993696620111744e-05
Epoch [142/200], Training Loss: 75.2530, Training Accuracy: 82.49%, Validation Loss: 0.4033, Validation Accuracy: 85.39%
2.5806394195205354e-05
Epoch [143/200], Training Loss: 75.4255, Training Accuracy: 82.85%, Validation Loss: 0.3781, Validation Accuracy: 86.23%
2.5621360154964423e-05
Epoch [144/200], Training Loss: 74.8315, Training Accuracy: 82.46%, Validation Loss: 0.4262, Validation Accuracy: 84.06%
2.5438640153769657e-05
Epoch [145/200], Training Loss: 74.9160, Training Accuracy: 82.56%, Validation Loss: 0.3671, Validation Accuracy: 87.20%
2.525827927504725e-05
Epoch [146/200], Training Loss: 74.7810, Training Accuracy: 83.59%, Validation Loss: 0.3902, Validation Accuracy: 85.87%
2.5080322020145226e-05
Epoch [147/200], Training Loss: 74.3894, Training Accuracy: 82.85%, Validation Loss: 0.3637, Validation Accuracy: 86.84%
2.49048122973534e-05
Epoch [148/200], Training Loss: 74.4916, Training Accuracy: 82.77%, Validation Loss: 0.3565, Validation Accuracy: 87.44%
2.473179341106967e-05
Epoch [149/200], Training Loss: 74.4930, Training Accuracy: 83.37%, Validation Loss: 0.3862, Validation Accuracy: 85.87%
2.4561308051115287e-05
Epoch [150/200], Training Loss: 74.0522, Training Accuracy: 82.88%, Validation Loss: 0.3763, Validation Accuracy: 86.35%
2.439339828220179e-05
Epoch [151/200], Training Loss: 73.8154, Training Accuracy: 83.90%, Validation Loss: 0.4253, Validation Accuracy: 84.78%
2.4228105533552172e-05
Epoch [152/200], Training Loss: 73.9668, Training Accuracy: 83.20%, Validation Loss: 0.3846, Validation Accuracy: 85.99%
2.406547058867883e-05
Epoch [153/200], Training Loss: 73.5493, Training Accuracy: 84.08%, Validation Loss: 0.3986, Validation Accuracy: 85.27%
2.3905533575320855e-05
Epoch [154/200], Training Loss: 73.3525, Training Accuracy: 83.41%, Validation Loss: 0.4363, Validation Accuracy: 85.14%
2.3748333955543107e-05
Epoch [155/200], Training Loss: 73.4739, Training Accuracy: 83.69%, Validation Loss: 0.3540, Validation Accuracy: 87.80%
2.3593910515999538e-05
Epoch [156/200], Training Loss: 73.4644, Training Accuracy: 84.29%, Validation Loss: 0.3575, Validation Accuracy: 86.59%
2.3442301358363164e-05
Epoch [157/200], Training Loss: 73.2274, Training Accuracy: 84.22%, Validation Loss: 0.3836, Validation Accuracy: 86.47%
2.3293543889925057e-05
Epoch [158/200], Training Loss: 72.3636, Training Accuracy: 84.29%, Validation Loss: 0.3753, Validation Accuracy: 85.99%
2.3147674814364646e-05
Epoch [159/200], Training Loss: 73.2372, Training Accuracy: 83.90%, Validation Loss: 0.4085, Validation Accuracy: 85.27%
2.3004730122693643e-05
Epoch [160/200], Training Loss: 72.9841, Training Accuracy: 84.12%, Validation Loss: 0.4089, Validation Accuracy: 84.66%
2.2864745084375792e-05
Epoch [161/200], Training Loss: 72.2159, Training Accuracy: 84.12%, Validation Loss: 0.4065, Validation Accuracy: 84.54%
2.2727754238624652e-05
Epoch [162/200], Training Loss: 72.6242, Training Accuracy: 83.41%, Validation Loss: 0.3876, Validation Accuracy: 86.47%
2.2593791385881576e-05
Epoch [163/200], Training Loss: 72.4254, Training Accuracy: 85.25%, Validation Loss: 0.3748, Validation Accuracy: 86.47%
2.2462889579475952e-05
Epoch [164/200], Training Loss: 72.1183, Training Accuracy: 84.33%, Validation Loss: 0.4033, Validation Accuracy: 85.99%
2.233508111746978e-05
Epoch [165/200], Training Loss: 72.3233, Training Accuracy: 85.70%, Validation Loss: 0.3779, Validation Accuracy: 87.08%
2.221039753468862e-05
Epoch [166/200], Training Loss: 72.1346, Training Accuracy: 84.33%, Validation Loss: 0.4138, Validation Accuracy: 85.51%
2.2088869594940844e-05
Epoch [167/200], Training Loss: 72.3384, Training Accuracy: 84.50%, Validation Loss: 0.3665, Validation Accuracy: 87.44%
2.197052728342713e-05
Epoch [168/200], Training Loss: 71.7660, Training Accuracy: 85.21%, Validation Loss: 0.3708, Validation Accuracy: 87.20%
2.185539979934205e-05
Epoch [169/200], Training Loss: 72.1282, Training Accuracy: 85.67%, Validation Loss: 0.4012, Validation Accuracy: 85.99%
2.17435155486696e-05
Epoch [170/200], Training Loss: 71.4495, Training Accuracy: 85.74%, Validation Loss: 0.3577, Validation Accuracy: 88.29%
2.1634902137174486e-05
Epoch [171/200], Training Loss: 71.6554, Training Accuracy: 84.82%, Validation Loss: 0.4132, Validation Accuracy: 86.11%
2.152958636359077e-05
Epoch [172/200], Training Loss: 71.4880, Training Accuracy: 85.17%, Validation Loss: 0.4093, Validation Accuracy: 86.35%
2.1427594213009713e-05
Epoch [173/200], Training Loss: 71.1852, Training Accuracy: 85.46%, Validation Loss: 0.3846, Validation Accuracy: 86.59%
2.1328950850468325e-05
Epoch [174/200], Training Loss: 71.6653, Training Accuracy: 86.16%, Validation Loss: 0.3889, Validation Accuracy: 85.87%
2.123368061474029e-05
Epoch [175/200], Training Loss: 71.0722, Training Accuracy: 85.99%, Validation Loss: 0.3618, Validation Accuracy: 87.44%
2.1141807012330703e-05
Epoch [176/200], Training Loss: 70.7602, Training Accuracy: 85.70%, Validation Loss: 0.4226, Validation Accuracy: 85.75%
2.105335271167623e-05
Epoch [177/200], Training Loss: 71.1582, Training Accuracy: 85.21%, Validation Loss: 0.4190, Validation Accuracy: 85.63%
2.096833953755199e-05
Epoch [178/200], Training Loss: 71.3178, Training Accuracy: 86.13%, Validation Loss: 0.4419, Validation Accuracy: 85.02%
2.088678846568662e-05
Epoch [179/200], Training Loss: 70.9624, Training Accuracy: 86.34%, Validation Loss: 0.3989, Validation Accuracy: 86.23%
2.080871961758682e-05
Epoch [180/200], Training Loss: 70.5039, Training Accuracy: 86.52%, Validation Loss: 0.4202, Validation Accuracy: 85.39%
2.0734152255572697e-05
Epoch [181/200], Training Loss: 70.2314, Training Accuracy: 86.41%, Validation Loss: 0.3847, Validation Accuracy: 86.84%
2.066310477802505e-05
Epoch [182/200], Training Loss: 70.8743, Training Accuracy: 85.88%, Validation Loss: 0.3887, Validation Accuracy: 86.71%
2.0595594714845856e-05
Epoch [183/200], Training Loss: 70.8024, Training Accuracy: 85.46%, Validation Loss: 0.4050, Validation Accuracy: 86.23%
2.0531638723133032e-05
Epoch [184/200], Training Loss: 70.8045, Training Accuracy: 84.96%, Validation Loss: 0.3796, Validation Accuracy: 87.08%
2.047125258307054e-05
Epoch [185/200], Training Loss: 70.3948, Training Accuracy: 86.23%, Validation Loss: 0.3957, Validation Accuracy: 86.59%
2.0414451194034853e-05
Epoch [186/200], Training Loss: 70.1750, Training Accuracy: 85.21%, Validation Loss: 0.4104, Validation Accuracy: 85.14%
2.0361248570918792e-05
Epoch [187/200], Training Loss: 70.0701, Training Accuracy: 85.70%, Validation Loss: 0.4065, Validation Accuracy: 85.02%
2.0311657840673515e-05
Epoch [188/200], Training Loss: 70.2408, Training Accuracy: 86.80%, Validation Loss: 0.4357, Validation Accuracy: 84.54%
2.026569123906967e-05
Epoch [189/200], Training Loss: 69.7125, Training Accuracy: 86.66%, Validation Loss: 0.3805, Validation Accuracy: 87.32%
2.0223360107678393e-05
Epoch [190/200], Training Loss: 70.2186, Training Accuracy: 86.23%, Validation Loss: 0.4142, Validation Accuracy: 85.99%
2.0184674891072937e-05
Epoch [191/200], Training Loss: 70.1146, Training Accuracy: 86.02%, Validation Loss: 0.3778, Validation Accuracy: 87.44%
2.014964513425164e-05
Epoch [192/200], Training Loss: 69.8902, Training Accuracy: 86.27%, Validation Loss: 0.4216, Validation Accuracy: 85.51%
2.0118279480282836e-05
Epoch [193/200], Training Loss: 69.4617, Training Accuracy: 86.62%, Validation Loss: 0.3840, Validation Accuracy: 86.23%
2.0090585668172307e-05
Epoch [194/200], Training Loss: 69.7606, Training Accuracy: 86.37%, Validation Loss: 0.4267, Validation Accuracy: 84.78%
2.00665705309538e-05
Epoch [195/200], Training Loss: 69.3125, Training Accuracy: 86.34%, Validation Loss: 0.4060, Validation Accuracy: 85.87%
2.0046239994003082e-05
Epoch [196/200], Training Loss: 69.5329, Training Accuracy: 86.59%, Validation Loss: 0.4133, Validation Accuracy: 86.11%
2.0029599073575927e-05
Epoch [197/200], Training Loss: 69.3136, Training Accuracy: 86.80%, Validation Loss: 0.3765, Validation Accuracy: 87.44%
2.0016651875570453e-05
Epoch [198/200], Training Loss: 69.5168, Training Accuracy: 87.12%, Validation Loss: 0.3705, Validation Accuracy: 87.80%
2.000740159451403e-05
Epoch [199/200], Training Loss: 68.8292, Training Accuracy: 86.45%, Validation Loss: 0.3728, Validation Accuracy: 87.32%
2.0001850512775094e-05
Epoch [200/200], Training Loss: 69.1177, Training Accuracy: 87.36%, Validation Loss: 0.4575, Validation Accuracy: 84.78%
Training time 2:03:34
