Args parsed
Testing student distillation with combined forward and reverse KL. Dataset size: 700

Validating the train path:/home/micml/25m0764/MIC_project/final_dataset/dataset_600/train_100
Validating the train path:/home/micml/25m0764/MIC_project/final_dataset/dataset_600/test
Train size: 700
Test size: 828
Creating model: HDKD
Model created
The HDKD has number of params = 3727288
Path for teacher model: /home/micml/25m0764/MIC_project/HDKD/weighted_loss_data_models/teacher_model/teacher_model_weighted_loss.pth
Using weighted loss function for training
Using combination of forward and reverse KL, 0.3 weighting for reverse KL.
Starting training
2e-05
Epoch [1/200], Training Loss: 644.6527, Training Accuracy: 17.00%, Validation Loss: 1.6789, Validation Accuracy: 79.95%
----------- saving --------------
2.6000000000000002e-05
Epoch [2/200], Training Loss: 607.2537, Training Accuracy: 18.43%, Validation Loss: 1.7689, Validation Accuracy: 25.60%
3.2000000000000005e-05
Epoch [3/200], Training Loss: 576.2441, Training Accuracy: 18.71%, Validation Loss: 1.7660, Validation Accuracy: 42.27%
3.8e-05
Epoch [4/200], Training Loss: 539.5174, Training Accuracy: 19.43%, Validation Loss: 1.4983, Validation Accuracy: 74.52%
4.4e-05
Epoch [5/200], Training Loss: 509.3609, Training Accuracy: 20.14%, Validation Loss: 1.5407, Validation Accuracy: 69.69%
4.9953760005996925e-05
Epoch [6/200], Training Loss: 474.9542, Training Accuracy: 23.14%, Validation Loss: 1.2615, Validation Accuracy: 76.45%
4.993342946904621e-05
Epoch [7/200], Training Loss: 446.8209, Training Accuracy: 32.00%, Validation Loss: 1.0987, Validation Accuracy: 75.00%
4.9909414331827703e-05
Epoch [8/200], Training Loss: 422.1260, Training Accuracy: 34.14%, Validation Loss: 1.0369, Validation Accuracy: 73.43%
4.988172051971717e-05
Epoch [9/200], Training Loss: 402.5750, Training Accuracy: 40.57%, Validation Loss: 1.0855, Validation Accuracy: 70.53%
4.9850354865748364e-05
Epoch [10/200], Training Loss: 388.1922, Training Accuracy: 42.14%, Validation Loss: 1.0226, Validation Accuracy: 70.77%
4.981532510892707e-05
Epoch [11/200], Training Loss: 373.2177, Training Accuracy: 42.00%, Validation Loss: 0.8489, Validation Accuracy: 73.07%
4.977663989232161e-05
Epoch [12/200], Training Loss: 362.0195, Training Accuracy: 45.14%, Validation Loss: 0.9043, Validation Accuracy: 68.96%
4.973430876093034e-05
Epoch [13/200], Training Loss: 350.7854, Training Accuracy: 43.14%, Validation Loss: 0.7153, Validation Accuracy: 77.05%
4.968834215932649e-05
Epoch [14/200], Training Loss: 343.4559, Training Accuracy: 44.57%, Validation Loss: 0.7010, Validation Accuracy: 76.09%
4.963875142908122e-05
Epoch [15/200], Training Loss: 336.8499, Training Accuracy: 45.71%, Validation Loss: 0.7984, Validation Accuracy: 74.15%
4.958554880596515e-05
Epoch [16/200], Training Loss: 326.7150, Training Accuracy: 47.29%, Validation Loss: 0.7955, Validation Accuracy: 72.83%
4.952874741692947e-05
Epoch [17/200], Training Loss: 321.0776, Training Accuracy: 48.14%, Validation Loss: 0.7295, Validation Accuracy: 75.72%
4.946836127686698e-05
Epoch [18/200], Training Loss: 315.7474, Training Accuracy: 49.43%, Validation Loss: 0.7855, Validation Accuracy: 73.31%
4.940440528515415e-05
Epoch [19/200], Training Loss: 310.3513, Training Accuracy: 51.14%, Validation Loss: 0.7761, Validation Accuracy: 74.52%
4.933689522197495e-05
Epoch [20/200], Training Loss: 304.8333, Training Accuracy: 50.43%, Validation Loss: 0.9748, Validation Accuracy: 66.43%
4.926584774442731e-05
Epoch [21/200], Training Loss: 302.1670, Training Accuracy: 49.14%, Validation Loss: 0.7787, Validation Accuracy: 73.07%
4.919128038241318e-05
Epoch [22/200], Training Loss: 295.1391, Training Accuracy: 50.00%, Validation Loss: 0.7601, Validation Accuracy: 73.79%
4.9113211534313383e-05
Epoch [23/200], Training Loss: 292.3179, Training Accuracy: 52.14%, Validation Loss: 0.9319, Validation Accuracy: 71.62%
4.9031660462448016e-05
Epoch [24/200], Training Loss: 287.9048, Training Accuracy: 50.29%, Validation Loss: 0.9193, Validation Accuracy: 69.93%
4.894664728832377e-05
Epoch [25/200], Training Loss: 284.1927, Training Accuracy: 50.86%, Validation Loss: 0.5763, Validation Accuracy: 79.71%
4.88581929876693e-05
Epoch [26/200], Training Loss: 280.3728, Training Accuracy: 53.14%, Validation Loss: 0.6937, Validation Accuracy: 77.54%
4.876631938525972e-05
Epoch [27/200], Training Loss: 278.4549, Training Accuracy: 52.57%, Validation Loss: 0.6332, Validation Accuracy: 80.07%
----------- saving --------------
4.8671049149531676e-05
Epoch [28/200], Training Loss: 274.3341, Training Accuracy: 53.14%, Validation Loss: 0.6700, Validation Accuracy: 78.50%
4.8572405786990295e-05
Epoch [29/200], Training Loss: 274.0813, Training Accuracy: 52.57%, Validation Loss: 0.6841, Validation Accuracy: 78.14%
4.847041363640924e-05
Epoch [30/200], Training Loss: 268.1477, Training Accuracy: 54.29%, Validation Loss: 0.6723, Validation Accuracy: 78.14%
4.836509786282552e-05
Epoch [31/200], Training Loss: 265.3725, Training Accuracy: 55.00%, Validation Loss: 0.6514, Validation Accuracy: 78.86%
4.8256484451330404e-05
Epoch [32/200], Training Loss: 262.1711, Training Accuracy: 55.57%, Validation Loss: 0.5907, Validation Accuracy: 80.92%
----------- saving --------------
4.814460020065795e-05
Epoch [33/200], Training Loss: 260.7479, Training Accuracy: 55.71%, Validation Loss: 0.5671, Validation Accuracy: 81.88%
----------- saving --------------
4.802947271657287e-05
Epoch [34/200], Training Loss: 257.5728, Training Accuracy: 56.57%, Validation Loss: 0.6823, Validation Accuracy: 77.90%
4.7911130405059156e-05
Epoch [35/200], Training Loss: 252.9292, Training Accuracy: 54.71%, Validation Loss: 0.7144, Validation Accuracy: 78.50%
4.778960246531139e-05
Epoch [36/200], Training Loss: 252.1135, Training Accuracy: 58.29%, Validation Loss: 0.5851, Validation Accuracy: 81.52%
4.766491888253023e-05
Epoch [37/200], Training Loss: 248.6489, Training Accuracy: 58.43%, Validation Loss: 0.6459, Validation Accuracy: 79.11%
4.753711042052406e-05
Epoch [38/200], Training Loss: 245.6559, Training Accuracy: 59.43%, Validation Loss: 0.5750, Validation Accuracy: 81.40%
4.7406208614118425e-05
Epoch [39/200], Training Loss: 242.8337, Training Accuracy: 59.29%, Validation Loss: 0.5954, Validation Accuracy: 80.19%
4.727224576137535e-05
Epoch [40/200], Training Loss: 241.0632, Training Accuracy: 58.57%, Validation Loss: 0.6616, Validation Accuracy: 77.90%
4.7135254915624215e-05
Epoch [41/200], Training Loss: 239.1133, Training Accuracy: 58.71%, Validation Loss: 0.6008, Validation Accuracy: 80.68%
4.699526987730636e-05
Epoch [42/200], Training Loss: 237.2552, Training Accuracy: 60.00%, Validation Loss: 0.5061, Validation Accuracy: 82.97%
----------- saving --------------
4.6852325185635355e-05
Epoch [43/200], Training Loss: 233.2955, Training Accuracy: 61.71%, Validation Loss: 0.5969, Validation Accuracy: 81.04%
4.6706456110074944e-05
Epoch [44/200], Training Loss: 232.3242, Training Accuracy: 61.14%, Validation Loss: 0.5729, Validation Accuracy: 80.80%
4.655769864163684e-05
Epoch [45/200], Training Loss: 230.3950, Training Accuracy: 60.71%, Validation Loss: 0.5274, Validation Accuracy: 81.76%
4.6406089484000467e-05
Epoch [46/200], Training Loss: 229.2022, Training Accuracy: 61.71%, Validation Loss: 0.5104, Validation Accuracy: 83.21%
----------- saving --------------
4.6251666044456894e-05
Epoch [47/200], Training Loss: 225.6992, Training Accuracy: 61.86%, Validation Loss: 0.4992, Validation Accuracy: 83.70%
----------- saving --------------
4.609446642467915e-05
Epoch [48/200], Training Loss: 224.4725, Training Accuracy: 64.29%, Validation Loss: 0.4948, Validation Accuracy: 84.06%
----------- saving --------------
4.5934529411321176e-05
Epoch [49/200], Training Loss: 221.0264, Training Accuracy: 61.86%, Validation Loss: 0.5540, Validation Accuracy: 80.43%
4.5771894466447835e-05
Epoch [50/200], Training Loss: 221.0573, Training Accuracy: 66.14%, Validation Loss: 0.4828, Validation Accuracy: 83.94%
4.560660171779821e-05
Epoch [51/200], Training Loss: 219.2920, Training Accuracy: 63.86%, Validation Loss: 0.6121, Validation Accuracy: 78.86%
4.543869194888471e-05
Epoch [52/200], Training Loss: 216.5980, Training Accuracy: 66.86%, Validation Loss: 0.5757, Validation Accuracy: 80.43%
4.526820658893033e-05
Epoch [53/200], Training Loss: 213.5148, Training Accuracy: 65.71%, Validation Loss: 0.5189, Validation Accuracy: 82.85%
4.50951877026466e-05
Epoch [54/200], Training Loss: 211.0588, Training Accuracy: 66.71%, Validation Loss: 0.5227, Validation Accuracy: 81.64%
4.491967797985478e-05
Epoch [55/200], Training Loss: 211.8830, Training Accuracy: 66.57%, Validation Loss: 0.4547, Validation Accuracy: 83.94%
4.474172072495276e-05
Epoch [56/200], Training Loss: 208.7399, Training Accuracy: 64.57%, Validation Loss: 0.5063, Validation Accuracy: 82.37%
4.456135984623035e-05
Epoch [57/200], Training Loss: 207.0727, Training Accuracy: 67.00%, Validation Loss: 0.5738, Validation Accuracy: 80.92%
4.4378639845035585e-05
Epoch [58/200], Training Loss: 206.0116, Training Accuracy: 66.00%, Validation Loss: 0.4908, Validation Accuracy: 82.37%
4.419360580479465e-05
Epoch [59/200], Training Loss: 204.9294, Training Accuracy: 68.57%, Validation Loss: 0.5155, Validation Accuracy: 81.88%
4.400630337988827e-05
Epoch [60/200], Training Loss: 202.5489, Training Accuracy: 67.14%, Validation Loss: 0.5397, Validation Accuracy: 80.80%
4.3816778784387106e-05
Epoch [61/200], Training Loss: 202.0134, Training Accuracy: 65.43%, Validation Loss: 0.5723, Validation Accuracy: 80.31%
4.362507878064918e-05
Epoch [62/200], Training Loss: 200.2028, Training Accuracy: 67.86%, Validation Loss: 0.5291, Validation Accuracy: 81.16%
4.343125066778197e-05
Epoch [63/200], Training Loss: 198.2687, Training Accuracy: 69.57%, Validation Loss: 0.4563, Validation Accuracy: 84.06%
4.323534226997198e-05
Epoch [64/200], Training Loss: 198.2808, Training Accuracy: 69.14%, Validation Loss: 0.4746, Validation Accuracy: 83.57%
4.3037401924684955e-05
Epoch [65/200], Training Loss: 196.3593, Training Accuracy: 68.14%, Validation Loss: 0.4481, Validation Accuracy: 85.14%
----------- saving --------------
4.2837478470739236e-05
Epoch [66/200], Training Loss: 192.6005, Training Accuracy: 68.86%, Validation Loss: 0.4964, Validation Accuracy: 83.09%
4.263562123625557e-05
Epoch [67/200], Training Loss: 195.0587, Training Accuracy: 68.43%, Validation Loss: 0.4970, Validation Accuracy: 81.76%
4.243188002648612e-05
Epoch [68/200], Training Loss: 193.2524, Training Accuracy: 70.43%, Validation Loss: 0.4168, Validation Accuracy: 85.87%
----------- saving --------------
4.222630511152573e-05
Epoch [69/200], Training Loss: 190.2268, Training Accuracy: 69.86%, Validation Loss: 0.4613, Validation Accuracy: 83.57%
4.20189472139086e-05
Epoch [70/200], Training Loss: 190.1471, Training Accuracy: 71.00%, Validation Loss: 0.6467, Validation Accuracy: 78.74%
4.180985749609321e-05
Epoch [71/200], Training Loss: 187.7660, Training Accuracy: 72.14%, Validation Loss: 0.5157, Validation Accuracy: 82.25%
4.159908754783872e-05
Epoch [72/200], Training Loss: 186.6814, Training Accuracy: 71.57%, Validation Loss: 0.4824, Validation Accuracy: 82.00%
4.1386689373476096e-05
Epoch [73/200], Training Loss: 186.5889, Training Accuracy: 73.00%, Validation Loss: 0.4699, Validation Accuracy: 84.06%
4.117271537907663e-05
Epoch [74/200], Training Loss: 184.7317, Training Accuracy: 71.00%, Validation Loss: 0.5073, Validation Accuracy: 81.64%
4.095721835952171e-05
Epoch [75/200], Training Loss: 185.4260, Training Accuracy: 71.29%, Validation Loss: 0.4816, Validation Accuracy: 82.73%
4.074025148547635e-05
Epoch [76/200], Training Loss: 183.2521, Training Accuracy: 70.86%, Validation Loss: 0.4522, Validation Accuracy: 84.42%
4.052186829027017e-05
Epoch [77/200], Training Loss: 183.3427, Training Accuracy: 72.57%, Validation Loss: 0.4552, Validation Accuracy: 84.66%
4.0302122656688864e-05
Epoch [78/200], Training Loss: 181.0476, Training Accuracy: 71.29%, Validation Loss: 0.4247, Validation Accuracy: 85.99%
----------- saving --------------
4.008106880367937e-05
Epoch [79/200], Training Loss: 182.4023, Training Accuracy: 71.57%, Validation Loss: 0.4707, Validation Accuracy: 82.49%
3.985876127297224e-05
Epoch [80/200], Training Loss: 178.5818, Training Accuracy: 74.00%, Validation Loss: 0.4683, Validation Accuracy: 84.30%
3.963525491562421e-05
Epoch [81/200], Training Loss: 178.1429, Training Accuracy: 72.14%, Validation Loss: 0.5047, Validation Accuracy: 82.85%
3.9410604878484564e-05
Epoch [82/200], Training Loss: 177.5755, Training Accuracy: 70.57%, Validation Loss: 0.4558, Validation Accuracy: 84.18%
3.918486659058844e-05
Epoch [83/200], Training Loss: 178.5034, Training Accuracy: 73.43%, Validation Loss: 0.4314, Validation Accuracy: 85.27%
3.89580957494806e-05
Epoch [84/200], Training Loss: 177.0358, Training Accuracy: 73.43%, Validation Loss: 0.4854, Validation Accuracy: 81.88%
3.873034830747282e-05
Epoch [85/200], Training Loss: 177.3147, Training Accuracy: 73.71%, Validation Loss: 0.4798, Validation Accuracy: 82.73%
3.8501680457838584e-05
Epoch [86/200], Training Loss: 174.9139, Training Accuracy: 74.86%, Validation Loss: 0.4881, Validation Accuracy: 83.21%
3.8272148620948145e-05
Epoch [87/200], Training Loss: 173.4468, Training Accuracy: 74.43%, Validation Loss: 0.4663, Validation Accuracy: 82.85%
3.8041809430347696e-05
Epoch [88/200], Training Loss: 172.9053, Training Accuracy: 71.86%, Validation Loss: 0.4876, Validation Accuracy: 82.25%
3.7810719718785876e-05
Epoch [89/200], Training Loss: 171.4643, Training Accuracy: 75.29%, Validation Loss: 0.5189, Validation Accuracy: 80.80%
3.757893650419114e-05
Epoch [90/200], Training Loss: 170.7383, Training Accuracy: 74.29%, Validation Loss: 0.5095, Validation Accuracy: 82.49%
3.734651697560347e-05
Epoch [91/200], Training Loss: 169.9115, Training Accuracy: 75.86%, Validation Loss: 0.5070, Validation Accuracy: 82.25%
3.711351847906374e-05
Epoch [92/200], Training Loss: 170.9381, Training Accuracy: 76.43%, Validation Loss: 0.4759, Validation Accuracy: 83.57%
3.687999850346457e-05
Epoch [93/200], Training Loss: 169.3801, Training Accuracy: 74.29%, Validation Loss: 0.4771, Validation Accuracy: 84.30%
3.6646014666365684e-05
Epoch [94/200], Training Loss: 169.4312, Training Accuracy: 75.57%, Validation Loss: 0.4656, Validation Accuracy: 83.82%
3.641162469977772e-05
Epoch [95/200], Training Loss: 168.6919, Training Accuracy: 76.00%, Validation Loss: 0.4200, Validation Accuracy: 85.75%
3.617688643591768e-05
Epoch [96/200], Training Loss: 165.9420, Training Accuracy: 75.00%, Validation Loss: 0.4510, Validation Accuracy: 84.66%
3.594185779293971e-05
Epoch [97/200], Training Loss: 166.4544, Training Accuracy: 75.86%, Validation Loss: 0.4338, Validation Accuracy: 86.47%
----------- saving --------------
3.5706596760644643e-05
Epoch [98/200], Training Loss: 165.4734, Training Accuracy: 75.43%, Validation Loss: 0.5412, Validation Accuracy: 81.04%
3.547116138617192e-05
Epoch [99/200], Training Loss: 165.4179, Training Accuracy: 75.00%, Validation Loss: 0.4910, Validation Accuracy: 82.85%
3.523560975967731e-05
Epoch [100/200], Training Loss: 164.7723, Training Accuracy: 78.57%, Validation Loss: 0.5866, Validation Accuracy: 79.59%
3.5000000000000004e-05
Epoch [101/200], Training Loss: 164.7462, Training Accuracy: 78.43%, Validation Loss: 0.5155, Validation Accuracy: 82.25%
3.4764390240322696e-05
Epoch [102/200], Training Loss: 163.3898, Training Accuracy: 75.00%, Validation Loss: 0.4321, Validation Accuracy: 85.14%
3.452883861382808e-05
Epoch [103/200], Training Loss: 163.5446, Training Accuracy: 75.71%, Validation Loss: 0.4579, Validation Accuracy: 83.82%
3.4293403239355364e-05
Epoch [104/200], Training Loss: 163.7536, Training Accuracy: 75.14%, Validation Loss: 0.4352, Validation Accuracy: 86.11%
3.40581422070603e-05
Epoch [105/200], Training Loss: 162.6412, Training Accuracy: 75.71%, Validation Loss: 0.4436, Validation Accuracy: 85.02%
3.382311356408233e-05
Epoch [106/200], Training Loss: 161.8514, Training Accuracy: 77.57%, Validation Loss: 0.4611, Validation Accuracy: 85.39%
3.358837530022229e-05
Epoch [107/200], Training Loss: 160.8574, Training Accuracy: 78.00%, Validation Loss: 0.4415, Validation Accuracy: 85.39%
3.335398533363432e-05
Epoch [108/200], Training Loss: 160.4634, Training Accuracy: 76.29%, Validation Loss: 0.5040, Validation Accuracy: 82.97%
3.312000149653544e-05
Epoch [109/200], Training Loss: 158.6391, Training Accuracy: 77.57%, Validation Loss: 0.4606, Validation Accuracy: 84.90%
3.2886481520936266e-05
Epoch [110/200], Training Loss: 159.2088, Training Accuracy: 77.29%, Validation Loss: 0.4470, Validation Accuracy: 84.54%
3.2653483024396536e-05
Epoch [111/200], Training Loss: 159.7789, Training Accuracy: 79.00%, Validation Loss: 0.4436, Validation Accuracy: 85.14%
3.242106349580886e-05
Epoch [112/200], Training Loss: 157.8707, Training Accuracy: 78.57%, Validation Loss: 0.4388, Validation Accuracy: 85.02%
3.218928028121413e-05
Epoch [113/200], Training Loss: 158.5614, Training Accuracy: 79.71%, Validation Loss: 0.5270, Validation Accuracy: 81.76%
3.195819056965232e-05
Epoch [114/200], Training Loss: 158.7542, Training Accuracy: 79.43%, Validation Loss: 0.4596, Validation Accuracy: 84.42%
3.172785137905187e-05
Epoch [115/200], Training Loss: 157.1571, Training Accuracy: 78.14%, Validation Loss: 0.5274, Validation Accuracy: 83.09%
3.149831954216142e-05
Epoch [116/200], Training Loss: 158.6082, Training Accuracy: 78.86%, Validation Loss: 0.4962, Validation Accuracy: 82.00%
3.126965169252718e-05
Epoch [117/200], Training Loss: 154.5158, Training Accuracy: 78.86%, Validation Loss: 0.5010, Validation Accuracy: 82.85%
3.104190425051941e-05
Epoch [118/200], Training Loss: 155.5463, Training Accuracy: 78.71%, Validation Loss: 0.4299, Validation Accuracy: 85.39%
3.0815133409411565e-05
Epoch [119/200], Training Loss: 155.8506, Training Accuracy: 82.14%, Validation Loss: 0.4476, Validation Accuracy: 85.99%
3.0589395121515443e-05
Epoch [120/200], Training Loss: 154.2933, Training Accuracy: 81.29%, Validation Loss: 0.4480, Validation Accuracy: 85.87%
3.0364745084375795e-05
Epoch [121/200], Training Loss: 155.3785, Training Accuracy: 82.43%, Validation Loss: 0.4738, Validation Accuracy: 83.94%
3.0141238727027758e-05
Epoch [122/200], Training Loss: 153.0870, Training Accuracy: 77.57%, Validation Loss: 0.4991, Validation Accuracy: 82.97%
2.991893119632063e-05
Epoch [123/200], Training Loss: 154.3639, Training Accuracy: 81.43%, Validation Loss: 0.4444, Validation Accuracy: 84.30%
2.9697877343311147e-05
Epoch [124/200], Training Loss: 153.5019, Training Accuracy: 79.14%, Validation Loss: 0.4790, Validation Accuracy: 83.21%
2.9478131709729838e-05
Epoch [125/200], Training Loss: 154.4207, Training Accuracy: 79.71%, Validation Loss: 0.4630, Validation Accuracy: 83.94%
2.9259748514523657e-05
Epoch [126/200], Training Loss: 152.4280, Training Accuracy: 80.71%, Validation Loss: 0.5104, Validation Accuracy: 83.70%
2.9042781640478292e-05
Epoch [127/200], Training Loss: 152.5780, Training Accuracy: 80.29%, Validation Loss: 0.4152, Validation Accuracy: 85.99%
2.882728462092337e-05
Epoch [128/200], Training Loss: 152.1056, Training Accuracy: 81.57%, Validation Loss: 0.4496, Validation Accuracy: 84.90%
2.861331062652391e-05
Epoch [129/200], Training Loss: 151.2799, Training Accuracy: 79.71%, Validation Loss: 0.4667, Validation Accuracy: 84.06%
2.8400912452161272e-05
Epoch [130/200], Training Loss: 151.0015, Training Accuracy: 79.57%, Validation Loss: 0.4594, Validation Accuracy: 84.78%
2.81901425039068e-05
Epoch [131/200], Training Loss: 149.4235, Training Accuracy: 81.86%, Validation Loss: 0.4380, Validation Accuracy: 85.14%
2.7981052786091404e-05
Epoch [132/200], Training Loss: 151.4709, Training Accuracy: 80.86%, Validation Loss: 0.4792, Validation Accuracy: 84.06%
2.777369488847427e-05
Epoch [133/200], Training Loss: 148.6152, Training Accuracy: 83.86%, Validation Loss: 0.4130, Validation Accuracy: 86.71%
----------- saving --------------
2.756811997351389e-05
Epoch [134/200], Training Loss: 149.0108, Training Accuracy: 82.00%, Validation Loss: 0.4762, Validation Accuracy: 83.94%
2.7364378763744433e-05
Epoch [135/200], Training Loss: 149.4369, Training Accuracy: 83.00%, Validation Loss: 0.4418, Validation Accuracy: 85.27%
2.7162521529260772e-05
Epoch [136/200], Training Loss: 147.9995, Training Accuracy: 81.43%, Validation Loss: 0.4760, Validation Accuracy: 84.66%
2.696259807531505e-05
Epoch [137/200], Training Loss: 148.9365, Training Accuracy: 80.71%, Validation Loss: 0.4705, Validation Accuracy: 83.82%
2.6764657730028024e-05
Epoch [138/200], Training Loss: 147.5647, Training Accuracy: 81.00%, Validation Loss: 0.4567, Validation Accuracy: 85.14%
2.656874933221804e-05
Epoch [139/200], Training Loss: 148.0918, Training Accuracy: 79.71%, Validation Loss: 0.4360, Validation Accuracy: 86.35%
2.6374921219350825e-05
Epoch [140/200], Training Loss: 145.7834, Training Accuracy: 83.00%, Validation Loss: 0.4492, Validation Accuracy: 85.27%
2.6183221215612905e-05
Epoch [141/200], Training Loss: 146.3054, Training Accuracy: 82.71%, Validation Loss: 0.4451, Validation Accuracy: 86.35%
2.5993696620111744e-05
Epoch [142/200], Training Loss: 148.1262, Training Accuracy: 81.71%, Validation Loss: 0.4513, Validation Accuracy: 85.75%
2.5806394195205354e-05
Epoch [143/200], Training Loss: 146.8464, Training Accuracy: 84.00%, Validation Loss: 0.4208, Validation Accuracy: 85.63%
2.5621360154964423e-05
Epoch [144/200], Training Loss: 146.8722, Training Accuracy: 82.29%, Validation Loss: 0.4915, Validation Accuracy: 83.57%
2.5438640153769657e-05
Epoch [145/200], Training Loss: 146.1690, Training Accuracy: 84.00%, Validation Loss: 0.5009, Validation Accuracy: 82.49%
2.525827927504725e-05
Epoch [146/200], Training Loss: 146.3893, Training Accuracy: 83.57%, Validation Loss: 0.4434, Validation Accuracy: 85.27%
2.5080322020145226e-05
Epoch [147/200], Training Loss: 144.6258, Training Accuracy: 82.00%, Validation Loss: 0.4166, Validation Accuracy: 86.11%
2.49048122973534e-05
Epoch [148/200], Training Loss: 144.4815, Training Accuracy: 82.14%, Validation Loss: 0.4763, Validation Accuracy: 84.06%
2.473179341106967e-05
Epoch [149/200], Training Loss: 144.4127, Training Accuracy: 82.29%, Validation Loss: 0.4856, Validation Accuracy: 83.94%
2.4561308051115287e-05
Epoch [150/200], Training Loss: 145.2521, Training Accuracy: 82.14%, Validation Loss: 0.4616, Validation Accuracy: 84.90%
2.439339828220179e-05
Epoch [151/200], Training Loss: 145.0729, Training Accuracy: 84.43%, Validation Loss: 0.4811, Validation Accuracy: 83.94%
2.4228105533552172e-05
Epoch [152/200], Training Loss: 145.1549, Training Accuracy: 83.57%, Validation Loss: 0.4436, Validation Accuracy: 85.51%
2.406547058867883e-05
Epoch [153/200], Training Loss: 143.4771, Training Accuracy: 83.00%, Validation Loss: 0.4904, Validation Accuracy: 84.18%
2.3905533575320855e-05
Epoch [154/200], Training Loss: 145.4079, Training Accuracy: 83.57%, Validation Loss: 0.4396, Validation Accuracy: 85.02%
2.3748333955543107e-05
Epoch [155/200], Training Loss: 144.1711, Training Accuracy: 84.29%, Validation Loss: 0.4474, Validation Accuracy: 85.63%
2.3593910515999538e-05
Epoch [156/200], Training Loss: 143.4162, Training Accuracy: 83.43%, Validation Loss: 0.4376, Validation Accuracy: 86.23%
2.3442301358363164e-05
Epoch [157/200], Training Loss: 141.8533, Training Accuracy: 81.71%, Validation Loss: 0.4657, Validation Accuracy: 84.42%
2.3293543889925057e-05
Epoch [158/200], Training Loss: 143.0755, Training Accuracy: 82.57%, Validation Loss: 0.4873, Validation Accuracy: 83.33%
2.3147674814364646e-05
Epoch [159/200], Training Loss: 142.7239, Training Accuracy: 84.57%, Validation Loss: 0.4759, Validation Accuracy: 85.02%
2.3004730122693643e-05
Epoch [160/200], Training Loss: 142.6983, Training Accuracy: 84.71%, Validation Loss: 0.5107, Validation Accuracy: 82.85%
2.2864745084375792e-05
Epoch [161/200], Training Loss: 141.8935, Training Accuracy: 84.86%, Validation Loss: 0.4763, Validation Accuracy: 84.54%
2.2727754238624652e-05
Epoch [162/200], Training Loss: 142.5906, Training Accuracy: 83.86%, Validation Loss: 0.4373, Validation Accuracy: 86.23%
2.2593791385881576e-05
Epoch [163/200], Training Loss: 140.6978, Training Accuracy: 84.29%, Validation Loss: 0.4491, Validation Accuracy: 85.63%
2.2462889579475952e-05
Epoch [164/200], Training Loss: 140.9656, Training Accuracy: 85.71%, Validation Loss: 0.4819, Validation Accuracy: 84.18%
2.233508111746978e-05
Epoch [165/200], Training Loss: 141.4138, Training Accuracy: 83.57%, Validation Loss: 0.5124, Validation Accuracy: 83.09%
2.221039753468862e-05
Epoch [166/200], Training Loss: 140.4484, Training Accuracy: 84.14%, Validation Loss: 0.4306, Validation Accuracy: 85.51%
2.2088869594940844e-05
Epoch [167/200], Training Loss: 140.6892, Training Accuracy: 85.57%, Validation Loss: 0.4674, Validation Accuracy: 84.06%
2.197052728342713e-05
Epoch [168/200], Training Loss: 140.2530, Training Accuracy: 83.43%, Validation Loss: 0.4351, Validation Accuracy: 85.63%
2.185539979934205e-05
Epoch [169/200], Training Loss: 139.5613, Training Accuracy: 86.57%, Validation Loss: 0.4641, Validation Accuracy: 85.39%
2.17435155486696e-05
Epoch [170/200], Training Loss: 140.3739, Training Accuracy: 86.43%, Validation Loss: 0.4736, Validation Accuracy: 84.66%
2.1634902137174486e-05
Epoch [171/200], Training Loss: 140.5443, Training Accuracy: 84.43%, Validation Loss: 0.4794, Validation Accuracy: 84.18%
2.152958636359077e-05
Epoch [172/200], Training Loss: 139.8348, Training Accuracy: 83.71%, Validation Loss: 0.4565, Validation Accuracy: 85.63%
2.1427594213009713e-05
Epoch [173/200], Training Loss: 139.4524, Training Accuracy: 87.29%, Validation Loss: 0.5093, Validation Accuracy: 82.73%
2.1328950850468325e-05
Epoch [174/200], Training Loss: 139.1358, Training Accuracy: 86.00%, Validation Loss: 0.4815, Validation Accuracy: 84.78%
2.123368061474029e-05
Epoch [175/200], Training Loss: 138.6580, Training Accuracy: 85.71%, Validation Loss: 0.4412, Validation Accuracy: 85.63%
2.1141807012330703e-05
Epoch [176/200], Training Loss: 138.1763, Training Accuracy: 85.29%, Validation Loss: 0.4477, Validation Accuracy: 85.39%
2.105335271167623e-05
Epoch [177/200], Training Loss: 138.6667, Training Accuracy: 85.71%, Validation Loss: 0.4521, Validation Accuracy: 85.39%
2.096833953755199e-05
Epoch [178/200], Training Loss: 139.0903, Training Accuracy: 87.43%, Validation Loss: 0.4934, Validation Accuracy: 84.42%
2.088678846568662e-05
Epoch [179/200], Training Loss: 137.4570, Training Accuracy: 86.14%, Validation Loss: 0.4702, Validation Accuracy: 84.54%
2.080871961758682e-05
Epoch [180/200], Training Loss: 137.2089, Training Accuracy: 83.71%, Validation Loss: 0.5414, Validation Accuracy: 82.37%
2.0734152255572697e-05
Epoch [181/200], Training Loss: 137.1906, Training Accuracy: 86.29%, Validation Loss: 0.5158, Validation Accuracy: 82.13%
2.066310477802505e-05
Epoch [182/200], Training Loss: 136.1088, Training Accuracy: 87.43%, Validation Loss: 0.5256, Validation Accuracy: 82.49%
2.0595594714845856e-05
Epoch [183/200], Training Loss: 136.1832, Training Accuracy: 86.57%, Validation Loss: 0.5330, Validation Accuracy: 81.64%
2.0531638723133032e-05
Epoch [184/200], Training Loss: 137.4954, Training Accuracy: 86.14%, Validation Loss: 0.4683, Validation Accuracy: 85.14%
2.047125258307054e-05
Epoch [185/200], Training Loss: 135.6279, Training Accuracy: 88.00%, Validation Loss: 0.4998, Validation Accuracy: 83.94%
2.0414451194034853e-05
Epoch [186/200], Training Loss: 135.7495, Training Accuracy: 86.57%, Validation Loss: 0.4978, Validation Accuracy: 83.57%
2.0361248570918792e-05
Epoch [187/200], Training Loss: 136.0122, Training Accuracy: 88.43%, Validation Loss: 0.4524, Validation Accuracy: 85.02%
2.0311657840673515e-05
Epoch [188/200], Training Loss: 136.0897, Training Accuracy: 88.00%, Validation Loss: 0.4610, Validation Accuracy: 84.18%
2.026569123906967e-05
Epoch [189/200], Training Loss: 136.3734, Training Accuracy: 85.57%, Validation Loss: 0.4763, Validation Accuracy: 84.54%
2.0223360107678393e-05
Epoch [190/200], Training Loss: 135.7222, Training Accuracy: 85.57%, Validation Loss: 0.4933, Validation Accuracy: 84.30%
2.0184674891072937e-05
Epoch [191/200], Training Loss: 136.5462, Training Accuracy: 85.86%, Validation Loss: 0.4604, Validation Accuracy: 84.30%
2.014964513425164e-05
Epoch [192/200], Training Loss: 134.0174, Training Accuracy: 88.00%, Validation Loss: 0.4464, Validation Accuracy: 85.02%
2.0118279480282836e-05
Epoch [193/200], Training Loss: 134.2688, Training Accuracy: 87.00%, Validation Loss: 0.4786, Validation Accuracy: 84.78%
2.0090585668172307e-05
Epoch [194/200], Training Loss: 135.0568, Training Accuracy: 86.57%, Validation Loss: 0.4491, Validation Accuracy: 85.02%
2.00665705309538e-05
Epoch [195/200], Training Loss: 134.3833, Training Accuracy: 87.43%, Validation Loss: 0.5532, Validation Accuracy: 81.76%
2.0046239994003082e-05
Epoch [196/200], Training Loss: 134.2769, Training Accuracy: 88.71%, Validation Loss: 0.5429, Validation Accuracy: 81.76%
2.0029599073575927e-05
Epoch [197/200], Training Loss: 134.0085, Training Accuracy: 87.86%, Validation Loss: 0.5250, Validation Accuracy: 82.37%
2.0016651875570453e-05
Epoch [198/200], Training Loss: 134.8935, Training Accuracy: 87.00%, Validation Loss: 0.5026, Validation Accuracy: 83.21%
2.000740159451403e-05
Epoch [199/200], Training Loss: 132.9093, Training Accuracy: 87.14%, Validation Loss: 0.4645, Validation Accuracy: 84.66%
2.0001850512775094e-05
Epoch [200/200], Training Loss: 132.3806, Training Accuracy: 88.43%, Validation Loss: 0.5312, Validation Accuracy: 83.45%
Training time 0:39:45
