Args parsed
Testing student distillation with combined forward and reverse KL. Dataset size: 350

Validating the train path:/home/micml/25m0764/MIC_project/final_dataset/dataset_600/train_50
Validating the train path:/home/micml/25m0764/MIC_project/final_dataset/dataset_600/test
Train size: 350
Test size: 828
Creating model: HDKD
Model created
The HDKD has number of params = 3727288
Path for teacher model: /home/micml/25m0764/MIC_project/HDKD/weighted_loss_data_models/teacher_model/teacher_model_weighted_loss.pth
Using weighted loss function for training
Using combination of forward and reverse KL, 0.3 weighting for reverse KL.
Starting training
2e-05
Epoch [1/200], Training Loss: 655.1473, Training Accuracy: 13.71%, Validation Loss: 1.8312, Validation Accuracy: 3.26%
----------- saving --------------
2.6000000000000002e-05
Epoch [2/200], Training Loss: 635.8470, Training Accuracy: 15.14%, Validation Loss: 1.6076, Validation Accuracy: 80.07%
----------- saving --------------
3.2000000000000005e-05
Epoch [3/200], Training Loss: 615.3989, Training Accuracy: 16.29%, Validation Loss: 1.7038, Validation Accuracy: 47.71%
3.8e-05
Epoch [4/200], Training Loss: 588.3285, Training Accuracy: 18.86%, Validation Loss: 1.6511, Validation Accuracy: 48.43%
4.4e-05
Epoch [5/200], Training Loss: 567.6612, Training Accuracy: 16.57%, Validation Loss: 1.5766, Validation Accuracy: 74.28%
4.9953760005996925e-05
Epoch [6/200], Training Loss: 548.3375, Training Accuracy: 18.29%, Validation Loss: 1.5967, Validation Accuracy: 73.55%
4.993342946904621e-05
Epoch [7/200], Training Loss: 522.1377, Training Accuracy: 21.14%, Validation Loss: 1.4682, Validation Accuracy: 74.28%
4.9909414331827703e-05
Epoch [8/200], Training Loss: 501.9673, Training Accuracy: 22.29%, Validation Loss: 1.4745, Validation Accuracy: 72.83%
4.988172051971717e-05
Epoch [9/200], Training Loss: 479.1989, Training Accuracy: 26.86%, Validation Loss: 1.3124, Validation Accuracy: 76.33%
4.9850354865748364e-05
Epoch [10/200], Training Loss: 465.7291, Training Accuracy: 32.00%, Validation Loss: 1.2283, Validation Accuracy: 74.03%
4.981532510892707e-05
Epoch [11/200], Training Loss: 448.7739, Training Accuracy: 37.43%, Validation Loss: 1.1303, Validation Accuracy: 74.03%
4.977663989232161e-05
Epoch [12/200], Training Loss: 436.1652, Training Accuracy: 35.14%, Validation Loss: 1.0373, Validation Accuracy: 75.85%
4.973430876093034e-05
Epoch [13/200], Training Loss: 425.4485, Training Accuracy: 36.00%, Validation Loss: 1.0691, Validation Accuracy: 72.22%
4.968834215932649e-05
Epoch [14/200], Training Loss: 414.0011, Training Accuracy: 39.43%, Validation Loss: 0.9603, Validation Accuracy: 73.91%
4.963875142908122e-05
Epoch [15/200], Training Loss: 403.7128, Training Accuracy: 45.71%, Validation Loss: 0.8744, Validation Accuracy: 75.36%
4.958554880596515e-05
Epoch [16/200], Training Loss: 399.6113, Training Accuracy: 43.14%, Validation Loss: 0.8565, Validation Accuracy: 73.67%
4.952874741692947e-05
Epoch [17/200], Training Loss: 388.5362, Training Accuracy: 46.00%, Validation Loss: 0.8948, Validation Accuracy: 73.55%
4.946836127686698e-05
Epoch [18/200], Training Loss: 381.8021, Training Accuracy: 43.71%, Validation Loss: 0.8618, Validation Accuracy: 72.83%
4.940440528515415e-05
Epoch [19/200], Training Loss: 372.2229, Training Accuracy: 47.43%, Validation Loss: 0.8054, Validation Accuracy: 72.83%
4.933689522197495e-05
Epoch [20/200], Training Loss: 369.8237, Training Accuracy: 46.57%, Validation Loss: 0.7939, Validation Accuracy: 72.83%
4.926584774442731e-05
Epoch [21/200], Training Loss: 366.2436, Training Accuracy: 42.57%, Validation Loss: 0.8211, Validation Accuracy: 72.46%
4.919128038241318e-05
Epoch [22/200], Training Loss: 358.8507, Training Accuracy: 46.00%, Validation Loss: 0.8011, Validation Accuracy: 72.10%
4.9113211534313383e-05
Epoch [23/200], Training Loss: 350.8376, Training Accuracy: 49.14%, Validation Loss: 0.8024, Validation Accuracy: 73.31%
4.9031660462448016e-05
Epoch [24/200], Training Loss: 347.7792, Training Accuracy: 49.71%, Validation Loss: 0.7802, Validation Accuracy: 73.43%
4.894664728832377e-05
Epoch [25/200], Training Loss: 342.5916, Training Accuracy: 46.00%, Validation Loss: 0.7550, Validation Accuracy: 74.15%
4.88581929876693e-05
Epoch [26/200], Training Loss: 339.8987, Training Accuracy: 49.43%, Validation Loss: 0.7378, Validation Accuracy: 74.64%
4.876631938525972e-05
Epoch [27/200], Training Loss: 335.3482, Training Accuracy: 46.00%, Validation Loss: 0.7718, Validation Accuracy: 74.28%
4.8671049149531676e-05
Epoch [28/200], Training Loss: 331.3228, Training Accuracy: 48.29%, Validation Loss: 0.8680, Validation Accuracy: 71.86%
4.8572405786990295e-05
Epoch [29/200], Training Loss: 327.6867, Training Accuracy: 52.57%, Validation Loss: 0.7801, Validation Accuracy: 71.26%
4.847041363640924e-05
Epoch [30/200], Training Loss: 325.3492, Training Accuracy: 49.71%, Validation Loss: 0.7573, Validation Accuracy: 74.88%
4.836509786282552e-05
Epoch [31/200], Training Loss: 323.2802, Training Accuracy: 46.29%, Validation Loss: 0.7852, Validation Accuracy: 74.28%
4.8256484451330404e-05
Epoch [32/200], Training Loss: 317.6147, Training Accuracy: 52.29%, Validation Loss: 0.7984, Validation Accuracy: 72.22%
4.814460020065795e-05
Epoch [33/200], Training Loss: 315.0235, Training Accuracy: 48.00%, Validation Loss: 0.6741, Validation Accuracy: 77.54%
4.802947271657287e-05
Epoch [34/200], Training Loss: 314.3170, Training Accuracy: 52.29%, Validation Loss: 0.7535, Validation Accuracy: 74.15%
4.7911130405059156e-05
Epoch [35/200], Training Loss: 307.2164, Training Accuracy: 51.43%, Validation Loss: 0.7028, Validation Accuracy: 75.97%
4.778960246531139e-05
Epoch [36/200], Training Loss: 306.1388, Training Accuracy: 52.00%, Validation Loss: 0.8570, Validation Accuracy: 72.10%
4.766491888253023e-05
Epoch [37/200], Training Loss: 305.8403, Training Accuracy: 51.43%, Validation Loss: 0.6604, Validation Accuracy: 76.93%
4.753711042052406e-05
Epoch [38/200], Training Loss: 302.1517, Training Accuracy: 53.43%, Validation Loss: 0.8313, Validation Accuracy: 73.67%
4.7406208614118425e-05
Epoch [39/200], Training Loss: 300.8709, Training Accuracy: 53.71%, Validation Loss: 0.6950, Validation Accuracy: 75.85%
4.727224576137535e-05
Epoch [40/200], Training Loss: 301.9054, Training Accuracy: 54.86%, Validation Loss: 0.7108, Validation Accuracy: 76.45%
4.7135254915624215e-05
Epoch [41/200], Training Loss: 296.9649, Training Accuracy: 55.14%, Validation Loss: 0.6215, Validation Accuracy: 77.78%
4.699526987730636e-05
Epoch [42/200], Training Loss: 293.1778, Training Accuracy: 56.29%, Validation Loss: 0.6984, Validation Accuracy: 76.33%
4.6852325185635355e-05
Epoch [43/200], Training Loss: 291.6434, Training Accuracy: 55.71%, Validation Loss: 0.7200, Validation Accuracy: 75.60%
4.6706456110074944e-05
Epoch [44/200], Training Loss: 290.1091, Training Accuracy: 55.14%, Validation Loss: 0.6624, Validation Accuracy: 77.29%
4.655769864163684e-05
Epoch [45/200], Training Loss: 287.4638, Training Accuracy: 56.86%, Validation Loss: 0.6388, Validation Accuracy: 78.99%
4.6406089484000467e-05
Epoch [46/200], Training Loss: 286.3302, Training Accuracy: 50.29%, Validation Loss: 0.8011, Validation Accuracy: 73.79%
4.6251666044456894e-05
Epoch [47/200], Training Loss: 284.6274, Training Accuracy: 56.29%, Validation Loss: 0.7310, Validation Accuracy: 75.85%
4.609446642467915e-05
Epoch [48/200], Training Loss: 280.3758, Training Accuracy: 57.14%, Validation Loss: 0.6271, Validation Accuracy: 78.74%
4.5934529411321176e-05
Epoch [49/200], Training Loss: 279.9571, Training Accuracy: 57.14%, Validation Loss: 0.8134, Validation Accuracy: 74.03%
4.5771894466447835e-05
Epoch [50/200], Training Loss: 277.5990, Training Accuracy: 55.14%, Validation Loss: 0.7083, Validation Accuracy: 77.66%
4.560660171779821e-05
Epoch [51/200], Training Loss: 277.1067, Training Accuracy: 58.29%, Validation Loss: 0.8221, Validation Accuracy: 73.67%
4.543869194888471e-05
Epoch [52/200], Training Loss: 276.2031, Training Accuracy: 58.86%, Validation Loss: 0.6387, Validation Accuracy: 78.99%
4.526820658893033e-05
Epoch [53/200], Training Loss: 274.9764, Training Accuracy: 58.00%, Validation Loss: 0.7286, Validation Accuracy: 75.60%
4.50951877026466e-05
Epoch [54/200], Training Loss: 271.3866, Training Accuracy: 59.14%, Validation Loss: 0.6539, Validation Accuracy: 78.86%
4.491967797985478e-05
Epoch [55/200], Training Loss: 270.8323, Training Accuracy: 57.71%, Validation Loss: 0.7536, Validation Accuracy: 74.88%
4.474172072495276e-05
Epoch [56/200], Training Loss: 271.8031, Training Accuracy: 59.43%, Validation Loss: 0.6582, Validation Accuracy: 78.86%
4.456135984623035e-05
Epoch [57/200], Training Loss: 268.7430, Training Accuracy: 62.29%, Validation Loss: 0.6478, Validation Accuracy: 78.38%
4.4378639845035585e-05
Epoch [58/200], Training Loss: 267.7882, Training Accuracy: 58.57%, Validation Loss: 0.8168, Validation Accuracy: 73.91%
4.419360580479465e-05
Epoch [59/200], Training Loss: 264.0050, Training Accuracy: 58.29%, Validation Loss: 0.7348, Validation Accuracy: 77.29%
4.400630337988827e-05
Epoch [60/200], Training Loss: 264.6417, Training Accuracy: 60.00%, Validation Loss: 0.6833, Validation Accuracy: 77.29%
4.3816778784387106e-05
Epoch [61/200], Training Loss: 262.2107, Training Accuracy: 64.29%, Validation Loss: 0.7045, Validation Accuracy: 75.97%
4.362507878064918e-05
Epoch [62/200], Training Loss: 263.1691, Training Accuracy: 62.29%, Validation Loss: 0.6623, Validation Accuracy: 79.23%
4.343125066778197e-05
Epoch [63/200], Training Loss: 260.3552, Training Accuracy: 64.29%, Validation Loss: 0.6613, Validation Accuracy: 77.54%
4.323534226997198e-05
Epoch [64/200], Training Loss: 259.3499, Training Accuracy: 59.14%, Validation Loss: 0.7129, Validation Accuracy: 76.69%
4.3037401924684955e-05
Epoch [65/200], Training Loss: 258.3148, Training Accuracy: 60.86%, Validation Loss: 0.7134, Validation Accuracy: 75.85%
4.2837478470739236e-05
Epoch [66/200], Training Loss: 257.4398, Training Accuracy: 62.57%, Validation Loss: 0.6814, Validation Accuracy: 77.42%
4.263562123625557e-05
Epoch [67/200], Training Loss: 258.9401, Training Accuracy: 64.00%, Validation Loss: 0.8381, Validation Accuracy: 72.46%
4.243188002648612e-05
Epoch [68/200], Training Loss: 254.5347, Training Accuracy: 63.71%, Validation Loss: 0.7630, Validation Accuracy: 75.72%
4.222630511152573e-05
Epoch [69/200], Training Loss: 254.1654, Training Accuracy: 65.14%, Validation Loss: 0.6887, Validation Accuracy: 77.90%
4.20189472139086e-05
Epoch [70/200], Training Loss: 251.0517, Training Accuracy: 64.00%, Validation Loss: 0.7365, Validation Accuracy: 76.57%
4.180985749609321e-05
Epoch [71/200], Training Loss: 248.8409, Training Accuracy: 65.71%, Validation Loss: 0.7325, Validation Accuracy: 75.00%
4.159908754783872e-05
Epoch [72/200], Training Loss: 248.2903, Training Accuracy: 68.86%, Validation Loss: 0.6962, Validation Accuracy: 75.97%
4.1386689373476096e-05
Epoch [73/200], Training Loss: 246.2536, Training Accuracy: 66.29%, Validation Loss: 0.7053, Validation Accuracy: 77.17%
4.117271537907663e-05
Epoch [74/200], Training Loss: 248.2263, Training Accuracy: 64.29%, Validation Loss: 0.8777, Validation Accuracy: 71.50%
4.095721835952171e-05
Epoch [75/200], Training Loss: 245.5929, Training Accuracy: 63.43%, Validation Loss: 0.6717, Validation Accuracy: 77.42%
4.074025148547635e-05
Epoch [76/200], Training Loss: 243.9284, Training Accuracy: 63.43%, Validation Loss: 0.7086, Validation Accuracy: 76.09%
4.052186829027017e-05
Epoch [77/200], Training Loss: 247.1495, Training Accuracy: 66.86%, Validation Loss: 0.6027, Validation Accuracy: 80.80%
----------- saving --------------
4.0302122656688864e-05
Epoch [78/200], Training Loss: 242.2373, Training Accuracy: 63.71%, Validation Loss: 0.8323, Validation Accuracy: 72.83%
4.008106880367937e-05
Epoch [79/200], Training Loss: 242.9350, Training Accuracy: 66.86%, Validation Loss: 0.5727, Validation Accuracy: 79.83%
3.985876127297224e-05
Epoch [80/200], Training Loss: 239.4507, Training Accuracy: 64.29%, Validation Loss: 0.7300, Validation Accuracy: 76.93%
3.963525491562421e-05
Epoch [81/200], Training Loss: 240.3904, Training Accuracy: 66.00%, Validation Loss: 0.7487, Validation Accuracy: 75.12%
3.9410604878484564e-05
Epoch [82/200], Training Loss: 238.9843, Training Accuracy: 68.86%, Validation Loss: 0.6591, Validation Accuracy: 78.02%
3.918486659058844e-05
Epoch [83/200], Training Loss: 236.2566, Training Accuracy: 66.57%, Validation Loss: 0.7651, Validation Accuracy: 75.12%
3.89580957494806e-05
Epoch [84/200], Training Loss: 236.2581, Training Accuracy: 67.71%, Validation Loss: 0.7177, Validation Accuracy: 77.17%
3.873034830747282e-05
Epoch [85/200], Training Loss: 235.5171, Training Accuracy: 70.00%, Validation Loss: 0.8124, Validation Accuracy: 72.95%
3.8501680457838584e-05
Epoch [86/200], Training Loss: 235.3124, Training Accuracy: 70.00%, Validation Loss: 0.5544, Validation Accuracy: 82.25%
----------- saving --------------
3.8272148620948145e-05
Epoch [87/200], Training Loss: 233.0307, Training Accuracy: 67.43%, Validation Loss: 0.7577, Validation Accuracy: 75.72%
3.8041809430347696e-05
Epoch [88/200], Training Loss: 231.8068, Training Accuracy: 69.71%, Validation Loss: 0.5771, Validation Accuracy: 80.19%
3.7810719718785876e-05
Epoch [89/200], Training Loss: 232.9911, Training Accuracy: 63.14%, Validation Loss: 0.6505, Validation Accuracy: 78.02%
3.757893650419114e-05
Epoch [90/200], Training Loss: 230.9724, Training Accuracy: 69.14%, Validation Loss: 0.6829, Validation Accuracy: 77.54%
3.734651697560347e-05
Epoch [91/200], Training Loss: 226.0315, Training Accuracy: 73.14%, Validation Loss: 0.6079, Validation Accuracy: 79.23%
3.711351847906374e-05
Epoch [92/200], Training Loss: 228.5094, Training Accuracy: 72.00%, Validation Loss: 0.7007, Validation Accuracy: 76.81%
3.687999850346457e-05
Epoch [93/200], Training Loss: 227.6395, Training Accuracy: 67.43%, Validation Loss: 0.6766, Validation Accuracy: 77.05%
3.6646014666365684e-05
Epoch [94/200], Training Loss: 226.8544, Training Accuracy: 71.14%, Validation Loss: 0.6469, Validation Accuracy: 79.11%
3.641162469977772e-05
Epoch [95/200], Training Loss: 225.8675, Training Accuracy: 72.29%, Validation Loss: 0.7675, Validation Accuracy: 73.19%
3.617688643591768e-05
Epoch [96/200], Training Loss: 222.9591, Training Accuracy: 71.71%, Validation Loss: 0.6143, Validation Accuracy: 79.47%
3.594185779293971e-05
Epoch [97/200], Training Loss: 224.5516, Training Accuracy: 71.71%, Validation Loss: 0.6775, Validation Accuracy: 77.66%
3.5706596760644643e-05
Epoch [98/200], Training Loss: 222.2556, Training Accuracy: 72.00%, Validation Loss: 0.7457, Validation Accuracy: 75.60%
3.547116138617192e-05
Epoch [99/200], Training Loss: 223.2833, Training Accuracy: 72.57%, Validation Loss: 0.5911, Validation Accuracy: 80.19%
3.523560975967731e-05
Epoch [100/200], Training Loss: 222.1661, Training Accuracy: 69.71%, Validation Loss: 0.6378, Validation Accuracy: 78.74%
3.5000000000000004e-05
Epoch [101/200], Training Loss: 223.5609, Training Accuracy: 74.00%, Validation Loss: 0.6904, Validation Accuracy: 77.05%
3.4764390240322696e-05
Epoch [102/200], Training Loss: 221.3063, Training Accuracy: 74.57%, Validation Loss: 0.6683, Validation Accuracy: 78.14%
3.452883861382808e-05
Epoch [103/200], Training Loss: 219.5790, Training Accuracy: 70.86%, Validation Loss: 0.6721, Validation Accuracy: 77.54%
3.4293403239355364e-05
Epoch [104/200], Training Loss: 219.9908, Training Accuracy: 72.29%, Validation Loss: 0.7090, Validation Accuracy: 76.69%
3.40581422070603e-05
Epoch [105/200], Training Loss: 216.4190, Training Accuracy: 70.86%, Validation Loss: 0.5871, Validation Accuracy: 79.83%
3.382311356408233e-05
Epoch [106/200], Training Loss: 218.3421, Training Accuracy: 76.57%, Validation Loss: 0.7158, Validation Accuracy: 76.81%
3.358837530022229e-05
Epoch [107/200], Training Loss: 218.3787, Training Accuracy: 70.86%, Validation Loss: 0.6697, Validation Accuracy: 77.17%
3.335398533363432e-05
Epoch [108/200], Training Loss: 217.6689, Training Accuracy: 74.57%, Validation Loss: 0.6478, Validation Accuracy: 78.14%
3.312000149653544e-05
Epoch [109/200], Training Loss: 215.7035, Training Accuracy: 72.29%, Validation Loss: 0.6743, Validation Accuracy: 76.81%
3.2886481520936266e-05
Epoch [110/200], Training Loss: 215.7729, Training Accuracy: 74.00%, Validation Loss: 0.6313, Validation Accuracy: 78.02%
3.2653483024396536e-05
Epoch [111/200], Training Loss: 213.5552, Training Accuracy: 76.86%, Validation Loss: 0.6504, Validation Accuracy: 77.90%
3.242106349580886e-05
Epoch [112/200], Training Loss: 213.9265, Training Accuracy: 77.71%, Validation Loss: 0.6877, Validation Accuracy: 77.78%
3.218928028121413e-05
Epoch [113/200], Training Loss: 213.6213, Training Accuracy: 74.86%, Validation Loss: 0.6685, Validation Accuracy: 77.17%
3.195819056965232e-05
Epoch [114/200], Training Loss: 211.9302, Training Accuracy: 73.71%, Validation Loss: 0.6246, Validation Accuracy: 78.62%
3.172785137905187e-05
Epoch [115/200], Training Loss: 213.4992, Training Accuracy: 75.43%, Validation Loss: 0.6412, Validation Accuracy: 78.50%
3.149831954216142e-05
Epoch [116/200], Training Loss: 213.5663, Training Accuracy: 74.86%, Validation Loss: 0.6549, Validation Accuracy: 77.42%
3.126965169252718e-05
Epoch [117/200], Training Loss: 208.6175, Training Accuracy: 76.86%, Validation Loss: 0.6049, Validation Accuracy: 79.47%
3.104190425051941e-05
Epoch [118/200], Training Loss: 209.2337, Training Accuracy: 77.14%, Validation Loss: 0.6755, Validation Accuracy: 77.42%
3.0815133409411565e-05
Epoch [119/200], Training Loss: 210.0754, Training Accuracy: 74.57%, Validation Loss: 0.6924, Validation Accuracy: 76.09%
3.0589395121515443e-05
Epoch [120/200], Training Loss: 209.5045, Training Accuracy: 78.57%, Validation Loss: 0.6912, Validation Accuracy: 75.97%
3.0364745084375795e-05
Epoch [121/200], Training Loss: 208.0836, Training Accuracy: 78.86%, Validation Loss: 0.6330, Validation Accuracy: 78.50%
3.0141238727027758e-05
Epoch [122/200], Training Loss: 209.2778, Training Accuracy: 78.29%, Validation Loss: 0.6835, Validation Accuracy: 76.33%
2.991893119632063e-05
Epoch [123/200], Training Loss: 208.7835, Training Accuracy: 78.57%, Validation Loss: 0.6190, Validation Accuracy: 78.86%
2.9697877343311147e-05
Epoch [124/200], Training Loss: 205.6995, Training Accuracy: 72.57%, Validation Loss: 0.5935, Validation Accuracy: 79.59%
2.9478131709729838e-05
Epoch [125/200], Training Loss: 206.8524, Training Accuracy: 76.57%, Validation Loss: 0.5939, Validation Accuracy: 80.19%
2.9259748514523657e-05
Epoch [126/200], Training Loss: 205.6310, Training Accuracy: 74.86%, Validation Loss: 0.6334, Validation Accuracy: 78.02%
2.9042781640478292e-05
Epoch [127/200], Training Loss: 207.2474, Training Accuracy: 76.57%, Validation Loss: 0.6294, Validation Accuracy: 78.86%
2.882728462092337e-05
Epoch [128/200], Training Loss: 204.8885, Training Accuracy: 78.86%, Validation Loss: 0.6931, Validation Accuracy: 76.93%
2.861331062652391e-05
Epoch [129/200], Training Loss: 203.9334, Training Accuracy: 77.14%, Validation Loss: 0.6911, Validation Accuracy: 76.69%
2.8400912452161272e-05
Epoch [130/200], Training Loss: 201.9139, Training Accuracy: 79.71%, Validation Loss: 0.6154, Validation Accuracy: 78.50%
2.81901425039068e-05
Epoch [131/200], Training Loss: 201.8534, Training Accuracy: 77.71%, Validation Loss: 0.6284, Validation Accuracy: 78.62%
2.7981052786091404e-05
Epoch [132/200], Training Loss: 202.5720, Training Accuracy: 77.14%, Validation Loss: 0.6442, Validation Accuracy: 77.78%
2.777369488847427e-05
Epoch [133/200], Training Loss: 200.7445, Training Accuracy: 77.43%, Validation Loss: 0.5727, Validation Accuracy: 79.83%
2.756811997351389e-05
Epoch [134/200], Training Loss: 201.3810, Training Accuracy: 78.86%, Validation Loss: 0.7354, Validation Accuracy: 75.48%
2.7364378763744433e-05
Epoch [135/200], Training Loss: 201.4283, Training Accuracy: 77.14%, Validation Loss: 0.5966, Validation Accuracy: 79.11%
2.7162521529260772e-05
Epoch [136/200], Training Loss: 197.7743, Training Accuracy: 79.71%, Validation Loss: 0.6263, Validation Accuracy: 78.38%
2.696259807531505e-05
Epoch [137/200], Training Loss: 200.8535, Training Accuracy: 78.29%, Validation Loss: 0.6818, Validation Accuracy: 76.81%
2.6764657730028024e-05
Epoch [138/200], Training Loss: 198.8108, Training Accuracy: 79.71%, Validation Loss: 0.6273, Validation Accuracy: 78.26%
2.656874933221804e-05
Epoch [139/200], Training Loss: 198.2239, Training Accuracy: 80.57%, Validation Loss: 0.6799, Validation Accuracy: 75.72%
2.6374921219350825e-05
Epoch [140/200], Training Loss: 197.0826, Training Accuracy: 78.86%, Validation Loss: 0.6279, Validation Accuracy: 78.99%
2.6183221215612905e-05
Epoch [141/200], Training Loss: 200.3167, Training Accuracy: 80.86%, Validation Loss: 0.6619, Validation Accuracy: 77.42%
2.5993696620111744e-05
Epoch [142/200], Training Loss: 198.7765, Training Accuracy: 81.71%, Validation Loss: 0.6321, Validation Accuracy: 79.11%
2.5806394195205354e-05
Epoch [143/200], Training Loss: 198.8207, Training Accuracy: 79.14%, Validation Loss: 0.6883, Validation Accuracy: 76.69%
2.5621360154964423e-05
Epoch [144/200], Training Loss: 196.8952, Training Accuracy: 79.43%, Validation Loss: 0.6801, Validation Accuracy: 77.05%
2.5438640153769657e-05
Epoch [145/200], Training Loss: 197.7597, Training Accuracy: 80.57%, Validation Loss: 0.6160, Validation Accuracy: 78.62%
2.525827927504725e-05
Epoch [146/200], Training Loss: 196.9793, Training Accuracy: 79.43%, Validation Loss: 0.6646, Validation Accuracy: 77.54%
2.5080322020145226e-05
Epoch [147/200], Training Loss: 194.4850, Training Accuracy: 78.00%, Validation Loss: 0.6454, Validation Accuracy: 78.50%
2.49048122973534e-05
Epoch [148/200], Training Loss: 196.5206, Training Accuracy: 78.57%, Validation Loss: 0.6095, Validation Accuracy: 79.35%
2.473179341106967e-05
Epoch [149/200], Training Loss: 195.5500, Training Accuracy: 78.86%, Validation Loss: 0.6645, Validation Accuracy: 77.17%
2.4561308051115287e-05
Epoch [150/200], Training Loss: 192.9260, Training Accuracy: 81.14%, Validation Loss: 0.5736, Validation Accuracy: 79.71%
2.439339828220179e-05
Epoch [151/200], Training Loss: 195.3549, Training Accuracy: 80.57%, Validation Loss: 0.5944, Validation Accuracy: 79.71%
2.4228105533552172e-05
Epoch [152/200], Training Loss: 193.1336, Training Accuracy: 82.57%, Validation Loss: 0.6171, Validation Accuracy: 78.62%
2.406547058867883e-05
Epoch [153/200], Training Loss: 195.6138, Training Accuracy: 81.14%, Validation Loss: 0.6029, Validation Accuracy: 78.99%
2.3905533575320855e-05
Epoch [154/200], Training Loss: 193.4103, Training Accuracy: 79.71%, Validation Loss: 0.7415, Validation Accuracy: 75.12%
2.3748333955543107e-05
Epoch [155/200], Training Loss: 191.6219, Training Accuracy: 80.86%, Validation Loss: 0.5450, Validation Accuracy: 81.16%
2.3593910515999538e-05
Epoch [156/200], Training Loss: 193.1545, Training Accuracy: 83.14%, Validation Loss: 0.6847, Validation Accuracy: 76.69%
2.3442301358363164e-05
Epoch [157/200], Training Loss: 190.7543, Training Accuracy: 81.14%, Validation Loss: 0.6688, Validation Accuracy: 77.42%
2.3293543889925057e-05
Epoch [158/200], Training Loss: 189.5406, Training Accuracy: 80.86%, Validation Loss: 0.6450, Validation Accuracy: 77.66%
2.3147674814364646e-05
Epoch [159/200], Training Loss: 191.2176, Training Accuracy: 80.86%, Validation Loss: 0.6418, Validation Accuracy: 78.14%
2.3004730122693643e-05
Epoch [160/200], Training Loss: 191.4818, Training Accuracy: 82.57%, Validation Loss: 0.6741, Validation Accuracy: 77.29%
2.2864745084375792e-05
Epoch [161/200], Training Loss: 190.4144, Training Accuracy: 78.86%, Validation Loss: 0.6175, Validation Accuracy: 79.11%
2.2727754238624652e-05
Epoch [162/200], Training Loss: 189.9320, Training Accuracy: 84.29%, Validation Loss: 0.6796, Validation Accuracy: 77.66%
2.2593791385881576e-05
Epoch [163/200], Training Loss: 190.3660, Training Accuracy: 82.86%, Validation Loss: 0.6478, Validation Accuracy: 78.14%
2.2462889579475952e-05
Epoch [164/200], Training Loss: 189.2077, Training Accuracy: 83.43%, Validation Loss: 0.6277, Validation Accuracy: 78.74%
2.233508111746978e-05
Epoch [165/200], Training Loss: 189.2039, Training Accuracy: 83.71%, Validation Loss: 0.6270, Validation Accuracy: 78.62%
2.221039753468862e-05
Epoch [166/200], Training Loss: 189.8825, Training Accuracy: 79.14%, Validation Loss: 0.6517, Validation Accuracy: 77.54%
2.2088869594940844e-05
Epoch [167/200], Training Loss: 188.5092, Training Accuracy: 85.43%, Validation Loss: 0.6941, Validation Accuracy: 77.17%
2.197052728342713e-05
Epoch [168/200], Training Loss: 191.0926, Training Accuracy: 79.71%, Validation Loss: 0.6449, Validation Accuracy: 78.26%
2.185539979934205e-05
Epoch [169/200], Training Loss: 188.0332, Training Accuracy: 82.57%, Validation Loss: 0.5679, Validation Accuracy: 80.68%
2.17435155486696e-05
Epoch [170/200], Training Loss: 187.5228, Training Accuracy: 81.43%, Validation Loss: 0.6511, Validation Accuracy: 77.66%
2.1634902137174486e-05
Epoch [171/200], Training Loss: 189.0092, Training Accuracy: 82.29%, Validation Loss: 0.6561, Validation Accuracy: 77.78%
2.152958636359077e-05
Epoch [172/200], Training Loss: 186.5150, Training Accuracy: 86.00%, Validation Loss: 0.6249, Validation Accuracy: 78.38%
2.1427594213009713e-05
Epoch [173/200], Training Loss: 188.4009, Training Accuracy: 82.29%, Validation Loss: 0.6613, Validation Accuracy: 76.93%
2.1328950850468325e-05
Epoch [174/200], Training Loss: 188.2351, Training Accuracy: 83.14%, Validation Loss: 0.7054, Validation Accuracy: 76.69%
2.123368061474029e-05
Epoch [175/200], Training Loss: 187.7350, Training Accuracy: 79.14%, Validation Loss: 0.6030, Validation Accuracy: 79.59%
2.1141807012330703e-05
Epoch [176/200], Training Loss: 186.1684, Training Accuracy: 80.86%, Validation Loss: 0.6691, Validation Accuracy: 77.29%
2.105335271167623e-05
Epoch [177/200], Training Loss: 186.5955, Training Accuracy: 79.43%, Validation Loss: 0.6211, Validation Accuracy: 79.23%
2.096833953755199e-05
Epoch [178/200], Training Loss: 187.2334, Training Accuracy: 84.00%, Validation Loss: 0.6885, Validation Accuracy: 77.05%
2.088678846568662e-05
Epoch [179/200], Training Loss: 185.7449, Training Accuracy: 84.00%, Validation Loss: 0.6460, Validation Accuracy: 78.26%
2.080871961758682e-05
Epoch [180/200], Training Loss: 184.4792, Training Accuracy: 81.43%, Validation Loss: 0.6002, Validation Accuracy: 79.35%
2.0734152255572697e-05
Epoch [181/200], Training Loss: 184.5719, Training Accuracy: 82.29%, Validation Loss: 0.6778, Validation Accuracy: 78.26%
2.066310477802505e-05
Epoch [182/200], Training Loss: 182.9703, Training Accuracy: 84.29%, Validation Loss: 0.5781, Validation Accuracy: 80.43%
2.0595594714845856e-05
Epoch [183/200], Training Loss: 184.1969, Training Accuracy: 85.14%, Validation Loss: 0.6176, Validation Accuracy: 78.99%
2.0531638723133032e-05
Epoch [184/200], Training Loss: 182.1011, Training Accuracy: 81.14%, Validation Loss: 0.7297, Validation Accuracy: 76.09%
2.047125258307054e-05
Epoch [185/200], Training Loss: 181.2517, Training Accuracy: 82.29%, Validation Loss: 0.5827, Validation Accuracy: 80.31%
2.0414451194034853e-05
Epoch [186/200], Training Loss: 181.3627, Training Accuracy: 85.71%, Validation Loss: 0.6468, Validation Accuracy: 78.50%
2.0361248570918792e-05
Epoch [187/200], Training Loss: 182.5795, Training Accuracy: 86.57%, Validation Loss: 0.6172, Validation Accuracy: 79.59%
2.0311657840673515e-05
Epoch [188/200], Training Loss: 182.8453, Training Accuracy: 82.86%, Validation Loss: 0.6372, Validation Accuracy: 78.74%
2.026569123906967e-05
Epoch [189/200], Training Loss: 182.4329, Training Accuracy: 81.14%, Validation Loss: 0.6079, Validation Accuracy: 80.19%
2.0223360107678393e-05
Epoch [190/200], Training Loss: 183.8632, Training Accuracy: 84.86%, Validation Loss: 0.7292, Validation Accuracy: 76.21%
2.0184674891072937e-05
Epoch [191/200], Training Loss: 180.0429, Training Accuracy: 81.14%, Validation Loss: 0.5776, Validation Accuracy: 80.31%
2.014964513425164e-05
Epoch [192/200], Training Loss: 179.8197, Training Accuracy: 84.00%, Validation Loss: 0.6853, Validation Accuracy: 77.42%
2.0118279480282836e-05
Epoch [193/200], Training Loss: 179.3820, Training Accuracy: 84.57%, Validation Loss: 0.6801, Validation Accuracy: 77.78%
2.0090585668172307e-05
Epoch [194/200], Training Loss: 179.3515, Training Accuracy: 81.43%, Validation Loss: 0.6441, Validation Accuracy: 79.11%
2.00665705309538e-05
Epoch [195/200], Training Loss: 178.7863, Training Accuracy: 84.29%, Validation Loss: 0.6281, Validation Accuracy: 79.35%
2.0046239994003082e-05
Epoch [196/200], Training Loss: 181.0230, Training Accuracy: 85.43%, Validation Loss: 0.6265, Validation Accuracy: 78.62%
2.0029599073575927e-05
Epoch [197/200], Training Loss: 180.1733, Training Accuracy: 80.86%, Validation Loss: 0.6587, Validation Accuracy: 78.86%
2.0016651875570453e-05
Epoch [198/200], Training Loss: 178.3412, Training Accuracy: 88.00%, Validation Loss: 0.6345, Validation Accuracy: 78.86%
2.000740159451403e-05
Epoch [199/200], Training Loss: 178.5896, Training Accuracy: 87.43%, Validation Loss: 0.6906, Validation Accuracy: 76.93%
2.0001850512775094e-05
Epoch [200/200], Training Loss: 179.8529, Training Accuracy: 85.14%, Validation Loss: 0.6952, Validation Accuracy: 77.54%
Training time 0:26:00
