Args parsed
Training HDKD model with pre-trained teacher - 100 per class data

Validating the train path:/home/micml/25m0764/MIC_project/dataset_dbn/dataset_100/train
Validating the train path:/home/micml/25m0764/MIC_project/dataset_dbn/dataset_100/test
Train size: 699
Test size: 4009
Creating model: HDKD
Model created
The HDKD has number of params = 3727288
Path for teacher model: /home/micml/25m0764/MIC_project/HDKD/weighted_loss_data_models/teacher_model/teacher_model_weighted_loss.pth
Using weighted loss function for training
Starting training
2e-05
Epoch [1/200], Training Loss: 577.7401, Training Accuracy: 15.74%, Validation Loss: 1.8508, Validation Accuracy: 35.74%
----------- saving --------------
2.6000000000000002e-05
Epoch [2/200], Training Loss: 541.5312, Training Accuracy: 15.74%, Validation Loss: 1.8464, Validation Accuracy: 32.25%
3.2000000000000005e-05
Epoch [3/200], Training Loss: 510.3839, Training Accuracy: 14.45%, Validation Loss: 1.8126, Validation Accuracy: 34.17%
3.8e-05
Epoch [4/200], Training Loss: 473.4552, Training Accuracy: 16.17%, Validation Loss: 1.7998, Validation Accuracy: 30.46%
4.4e-05
Epoch [5/200], Training Loss: 437.2354, Training Accuracy: 15.59%, Validation Loss: 1.7756, Validation Accuracy: 31.23%
4.9953760005996925e-05
Epoch [6/200], Training Loss: 407.4920, Training Accuracy: 17.45%, Validation Loss: 1.8336, Validation Accuracy: 29.91%
4.993342946904621e-05
Epoch [7/200], Training Loss: 376.3484, Training Accuracy: 19.46%, Validation Loss: 1.6994, Validation Accuracy: 40.46%
----------- saving --------------
4.9909414331827703e-05
Epoch [8/200], Training Loss: 353.8506, Training Accuracy: 21.03%, Validation Loss: 1.6854, Validation Accuracy: 37.94%
4.988172051971717e-05
Epoch [9/200], Training Loss: 334.9034, Training Accuracy: 22.32%, Validation Loss: 1.6623, Validation Accuracy: 37.39%
4.9850354865748364e-05
Epoch [10/200], Training Loss: 320.4154, Training Accuracy: 23.32%, Validation Loss: 1.6443, Validation Accuracy: 39.21%
4.981532510892707e-05
Epoch [11/200], Training Loss: 307.6695, Training Accuracy: 24.61%, Validation Loss: 1.6335, Validation Accuracy: 39.56%
4.977663989232161e-05
Epoch [12/200], Training Loss: 295.7268, Training Accuracy: 25.04%, Validation Loss: 1.6023, Validation Accuracy: 42.06%
----------- saving --------------
4.973430876093034e-05
Epoch [13/200], Training Loss: 288.1619, Training Accuracy: 28.76%, Validation Loss: 1.6411, Validation Accuracy: 38.69%
4.968834215932649e-05
Epoch [14/200], Training Loss: 279.3519, Training Accuracy: 28.47%, Validation Loss: 1.5264, Validation Accuracy: 44.87%
----------- saving --------------
4.963875142908122e-05
Epoch [15/200], Training Loss: 272.2522, Training Accuracy: 32.05%, Validation Loss: 1.5989, Validation Accuracy: 35.74%
4.958554880596515e-05
Epoch [16/200], Training Loss: 264.5552, Training Accuracy: 35.05%, Validation Loss: 1.5176, Validation Accuracy: 41.73%
4.952874741692947e-05
Epoch [17/200], Training Loss: 258.9698, Training Accuracy: 33.33%, Validation Loss: 1.5386, Validation Accuracy: 41.63%
4.946836127686698e-05
Epoch [18/200], Training Loss: 252.2388, Training Accuracy: 34.62%, Validation Loss: 1.5242, Validation Accuracy: 41.18%
4.940440528515415e-05
Epoch [19/200], Training Loss: 247.0958, Training Accuracy: 35.77%, Validation Loss: 1.5644, Validation Accuracy: 42.93%
4.933689522197495e-05
Epoch [20/200], Training Loss: 244.2439, Training Accuracy: 34.62%, Validation Loss: 1.5303, Validation Accuracy: 43.00%
4.926584774442731e-05
Epoch [21/200], Training Loss: 237.0895, Training Accuracy: 38.91%, Validation Loss: 1.4705, Validation Accuracy: 44.40%
4.919128038241318e-05
Epoch [22/200], Training Loss: 233.0041, Training Accuracy: 38.34%, Validation Loss: 1.5395, Validation Accuracy: 38.36%
4.9113211534313383e-05
Epoch [23/200], Training Loss: 230.0731, Training Accuracy: 38.91%, Validation Loss: 1.4957, Validation Accuracy: 42.55%
4.9031660462448016e-05
Epoch [24/200], Training Loss: 226.6222, Training Accuracy: 39.63%, Validation Loss: 1.4856, Validation Accuracy: 45.22%
----------- saving --------------
4.894664728832377e-05
Epoch [25/200], Training Loss: 224.4571, Training Accuracy: 41.06%, Validation Loss: 1.4845, Validation Accuracy: 42.33%
4.88581929876693e-05
Epoch [26/200], Training Loss: 219.2638, Training Accuracy: 42.78%, Validation Loss: 1.4859, Validation Accuracy: 43.48%
4.876631938525972e-05
Epoch [27/200], Training Loss: 217.3289, Training Accuracy: 43.06%, Validation Loss: 1.5031, Validation Accuracy: 39.69%
4.8671049149531676e-05
Epoch [28/200], Training Loss: 214.0872, Training Accuracy: 43.49%, Validation Loss: 1.4475, Validation Accuracy: 44.35%
4.8572405786990295e-05
Epoch [29/200], Training Loss: 212.3588, Training Accuracy: 43.49%, Validation Loss: 1.5374, Validation Accuracy: 41.71%
4.847041363640924e-05
Epoch [30/200], Training Loss: 207.6543, Training Accuracy: 43.49%, Validation Loss: 1.5390, Validation Accuracy: 39.16%
4.836509786282552e-05
Epoch [31/200], Training Loss: 205.9706, Training Accuracy: 43.92%, Validation Loss: 1.4922, Validation Accuracy: 42.80%
4.8256484451330404e-05
Epoch [32/200], Training Loss: 202.3167, Training Accuracy: 42.63%, Validation Loss: 1.4948, Validation Accuracy: 41.48%
4.814460020065795e-05
Epoch [33/200], Training Loss: 199.6147, Training Accuracy: 44.78%, Validation Loss: 1.5028, Validation Accuracy: 43.00%
4.802947271657287e-05
Epoch [34/200], Training Loss: 198.3549, Training Accuracy: 45.06%, Validation Loss: 1.4127, Validation Accuracy: 49.21%
----------- saving --------------
4.7911130405059156e-05
Epoch [35/200], Training Loss: 196.3216, Training Accuracy: 44.21%, Validation Loss: 1.5050, Validation Accuracy: 44.90%
4.778960246531139e-05
Epoch [36/200], Training Loss: 192.8122, Training Accuracy: 46.49%, Validation Loss: 1.5012, Validation Accuracy: 45.52%
4.766491888253023e-05
Epoch [37/200], Training Loss: 191.7560, Training Accuracy: 45.06%, Validation Loss: 1.4972, Validation Accuracy: 43.00%
4.753711042052406e-05
Epoch [38/200], Training Loss: 188.3611, Training Accuracy: 47.07%, Validation Loss: 1.4619, Validation Accuracy: 45.12%
4.7406208614118425e-05
Epoch [39/200], Training Loss: 185.7181, Training Accuracy: 45.49%, Validation Loss: 1.5010, Validation Accuracy: 42.25%
4.727224576137535e-05
Epoch [40/200], Training Loss: 183.5228, Training Accuracy: 47.78%, Validation Loss: 1.5691, Validation Accuracy: 37.94%
4.7135254915624215e-05
Epoch [41/200], Training Loss: 181.1965, Training Accuracy: 45.92%, Validation Loss: 1.5749, Validation Accuracy: 41.76%
4.699526987730636e-05
Epoch [42/200], Training Loss: 180.0975, Training Accuracy: 46.35%, Validation Loss: 1.5661, Validation Accuracy: 39.61%
4.6852325185635355e-05
Epoch [43/200], Training Loss: 177.1726, Training Accuracy: 47.93%, Validation Loss: 1.5285, Validation Accuracy: 42.65%
4.6706456110074944e-05
Epoch [44/200], Training Loss: 175.6420, Training Accuracy: 47.35%, Validation Loss: 1.4838, Validation Accuracy: 44.65%
4.655769864163684e-05
Epoch [45/200], Training Loss: 171.5255, Training Accuracy: 47.50%, Validation Loss: 1.4930, Validation Accuracy: 44.75%
4.6406089484000467e-05
Epoch [46/200], Training Loss: 171.5613, Training Accuracy: 50.50%, Validation Loss: 1.5141, Validation Accuracy: 45.57%
4.6251666044456894e-05
Epoch [47/200], Training Loss: 170.6320, Training Accuracy: 48.93%, Validation Loss: 1.5293, Validation Accuracy: 42.93%
4.609446642467915e-05
Epoch [48/200], Training Loss: 168.5130, Training Accuracy: 48.93%, Validation Loss: 1.4895, Validation Accuracy: 43.13%
4.5934529411321176e-05
Epoch [49/200], Training Loss: 165.3987, Training Accuracy: 48.35%, Validation Loss: 1.4909, Validation Accuracy: 43.48%
4.5771894466447835e-05
Epoch [50/200], Training Loss: 166.1781, Training Accuracy: 51.07%, Validation Loss: 1.4545, Validation Accuracy: 45.07%
4.560660171779821e-05
Epoch [51/200], Training Loss: 164.4510, Training Accuracy: 51.93%, Validation Loss: 1.4971, Validation Accuracy: 43.33%
4.543869194888471e-05
Epoch [52/200], Training Loss: 162.9362, Training Accuracy: 49.50%, Validation Loss: 1.4873, Validation Accuracy: 43.45%
4.526820658893033e-05
Epoch [53/200], Training Loss: 160.0926, Training Accuracy: 52.36%, Validation Loss: 1.4879, Validation Accuracy: 45.45%
4.50951877026466e-05
Epoch [54/200], Training Loss: 157.0932, Training Accuracy: 52.36%, Validation Loss: 1.4772, Validation Accuracy: 44.75%
4.491967797985478e-05
Epoch [55/200], Training Loss: 156.2670, Training Accuracy: 49.79%, Validation Loss: 1.4899, Validation Accuracy: 44.33%
4.474172072495276e-05
Epoch [56/200], Training Loss: 156.0841, Training Accuracy: 51.50%, Validation Loss: 1.4436, Validation Accuracy: 45.60%
4.456135984623035e-05
Epoch [57/200], Training Loss: 153.8566, Training Accuracy: 52.93%, Validation Loss: 1.5324, Validation Accuracy: 43.38%
4.4378639845035585e-05
Epoch [58/200], Training Loss: 151.9216, Training Accuracy: 53.79%, Validation Loss: 1.5929, Validation Accuracy: 41.66%
4.419360580479465e-05
Epoch [59/200], Training Loss: 152.7419, Training Accuracy: 55.08%, Validation Loss: 1.4888, Validation Accuracy: 44.23%
4.400630337988827e-05
Epoch [60/200], Training Loss: 150.7702, Training Accuracy: 52.65%, Validation Loss: 1.5411, Validation Accuracy: 41.78%
4.3816778784387106e-05
Epoch [61/200], Training Loss: 148.4678, Training Accuracy: 53.22%, Validation Loss: 1.5214, Validation Accuracy: 42.06%
4.362507878064918e-05
Epoch [62/200], Training Loss: 146.1464, Training Accuracy: 53.22%, Validation Loss: 1.5258, Validation Accuracy: 42.90%
4.343125066778197e-05
Epoch [63/200], Training Loss: 146.6975, Training Accuracy: 52.36%, Validation Loss: 1.5488, Validation Accuracy: 41.88%
4.323534226997198e-05
Epoch [64/200], Training Loss: 144.2605, Training Accuracy: 54.36%, Validation Loss: 1.5138, Validation Accuracy: 43.05%
4.3037401924684955e-05
Epoch [65/200], Training Loss: 144.5249, Training Accuracy: 54.94%, Validation Loss: 1.5144, Validation Accuracy: 44.65%
4.2837478470739236e-05
Epoch [66/200], Training Loss: 143.6124, Training Accuracy: 54.65%, Validation Loss: 1.5292, Validation Accuracy: 44.47%
4.263562123625557e-05
Epoch [67/200], Training Loss: 140.7807, Training Accuracy: 55.65%, Validation Loss: 1.5942, Validation Accuracy: 39.69%
4.243188002648612e-05
Epoch [68/200], Training Loss: 138.6153, Training Accuracy: 54.94%, Validation Loss: 1.6087, Validation Accuracy: 40.51%
4.222630511152573e-05
Epoch [69/200], Training Loss: 139.1252, Training Accuracy: 54.65%, Validation Loss: 1.4362, Validation Accuracy: 47.19%
4.20189472139086e-05
Epoch [70/200], Training Loss: 140.8687, Training Accuracy: 56.37%, Validation Loss: 1.4848, Validation Accuracy: 45.05%
4.180985749609321e-05
Epoch [71/200], Training Loss: 137.0044, Training Accuracy: 54.51%, Validation Loss: 1.5856, Validation Accuracy: 39.66%
4.159908754783872e-05
Epoch [72/200], Training Loss: 135.9965, Training Accuracy: 54.65%, Validation Loss: 1.5238, Validation Accuracy: 43.53%
4.1386689373476096e-05
Epoch [73/200], Training Loss: 135.2753, Training Accuracy: 54.51%, Validation Loss: 1.5753, Validation Accuracy: 41.56%
4.117271537907663e-05
Epoch [74/200], Training Loss: 134.6219, Training Accuracy: 55.22%, Validation Loss: 1.5624, Validation Accuracy: 42.78%
4.095721835952171e-05
Epoch [75/200], Training Loss: 133.9349, Training Accuracy: 57.80%, Validation Loss: 1.5297, Validation Accuracy: 43.60%
4.074025148547635e-05
Epoch [76/200], Training Loss: 131.6620, Training Accuracy: 57.08%, Validation Loss: 1.5472, Validation Accuracy: 41.53%
4.052186829027017e-05
Epoch [77/200], Training Loss: 133.5256, Training Accuracy: 57.51%, Validation Loss: 1.5918, Validation Accuracy: 40.23%
4.0302122656688864e-05
Epoch [78/200], Training Loss: 130.8046, Training Accuracy: 56.08%, Validation Loss: 1.6654, Validation Accuracy: 38.39%
4.008106880367937e-05
Epoch [79/200], Training Loss: 131.7288, Training Accuracy: 57.51%, Validation Loss: 1.5494, Validation Accuracy: 42.03%
3.985876127297224e-05
Epoch [80/200], Training Loss: 129.8668, Training Accuracy: 56.94%, Validation Loss: 1.4603, Validation Accuracy: 45.72%
3.963525491562421e-05
Epoch [81/200], Training Loss: 128.6083, Training Accuracy: 60.52%, Validation Loss: 1.4359, Validation Accuracy: 47.09%
3.9410604878484564e-05
Epoch [82/200], Training Loss: 129.3647, Training Accuracy: 57.51%, Validation Loss: 1.6866, Validation Accuracy: 35.97%
3.918486659058844e-05
Epoch [83/200], Training Loss: 127.9281, Training Accuracy: 57.22%, Validation Loss: 1.5931, Validation Accuracy: 40.81%
3.89580957494806e-05
Epoch [84/200], Training Loss: 127.2252, Training Accuracy: 57.37%, Validation Loss: 1.4557, Validation Accuracy: 45.45%
3.873034830747282e-05
Epoch [85/200], Training Loss: 127.7017, Training Accuracy: 58.37%, Validation Loss: 1.5118, Validation Accuracy: 44.82%
3.8501680457838584e-05
Epoch [86/200], Training Loss: 126.0132, Training Accuracy: 61.80%, Validation Loss: 1.4674, Validation Accuracy: 45.32%
3.8272148620948145e-05
Epoch [87/200], Training Loss: 125.3574, Training Accuracy: 59.94%, Validation Loss: 1.4839, Validation Accuracy: 45.65%
3.8041809430347696e-05
Epoch [88/200], Training Loss: 123.1697, Training Accuracy: 59.23%, Validation Loss: 1.5268, Validation Accuracy: 44.77%
3.7810719718785876e-05
Epoch [89/200], Training Loss: 122.8138, Training Accuracy: 61.52%, Validation Loss: 1.5483, Validation Accuracy: 42.55%
3.757893650419114e-05
Epoch [90/200], Training Loss: 123.8826, Training Accuracy: 61.37%, Validation Loss: 1.5377, Validation Accuracy: 44.50%
3.734651697560347e-05
Epoch [91/200], Training Loss: 122.1128, Training Accuracy: 62.37%, Validation Loss: 1.5161, Validation Accuracy: 43.93%
3.711351847906374e-05
Epoch [92/200], Training Loss: 121.0979, Training Accuracy: 59.51%, Validation Loss: 1.4283, Validation Accuracy: 47.62%
3.687999850346457e-05
Epoch [93/200], Training Loss: 122.4989, Training Accuracy: 60.23%, Validation Loss: 1.5110, Validation Accuracy: 45.25%
3.6646014666365684e-05
Epoch [94/200], Training Loss: 120.9924, Training Accuracy: 61.23%, Validation Loss: 1.5941, Validation Accuracy: 42.98%
3.641162469977772e-05
Epoch [95/200], Training Loss: 120.7242, Training Accuracy: 61.95%, Validation Loss: 1.5106, Validation Accuracy: 46.10%
3.617688643591768e-05
Epoch [96/200], Training Loss: 119.7745, Training Accuracy: 59.08%, Validation Loss: 1.6313, Validation Accuracy: 42.55%
3.594185779293971e-05
Epoch [97/200], Training Loss: 119.8074, Training Accuracy: 57.94%, Validation Loss: 1.4871, Validation Accuracy: 46.67%
3.5706596760644643e-05
Epoch [98/200], Training Loss: 118.6410, Training Accuracy: 64.09%, Validation Loss: 1.5210, Validation Accuracy: 44.67%
3.547116138617192e-05
Epoch [99/200], Training Loss: 118.1708, Training Accuracy: 62.09%, Validation Loss: 1.5509, Validation Accuracy: 43.30%
3.523560975967731e-05
Epoch [100/200], Training Loss: 117.6113, Training Accuracy: 60.80%, Validation Loss: 1.5117, Validation Accuracy: 45.65%
3.5000000000000004e-05
Epoch [101/200], Training Loss: 118.4954, Training Accuracy: 62.37%, Validation Loss: 1.4945, Validation Accuracy: 46.47%
3.4764390240322696e-05
Epoch [102/200], Training Loss: 116.7399, Training Accuracy: 61.80%, Validation Loss: 1.4564, Validation Accuracy: 47.34%
3.452883861382808e-05
Epoch [103/200], Training Loss: 116.6949, Training Accuracy: 63.38%, Validation Loss: 1.4655, Validation Accuracy: 46.65%
3.4293403239355364e-05
Epoch [104/200], Training Loss: 115.8668, Training Accuracy: 64.23%, Validation Loss: 1.4930, Validation Accuracy: 47.82%
3.40581422070603e-05
Epoch [105/200], Training Loss: 115.8910, Training Accuracy: 63.38%, Validation Loss: 1.6106, Validation Accuracy: 42.28%
3.382311356408233e-05
Epoch [106/200], Training Loss: 114.5242, Training Accuracy: 66.95%, Validation Loss: 1.5640, Validation Accuracy: 44.23%
3.358837530022229e-05
Epoch [107/200], Training Loss: 115.5404, Training Accuracy: 62.52%, Validation Loss: 1.5179, Validation Accuracy: 45.62%
3.335398533363432e-05
Epoch [108/200], Training Loss: 114.6500, Training Accuracy: 63.23%, Validation Loss: 1.5148, Validation Accuracy: 46.07%
3.312000149653544e-05
Epoch [109/200], Training Loss: 113.9155, Training Accuracy: 61.09%, Validation Loss: 1.5995, Validation Accuracy: 42.38%
3.2886481520936266e-05
Epoch [110/200], Training Loss: 113.6557, Training Accuracy: 63.81%, Validation Loss: 1.5125, Validation Accuracy: 44.05%
3.2653483024396536e-05
Epoch [111/200], Training Loss: 111.1360, Training Accuracy: 64.81%, Validation Loss: 1.5688, Validation Accuracy: 43.63%
3.242106349580886e-05
Epoch [112/200], Training Loss: 111.9637, Training Accuracy: 65.38%, Validation Loss: 1.5982, Validation Accuracy: 44.08%
3.218928028121413e-05
Epoch [113/200], Training Loss: 112.4418, Training Accuracy: 66.09%, Validation Loss: 1.5509, Validation Accuracy: 45.37%
3.195819056965232e-05
Epoch [114/200], Training Loss: 112.4342, Training Accuracy: 61.37%, Validation Loss: 1.5139, Validation Accuracy: 46.15%
3.172785137905187e-05
Epoch [115/200], Training Loss: 112.0956, Training Accuracy: 64.38%, Validation Loss: 1.6191, Validation Accuracy: 42.63%
3.149831954216142e-05
Epoch [116/200], Training Loss: 111.8774, Training Accuracy: 64.38%, Validation Loss: 1.4920, Validation Accuracy: 46.17%
3.126965169252718e-05
Epoch [117/200], Training Loss: 109.7846, Training Accuracy: 64.52%, Validation Loss: 1.4883, Validation Accuracy: 47.27%
3.104190425051941e-05
Epoch [118/200], Training Loss: 110.6166, Training Accuracy: 64.66%, Validation Loss: 1.5649, Validation Accuracy: 44.92%
3.0815133409411565e-05
Epoch [119/200], Training Loss: 109.6294, Training Accuracy: 64.95%, Validation Loss: 1.5483, Validation Accuracy: 44.80%
3.0589395121515443e-05
Epoch [120/200], Training Loss: 110.0537, Training Accuracy: 65.52%, Validation Loss: 1.5682, Validation Accuracy: 45.35%
3.0364745084375795e-05
Epoch [121/200], Training Loss: 110.0385, Training Accuracy: 64.23%, Validation Loss: 1.5653, Validation Accuracy: 44.82%
3.0141238727027758e-05
Epoch [122/200], Training Loss: 108.9617, Training Accuracy: 67.67%, Validation Loss: 1.6077, Validation Accuracy: 43.53%
2.991893119632063e-05
Epoch [123/200], Training Loss: 109.0822, Training Accuracy: 66.95%, Validation Loss: 1.5192, Validation Accuracy: 45.65%
2.9697877343311147e-05
Epoch [124/200], Training Loss: 108.9455, Training Accuracy: 63.81%, Validation Loss: 1.4913, Validation Accuracy: 47.44%
2.9478131709729838e-05
Epoch [125/200], Training Loss: 107.6761, Training Accuracy: 68.53%, Validation Loss: 1.4515, Validation Accuracy: 47.84%
2.9259748514523657e-05
Epoch [126/200], Training Loss: 107.2424, Training Accuracy: 65.67%, Validation Loss: 1.5622, Validation Accuracy: 42.80%
2.9042781640478292e-05
Epoch [127/200], Training Loss: 108.8605, Training Accuracy: 65.52%, Validation Loss: 1.5496, Validation Accuracy: 45.10%
2.882728462092337e-05
Epoch [128/200], Training Loss: 107.4779, Training Accuracy: 67.81%, Validation Loss: 1.6893, Validation Accuracy: 40.48%
2.861331062652391e-05
Epoch [129/200], Training Loss: 106.7620, Training Accuracy: 68.53%, Validation Loss: 1.5416, Validation Accuracy: 44.33%
2.8400912452161272e-05
Epoch [130/200], Training Loss: 105.6186, Training Accuracy: 67.53%, Validation Loss: 1.5642, Validation Accuracy: 44.23%
2.81901425039068e-05
Epoch [131/200], Training Loss: 106.4800, Training Accuracy: 65.09%, Validation Loss: 1.6987, Validation Accuracy: 40.63%
2.7981052786091404e-05
Epoch [132/200], Training Loss: 106.5919, Training Accuracy: 66.95%, Validation Loss: 1.6264, Validation Accuracy: 43.15%
2.777369488847427e-05
Epoch [133/200], Training Loss: 106.2354, Training Accuracy: 68.96%, Validation Loss: 1.5542, Validation Accuracy: 45.75%
2.756811997351389e-05
Epoch [134/200], Training Loss: 105.3275, Training Accuracy: 68.81%, Validation Loss: 1.5834, Validation Accuracy: 44.40%
2.7364378763744433e-05
Epoch [135/200], Training Loss: 104.9992, Training Accuracy: 67.53%, Validation Loss: 1.5423, Validation Accuracy: 45.25%
2.7162521529260772e-05
Epoch [136/200], Training Loss: 105.9771, Training Accuracy: 69.53%, Validation Loss: 1.5999, Validation Accuracy: 44.67%
2.696259807531505e-05
Epoch [137/200], Training Loss: 105.4060, Training Accuracy: 69.10%, Validation Loss: 1.6534, Validation Accuracy: 42.23%
2.6764657730028024e-05
Epoch [138/200], Training Loss: 104.2255, Training Accuracy: 67.67%, Validation Loss: 1.6037, Validation Accuracy: 45.02%
2.656874933221804e-05
Epoch [139/200], Training Loss: 104.3739, Training Accuracy: 68.81%, Validation Loss: 1.5464, Validation Accuracy: 45.75%
2.6374921219350825e-05
Epoch [140/200], Training Loss: 104.6092, Training Accuracy: 68.53%, Validation Loss: 1.6137, Validation Accuracy: 44.10%
2.6183221215612905e-05
Epoch [141/200], Training Loss: 104.3297, Training Accuracy: 70.10%, Validation Loss: 1.5705, Validation Accuracy: 45.70%
2.5993696620111744e-05
Epoch [142/200], Training Loss: 104.7656, Training Accuracy: 70.24%, Validation Loss: 1.7343, Validation Accuracy: 41.43%
2.5806394195205354e-05
Epoch [143/200], Training Loss: 102.9054, Training Accuracy: 69.10%, Validation Loss: 1.6315, Validation Accuracy: 43.95%
2.5621360154964423e-05
Epoch [144/200], Training Loss: 102.7968, Training Accuracy: 69.10%, Validation Loss: 1.5328, Validation Accuracy: 46.02%
2.5438640153769657e-05
Epoch [145/200], Training Loss: 103.4245, Training Accuracy: 69.67%, Validation Loss: 1.5981, Validation Accuracy: 44.20%
2.525827927504725e-05
Epoch [146/200], Training Loss: 103.1791, Training Accuracy: 70.82%, Validation Loss: 1.5097, Validation Accuracy: 47.04%
2.5080322020145226e-05
Epoch [147/200], Training Loss: 102.7044, Training Accuracy: 69.67%, Validation Loss: 1.5492, Validation Accuracy: 46.15%
2.49048122973534e-05
Epoch [148/200], Training Loss: 102.9613, Training Accuracy: 70.39%, Validation Loss: 1.6551, Validation Accuracy: 43.80%
2.473179341106967e-05
Epoch [149/200], Training Loss: 101.5046, Training Accuracy: 71.10%, Validation Loss: 1.5524, Validation Accuracy: 46.12%
2.4561308051115287e-05
Epoch [150/200], Training Loss: 102.5422, Training Accuracy: 71.67%, Validation Loss: 1.5754, Validation Accuracy: 45.00%
2.439339828220179e-05
Epoch [151/200], Training Loss: 102.7655, Training Accuracy: 70.24%, Validation Loss: 1.6536, Validation Accuracy: 42.18%
2.4228105533552172e-05
Epoch [152/200], Training Loss: 103.0864, Training Accuracy: 68.24%, Validation Loss: 1.6433, Validation Accuracy: 43.30%
2.406547058867883e-05
Epoch [153/200], Training Loss: 101.6848, Training Accuracy: 69.96%, Validation Loss: 1.7107, Validation Accuracy: 41.08%
2.3905533575320855e-05
Epoch [154/200], Training Loss: 101.4343, Training Accuracy: 69.67%, Validation Loss: 1.6279, Validation Accuracy: 44.60%
2.3748333955543107e-05
Epoch [155/200], Training Loss: 101.5878, Training Accuracy: 71.53%, Validation Loss: 1.6437, Validation Accuracy: 43.58%
2.3593910515999538e-05
Epoch [156/200], Training Loss: 100.9255, Training Accuracy: 70.24%, Validation Loss: 1.5208, Validation Accuracy: 46.89%
2.3442301358363164e-05
Epoch [157/200], Training Loss: 100.1931, Training Accuracy: 72.25%, Validation Loss: 1.5097, Validation Accuracy: 47.54%
2.3293543889925057e-05
Epoch [158/200], Training Loss: 101.3740, Training Accuracy: 73.39%, Validation Loss: 1.5711, Validation Accuracy: 45.62%
2.3147674814364646e-05
Epoch [159/200], Training Loss: 100.6679, Training Accuracy: 71.39%, Validation Loss: 1.5763, Validation Accuracy: 45.15%
2.3004730122693643e-05
Epoch [160/200], Training Loss: 102.2964, Training Accuracy: 72.82%, Validation Loss: 1.5760, Validation Accuracy: 46.22%
2.2864745084375792e-05
Epoch [161/200], Training Loss: 99.7567, Training Accuracy: 70.96%, Validation Loss: 1.5712, Validation Accuracy: 44.70%
2.2727754238624652e-05
Epoch [162/200], Training Loss: 99.9034, Training Accuracy: 73.25%, Validation Loss: 1.5769, Validation Accuracy: 45.02%
2.2593791385881576e-05
Epoch [163/200], Training Loss: 100.5244, Training Accuracy: 69.96%, Validation Loss: 1.5982, Validation Accuracy: 45.25%
2.2462889579475952e-05
Epoch [164/200], Training Loss: 98.1971, Training Accuracy: 72.68%, Validation Loss: 1.5678, Validation Accuracy: 46.07%
2.233508111746978e-05
Epoch [165/200], Training Loss: 99.3590, Training Accuracy: 73.68%, Validation Loss: 1.5322, Validation Accuracy: 47.29%
2.221039753468862e-05
Epoch [166/200], Training Loss: 99.3786, Training Accuracy: 73.96%, Validation Loss: 1.5881, Validation Accuracy: 46.27%
2.2088869594940844e-05
Epoch [167/200], Training Loss: 98.3779, Training Accuracy: 72.68%, Validation Loss: 1.6320, Validation Accuracy: 45.12%
2.197052728342713e-05
Epoch [168/200], Training Loss: 100.1932, Training Accuracy: 73.10%, Validation Loss: 1.6158, Validation Accuracy: 44.67%
2.185539979934205e-05
Epoch [169/200], Training Loss: 98.2694, Training Accuracy: 73.25%, Validation Loss: 1.7214, Validation Accuracy: 41.83%
2.17435155486696e-05
Epoch [170/200], Training Loss: 97.8308, Training Accuracy: 74.39%, Validation Loss: 1.6936, Validation Accuracy: 41.88%
2.1634902137174486e-05
Epoch [171/200], Training Loss: 98.7534, Training Accuracy: 72.39%, Validation Loss: 1.6663, Validation Accuracy: 43.38%
2.152958636359077e-05
Epoch [172/200], Training Loss: 98.1407, Training Accuracy: 73.10%, Validation Loss: 1.5951, Validation Accuracy: 46.25%
2.1427594213009713e-05
Epoch [173/200], Training Loss: 97.2460, Training Accuracy: 73.39%, Validation Loss: 1.5619, Validation Accuracy: 46.65%
2.1328950850468325e-05
Epoch [174/200], Training Loss: 99.0534, Training Accuracy: 72.53%, Validation Loss: 1.5290, Validation Accuracy: 47.74%
2.123368061474029e-05
Epoch [175/200], Training Loss: 97.4953, Training Accuracy: 74.25%, Validation Loss: 1.5825, Validation Accuracy: 46.10%
2.1141807012330703e-05
Epoch [176/200], Training Loss: 97.1800, Training Accuracy: 70.82%, Validation Loss: 1.6009, Validation Accuracy: 45.15%
2.105335271167623e-05
Epoch [177/200], Training Loss: 96.9378, Training Accuracy: 75.82%, Validation Loss: 1.5472, Validation Accuracy: 45.95%
2.096833953755199e-05
Epoch [178/200], Training Loss: 97.6537, Training Accuracy: 71.24%, Validation Loss: 1.6175, Validation Accuracy: 45.12%
2.088678846568662e-05
Epoch [179/200], Training Loss: 97.8629, Training Accuracy: 76.11%, Validation Loss: 1.6412, Validation Accuracy: 45.10%
2.080871961758682e-05
Epoch [180/200], Training Loss: 96.6189, Training Accuracy: 75.68%, Validation Loss: 1.6016, Validation Accuracy: 46.50%
2.0734152255572697e-05
Epoch [181/200], Training Loss: 97.0485, Training Accuracy: 72.82%, Validation Loss: 1.5414, Validation Accuracy: 48.12%
2.066310477802505e-05
Epoch [182/200], Training Loss: 95.4070, Training Accuracy: 72.96%, Validation Loss: 1.6542, Validation Accuracy: 45.72%
2.0595594714845856e-05
Epoch [183/200], Training Loss: 95.7681, Training Accuracy: 73.10%, Validation Loss: 1.6737, Validation Accuracy: 44.33%
2.0531638723133032e-05
Epoch [184/200], Training Loss: 96.3797, Training Accuracy: 74.39%, Validation Loss: 1.6839, Validation Accuracy: 43.88%
2.047125258307054e-05
Epoch [185/200], Training Loss: 96.3128, Training Accuracy: 72.39%, Validation Loss: 1.6708, Validation Accuracy: 43.98%
2.0414451194034853e-05
Epoch [186/200], Training Loss: 95.7939, Training Accuracy: 72.82%, Validation Loss: 1.5907, Validation Accuracy: 46.60%
2.0361248570918792e-05
Epoch [187/200], Training Loss: 96.2670, Training Accuracy: 73.82%, Validation Loss: 1.5846, Validation Accuracy: 46.40%
2.0311657840673515e-05
Epoch [188/200], Training Loss: 96.5008, Training Accuracy: 75.39%, Validation Loss: 1.6239, Validation Accuracy: 45.60%
2.026569123906967e-05
Epoch [189/200], Training Loss: 95.2341, Training Accuracy: 75.39%, Validation Loss: 1.5803, Validation Accuracy: 46.37%
2.0223360107678393e-05
Epoch [190/200], Training Loss: 94.6440, Training Accuracy: 73.96%, Validation Loss: 1.6937, Validation Accuracy: 43.85%
2.0184674891072937e-05
Epoch [191/200], Training Loss: 96.3655, Training Accuracy: 73.96%, Validation Loss: 1.7151, Validation Accuracy: 42.55%
2.014964513425164e-05
Epoch [192/200], Training Loss: 95.8701, Training Accuracy: 76.68%, Validation Loss: 1.7627, Validation Accuracy: 43.10%
2.0118279480282836e-05
Epoch [193/200], Training Loss: 95.2793, Training Accuracy: 73.39%, Validation Loss: 1.5605, Validation Accuracy: 47.72%
2.0090585668172307e-05
Epoch [194/200], Training Loss: 94.4081, Training Accuracy: 74.39%, Validation Loss: 1.6790, Validation Accuracy: 44.60%
2.00665705309538e-05
Epoch [195/200], Training Loss: 94.9998, Training Accuracy: 75.25%, Validation Loss: 1.6645, Validation Accuracy: 45.37%
2.0046239994003082e-05
Epoch [196/200], Training Loss: 95.3876, Training Accuracy: 77.11%, Validation Loss: 1.6340, Validation Accuracy: 44.30%
2.0029599073575927e-05
Epoch [197/200], Training Loss: 94.0197, Training Accuracy: 77.25%, Validation Loss: 1.5903, Validation Accuracy: 47.02%
2.0016651875570453e-05
Epoch [198/200], Training Loss: 94.4094, Training Accuracy: 77.68%, Validation Loss: 1.5597, Validation Accuracy: 47.59%
2.000740159451403e-05
Epoch [199/200], Training Loss: 94.0916, Training Accuracy: 76.11%, Validation Loss: 1.6850, Validation Accuracy: 44.38%
2.0001850512775094e-05
Epoch [200/200], Training Loss: 94.3414, Training Accuracy: 75.11%, Validation Loss: 1.6408, Validation Accuracy: 44.57%
Training time 1:19:45
