Args parsed
Training HDKD model with fine-tuned teacher - 100 per class data

Validating the train path:/home/micml/25m0764/MIC_project/dataset_dbn/dataset_100/train
Validating the train path:/home/micml/25m0764/MIC_project/dataset_dbn/dataset_100/test
Train size: 699
Test size: 4009
Creating model: HDKD
Model created
The HDKD has number of params = 3727288
Path for teacher model: /home/micml/25m0764/MIC_project/HDKD/configuration_5/teacher_finetuned_models/fine_tuned_teacher_100.pth
Using weighted loss function for training
Starting training
2e-05
Epoch [1/200], Training Loss: 622.7650, Training Accuracy: 15.74%, Validation Loss: 1.9177, Validation Accuracy: 9.38%
----------- saving --------------
2.6000000000000002e-05
Epoch [2/200], Training Loss: 585.5309, Training Accuracy: 18.74%, Validation Loss: 1.9282, Validation Accuracy: 9.05%
3.2000000000000005e-05
Epoch [3/200], Training Loss: 554.2425, Training Accuracy: 20.74%, Validation Loss: 1.9098, Validation Accuracy: 28.98%
----------- saving --------------
3.8e-05
Epoch [4/200], Training Loss: 521.6879, Training Accuracy: 22.17%, Validation Loss: 1.8842, Validation Accuracy: 32.50%
----------- saving --------------
4.4e-05
Epoch [5/200], Training Loss: 486.1512, Training Accuracy: 25.46%, Validation Loss: 1.8199, Validation Accuracy: 33.57%
----------- saving --------------
4.9953760005996925e-05
Epoch [6/200], Training Loss: 457.7028, Training Accuracy: 25.18%, Validation Loss: 1.9207, Validation Accuracy: 22.37%
4.993342946904621e-05
Epoch [7/200], Training Loss: 427.5145, Training Accuracy: 28.04%, Validation Loss: 1.7373, Validation Accuracy: 38.81%
----------- saving --------------
4.9909414331827703e-05
Epoch [8/200], Training Loss: 403.5893, Training Accuracy: 28.04%, Validation Loss: 1.6413, Validation Accuracy: 40.66%
----------- saving --------------
4.988172051971717e-05
Epoch [9/200], Training Loss: 385.4082, Training Accuracy: 32.05%, Validation Loss: 1.6495, Validation Accuracy: 39.59%
4.9850354865748364e-05
Epoch [10/200], Training Loss: 368.8381, Training Accuracy: 31.76%, Validation Loss: 1.6380, Validation Accuracy: 40.08%
4.981532510892707e-05
Epoch [11/200], Training Loss: 355.0689, Training Accuracy: 32.76%, Validation Loss: 1.6297, Validation Accuracy: 37.86%
4.977663989232161e-05
Epoch [12/200], Training Loss: 344.4976, Training Accuracy: 37.20%, Validation Loss: 1.6218, Validation Accuracy: 36.19%
4.973430876093034e-05
Epoch [13/200], Training Loss: 337.1253, Training Accuracy: 36.05%, Validation Loss: 1.7140, Validation Accuracy: 37.89%
4.968834215932649e-05
Epoch [14/200], Training Loss: 325.3635, Training Accuracy: 39.48%, Validation Loss: 1.6021, Validation Accuracy: 40.73%
----------- saving --------------
4.963875142908122e-05
Epoch [15/200], Training Loss: 319.2017, Training Accuracy: 39.48%, Validation Loss: 1.7082, Validation Accuracy: 33.20%
4.958554880596515e-05
Epoch [16/200], Training Loss: 311.7530, Training Accuracy: 39.91%, Validation Loss: 1.6201, Validation Accuracy: 38.66%
4.952874741692947e-05
Epoch [17/200], Training Loss: 307.0424, Training Accuracy: 41.92%, Validation Loss: 1.6532, Validation Accuracy: 39.49%
4.946836127686698e-05
Epoch [18/200], Training Loss: 300.6699, Training Accuracy: 40.63%, Validation Loss: 1.5419, Validation Accuracy: 43.28%
----------- saving --------------
4.940440528515415e-05
Epoch [19/200], Training Loss: 295.0520, Training Accuracy: 41.92%, Validation Loss: 1.5641, Validation Accuracy: 40.78%
4.933689522197495e-05
Epoch [20/200], Training Loss: 290.0247, Training Accuracy: 42.20%, Validation Loss: 1.5994, Validation Accuracy: 38.44%
4.926584774442731e-05
Epoch [21/200], Training Loss: 285.4451, Training Accuracy: 44.64%, Validation Loss: 1.5475, Validation Accuracy: 43.35%
----------- saving --------------
4.919128038241318e-05
Epoch [22/200], Training Loss: 281.2664, Training Accuracy: 44.92%, Validation Loss: 1.5890, Validation Accuracy: 39.31%
4.9113211534313383e-05
Epoch [23/200], Training Loss: 279.3456, Training Accuracy: 46.35%, Validation Loss: 1.5296, Validation Accuracy: 43.25%
4.9031660462448016e-05
Epoch [24/200], Training Loss: 274.3850, Training Accuracy: 49.21%, Validation Loss: 1.5193, Validation Accuracy: 41.31%
4.894664728832377e-05
Epoch [25/200], Training Loss: 271.2216, Training Accuracy: 48.21%, Validation Loss: 1.5730, Validation Accuracy: 40.06%
4.88581929876693e-05
Epoch [26/200], Training Loss: 265.9940, Training Accuracy: 47.78%, Validation Loss: 1.6034, Validation Accuracy: 41.23%
4.876631938525972e-05
Epoch [27/200], Training Loss: 263.8802, Training Accuracy: 49.50%, Validation Loss: 1.5660, Validation Accuracy: 41.01%
4.8671049149531676e-05
Epoch [28/200], Training Loss: 260.0910, Training Accuracy: 48.78%, Validation Loss: 1.5451, Validation Accuracy: 40.43%
4.8572405786990295e-05
Epoch [29/200], Training Loss: 260.3233, Training Accuracy: 46.07%, Validation Loss: 1.5345, Validation Accuracy: 41.88%
4.847041363640924e-05
Epoch [30/200], Training Loss: 254.7803, Training Accuracy: 48.93%, Validation Loss: 1.5806, Validation Accuracy: 39.34%
4.836509786282552e-05
Epoch [31/200], Training Loss: 252.3217, Training Accuracy: 47.64%, Validation Loss: 1.5578, Validation Accuracy: 41.11%
4.8256484451330404e-05
Epoch [32/200], Training Loss: 247.8670, Training Accuracy: 51.65%, Validation Loss: 1.5673, Validation Accuracy: 39.74%
4.814460020065795e-05
Epoch [33/200], Training Loss: 246.1952, Training Accuracy: 50.21%, Validation Loss: 1.5589, Validation Accuracy: 40.53%
4.802947271657287e-05
Epoch [34/200], Training Loss: 245.2600, Training Accuracy: 49.64%, Validation Loss: 1.4645, Validation Accuracy: 46.94%
----------- saving --------------
4.7911130405059156e-05
Epoch [35/200], Training Loss: 241.9022, Training Accuracy: 51.65%, Validation Loss: 1.4676, Validation Accuracy: 43.88%
4.778960246531139e-05
Epoch [36/200], Training Loss: 238.3070, Training Accuracy: 51.65%, Validation Loss: 1.4753, Validation Accuracy: 45.12%
4.766491888253023e-05
Epoch [37/200], Training Loss: 235.0991, Training Accuracy: 52.22%, Validation Loss: 1.4915, Validation Accuracy: 43.70%
4.753711042052406e-05
Epoch [38/200], Training Loss: 233.9081, Training Accuracy: 53.65%, Validation Loss: 1.4807, Validation Accuracy: 44.57%
4.7406208614118425e-05
Epoch [39/200], Training Loss: 230.3191, Training Accuracy: 54.65%, Validation Loss: 1.5260, Validation Accuracy: 41.18%
4.727224576137535e-05
Epoch [40/200], Training Loss: 228.2749, Training Accuracy: 52.50%, Validation Loss: 1.5148, Validation Accuracy: 41.41%
4.7135254915624215e-05
Epoch [41/200], Training Loss: 225.8459, Training Accuracy: 53.65%, Validation Loss: 1.5181, Validation Accuracy: 43.20%
4.699526987730636e-05
Epoch [42/200], Training Loss: 222.9142, Training Accuracy: 56.37%, Validation Loss: 1.5609, Validation Accuracy: 41.03%
4.6852325185635355e-05
Epoch [43/200], Training Loss: 222.8160, Training Accuracy: 57.51%, Validation Loss: 1.5275, Validation Accuracy: 42.68%
4.6706456110074944e-05
Epoch [44/200], Training Loss: 219.4728, Training Accuracy: 58.66%, Validation Loss: 1.4194, Validation Accuracy: 46.25%
4.655769864163684e-05
Epoch [45/200], Training Loss: 216.9626, Training Accuracy: 59.08%, Validation Loss: 1.5126, Validation Accuracy: 43.23%
4.6406089484000467e-05
Epoch [46/200], Training Loss: 215.3612, Training Accuracy: 57.65%, Validation Loss: 1.5381, Validation Accuracy: 43.90%
4.6251666044456894e-05
Epoch [47/200], Training Loss: 214.2753, Training Accuracy: 58.94%, Validation Loss: 1.4736, Validation Accuracy: 44.75%
4.609446642467915e-05
Epoch [48/200], Training Loss: 212.2990, Training Accuracy: 61.66%, Validation Loss: 1.4802, Validation Accuracy: 45.02%
4.5934529411321176e-05
Epoch [49/200], Training Loss: 208.9605, Training Accuracy: 60.37%, Validation Loss: 1.4667, Validation Accuracy: 45.25%
4.5771894466447835e-05
Epoch [50/200], Training Loss: 208.8148, Training Accuracy: 58.80%, Validation Loss: 1.4128, Validation Accuracy: 46.52%
4.560660171779821e-05
Epoch [51/200], Training Loss: 205.8012, Training Accuracy: 60.80%, Validation Loss: 1.4234, Validation Accuracy: 46.77%
4.543869194888471e-05
Epoch [52/200], Training Loss: 205.4022, Training Accuracy: 62.09%, Validation Loss: 1.3801, Validation Accuracy: 47.52%
----------- saving --------------
4.526820658893033e-05
Epoch [53/200], Training Loss: 202.4289, Training Accuracy: 60.52%, Validation Loss: 1.4373, Validation Accuracy: 45.90%
4.50951877026466e-05
Epoch [54/200], Training Loss: 200.6633, Training Accuracy: 61.66%, Validation Loss: 1.4447, Validation Accuracy: 44.33%
4.491967797985478e-05
Epoch [55/200], Training Loss: 197.9086, Training Accuracy: 62.95%, Validation Loss: 1.3837, Validation Accuracy: 46.62%
4.474172072495276e-05
Epoch [56/200], Training Loss: 198.0821, Training Accuracy: 61.52%, Validation Loss: 1.3698, Validation Accuracy: 48.62%
----------- saving --------------
4.456135984623035e-05
Epoch [57/200], Training Loss: 195.9533, Training Accuracy: 61.23%, Validation Loss: 1.4815, Validation Accuracy: 45.62%
4.4378639845035585e-05
Epoch [58/200], Training Loss: 194.6808, Training Accuracy: 62.37%, Validation Loss: 1.4995, Validation Accuracy: 43.93%
4.419360580479465e-05
Epoch [59/200], Training Loss: 194.5852, Training Accuracy: 63.66%, Validation Loss: 1.4317, Validation Accuracy: 46.37%
4.400630337988827e-05
Epoch [60/200], Training Loss: 192.4717, Training Accuracy: 63.52%, Validation Loss: 1.4842, Validation Accuracy: 44.97%
4.3816778784387106e-05
Epoch [61/200], Training Loss: 190.0033, Training Accuracy: 65.38%, Validation Loss: 1.3946, Validation Accuracy: 47.92%
4.362507878064918e-05
Epoch [62/200], Training Loss: 189.1869, Training Accuracy: 63.38%, Validation Loss: 1.4759, Validation Accuracy: 45.32%
4.343125066778197e-05
Epoch [63/200], Training Loss: 189.2161, Training Accuracy: 64.95%, Validation Loss: 1.4568, Validation Accuracy: 45.25%
4.323534226997198e-05
Epoch [64/200], Training Loss: 187.2390, Training Accuracy: 65.24%, Validation Loss: 1.3931, Validation Accuracy: 47.89%
4.3037401924684955e-05
Epoch [65/200], Training Loss: 185.7970, Training Accuracy: 65.38%, Validation Loss: 1.4664, Validation Accuracy: 46.89%
4.2837478470739236e-05
Epoch [66/200], Training Loss: 185.6578, Training Accuracy: 65.09%, Validation Loss: 1.3546, Validation Accuracy: 49.71%
----------- saving --------------
4.263562123625557e-05
Epoch [67/200], Training Loss: 183.3462, Training Accuracy: 67.38%, Validation Loss: 1.4020, Validation Accuracy: 47.69%
4.243188002648612e-05
Epoch [68/200], Training Loss: 179.8818, Training Accuracy: 67.53%, Validation Loss: 1.5610, Validation Accuracy: 43.58%
4.222630511152573e-05
Epoch [69/200], Training Loss: 180.4166, Training Accuracy: 67.81%, Validation Loss: 1.4263, Validation Accuracy: 47.89%
4.20189472139086e-05
Epoch [70/200], Training Loss: 180.7254, Training Accuracy: 68.96%, Validation Loss: 1.4165, Validation Accuracy: 47.44%
4.180985749609321e-05
Epoch [71/200], Training Loss: 178.5381, Training Accuracy: 69.38%, Validation Loss: 1.5177, Validation Accuracy: 44.28%
4.159908754783872e-05
Epoch [72/200], Training Loss: 177.8095, Training Accuracy: 66.67%, Validation Loss: 1.5506, Validation Accuracy: 44.87%
4.1386689373476096e-05
Epoch [73/200], Training Loss: 176.6391, Training Accuracy: 66.38%, Validation Loss: 1.6303, Validation Accuracy: 41.46%
4.117271537907663e-05
Epoch [74/200], Training Loss: 174.8523, Training Accuracy: 68.38%, Validation Loss: 1.4262, Validation Accuracy: 49.11%
4.095721835952171e-05
Epoch [75/200], Training Loss: 174.2235, Training Accuracy: 69.10%, Validation Loss: 1.4536, Validation Accuracy: 47.04%
4.074025148547635e-05
Epoch [76/200], Training Loss: 171.8198, Training Accuracy: 70.82%, Validation Loss: 1.4862, Validation Accuracy: 46.32%
4.052186829027017e-05
Epoch [77/200], Training Loss: 174.6917, Training Accuracy: 69.81%, Validation Loss: 1.5497, Validation Accuracy: 44.38%
4.0302122656688864e-05
Epoch [78/200], Training Loss: 171.6014, Training Accuracy: 70.96%, Validation Loss: 1.5226, Validation Accuracy: 45.30%
4.008106880367937e-05
Epoch [79/200], Training Loss: 171.8063, Training Accuracy: 68.10%, Validation Loss: 1.4017, Validation Accuracy: 49.29%
3.985876127297224e-05
Epoch [80/200], Training Loss: 170.3855, Training Accuracy: 69.53%, Validation Loss: 1.3863, Validation Accuracy: 49.69%
3.963525491562421e-05
Epoch [81/200], Training Loss: 168.2282, Training Accuracy: 70.39%, Validation Loss: 1.3823, Validation Accuracy: 50.21%
----------- saving --------------
3.9410604878484564e-05
Epoch [82/200], Training Loss: 168.5645, Training Accuracy: 68.67%, Validation Loss: 1.6370, Validation Accuracy: 40.68%
3.918486659058844e-05
Epoch [83/200], Training Loss: 168.6747, Training Accuracy: 68.10%, Validation Loss: 1.4987, Validation Accuracy: 46.15%
3.89580957494806e-05
Epoch [84/200], Training Loss: 165.4668, Training Accuracy: 73.10%, Validation Loss: 1.4763, Validation Accuracy: 47.19%
3.873034830747282e-05
Epoch [85/200], Training Loss: 166.1331, Training Accuracy: 68.96%, Validation Loss: 1.3595, Validation Accuracy: 50.79%
----------- saving --------------
3.8501680457838584e-05
Epoch [86/200], Training Loss: 165.4112, Training Accuracy: 70.67%, Validation Loss: 1.3345, Validation Accuracy: 51.33%
----------- saving --------------
3.8272148620948145e-05
Epoch [87/200], Training Loss: 164.7046, Training Accuracy: 70.53%, Validation Loss: 1.4836, Validation Accuracy: 47.42%
3.8041809430347696e-05
Epoch [88/200], Training Loss: 162.8114, Training Accuracy: 71.67%, Validation Loss: 1.4662, Validation Accuracy: 47.89%
3.7810719718785876e-05
Epoch [89/200], Training Loss: 163.0895, Training Accuracy: 74.54%, Validation Loss: 1.4749, Validation Accuracy: 47.04%
3.757893650419114e-05
Epoch [90/200], Training Loss: 163.0933, Training Accuracy: 71.39%, Validation Loss: 1.5348, Validation Accuracy: 45.65%
3.734651697560347e-05
Epoch [91/200], Training Loss: 161.3281, Training Accuracy: 72.82%, Validation Loss: 1.5371, Validation Accuracy: 45.67%
3.711351847906374e-05
Epoch [92/200], Training Loss: 160.1859, Training Accuracy: 72.25%, Validation Loss: 1.4546, Validation Accuracy: 48.02%
3.687999850346457e-05
Epoch [93/200], Training Loss: 161.3169, Training Accuracy: 71.67%, Validation Loss: 1.5852, Validation Accuracy: 45.22%
3.6646014666365684e-05
Epoch [94/200], Training Loss: 160.7446, Training Accuracy: 74.82%, Validation Loss: 1.5175, Validation Accuracy: 47.14%
3.641162469977772e-05
Epoch [95/200], Training Loss: 159.4063, Training Accuracy: 74.96%, Validation Loss: 1.4374, Validation Accuracy: 49.21%
3.617688643591768e-05
Epoch [96/200], Training Loss: 157.8899, Training Accuracy: 73.39%, Validation Loss: 1.5266, Validation Accuracy: 47.44%
3.594185779293971e-05
Epoch [97/200], Training Loss: 158.4684, Training Accuracy: 75.54%, Validation Loss: 1.4714, Validation Accuracy: 48.54%
3.5706596760644643e-05
Epoch [98/200], Training Loss: 157.0564, Training Accuracy: 73.96%, Validation Loss: 1.4437, Validation Accuracy: 48.22%
3.547116138617192e-05
Epoch [99/200], Training Loss: 156.2796, Training Accuracy: 72.96%, Validation Loss: 1.5017, Validation Accuracy: 46.10%
3.523560975967731e-05
Epoch [100/200], Training Loss: 155.7582, Training Accuracy: 73.68%, Validation Loss: 1.4381, Validation Accuracy: 48.89%
3.5000000000000004e-05
Epoch [101/200], Training Loss: 156.7930, Training Accuracy: 75.68%, Validation Loss: 1.3893, Validation Accuracy: 51.13%
3.4764390240322696e-05
Epoch [102/200], Training Loss: 155.1350, Training Accuracy: 74.39%, Validation Loss: 1.3764, Validation Accuracy: 52.06%
----------- saving --------------
3.452883861382808e-05
Epoch [103/200], Training Loss: 154.9503, Training Accuracy: 73.53%, Validation Loss: 1.5276, Validation Accuracy: 47.04%
3.4293403239355364e-05
Epoch [104/200], Training Loss: 152.9321, Training Accuracy: 75.11%, Validation Loss: 1.4744, Validation Accuracy: 49.51%
3.40581422070603e-05
Epoch [105/200], Training Loss: 155.1790, Training Accuracy: 75.25%, Validation Loss: 1.4976, Validation Accuracy: 48.34%
3.382311356408233e-05
Epoch [106/200], Training Loss: 153.3332, Training Accuracy: 76.82%, Validation Loss: 1.5343, Validation Accuracy: 48.12%
3.358837530022229e-05
Epoch [107/200], Training Loss: 153.7104, Training Accuracy: 72.10%, Validation Loss: 1.5003, Validation Accuracy: 47.42%
3.335398533363432e-05
Epoch [108/200], Training Loss: 151.4626, Training Accuracy: 76.54%, Validation Loss: 1.6596, Validation Accuracy: 44.70%
3.312000149653544e-05
Epoch [109/200], Training Loss: 151.7849, Training Accuracy: 75.54%, Validation Loss: 1.4863, Validation Accuracy: 48.02%
3.2886481520936266e-05
Epoch [110/200], Training Loss: 150.5405, Training Accuracy: 75.39%, Validation Loss: 1.5336, Validation Accuracy: 46.05%
3.2653483024396536e-05
Epoch [111/200], Training Loss: 148.8316, Training Accuracy: 75.82%, Validation Loss: 1.5988, Validation Accuracy: 45.37%
3.242106349580886e-05
Epoch [112/200], Training Loss: 148.8378, Training Accuracy: 77.54%, Validation Loss: 1.5350, Validation Accuracy: 47.64%
3.218928028121413e-05
Epoch [113/200], Training Loss: 148.9000, Training Accuracy: 77.97%, Validation Loss: 1.5399, Validation Accuracy: 47.59%
3.195819056965232e-05
Epoch [114/200], Training Loss: 149.3115, Training Accuracy: 75.68%, Validation Loss: 1.5533, Validation Accuracy: 47.87%
3.172785137905187e-05
Epoch [115/200], Training Loss: 149.1228, Training Accuracy: 76.82%, Validation Loss: 1.6643, Validation Accuracy: 43.48%
3.149831954216142e-05
Epoch [116/200], Training Loss: 149.1085, Training Accuracy: 77.25%, Validation Loss: 1.5089, Validation Accuracy: 46.87%
3.126965169252718e-05
Epoch [117/200], Training Loss: 147.5288, Training Accuracy: 79.26%, Validation Loss: 1.4712, Validation Accuracy: 48.99%
3.104190425051941e-05
Epoch [118/200], Training Loss: 146.8950, Training Accuracy: 76.97%, Validation Loss: 1.4892, Validation Accuracy: 49.79%
3.0815133409411565e-05
Epoch [119/200], Training Loss: 146.5990, Training Accuracy: 77.68%, Validation Loss: 1.5170, Validation Accuracy: 48.32%
3.0589395121515443e-05
Epoch [120/200], Training Loss: 145.9837, Training Accuracy: 78.68%, Validation Loss: 1.5231, Validation Accuracy: 48.02%
3.0364745084375795e-05
Epoch [121/200], Training Loss: 146.2213, Training Accuracy: 77.83%, Validation Loss: 1.6096, Validation Accuracy: 46.20%
3.0141238727027758e-05
Epoch [122/200], Training Loss: 145.3281, Training Accuracy: 78.97%, Validation Loss: 1.5421, Validation Accuracy: 48.02%
2.991893119632063e-05
Epoch [123/200], Training Loss: 145.2444, Training Accuracy: 79.40%, Validation Loss: 1.5317, Validation Accuracy: 47.09%
2.9697877343311147e-05
Epoch [124/200], Training Loss: 145.0285, Training Accuracy: 78.40%, Validation Loss: 1.5942, Validation Accuracy: 44.95%
2.9478131709729838e-05
Epoch [125/200], Training Loss: 144.2036, Training Accuracy: 79.69%, Validation Loss: 1.5052, Validation Accuracy: 47.19%
2.9259748514523657e-05
Epoch [126/200], Training Loss: 144.1246, Training Accuracy: 80.40%, Validation Loss: 1.6208, Validation Accuracy: 44.50%
2.9042781640478292e-05
Epoch [127/200], Training Loss: 144.4856, Training Accuracy: 79.69%, Validation Loss: 1.5448, Validation Accuracy: 47.97%
2.882728462092337e-05
Epoch [128/200], Training Loss: 142.5913, Training Accuracy: 78.83%, Validation Loss: 1.6020, Validation Accuracy: 45.62%
2.861331062652391e-05
Epoch [129/200], Training Loss: 142.6232, Training Accuracy: 79.97%, Validation Loss: 1.6305, Validation Accuracy: 43.90%
2.8400912452161272e-05
Epoch [130/200], Training Loss: 141.1389, Training Accuracy: 78.25%, Validation Loss: 1.6687, Validation Accuracy: 43.03%
2.81901425039068e-05
Epoch [131/200], Training Loss: 141.6314, Training Accuracy: 78.11%, Validation Loss: 1.8249, Validation Accuracy: 40.86%
2.7981052786091404e-05
Epoch [132/200], Training Loss: 142.0302, Training Accuracy: 81.83%, Validation Loss: 1.4827, Validation Accuracy: 49.21%
2.777369488847427e-05
Epoch [133/200], Training Loss: 140.9416, Training Accuracy: 80.26%, Validation Loss: 1.5283, Validation Accuracy: 48.91%
2.756811997351389e-05
Epoch [134/200], Training Loss: 141.7067, Training Accuracy: 82.12%, Validation Loss: 1.5110, Validation Accuracy: 49.39%
2.7364378763744433e-05
Epoch [135/200], Training Loss: 140.6195, Training Accuracy: 79.97%, Validation Loss: 1.5341, Validation Accuracy: 47.22%
2.7162521529260772e-05
Epoch [136/200], Training Loss: 141.2513, Training Accuracy: 81.97%, Validation Loss: 1.6000, Validation Accuracy: 45.97%
2.696259807531505e-05
Epoch [137/200], Training Loss: 140.1447, Training Accuracy: 82.26%, Validation Loss: 1.6360, Validation Accuracy: 44.82%
2.6764657730028024e-05
Epoch [138/200], Training Loss: 139.7641, Training Accuracy: 80.69%, Validation Loss: 1.5799, Validation Accuracy: 48.02%
2.656874933221804e-05
Epoch [139/200], Training Loss: 139.8530, Training Accuracy: 81.55%, Validation Loss: 1.5739, Validation Accuracy: 46.87%
2.6374921219350825e-05
Epoch [140/200], Training Loss: 139.2215, Training Accuracy: 82.55%, Validation Loss: 1.6323, Validation Accuracy: 45.40%
2.6183221215612905e-05
Epoch [141/200], Training Loss: 138.8856, Training Accuracy: 81.83%, Validation Loss: 1.7217, Validation Accuracy: 44.28%
2.5993696620111744e-05
Epoch [142/200], Training Loss: 139.7381, Training Accuracy: 81.97%, Validation Loss: 1.6579, Validation Accuracy: 45.00%
2.5806394195205354e-05
Epoch [143/200], Training Loss: 138.3930, Training Accuracy: 79.97%, Validation Loss: 1.5569, Validation Accuracy: 48.42%
2.5621360154964423e-05
Epoch [144/200], Training Loss: 137.6472, Training Accuracy: 83.55%, Validation Loss: 1.6512, Validation Accuracy: 44.70%
2.5438640153769657e-05
Epoch [145/200], Training Loss: 137.9276, Training Accuracy: 83.26%, Validation Loss: 1.5239, Validation Accuracy: 48.42%
2.525827927504725e-05
Epoch [146/200], Training Loss: 137.2860, Training Accuracy: 85.12%, Validation Loss: 1.5431, Validation Accuracy: 48.32%
2.5080322020145226e-05
Epoch [147/200], Training Loss: 137.5557, Training Accuracy: 82.98%, Validation Loss: 1.5073, Validation Accuracy: 50.61%
2.49048122973534e-05
Epoch [148/200], Training Loss: 137.7333, Training Accuracy: 82.40%, Validation Loss: 1.6105, Validation Accuracy: 45.60%
2.473179341106967e-05
Epoch [149/200], Training Loss: 135.8134, Training Accuracy: 81.97%, Validation Loss: 1.5505, Validation Accuracy: 48.57%
2.4561308051115287e-05
Epoch [150/200], Training Loss: 137.1309, Training Accuracy: 83.26%, Validation Loss: 1.5649, Validation Accuracy: 46.25%
2.439339828220179e-05
Epoch [151/200], Training Loss: 137.5245, Training Accuracy: 81.55%, Validation Loss: 1.6681, Validation Accuracy: 44.70%
2.4228105533552172e-05
Epoch [152/200], Training Loss: 137.6794, Training Accuracy: 82.55%, Validation Loss: 1.6387, Validation Accuracy: 45.87%
2.406547058867883e-05
Epoch [153/200], Training Loss: 136.4023, Training Accuracy: 83.26%, Validation Loss: 1.6094, Validation Accuracy: 45.70%
2.3905533575320855e-05
Epoch [154/200], Training Loss: 135.2802, Training Accuracy: 84.55%, Validation Loss: 1.6067, Validation Accuracy: 47.22%
2.3748333955543107e-05
Epoch [155/200], Training Loss: 135.3700, Training Accuracy: 84.26%, Validation Loss: 1.6329, Validation Accuracy: 44.92%
2.3593910515999538e-05
Epoch [156/200], Training Loss: 134.7472, Training Accuracy: 83.83%, Validation Loss: 1.7061, Validation Accuracy: 43.38%
2.3442301358363164e-05
Epoch [157/200], Training Loss: 133.3296, Training Accuracy: 86.27%, Validation Loss: 1.5975, Validation Accuracy: 47.09%
2.3293543889925057e-05
Epoch [158/200], Training Loss: 134.9330, Training Accuracy: 83.40%, Validation Loss: 1.6228, Validation Accuracy: 46.74%
2.3147674814364646e-05
Epoch [159/200], Training Loss: 134.4699, Training Accuracy: 84.12%, Validation Loss: 1.6745, Validation Accuracy: 43.53%
2.3004730122693643e-05
Epoch [160/200], Training Loss: 135.6883, Training Accuracy: 83.98%, Validation Loss: 1.6762, Validation Accuracy: 45.12%
2.2864745084375792e-05
Epoch [161/200], Training Loss: 133.0941, Training Accuracy: 84.26%, Validation Loss: 1.5841, Validation Accuracy: 46.57%
2.2727754238624652e-05
Epoch [162/200], Training Loss: 133.7170, Training Accuracy: 84.41%, Validation Loss: 1.5560, Validation Accuracy: 47.59%
2.2593791385881576e-05
Epoch [163/200], Training Loss: 133.4625, Training Accuracy: 83.55%, Validation Loss: 1.5835, Validation Accuracy: 47.97%
2.2462889579475952e-05
Epoch [164/200], Training Loss: 132.2323, Training Accuracy: 86.27%, Validation Loss: 1.6093, Validation Accuracy: 48.42%
2.233508111746978e-05
Epoch [165/200], Training Loss: 133.1433, Training Accuracy: 85.12%, Validation Loss: 1.5140, Validation Accuracy: 49.91%
2.221039753468862e-05
Epoch [166/200], Training Loss: 133.1420, Training Accuracy: 86.84%, Validation Loss: 1.6521, Validation Accuracy: 46.20%
2.2088869594940844e-05
Epoch [167/200], Training Loss: 132.2103, Training Accuracy: 84.84%, Validation Loss: 1.7259, Validation Accuracy: 44.25%
2.197052728342713e-05
Epoch [168/200], Training Loss: 133.7719, Training Accuracy: 85.55%, Validation Loss: 1.6710, Validation Accuracy: 45.32%
2.185539979934205e-05
Epoch [169/200], Training Loss: 132.1839, Training Accuracy: 85.55%, Validation Loss: 1.7052, Validation Accuracy: 44.38%
2.17435155486696e-05
Epoch [170/200], Training Loss: 131.8045, Training Accuracy: 85.41%, Validation Loss: 1.6978, Validation Accuracy: 44.05%
2.1634902137174486e-05
Epoch [171/200], Training Loss: 132.7630, Training Accuracy: 85.12%, Validation Loss: 1.5937, Validation Accuracy: 47.14%
2.152958636359077e-05
Epoch [172/200], Training Loss: 130.8352, Training Accuracy: 84.98%, Validation Loss: 1.6532, Validation Accuracy: 45.60%
2.1427594213009713e-05
Epoch [173/200], Training Loss: 130.4930, Training Accuracy: 86.98%, Validation Loss: 1.6025, Validation Accuracy: 48.22%
2.1328950850468325e-05
Epoch [174/200], Training Loss: 131.7390, Training Accuracy: 86.12%, Validation Loss: 1.6024, Validation Accuracy: 48.27%
2.123368061474029e-05
Epoch [175/200], Training Loss: 130.6915, Training Accuracy: 84.84%, Validation Loss: 1.6566, Validation Accuracy: 45.70%
2.1141807012330703e-05
Epoch [176/200], Training Loss: 130.0840, Training Accuracy: 85.26%, Validation Loss: 1.6512, Validation Accuracy: 45.27%
2.105335271167623e-05
Epoch [177/200], Training Loss: 130.2262, Training Accuracy: 87.41%, Validation Loss: 1.7284, Validation Accuracy: 42.21%
2.096833953755199e-05
Epoch [178/200], Training Loss: 130.7467, Training Accuracy: 83.12%, Validation Loss: 1.8035, Validation Accuracy: 42.73%
2.088678846568662e-05
Epoch [179/200], Training Loss: 131.4408, Training Accuracy: 84.69%, Validation Loss: 1.6602, Validation Accuracy: 45.90%
2.080871961758682e-05
Epoch [180/200], Training Loss: 129.0909, Training Accuracy: 86.41%, Validation Loss: 1.6337, Validation Accuracy: 46.67%
2.0734152255572697e-05
Epoch [181/200], Training Loss: 129.6335, Training Accuracy: 85.84%, Validation Loss: 1.6373, Validation Accuracy: 47.02%
2.066310477802505e-05
Epoch [182/200], Training Loss: 128.9331, Training Accuracy: 85.55%, Validation Loss: 1.6288, Validation Accuracy: 48.82%
2.0595594714845856e-05
Epoch [183/200], Training Loss: 128.0805, Training Accuracy: 85.69%, Validation Loss: 1.7238, Validation Accuracy: 43.68%
2.0531638723133032e-05
Epoch [184/200], Training Loss: 129.1506, Training Accuracy: 88.98%, Validation Loss: 1.6724, Validation Accuracy: 45.47%
2.047125258307054e-05
Epoch [185/200], Training Loss: 128.9366, Training Accuracy: 85.41%, Validation Loss: 1.6661, Validation Accuracy: 45.22%
2.0414451194034853e-05
Epoch [186/200], Training Loss: 129.1590, Training Accuracy: 87.98%, Validation Loss: 1.6706, Validation Accuracy: 46.87%
2.0361248570918792e-05
Epoch [187/200], Training Loss: 128.6656, Training Accuracy: 85.84%, Validation Loss: 1.8108, Validation Accuracy: 41.83%
2.0311657840673515e-05
Epoch [188/200], Training Loss: 129.8769, Training Accuracy: 88.13%, Validation Loss: 1.7152, Validation Accuracy: 45.07%
2.026569123906967e-05
Epoch [189/200], Training Loss: 129.0946, Training Accuracy: 87.12%, Validation Loss: 1.6396, Validation Accuracy: 47.17%
2.0223360107678393e-05
Epoch [190/200], Training Loss: 127.7045, Training Accuracy: 85.84%, Validation Loss: 1.6429, Validation Accuracy: 47.49%
2.0184674891072937e-05
Epoch [191/200], Training Loss: 128.3076, Training Accuracy: 86.84%, Validation Loss: 1.6189, Validation Accuracy: 46.50%
2.014964513425164e-05
Epoch [192/200], Training Loss: 128.0630, Training Accuracy: 87.55%, Validation Loss: 1.6275, Validation Accuracy: 47.17%
2.0118279480282836e-05
Epoch [193/200], Training Loss: 127.2061, Training Accuracy: 87.70%, Validation Loss: 1.6141, Validation Accuracy: 47.89%
2.0090585668172307e-05
Epoch [194/200], Training Loss: 127.1488, Training Accuracy: 88.41%, Validation Loss: 1.7152, Validation Accuracy: 45.72%
2.00665705309538e-05
Epoch [195/200], Training Loss: 127.1316, Training Accuracy: 87.27%, Validation Loss: 1.6552, Validation Accuracy: 46.97%
2.0046239994003082e-05
Epoch [196/200], Training Loss: 127.5055, Training Accuracy: 87.27%, Validation Loss: 1.6982, Validation Accuracy: 45.72%
2.0029599073575927e-05
Epoch [197/200], Training Loss: 126.5358, Training Accuracy: 87.84%, Validation Loss: 1.6720, Validation Accuracy: 46.57%
2.0016651875570453e-05
Epoch [198/200], Training Loss: 126.8471, Training Accuracy: 88.56%, Validation Loss: 1.6291, Validation Accuracy: 48.29%
2.000740159451403e-05
Epoch [199/200], Training Loss: 126.3585, Training Accuracy: 88.27%, Validation Loss: 1.7315, Validation Accuracy: 45.17%
2.0001850512775094e-05
Epoch [200/200], Training Loss: 126.4000, Training Accuracy: 88.13%, Validation Loss: 1.7774, Validation Accuracy: 42.21%
Training time 1:20:58
