Args parsed
Using SWIM architecture as bottleneck instead of standard ViT transformer without distillation!

Validating the train path:/home/micml/25m0764/MIC_project/final_dataset/dataset_600/train
Validating the train path:/home/micml/25m0764/MIC_project/final_dataset/dataset_600/test
Train size: 2833
Test size: 828
Creating model: student_model
Using SWIM architecture
Model created
The student_model has number of params = 3729033
Using weighted loss function for training
Starting training
2e-05
Epoch [1/200], Training Loss: 1.8499, Training Accuracy: 28.10%, Validation Loss: 1.1814, Validation Accuracy: 68.48%
----------- saving --------------
2.6000000000000002e-05
Epoch [2/200], Training Loss: 1.6976, Training Accuracy: 35.12%, Validation Loss: 1.0078, Validation Accuracy: 67.87%
3.2000000000000005e-05
Epoch [3/200], Training Loss: 1.6231, Training Accuracy: 38.51%, Validation Loss: 1.2718, Validation Accuracy: 54.59%
3.8e-05
Epoch [4/200], Training Loss: 1.5559, Training Accuracy: 40.38%, Validation Loss: 1.1188, Validation Accuracy: 63.16%
4.4e-05
Epoch [5/200], Training Loss: 1.5250, Training Accuracy: 39.53%, Validation Loss: 0.8984, Validation Accuracy: 71.50%
----------- saving --------------
4.9953760005996925e-05
Epoch [6/200], Training Loss: 1.4803, Training Accuracy: 42.22%, Validation Loss: 1.0136, Validation Accuracy: 63.41%
4.993342946904621e-05
Epoch [7/200], Training Loss: 1.4183, Training Accuracy: 43.63%, Validation Loss: 0.8517, Validation Accuracy: 68.36%
4.9909414331827703e-05
Epoch [8/200], Training Loss: 1.3547, Training Accuracy: 45.15%, Validation Loss: 0.7959, Validation Accuracy: 73.31%
----------- saving --------------
4.988172051971717e-05
Epoch [9/200], Training Loss: 1.3179, Training Accuracy: 46.31%, Validation Loss: 0.7896, Validation Accuracy: 69.57%
4.9850354865748364e-05
Epoch [10/200], Training Loss: 1.2769, Training Accuracy: 48.75%, Validation Loss: 1.0109, Validation Accuracy: 63.89%
4.981532510892707e-05
Epoch [11/200], Training Loss: 1.2552, Training Accuracy: 49.59%, Validation Loss: 0.8251, Validation Accuracy: 71.14%
4.977663989232161e-05
Epoch [12/200], Training Loss: 1.2234, Training Accuracy: 50.09%, Validation Loss: 0.7243, Validation Accuracy: 73.19%
4.973430876093034e-05
Epoch [13/200], Training Loss: 1.1809, Training Accuracy: 52.84%, Validation Loss: 0.6985, Validation Accuracy: 72.83%
4.968834215932649e-05
Epoch [14/200], Training Loss: 1.1680, Training Accuracy: 52.84%, Validation Loss: 0.8196, Validation Accuracy: 69.69%
4.963875142908122e-05
Epoch [15/200], Training Loss: 1.1689, Training Accuracy: 51.57%, Validation Loss: 0.8033, Validation Accuracy: 71.50%
4.958554880596515e-05
Epoch [16/200], Training Loss: 1.0953, Training Accuracy: 54.43%, Validation Loss: 0.6431, Validation Accuracy: 76.93%
----------- saving --------------
4.952874741692947e-05
Epoch [17/200], Training Loss: 1.1177, Training Accuracy: 54.75%, Validation Loss: 0.6592, Validation Accuracy: 75.48%
4.946836127686698e-05
Epoch [18/200], Training Loss: 1.0984, Training Accuracy: 55.03%, Validation Loss: 0.9053, Validation Accuracy: 66.43%
4.940440528515415e-05
Epoch [19/200], Training Loss: 1.0874, Training Accuracy: 54.50%, Validation Loss: 0.6848, Validation Accuracy: 74.28%
4.933689522197495e-05
Epoch [20/200], Training Loss: 1.0533, Training Accuracy: 56.65%, Validation Loss: 0.6479, Validation Accuracy: 76.69%
4.926584774442731e-05
Epoch [21/200], Training Loss: 1.0461, Training Accuracy: 56.94%, Validation Loss: 0.5670, Validation Accuracy: 78.86%
----------- saving --------------
4.919128038241318e-05
Epoch [22/200], Training Loss: 1.0272, Training Accuracy: 58.45%, Validation Loss: 0.5547, Validation Accuracy: 79.59%
----------- saving --------------
4.9113211534313383e-05
Epoch [23/200], Training Loss: 1.0203, Training Accuracy: 57.64%, Validation Loss: 0.7076, Validation Accuracy: 75.60%
4.9031660462448016e-05
Epoch [24/200], Training Loss: 1.0149, Training Accuracy: 58.67%, Validation Loss: 0.6358, Validation Accuracy: 76.45%
4.894664728832377e-05
Epoch [25/200], Training Loss: 0.9849, Training Accuracy: 58.77%, Validation Loss: 0.6427, Validation Accuracy: 76.21%
4.88581929876693e-05
Epoch [26/200], Training Loss: 0.9765, Training Accuracy: 59.27%, Validation Loss: 0.6613, Validation Accuracy: 75.36%
4.876631938525972e-05
Epoch [27/200], Training Loss: 0.9748, Training Accuracy: 58.74%, Validation Loss: 0.6838, Validation Accuracy: 74.40%
4.8671049149531676e-05
Epoch [28/200], Training Loss: 0.9833, Training Accuracy: 58.63%, Validation Loss: 0.6994, Validation Accuracy: 73.07%
4.8572405786990295e-05
Epoch [29/200], Training Loss: 0.9358, Training Accuracy: 60.08%, Validation Loss: 0.7021, Validation Accuracy: 74.76%
4.847041363640924e-05
Epoch [30/200], Training Loss: 0.9078, Training Accuracy: 61.24%, Validation Loss: 0.5508, Validation Accuracy: 80.56%
----------- saving --------------
4.836509786282552e-05
Epoch [31/200], Training Loss: 0.9190, Training Accuracy: 61.98%, Validation Loss: 0.5224, Validation Accuracy: 82.25%
----------- saving --------------
4.8256484451330404e-05
Epoch [32/200], Training Loss: 0.9111, Training Accuracy: 61.67%, Validation Loss: 0.5810, Validation Accuracy: 79.11%
4.814460020065795e-05
Epoch [33/200], Training Loss: 0.8758, Training Accuracy: 62.65%, Validation Loss: 0.6233, Validation Accuracy: 78.14%
4.802947271657287e-05
Epoch [34/200], Training Loss: 0.8589, Training Accuracy: 62.87%, Validation Loss: 0.5617, Validation Accuracy: 81.16%
4.7911130405059156e-05
Epoch [35/200], Training Loss: 0.8563, Training Accuracy: 62.73%, Validation Loss: 0.6064, Validation Accuracy: 78.74%
4.778960246531139e-05
Epoch [36/200], Training Loss: 0.8641, Training Accuracy: 62.48%, Validation Loss: 0.5559, Validation Accuracy: 78.74%
4.766491888253023e-05
Epoch [37/200], Training Loss: 0.8482, Training Accuracy: 63.25%, Validation Loss: 0.5851, Validation Accuracy: 77.29%
4.753711042052406e-05
Epoch [38/200], Training Loss: 0.8639, Training Accuracy: 61.31%, Validation Loss: 0.5055, Validation Accuracy: 81.16%
4.7406208614118425e-05
Epoch [39/200], Training Loss: 0.8191, Training Accuracy: 64.98%, Validation Loss: 0.5588, Validation Accuracy: 80.31%
4.727224576137535e-05
Epoch [40/200], Training Loss: 0.8061, Training Accuracy: 64.67%, Validation Loss: 0.5397, Validation Accuracy: 79.47%
4.7135254915624215e-05
Epoch [41/200], Training Loss: 0.8190, Training Accuracy: 64.38%, Validation Loss: 0.5351, Validation Accuracy: 81.52%
4.699526987730636e-05
Epoch [42/200], Training Loss: 0.8218, Training Accuracy: 64.24%, Validation Loss: 0.5837, Validation Accuracy: 77.78%
4.6852325185635355e-05
Epoch [43/200], Training Loss: 0.7967, Training Accuracy: 64.67%, Validation Loss: 0.5326, Validation Accuracy: 81.04%
4.6706456110074944e-05
Epoch [44/200], Training Loss: 0.7733, Training Accuracy: 65.65%, Validation Loss: 0.5156, Validation Accuracy: 80.92%
4.655769864163684e-05
Epoch [45/200], Training Loss: 0.7517, Training Accuracy: 66.36%, Validation Loss: 0.4735, Validation Accuracy: 82.25%
4.6406089484000467e-05
Epoch [46/200], Training Loss: 0.7743, Training Accuracy: 65.80%, Validation Loss: 0.5653, Validation Accuracy: 78.62%
4.6251666044456894e-05
Epoch [47/200], Training Loss: 0.7905, Training Accuracy: 65.55%, Validation Loss: 0.5402, Validation Accuracy: 80.56%
4.609446642467915e-05
Epoch [48/200], Training Loss: 0.7641, Training Accuracy: 67.07%, Validation Loss: 0.5861, Validation Accuracy: 79.35%
4.5934529411321176e-05
Epoch [49/200], Training Loss: 0.7681, Training Accuracy: 65.55%, Validation Loss: 0.5573, Validation Accuracy: 79.59%
4.5771894466447835e-05
Epoch [50/200], Training Loss: 0.7674, Training Accuracy: 65.51%, Validation Loss: 0.5279, Validation Accuracy: 81.04%
4.560660171779821e-05
Epoch [51/200], Training Loss: 0.7297, Training Accuracy: 66.61%, Validation Loss: 0.5534, Validation Accuracy: 78.50%
4.543869194888471e-05
Epoch [52/200], Training Loss: 0.7359, Training Accuracy: 67.31%, Validation Loss: 0.5658, Validation Accuracy: 79.71%
4.526820658893033e-05
Epoch [53/200], Training Loss: 0.7167, Training Accuracy: 67.38%, Validation Loss: 0.6785, Validation Accuracy: 75.12%
4.50951877026466e-05
Epoch [54/200], Training Loss: 0.7263, Training Accuracy: 67.45%, Validation Loss: 0.6659, Validation Accuracy: 75.85%
4.491967797985478e-05
Epoch [55/200], Training Loss: 0.7135, Training Accuracy: 66.50%, Validation Loss: 0.5457, Validation Accuracy: 79.59%
4.474172072495276e-05
Epoch [56/200], Training Loss: 0.7033, Training Accuracy: 68.30%, Validation Loss: 0.6168, Validation Accuracy: 77.78%
4.456135984623035e-05
Epoch [57/200], Training Loss: 0.6901, Training Accuracy: 69.78%, Validation Loss: 0.6854, Validation Accuracy: 74.76%
4.4378639845035585e-05
Epoch [58/200], Training Loss: 0.7231, Training Accuracy: 68.06%, Validation Loss: 0.5862, Validation Accuracy: 78.62%
4.419360580479465e-05
Epoch [59/200], Training Loss: 0.6975, Training Accuracy: 69.64%, Validation Loss: 0.5708, Validation Accuracy: 78.50%
4.400630337988827e-05
Epoch [60/200], Training Loss: 0.7017, Training Accuracy: 67.95%, Validation Loss: 0.5035, Validation Accuracy: 81.40%
4.3816778784387106e-05
Epoch [61/200], Training Loss: 0.6718, Training Accuracy: 68.97%, Validation Loss: 0.5663, Validation Accuracy: 79.35%
4.362507878064918e-05
Epoch [62/200], Training Loss: 0.6846, Training Accuracy: 68.41%, Validation Loss: 0.5695, Validation Accuracy: 78.26%
4.343125066778197e-05
Epoch [63/200], Training Loss: 0.6773, Training Accuracy: 69.68%, Validation Loss: 0.6053, Validation Accuracy: 77.66%
4.323534226997198e-05
Epoch [64/200], Training Loss: 0.6589, Training Accuracy: 69.68%, Validation Loss: 0.6091, Validation Accuracy: 77.42%
4.3037401924684955e-05
Epoch [65/200], Training Loss: 0.6716, Training Accuracy: 70.03%, Validation Loss: 0.5932, Validation Accuracy: 76.81%
4.2837478470739236e-05
Epoch [66/200], Training Loss: 0.6842, Training Accuracy: 69.75%, Validation Loss: 0.5484, Validation Accuracy: 79.71%
4.263562123625557e-05
Epoch [67/200], Training Loss: 0.6717, Training Accuracy: 69.75%, Validation Loss: 0.5544, Validation Accuracy: 78.86%
4.243188002648612e-05
Epoch [68/200], Training Loss: 0.6487, Training Accuracy: 69.96%, Validation Loss: 0.7928, Validation Accuracy: 67.75%
4.222630511152573e-05
Epoch [69/200], Training Loss: 0.6668, Training Accuracy: 69.08%, Validation Loss: 0.5055, Validation Accuracy: 80.80%
4.20189472139086e-05
Epoch [70/200], Training Loss: 0.6366, Training Accuracy: 71.09%, Validation Loss: 0.6006, Validation Accuracy: 77.90%
4.180985749609321e-05
Epoch [71/200], Training Loss: 0.6321, Training Accuracy: 70.95%, Validation Loss: 0.4614, Validation Accuracy: 82.00%
4.159908754783872e-05
Epoch [72/200], Training Loss: 0.6359, Training Accuracy: 70.81%, Validation Loss: 0.5884, Validation Accuracy: 78.50%
4.1386689373476096e-05
Epoch [73/200], Training Loss: 0.6294, Training Accuracy: 70.81%, Validation Loss: 0.4534, Validation Accuracy: 82.73%
----------- saving --------------
4.117271537907663e-05
Epoch [74/200], Training Loss: 0.6329, Training Accuracy: 71.34%, Validation Loss: 0.5841, Validation Accuracy: 78.38%
4.095721835952171e-05
Epoch [75/200], Training Loss: 0.6098, Training Accuracy: 71.90%, Validation Loss: 0.4895, Validation Accuracy: 82.00%
4.074025148547635e-05
Epoch [76/200], Training Loss: 0.6131, Training Accuracy: 72.11%, Validation Loss: 0.5080, Validation Accuracy: 80.92%
4.052186829027017e-05
Epoch [77/200], Training Loss: 0.6124, Training Accuracy: 71.27%, Validation Loss: 0.5074, Validation Accuracy: 82.25%
4.0302122656688864e-05
Epoch [78/200], Training Loss: 0.6087, Training Accuracy: 72.01%, Validation Loss: 0.4794, Validation Accuracy: 82.25%
4.008106880367937e-05
Epoch [79/200], Training Loss: 0.6419, Training Accuracy: 71.76%, Validation Loss: 0.5249, Validation Accuracy: 81.64%
3.985876127297224e-05
Epoch [80/200], Training Loss: 0.6122, Training Accuracy: 71.09%, Validation Loss: 0.6145, Validation Accuracy: 76.45%
3.963525491562421e-05
Epoch [81/200], Training Loss: 0.5924, Training Accuracy: 72.36%, Validation Loss: 0.5255, Validation Accuracy: 78.99%
3.9410604878484564e-05
Epoch [82/200], Training Loss: 0.5997, Training Accuracy: 72.57%, Validation Loss: 0.5883, Validation Accuracy: 78.26%
3.918486659058844e-05
Epoch [83/200], Training Loss: 0.6093, Training Accuracy: 72.40%, Validation Loss: 0.4604, Validation Accuracy: 83.70%
----------- saving --------------
3.89580957494806e-05
Epoch [84/200], Training Loss: 0.5752, Training Accuracy: 72.96%, Validation Loss: 0.4581, Validation Accuracy: 82.13%
3.873034830747282e-05
Epoch [85/200], Training Loss: 0.5832, Training Accuracy: 72.64%, Validation Loss: 0.4301, Validation Accuracy: 83.94%
----------- saving --------------
3.8501680457838584e-05
Epoch [86/200], Training Loss: 0.5719, Training Accuracy: 73.14%, Validation Loss: 0.5237, Validation Accuracy: 81.28%
3.8272148620948145e-05
Epoch [87/200], Training Loss: 0.5520, Training Accuracy: 74.51%, Validation Loss: 0.4774, Validation Accuracy: 81.76%
3.8041809430347696e-05
Epoch [88/200], Training Loss: 0.5771, Training Accuracy: 72.18%, Validation Loss: 0.5204, Validation Accuracy: 79.35%
3.7810719718785876e-05
Epoch [89/200], Training Loss: 0.5562, Training Accuracy: 73.95%, Validation Loss: 0.5022, Validation Accuracy: 81.04%
3.757893650419114e-05
Epoch [90/200], Training Loss: 0.5455, Training Accuracy: 74.27%, Validation Loss: 0.5727, Validation Accuracy: 78.50%
3.734651697560347e-05
Epoch [91/200], Training Loss: 0.5887, Training Accuracy: 72.82%, Validation Loss: 0.5028, Validation Accuracy: 82.13%
3.711351847906374e-05
Epoch [92/200], Training Loss: 0.5782, Training Accuracy: 73.46%, Validation Loss: 0.4907, Validation Accuracy: 81.04%
3.687999850346457e-05
Epoch [93/200], Training Loss: 0.5710, Training Accuracy: 73.63%, Validation Loss: 0.5336, Validation Accuracy: 79.47%
3.6646014666365684e-05
Epoch [94/200], Training Loss: 0.5488, Training Accuracy: 74.51%, Validation Loss: 0.4277, Validation Accuracy: 84.54%
----------- saving --------------
3.641162469977772e-05
Epoch [95/200], Training Loss: 0.5534, Training Accuracy: 74.44%, Validation Loss: 0.4432, Validation Accuracy: 82.73%
3.617688643591768e-05
Epoch [96/200], Training Loss: 0.5308, Training Accuracy: 75.89%, Validation Loss: 0.4339, Validation Accuracy: 81.88%
3.594185779293971e-05
Epoch [97/200], Training Loss: 0.5640, Training Accuracy: 74.09%, Validation Loss: 0.5187, Validation Accuracy: 81.04%
3.5706596760644643e-05
Epoch [98/200], Training Loss: 0.5436, Training Accuracy: 75.01%, Validation Loss: 0.4594, Validation Accuracy: 82.13%
3.547116138617192e-05
Epoch [99/200], Training Loss: 0.5245, Training Accuracy: 75.04%, Validation Loss: 0.4830, Validation Accuracy: 82.13%
3.523560975967731e-05
Epoch [100/200], Training Loss: 0.5343, Training Accuracy: 74.87%, Validation Loss: 0.4725, Validation Accuracy: 81.76%
3.5000000000000004e-05
Epoch [101/200], Training Loss: 0.5097, Training Accuracy: 75.79%, Validation Loss: 0.5421, Validation Accuracy: 80.07%
3.4764390240322696e-05
Epoch [102/200], Training Loss: 0.5070, Training Accuracy: 75.89%, Validation Loss: 0.5688, Validation Accuracy: 77.42%
3.452883861382808e-05
Epoch [103/200], Training Loss: 0.5018, Training Accuracy: 77.20%, Validation Loss: 0.5048, Validation Accuracy: 80.68%
3.4293403239355364e-05
Epoch [104/200], Training Loss: 0.5177, Training Accuracy: 76.46%, Validation Loss: 0.4962, Validation Accuracy: 81.16%
3.40581422070603e-05
Epoch [105/200], Training Loss: 0.5177, Training Accuracy: 75.40%, Validation Loss: 0.4912, Validation Accuracy: 80.31%
3.382311356408233e-05
Epoch [106/200], Training Loss: 0.5123, Training Accuracy: 76.46%, Validation Loss: 0.4452, Validation Accuracy: 84.54%
3.358837530022229e-05
Epoch [107/200], Training Loss: 0.5115, Training Accuracy: 75.82%, Validation Loss: 0.4865, Validation Accuracy: 81.28%
3.335398533363432e-05
Epoch [108/200], Training Loss: 0.4881, Training Accuracy: 76.67%, Validation Loss: 0.4596, Validation Accuracy: 82.85%
3.312000149653544e-05
Epoch [109/200], Training Loss: 0.4811, Training Accuracy: 76.95%, Validation Loss: 0.5622, Validation Accuracy: 80.19%
3.2886481520936266e-05
Epoch [110/200], Training Loss: 0.4733, Training Accuracy: 77.66%, Validation Loss: 0.4620, Validation Accuracy: 81.88%
3.2653483024396536e-05
Epoch [111/200], Training Loss: 0.4803, Training Accuracy: 76.28%, Validation Loss: 0.4740, Validation Accuracy: 82.00%
3.242106349580886e-05
Epoch [112/200], Training Loss: 0.4873, Training Accuracy: 76.95%, Validation Loss: 0.5620, Validation Accuracy: 77.90%
3.218928028121413e-05
Epoch [113/200], Training Loss: 0.4860, Training Accuracy: 77.02%, Validation Loss: 0.5586, Validation Accuracy: 79.59%
3.195819056965232e-05
Epoch [114/200], Training Loss: 0.5158, Training Accuracy: 75.96%, Validation Loss: 0.4904, Validation Accuracy: 81.40%
3.172785137905187e-05
Epoch [115/200], Training Loss: 0.4685, Training Accuracy: 78.01%, Validation Loss: 0.4444, Validation Accuracy: 82.25%
3.149831954216142e-05
Epoch [116/200], Training Loss: 0.4830, Training Accuracy: 76.88%, Validation Loss: 0.5508, Validation Accuracy: 79.11%
3.126965169252718e-05
Epoch [117/200], Training Loss: 0.4703, Training Accuracy: 76.84%, Validation Loss: 0.5213, Validation Accuracy: 80.56%
3.104190425051941e-05
Epoch [118/200], Training Loss: 0.4690, Training Accuracy: 78.04%, Validation Loss: 0.5030, Validation Accuracy: 79.71%
3.0815133409411565e-05
Epoch [119/200], Training Loss: 0.4483, Training Accuracy: 77.59%, Validation Loss: 0.4655, Validation Accuracy: 81.88%
3.0589395121515443e-05
Epoch [120/200], Training Loss: 0.4591, Training Accuracy: 77.59%, Validation Loss: 0.4853, Validation Accuracy: 81.64%
3.0364745084375795e-05
Epoch [121/200], Training Loss: 0.4610, Training Accuracy: 78.47%, Validation Loss: 0.4591, Validation Accuracy: 82.25%
3.0141238727027758e-05
Epoch [122/200], Training Loss: 0.4730, Training Accuracy: 77.02%, Validation Loss: 0.5067, Validation Accuracy: 81.88%
2.991893119632063e-05
Epoch [123/200], Training Loss: 0.4817, Training Accuracy: 76.95%, Validation Loss: 0.5974, Validation Accuracy: 77.17%
2.9697877343311147e-05
Epoch [124/200], Training Loss: 0.4630, Training Accuracy: 77.69%, Validation Loss: 0.5051, Validation Accuracy: 81.28%
2.9478131709729838e-05
Epoch [125/200], Training Loss: 0.4575, Training Accuracy: 78.01%, Validation Loss: 0.4220, Validation Accuracy: 83.94%
2.9259748514523657e-05
Epoch [126/200], Training Loss: 0.4467, Training Accuracy: 78.57%, Validation Loss: 0.5188, Validation Accuracy: 79.71%
2.9042781640478292e-05
Epoch [127/200], Training Loss: 0.4493, Training Accuracy: 79.14%, Validation Loss: 0.5119, Validation Accuracy: 81.16%
2.882728462092337e-05
Epoch [128/200], Training Loss: 0.4354, Training Accuracy: 79.17%, Validation Loss: 0.4764, Validation Accuracy: 81.16%
2.861331062652391e-05
Epoch [129/200], Training Loss: 0.4516, Training Accuracy: 78.47%, Validation Loss: 0.4701, Validation Accuracy: 83.21%
2.8400912452161272e-05
Epoch [130/200], Training Loss: 0.4437, Training Accuracy: 78.40%, Validation Loss: 0.5238, Validation Accuracy: 80.68%
2.81901425039068e-05
Epoch [131/200], Training Loss: 0.4375, Training Accuracy: 78.61%, Validation Loss: 0.5031, Validation Accuracy: 80.56%
2.7981052786091404e-05
Epoch [132/200], Training Loss: 0.4340, Training Accuracy: 79.14%, Validation Loss: 0.4925, Validation Accuracy: 83.45%
2.777369488847427e-05
Epoch [133/200], Training Loss: 0.4226, Training Accuracy: 79.39%, Validation Loss: 0.5152, Validation Accuracy: 81.28%
2.756811997351389e-05
Epoch [134/200], Training Loss: 0.4181, Training Accuracy: 79.70%, Validation Loss: 0.5345, Validation Accuracy: 81.16%
2.7364378763744433e-05
Epoch [135/200], Training Loss: 0.4207, Training Accuracy: 79.14%, Validation Loss: 0.5205, Validation Accuracy: 80.68%
2.7162521529260772e-05
Epoch [136/200], Training Loss: 0.4308, Training Accuracy: 79.03%, Validation Loss: 0.4445, Validation Accuracy: 83.45%
2.696259807531505e-05
Epoch [137/200], Training Loss: 0.4177, Training Accuracy: 79.84%, Validation Loss: 0.4825, Validation Accuracy: 82.00%
2.6764657730028024e-05
Epoch [138/200], Training Loss: 0.4239, Training Accuracy: 79.60%, Validation Loss: 0.4416, Validation Accuracy: 84.54%
2.656874933221804e-05
Epoch [139/200], Training Loss: 0.4329, Training Accuracy: 80.13%, Validation Loss: 0.4805, Validation Accuracy: 82.13%
2.6374921219350825e-05
Epoch [140/200], Training Loss: 0.4080, Training Accuracy: 80.20%, Validation Loss: 0.5433, Validation Accuracy: 80.31%
2.6183221215612905e-05
Epoch [141/200], Training Loss: 0.4097, Training Accuracy: 79.67%, Validation Loss: 0.5028, Validation Accuracy: 81.40%
2.5993696620111744e-05
Epoch [142/200], Training Loss: 0.4051, Training Accuracy: 80.48%, Validation Loss: 0.5134, Validation Accuracy: 80.07%
2.5806394195205354e-05
Epoch [143/200], Training Loss: 0.4200, Training Accuracy: 80.27%, Validation Loss: 0.5269, Validation Accuracy: 80.92%
2.5621360154964423e-05
Epoch [144/200], Training Loss: 0.4060, Training Accuracy: 79.95%, Validation Loss: 0.5511, Validation Accuracy: 79.95%
2.5438640153769657e-05
Epoch [145/200], Training Loss: 0.3824, Training Accuracy: 81.40%, Validation Loss: 0.4586, Validation Accuracy: 83.21%
2.525827927504725e-05
Epoch [146/200], Training Loss: 0.3920, Training Accuracy: 80.59%, Validation Loss: 0.5379, Validation Accuracy: 81.16%
2.5080322020145226e-05
Epoch [147/200], Training Loss: 0.3932, Training Accuracy: 80.69%, Validation Loss: 0.5089, Validation Accuracy: 81.52%
2.49048122973534e-05
Epoch [148/200], Training Loss: 0.3896, Training Accuracy: 80.73%, Validation Loss: 0.4990, Validation Accuracy: 82.00%
2.473179341106967e-05
Epoch [149/200], Training Loss: 0.3898, Training Accuracy: 81.19%, Validation Loss: 0.5351, Validation Accuracy: 80.07%
2.4561308051115287e-05
Epoch [150/200], Training Loss: 0.3801, Training Accuracy: 82.21%, Validation Loss: 0.5396, Validation Accuracy: 80.19%
2.439339828220179e-05
Epoch [151/200], Training Loss: 0.3820, Training Accuracy: 81.75%, Validation Loss: 0.5960, Validation Accuracy: 79.23%
2.4228105533552172e-05
Epoch [152/200], Training Loss: 0.3843, Training Accuracy: 81.43%, Validation Loss: 0.4772, Validation Accuracy: 82.25%
2.406547058867883e-05
Epoch [153/200], Training Loss: 0.3750, Training Accuracy: 82.10%, Validation Loss: 0.4463, Validation Accuracy: 84.30%
2.3905533575320855e-05
Epoch [154/200], Training Loss: 0.3694, Training Accuracy: 81.82%, Validation Loss: 0.4831, Validation Accuracy: 82.73%
2.3748333955543107e-05
Epoch [155/200], Training Loss: 0.3929, Training Accuracy: 81.47%, Validation Loss: 0.4934, Validation Accuracy: 82.25%
2.3593910515999538e-05
Epoch [156/200], Training Loss: 0.3752, Training Accuracy: 82.92%, Validation Loss: 0.6119, Validation Accuracy: 79.59%
2.3442301358363164e-05
Epoch [157/200], Training Loss: 0.3859, Training Accuracy: 81.61%, Validation Loss: 0.5168, Validation Accuracy: 81.76%
2.3293543889925057e-05
Epoch [158/200], Training Loss: 0.4067, Training Accuracy: 80.55%, Validation Loss: 0.5108, Validation Accuracy: 81.28%
2.3147674814364646e-05
Epoch [159/200], Training Loss: 0.3764, Training Accuracy: 82.24%, Validation Loss: 0.5328, Validation Accuracy: 80.56%
2.3004730122693643e-05
Epoch [160/200], Training Loss: 0.3634, Training Accuracy: 82.28%, Validation Loss: 0.5588, Validation Accuracy: 79.59%
2.2864745084375792e-05
Epoch [161/200], Training Loss: 0.3551, Training Accuracy: 82.28%, Validation Loss: 0.5346, Validation Accuracy: 82.73%
2.2727754238624652e-05
Epoch [162/200], Training Loss: 0.3627, Training Accuracy: 82.77%, Validation Loss: 0.5002, Validation Accuracy: 82.49%
2.2593791385881576e-05
Epoch [163/200], Training Loss: 0.3546, Training Accuracy: 82.35%, Validation Loss: 0.5144, Validation Accuracy: 82.25%
2.2462889579475952e-05
Epoch [164/200], Training Loss: 0.3692, Training Accuracy: 81.61%, Validation Loss: 0.4924, Validation Accuracy: 81.28%
2.233508111746978e-05
Epoch [165/200], Training Loss: 0.3736, Training Accuracy: 82.10%, Validation Loss: 0.5843, Validation Accuracy: 79.59%
2.221039753468862e-05
Epoch [166/200], Training Loss: 0.3698, Training Accuracy: 82.21%, Validation Loss: 0.5439, Validation Accuracy: 81.28%
2.2088869594940844e-05
Epoch [167/200], Training Loss: 0.3553, Training Accuracy: 82.70%, Validation Loss: 0.5203, Validation Accuracy: 81.16%
2.197052728342713e-05
Epoch [168/200], Training Loss: 0.3569, Training Accuracy: 83.90%, Validation Loss: 0.4638, Validation Accuracy: 83.94%
2.185539979934205e-05
Epoch [169/200], Training Loss: 0.3438, Training Accuracy: 83.52%, Validation Loss: 0.5198, Validation Accuracy: 81.16%
2.17435155486696e-05
Epoch [170/200], Training Loss: 0.3389, Training Accuracy: 83.52%, Validation Loss: 0.4848, Validation Accuracy: 83.09%
2.1634902137174486e-05
Epoch [171/200], Training Loss: 0.3574, Training Accuracy: 82.10%, Validation Loss: 0.5174, Validation Accuracy: 82.13%
2.152958636359077e-05
Epoch [172/200], Training Loss: 0.3429, Training Accuracy: 84.22%, Validation Loss: 0.5683, Validation Accuracy: 81.16%
2.1427594213009713e-05
Epoch [173/200], Training Loss: 0.3598, Training Accuracy: 82.53%, Validation Loss: 0.6915, Validation Accuracy: 76.81%
2.1328950850468325e-05
Epoch [174/200], Training Loss: 0.3363, Training Accuracy: 84.05%, Validation Loss: 0.5712, Validation Accuracy: 80.31%
2.123368061474029e-05
Epoch [175/200], Training Loss: 0.3468, Training Accuracy: 83.76%, Validation Loss: 0.5552, Validation Accuracy: 81.04%
2.1141807012330703e-05
Epoch [176/200], Training Loss: 0.3367, Training Accuracy: 83.97%, Validation Loss: 0.5345, Validation Accuracy: 81.76%
2.105335271167623e-05
Epoch [177/200], Training Loss: 0.3214, Training Accuracy: 84.40%, Validation Loss: 0.5734, Validation Accuracy: 79.71%
2.096833953755199e-05
Epoch [178/200], Training Loss: 0.3462, Training Accuracy: 82.32%, Validation Loss: 0.4503, Validation Accuracy: 84.42%
2.088678846568662e-05
Epoch [179/200], Training Loss: 0.3297, Training Accuracy: 84.19%, Validation Loss: 0.4739, Validation Accuracy: 82.97%
2.080871961758682e-05
Epoch [180/200], Training Loss: 0.3332, Training Accuracy: 83.62%, Validation Loss: 0.5209, Validation Accuracy: 82.13%
2.0734152255572697e-05
Epoch [181/200], Training Loss: 0.3302, Training Accuracy: 83.59%, Validation Loss: 0.5694, Validation Accuracy: 79.83%
2.066310477802505e-05
Epoch [182/200], Training Loss: 0.3240, Training Accuracy: 84.33%, Validation Loss: 0.5352, Validation Accuracy: 81.76%
2.0595594714845856e-05
Epoch [183/200], Training Loss: 0.3233, Training Accuracy: 84.36%, Validation Loss: 0.5615, Validation Accuracy: 80.80%
2.0531638723133032e-05
Epoch [184/200], Training Loss: 0.3367, Training Accuracy: 84.05%, Validation Loss: 0.5387, Validation Accuracy: 81.64%
2.047125258307054e-05
Epoch [185/200], Training Loss: 0.3338, Training Accuracy: 83.90%, Validation Loss: 0.4989, Validation Accuracy: 82.61%
2.0414451194034853e-05
Epoch [186/200], Training Loss: 0.3306, Training Accuracy: 84.15%, Validation Loss: 0.5155, Validation Accuracy: 82.25%
2.0361248570918792e-05
Epoch [187/200], Training Loss: 0.3234, Training Accuracy: 84.08%, Validation Loss: 0.4491, Validation Accuracy: 84.18%
2.0311657840673515e-05
Epoch [188/200], Training Loss: 0.3170, Training Accuracy: 85.25%, Validation Loss: 0.5458, Validation Accuracy: 82.49%
2.026569123906967e-05
Epoch [189/200], Training Loss: 0.3225, Training Accuracy: 84.86%, Validation Loss: 0.5231, Validation Accuracy: 82.25%
2.0223360107678393e-05
Epoch [190/200], Training Loss: 0.3148, Training Accuracy: 84.29%, Validation Loss: 0.5048, Validation Accuracy: 82.97%
2.0184674891072937e-05
Epoch [191/200], Training Loss: 0.3235, Training Accuracy: 83.41%, Validation Loss: 0.5348, Validation Accuracy: 80.92%
2.014964513425164e-05
Epoch [192/200], Training Loss: 0.3199, Training Accuracy: 84.96%, Validation Loss: 0.5268, Validation Accuracy: 82.13%
2.0118279480282836e-05
Epoch [193/200], Training Loss: 0.3107, Training Accuracy: 85.25%, Validation Loss: 0.5239, Validation Accuracy: 81.88%
2.0090585668172307e-05
Epoch [194/200], Training Loss: 0.3214, Training Accuracy: 84.50%, Validation Loss: 0.5976, Validation Accuracy: 79.95%
2.00665705309538e-05
Epoch [195/200], Training Loss: 0.3102, Training Accuracy: 85.70%, Validation Loss: 0.5036, Validation Accuracy: 82.37%
2.0046239994003082e-05
Epoch [196/200], Training Loss: 0.3032, Training Accuracy: 85.46%, Validation Loss: 0.4966, Validation Accuracy: 83.82%
2.0029599073575927e-05
Epoch [197/200], Training Loss: 0.3062, Training Accuracy: 84.89%, Validation Loss: 0.5534, Validation Accuracy: 80.80%
2.0016651875570453e-05
Epoch [198/200], Training Loss: 0.3016, Training Accuracy: 85.49%, Validation Loss: 0.5379, Validation Accuracy: 82.13%
2.000740159451403e-05
Epoch [199/200], Training Loss: 0.3180, Training Accuracy: 84.33%, Validation Loss: 0.4853, Validation Accuracy: 84.42%
2.0001850512775094e-05
Epoch [200/200], Training Loss: 0.2882, Training Accuracy: 86.13%, Validation Loss: 0.5884, Validation Accuracy: 80.92%
Training time 0:46:56
