Args parsed
Training HDKD - TAKE3 (50 images per class)

Validating the train path:/home/micml/25m0764/MIC_project/final_dataset/dataset_600/train_50
Validating the train path:/home/micml/25m0764/MIC_project/final_dataset/dataset_600/test
Train size: 350
Test size: 828
Creating model: HDKD
Model created
The HDKD has number of params = 3727288
Starting training
2e-05
Epoch [1/200], Training Loss: 698.6418, Training Accuracy: 13.43%, Validation Loss: 1.8647, Validation Accuracy: 2.78%
Visualizing
----------- saving --------------
2.6000000000000002e-05
Epoch [2/200], Training Loss: 672.2543, Training Accuracy: 15.43%, Validation Loss: 1.6500, Validation Accuracy: 80.07%
----------- saving --------------
3.2000000000000005e-05
Epoch [3/200], Training Loss: 644.9283, Training Accuracy: 17.14%, Validation Loss: 1.7476, Validation Accuracy: 39.73%
3.8e-05
Epoch [4/200], Training Loss: 610.4769, Training Accuracy: 22.86%, Validation Loss: 1.6817, Validation Accuracy: 61.96%
4.4e-05
Epoch [5/200], Training Loss: 575.4476, Training Accuracy: 18.57%, Validation Loss: 1.5878, Validation Accuracy: 75.72%
4.9953760005996925e-05
Epoch [6/200], Training Loss: 536.4274, Training Accuracy: 19.14%, Validation Loss: 1.6008, Validation Accuracy: 74.40%
4.993342946904621e-05
Epoch [7/200], Training Loss: 492.9895, Training Accuracy: 23.71%, Validation Loss: 1.4689, Validation Accuracy: 74.52%
4.9909414331827703e-05
Epoch [8/200], Training Loss: 456.9999, Training Accuracy: 25.14%, Validation Loss: 1.4377, Validation Accuracy: 73.67%
4.988172051971717e-05
Epoch [9/200], Training Loss: 429.3929, Training Accuracy: 28.29%, Validation Loss: 1.2582, Validation Accuracy: 76.45%
4.9850354865748364e-05
Epoch [10/200], Training Loss: 406.8057, Training Accuracy: 31.43%, Validation Loss: 1.2925, Validation Accuracy: 72.83%
4.981532510892707e-05
Epoch [11/200], Training Loss: 388.8953, Training Accuracy: 34.00%, Validation Loss: 1.1421, Validation Accuracy: 76.21%
4.977663989232161e-05
Epoch [12/200], Training Loss: 372.2835, Training Accuracy: 31.43%, Validation Loss: 1.1059, Validation Accuracy: 75.48%
4.973430876093034e-05
Epoch [13/200], Training Loss: 359.5977, Training Accuracy: 35.71%, Validation Loss: 1.1875, Validation Accuracy: 71.74%
4.968834215932649e-05
Epoch [14/200], Training Loss: 346.5839, Training Accuracy: 35.43%, Validation Loss: 1.0511, Validation Accuracy: 75.12%
4.963875142908122e-05
Epoch [15/200], Training Loss: 339.0929, Training Accuracy: 40.57%, Validation Loss: 1.0182, Validation Accuracy: 74.52%
4.958554880596515e-05
Epoch [16/200], Training Loss: 328.1092, Training Accuracy: 37.14%, Validation Loss: 1.0063, Validation Accuracy: 72.83%
4.952874741692947e-05
Epoch [17/200], Training Loss: 318.8570, Training Accuracy: 42.29%, Validation Loss: 1.0517, Validation Accuracy: 72.58%
4.946836127686698e-05
Epoch [18/200], Training Loss: 311.1294, Training Accuracy: 40.86%, Validation Loss: 0.9706, Validation Accuracy: 73.07%
4.940440528515415e-05
Epoch [19/200], Training Loss: 302.7874, Training Accuracy: 42.00%, Validation Loss: 0.9018, Validation Accuracy: 74.52%
4.933689522197495e-05
Epoch [20/200], Training Loss: 299.5076, Training Accuracy: 39.71%, Validation Loss: 0.8783, Validation Accuracy: 73.31%
4.926584774442731e-05
Epoch [21/200], Training Loss: 292.9746, Training Accuracy: 39.43%, Validation Loss: 0.9787, Validation Accuracy: 70.53%
4.919128038241318e-05
Epoch [22/200], Training Loss: 284.7346, Training Accuracy: 43.71%, Validation Loss: 0.8476, Validation Accuracy: 73.31%
4.9113211534313383e-05
Epoch [23/200], Training Loss: 277.8493, Training Accuracy: 42.57%, Validation Loss: 0.9200, Validation Accuracy: 72.10%
4.9031660462448016e-05
Epoch [24/200], Training Loss: 274.2610, Training Accuracy: 47.43%, Validation Loss: 0.8242, Validation Accuracy: 75.60%
4.894664728832377e-05
Epoch [25/200], Training Loss: 268.6910, Training Accuracy: 41.14%, Validation Loss: 0.9134, Validation Accuracy: 71.98%
4.88581929876693e-05
Epoch [26/200], Training Loss: 263.0953, Training Accuracy: 48.86%, Validation Loss: 0.7636, Validation Accuracy: 76.57%
Visualizing
4.876631938525972e-05
Epoch [27/200], Training Loss: 261.0957, Training Accuracy: 48.29%, Validation Loss: 0.8004, Validation Accuracy: 74.88%
4.8671049149531676e-05
Epoch [28/200], Training Loss: 254.9560, Training Accuracy: 47.14%, Validation Loss: 1.0030, Validation Accuracy: 71.01%
4.8572405786990295e-05
Epoch [29/200], Training Loss: 253.8914, Training Accuracy: 46.29%, Validation Loss: 0.7812, Validation Accuracy: 74.52%
4.847041363640924e-05
Epoch [30/200], Training Loss: 246.3959, Training Accuracy: 47.71%, Validation Loss: 0.7666, Validation Accuracy: 74.15%
4.836509786282552e-05
Epoch [31/200], Training Loss: 245.8766, Training Accuracy: 45.43%, Validation Loss: 0.8169, Validation Accuracy: 73.79%
4.8256484451330404e-05
Epoch [32/200], Training Loss: 240.9183, Training Accuracy: 52.00%, Validation Loss: 0.8104, Validation Accuracy: 73.19%
4.814460020065795e-05
Epoch [33/200], Training Loss: 236.4109, Training Accuracy: 47.14%, Validation Loss: 0.7079, Validation Accuracy: 76.93%
4.802947271657287e-05
Epoch [34/200], Training Loss: 237.1442, Training Accuracy: 46.29%, Validation Loss: 0.7654, Validation Accuracy: 75.12%
4.7911130405059156e-05
Epoch [35/200], Training Loss: 232.4747, Training Accuracy: 46.57%, Validation Loss: 0.7486, Validation Accuracy: 75.85%
4.778960246531139e-05
Epoch [36/200], Training Loss: 228.5939, Training Accuracy: 46.29%, Validation Loss: 0.7818, Validation Accuracy: 75.00%
4.766491888253023e-05
Epoch [37/200], Training Loss: 227.9914, Training Accuracy: 45.43%, Validation Loss: 0.7220, Validation Accuracy: 76.57%
4.753711042052406e-05
Epoch [38/200], Training Loss: 224.9503, Training Accuracy: 48.00%, Validation Loss: 0.7743, Validation Accuracy: 75.24%
4.7406208614118425e-05
Epoch [39/200], Training Loss: 221.9813, Training Accuracy: 51.43%, Validation Loss: 0.7797, Validation Accuracy: 74.76%
4.727224576137535e-05
Epoch [40/200], Training Loss: 220.2519, Training Accuracy: 49.71%, Validation Loss: 0.6829, Validation Accuracy: 76.33%
4.7135254915624215e-05
Epoch [41/200], Training Loss: 216.8351, Training Accuracy: 48.29%, Validation Loss: 0.7020, Validation Accuracy: 76.09%
4.699526987730636e-05
Epoch [42/200], Training Loss: 215.5988, Training Accuracy: 51.71%, Validation Loss: 0.6868, Validation Accuracy: 75.97%
4.6852325185635355e-05
Epoch [43/200], Training Loss: 212.8347, Training Accuracy: 51.14%, Validation Loss: 0.7154, Validation Accuracy: 76.33%
4.6706456110074944e-05
Epoch [44/200], Training Loss: 212.8231, Training Accuracy: 48.57%, Validation Loss: 0.6796, Validation Accuracy: 75.97%
4.655769864163684e-05
Epoch [45/200], Training Loss: 207.5725, Training Accuracy: 51.14%, Validation Loss: 0.6970, Validation Accuracy: 75.60%
4.6406089484000467e-05
Epoch [46/200], Training Loss: 208.0897, Training Accuracy: 49.43%, Validation Loss: 0.7079, Validation Accuracy: 77.66%
4.6251666044456894e-05
Epoch [47/200], Training Loss: 206.2803, Training Accuracy: 46.29%, Validation Loss: 0.7791, Validation Accuracy: 74.28%
4.609446642467915e-05
Epoch [48/200], Training Loss: 204.6059, Training Accuracy: 53.43%, Validation Loss: 0.6012, Validation Accuracy: 79.59%
4.5934529411321176e-05
Epoch [49/200], Training Loss: 200.7835, Training Accuracy: 51.71%, Validation Loss: 0.8123, Validation Accuracy: 74.76%
4.5771894466447835e-05
Epoch [50/200], Training Loss: 201.0192, Training Accuracy: 54.86%, Validation Loss: 0.7111, Validation Accuracy: 76.57%
4.560660171779821e-05
Epoch [51/200], Training Loss: 199.2635, Training Accuracy: 50.86%, Validation Loss: 0.8099, Validation Accuracy: 72.83%
Visualizing
4.543869194888471e-05
Epoch [52/200], Training Loss: 197.1104, Training Accuracy: 56.00%, Validation Loss: 0.6341, Validation Accuracy: 79.23%
4.526820658893033e-05
Epoch [53/200], Training Loss: 196.7866, Training Accuracy: 53.14%, Validation Loss: 0.7874, Validation Accuracy: 74.28%
4.50951877026466e-05
Epoch [54/200], Training Loss: 192.8473, Training Accuracy: 53.71%, Validation Loss: 0.6389, Validation Accuracy: 77.17%
4.491967797985478e-05
Epoch [55/200], Training Loss: 191.4230, Training Accuracy: 50.00%, Validation Loss: 0.7541, Validation Accuracy: 75.24%
4.474172072495276e-05
Epoch [56/200], Training Loss: 192.0547, Training Accuracy: 52.29%, Validation Loss: 0.6816, Validation Accuracy: 78.50%
4.456135984623035e-05
Epoch [57/200], Training Loss: 187.7919, Training Accuracy: 52.57%, Validation Loss: 0.6398, Validation Accuracy: 78.62%
4.4378639845035585e-05
Epoch [58/200], Training Loss: 188.9545, Training Accuracy: 51.43%, Validation Loss: 0.7559, Validation Accuracy: 75.12%
4.419360580479465e-05
Epoch [59/200], Training Loss: 186.4007, Training Accuracy: 56.57%, Validation Loss: 0.7006, Validation Accuracy: 77.42%
4.400630337988827e-05
Epoch [60/200], Training Loss: 184.4703, Training Accuracy: 54.29%, Validation Loss: 0.7431, Validation Accuracy: 76.21%
4.3816778784387106e-05
Epoch [61/200], Training Loss: 182.3745, Training Accuracy: 56.29%, Validation Loss: 0.6434, Validation Accuracy: 78.38%
4.362507878064918e-05
Epoch [62/200], Training Loss: 181.1773, Training Accuracy: 57.71%, Validation Loss: 0.6900, Validation Accuracy: 77.54%
4.343125066778197e-05
Epoch [63/200], Training Loss: 179.9360, Training Accuracy: 52.29%, Validation Loss: 0.6877, Validation Accuracy: 76.81%
4.323534226997198e-05
Epoch [64/200], Training Loss: 178.8655, Training Accuracy: 53.71%, Validation Loss: 0.6857, Validation Accuracy: 76.33%
4.3037401924684955e-05
Epoch [65/200], Training Loss: 176.0501, Training Accuracy: 55.43%, Validation Loss: 0.7324, Validation Accuracy: 77.05%
4.2837478470739236e-05
Epoch [66/200], Training Loss: 176.1040, Training Accuracy: 53.43%, Validation Loss: 0.7291, Validation Accuracy: 75.12%
4.263562123625557e-05
Epoch [67/200], Training Loss: 175.9100, Training Accuracy: 56.86%, Validation Loss: 0.6700, Validation Accuracy: 78.62%
4.243188002648612e-05
Epoch [68/200], Training Loss: 172.2779, Training Accuracy: 53.43%, Validation Loss: 0.8304, Validation Accuracy: 73.31%
4.222630511152573e-05
Epoch [69/200], Training Loss: 169.3435, Training Accuracy: 59.43%, Validation Loss: 0.6386, Validation Accuracy: 78.74%
4.20189472139086e-05
Epoch [70/200], Training Loss: 169.9771, Training Accuracy: 57.71%, Validation Loss: 0.6683, Validation Accuracy: 77.29%
4.180985749609321e-05
Epoch [71/200], Training Loss: 168.4566, Training Accuracy: 56.29%, Validation Loss: 0.7454, Validation Accuracy: 75.24%
4.159908754783872e-05
Epoch [72/200], Training Loss: 166.7168, Training Accuracy: 60.57%, Validation Loss: 0.6504, Validation Accuracy: 77.90%
4.1386689373476096e-05
Epoch [73/200], Training Loss: 166.0106, Training Accuracy: 55.71%, Validation Loss: 0.7580, Validation Accuracy: 76.21%
4.117271537907663e-05
Epoch [74/200], Training Loss: 166.3890, Training Accuracy: 58.00%, Validation Loss: 0.7202, Validation Accuracy: 76.09%
4.095721835952171e-05
Epoch [75/200], Training Loss: 164.3028, Training Accuracy: 60.86%, Validation Loss: 0.6644, Validation Accuracy: 77.66%
4.074025148547635e-05
Epoch [76/200], Training Loss: 162.9139, Training Accuracy: 58.57%, Validation Loss: 0.6265, Validation Accuracy: 78.02%
Visualizing
4.052186829027017e-05
Epoch [77/200], Training Loss: 163.0128, Training Accuracy: 57.71%, Validation Loss: 0.6170, Validation Accuracy: 78.50%
4.0302122656688864e-05
Epoch [78/200], Training Loss: 160.7089, Training Accuracy: 57.14%, Validation Loss: 0.7029, Validation Accuracy: 76.09%
4.008106880367937e-05
Epoch [79/200], Training Loss: 161.8686, Training Accuracy: 58.29%, Validation Loss: 0.5781, Validation Accuracy: 78.86%
3.985876127297224e-05
Epoch [80/200], Training Loss: 158.7087, Training Accuracy: 55.71%, Validation Loss: 0.6890, Validation Accuracy: 75.60%
3.963525491562421e-05
Epoch [81/200], Training Loss: 157.8940, Training Accuracy: 58.00%, Validation Loss: 0.6947, Validation Accuracy: 76.69%
3.9410604878484564e-05
Epoch [82/200], Training Loss: 157.1530, Training Accuracy: 58.29%, Validation Loss: 0.6872, Validation Accuracy: 76.45%
3.918486659058844e-05
Epoch [83/200], Training Loss: 158.2876, Training Accuracy: 56.29%, Validation Loss: 0.7144, Validation Accuracy: 76.69%
3.89580957494806e-05
Epoch [84/200], Training Loss: 156.3180, Training Accuracy: 57.14%, Validation Loss: 0.7358, Validation Accuracy: 75.60%
3.873034830747282e-05
Epoch [85/200], Training Loss: 154.9222, Training Accuracy: 57.71%, Validation Loss: 0.6745, Validation Accuracy: 77.05%
3.8501680457838584e-05
Epoch [86/200], Training Loss: 153.8531, Training Accuracy: 65.43%, Validation Loss: 0.6021, Validation Accuracy: 78.02%
3.8272148620948145e-05
Epoch [87/200], Training Loss: 152.5872, Training Accuracy: 60.57%, Validation Loss: 0.6681, Validation Accuracy: 76.93%
3.8041809430347696e-05
Epoch [88/200], Training Loss: 151.5183, Training Accuracy: 63.71%, Validation Loss: 0.5935, Validation Accuracy: 79.11%
3.7810719718785876e-05
Epoch [89/200], Training Loss: 149.7610, Training Accuracy: 55.71%, Validation Loss: 0.6506, Validation Accuracy: 78.14%
3.757893650419114e-05
Epoch [90/200], Training Loss: 150.7269, Training Accuracy: 59.43%, Validation Loss: 0.6321, Validation Accuracy: 78.14%
3.734651697560347e-05
Epoch [91/200], Training Loss: 148.1142, Training Accuracy: 60.29%, Validation Loss: 0.6378, Validation Accuracy: 78.26%
3.711351847906374e-05
Epoch [92/200], Training Loss: 149.9762, Training Accuracy: 60.57%, Validation Loss: 0.6869, Validation Accuracy: 76.57%
3.687999850346457e-05
Epoch [93/200], Training Loss: 148.3892, Training Accuracy: 60.00%, Validation Loss: 0.7598, Validation Accuracy: 74.64%
3.6646014666365684e-05
Epoch [94/200], Training Loss: 146.4655, Training Accuracy: 61.71%, Validation Loss: 0.5930, Validation Accuracy: 79.47%
3.641162469977772e-05
Epoch [95/200], Training Loss: 144.6167, Training Accuracy: 60.86%, Validation Loss: 0.7943, Validation Accuracy: 72.58%
3.617688643591768e-05
Epoch [96/200], Training Loss: 146.0398, Training Accuracy: 65.14%, Validation Loss: 0.5694, Validation Accuracy: 79.59%
3.594185779293971e-05
Epoch [97/200], Training Loss: 145.7538, Training Accuracy: 63.71%, Validation Loss: 0.6941, Validation Accuracy: 76.21%
3.5706596760644643e-05
Epoch [98/200], Training Loss: 144.2466, Training Accuracy: 61.43%, Validation Loss: 0.6908, Validation Accuracy: 76.45%
3.547116138617192e-05
Epoch [99/200], Training Loss: 144.2693, Training Accuracy: 64.00%, Validation Loss: 0.6354, Validation Accuracy: 78.26%
3.523560975967731e-05
Epoch [100/200], Training Loss: 142.2288, Training Accuracy: 61.71%, Validation Loss: 0.6370, Validation Accuracy: 77.17%
3.5000000000000004e-05
Epoch [101/200], Training Loss: 143.6153, Training Accuracy: 64.57%, Validation Loss: 0.6542, Validation Accuracy: 77.29%
Visualizing
3.4764390240322696e-05
Epoch [102/200], Training Loss: 142.4377, Training Accuracy: 63.71%, Validation Loss: 0.6682, Validation Accuracy: 77.05%
3.452883861382808e-05
Epoch [103/200], Training Loss: 142.0319, Training Accuracy: 63.43%, Validation Loss: 0.6288, Validation Accuracy: 78.50%
3.4293403239355364e-05
Epoch [104/200], Training Loss: 142.0093, Training Accuracy: 63.43%, Validation Loss: 0.6643, Validation Accuracy: 77.90%
3.40581422070603e-05
Epoch [105/200], Training Loss: 140.1003, Training Accuracy: 62.29%, Validation Loss: 0.6479, Validation Accuracy: 77.05%
3.382311356408233e-05
Epoch [106/200], Training Loss: 140.5031, Training Accuracy: 66.86%, Validation Loss: 0.6598, Validation Accuracy: 76.69%
3.358837530022229e-05
Epoch [107/200], Training Loss: 139.4391, Training Accuracy: 61.71%, Validation Loss: 0.6815, Validation Accuracy: 77.05%
3.335398533363432e-05
Epoch [108/200], Training Loss: 139.4867, Training Accuracy: 64.57%, Validation Loss: 0.6382, Validation Accuracy: 77.42%
3.312000149653544e-05
Epoch [109/200], Training Loss: 138.2995, Training Accuracy: 63.14%, Validation Loss: 0.6803, Validation Accuracy: 77.17%
3.2886481520936266e-05
Epoch [110/200], Training Loss: 138.3070, Training Accuracy: 66.00%, Validation Loss: 0.6332, Validation Accuracy: 77.05%
3.2653483024396536e-05
Epoch [111/200], Training Loss: 138.5364, Training Accuracy: 64.57%, Validation Loss: 0.6294, Validation Accuracy: 78.38%
3.242106349580886e-05
Epoch [112/200], Training Loss: 136.9153, Training Accuracy: 68.00%, Validation Loss: 0.6551, Validation Accuracy: 78.02%
3.218928028121413e-05
Epoch [113/200], Training Loss: 137.8500, Training Accuracy: 64.00%, Validation Loss: 0.6536, Validation Accuracy: 77.54%
3.195819056965232e-05
Epoch [114/200], Training Loss: 135.1218, Training Accuracy: 66.86%, Validation Loss: 0.6384, Validation Accuracy: 78.99%
3.172785137905187e-05
Epoch [115/200], Training Loss: 135.4299, Training Accuracy: 63.14%, Validation Loss: 0.6492, Validation Accuracy: 77.66%
3.149831954216142e-05
Epoch [116/200], Training Loss: 137.1782, Training Accuracy: 63.43%, Validation Loss: 0.6809, Validation Accuracy: 77.66%
3.126965169252718e-05
Epoch [117/200], Training Loss: 134.5533, Training Accuracy: 65.14%, Validation Loss: 0.6299, Validation Accuracy: 78.38%
3.104190425051941e-05
Epoch [118/200], Training Loss: 132.2449, Training Accuracy: 64.57%, Validation Loss: 0.6703, Validation Accuracy: 76.69%
3.0815133409411565e-05
Epoch [119/200], Training Loss: 134.3331, Training Accuracy: 66.57%, Validation Loss: 0.6924, Validation Accuracy: 75.97%
3.0589395121515443e-05
Epoch [120/200], Training Loss: 132.5766, Training Accuracy: 64.86%, Validation Loss: 0.6802, Validation Accuracy: 78.26%
3.0364745084375795e-05
Epoch [121/200], Training Loss: 133.4504, Training Accuracy: 65.43%, Validation Loss: 0.6298, Validation Accuracy: 77.78%
3.0141238727027758e-05
Epoch [122/200], Training Loss: 133.4497, Training Accuracy: 67.43%, Validation Loss: 0.6408, Validation Accuracy: 78.50%
2.991893119632063e-05
Epoch [123/200], Training Loss: 131.5431, Training Accuracy: 67.14%, Validation Loss: 0.7153, Validation Accuracy: 75.72%
2.9697877343311147e-05
Epoch [124/200], Training Loss: 131.8701, Training Accuracy: 65.43%, Validation Loss: 0.6019, Validation Accuracy: 78.26%
2.9478131709729838e-05
Epoch [125/200], Training Loss: 130.4462, Training Accuracy: 67.14%, Validation Loss: 0.6235, Validation Accuracy: 78.62%
2.9259748514523657e-05
Epoch [126/200], Training Loss: 130.9224, Training Accuracy: 67.14%, Validation Loss: 0.5937, Validation Accuracy: 79.23%
Visualizing
2.9042781640478292e-05
Epoch [127/200], Training Loss: 131.3138, Training Accuracy: 68.57%, Validation Loss: 0.6592, Validation Accuracy: 77.05%
2.882728462092337e-05
Epoch [128/200], Training Loss: 129.4648, Training Accuracy: 72.29%, Validation Loss: 0.6804, Validation Accuracy: 76.21%
2.861331062652391e-05
Epoch [129/200], Training Loss: 130.8701, Training Accuracy: 66.29%, Validation Loss: 0.6789, Validation Accuracy: 76.69%
2.8400912452161272e-05
Epoch [130/200], Training Loss: 129.4606, Training Accuracy: 68.00%, Validation Loss: 0.6519, Validation Accuracy: 78.02%
2.81901425039068e-05
Epoch [131/200], Training Loss: 129.6062, Training Accuracy: 67.71%, Validation Loss: 0.5871, Validation Accuracy: 79.23%
2.7981052786091404e-05
Epoch [132/200], Training Loss: 128.3002, Training Accuracy: 65.43%, Validation Loss: 0.6974, Validation Accuracy: 76.21%
2.777369488847427e-05
Epoch [133/200], Training Loss: 127.8120, Training Accuracy: 68.86%, Validation Loss: 0.5941, Validation Accuracy: 78.26%
2.756811997351389e-05
Epoch [134/200], Training Loss: 127.2593, Training Accuracy: 69.14%, Validation Loss: 0.6418, Validation Accuracy: 77.90%
2.7364378763744433e-05
Epoch [135/200], Training Loss: 125.5402, Training Accuracy: 67.43%, Validation Loss: 0.6709, Validation Accuracy: 76.69%
2.7162521529260772e-05
Epoch [136/200], Training Loss: 125.0632, Training Accuracy: 68.57%, Validation Loss: 0.5945, Validation Accuracy: 78.99%
2.696259807531505e-05
Epoch [137/200], Training Loss: 125.3098, Training Accuracy: 70.29%, Validation Loss: 0.6842, Validation Accuracy: 76.09%
2.6764657730028024e-05
Epoch [138/200], Training Loss: 124.2759, Training Accuracy: 68.57%, Validation Loss: 0.6324, Validation Accuracy: 77.29%
2.656874933221804e-05
Epoch [139/200], Training Loss: 124.9798, Training Accuracy: 66.29%, Validation Loss: 0.6261, Validation Accuracy: 78.62%
2.6374921219350825e-05
Epoch [140/200], Training Loss: 123.2474, Training Accuracy: 68.57%, Validation Loss: 0.5984, Validation Accuracy: 79.59%
2.6183221215612905e-05
Epoch [141/200], Training Loss: 125.2520, Training Accuracy: 68.00%, Validation Loss: 0.6973, Validation Accuracy: 75.97%
2.5993696620111744e-05
Epoch [142/200], Training Loss: 123.6284, Training Accuracy: 73.43%, Validation Loss: 0.6251, Validation Accuracy: 78.02%
2.5806394195205354e-05
Epoch [143/200], Training Loss: 124.0943, Training Accuracy: 70.86%, Validation Loss: 0.6983, Validation Accuracy: 77.05%
2.5621360154964423e-05
Epoch [144/200], Training Loss: 124.2564, Training Accuracy: 68.57%, Validation Loss: 0.6544, Validation Accuracy: 76.81%
2.5438640153769657e-05
Epoch [145/200], Training Loss: 123.8028, Training Accuracy: 71.14%, Validation Loss: 0.6234, Validation Accuracy: 78.99%
2.525827927504725e-05
Epoch [146/200], Training Loss: 123.8733, Training Accuracy: 67.71%, Validation Loss: 0.6401, Validation Accuracy: 77.90%
2.5080322020145226e-05
Epoch [147/200], Training Loss: 123.0331, Training Accuracy: 68.57%, Validation Loss: 0.6271, Validation Accuracy: 78.14%
2.49048122973534e-05
Epoch [148/200], Training Loss: 122.6824, Training Accuracy: 66.29%, Validation Loss: 0.6365, Validation Accuracy: 78.74%
2.473179341106967e-05
Epoch [149/200], Training Loss: 122.2157, Training Accuracy: 70.86%, Validation Loss: 0.6316, Validation Accuracy: 77.90%
2.4561308051115287e-05
Epoch [150/200], Training Loss: 122.4314, Training Accuracy: 70.57%, Validation Loss: 0.6144, Validation Accuracy: 78.50%
2.439339828220179e-05
Epoch [151/200], Training Loss: 121.8169, Training Accuracy: 73.14%, Validation Loss: 0.5582, Validation Accuracy: 79.95%
Visualizing
2.4228105533552172e-05
Epoch [152/200], Training Loss: 120.4378, Training Accuracy: 68.57%, Validation Loss: 0.5935, Validation Accuracy: 78.86%
2.406547058867883e-05
Epoch [153/200], Training Loss: 122.2066, Training Accuracy: 71.43%, Validation Loss: 0.6676, Validation Accuracy: 76.93%
2.3905533575320855e-05
Epoch [154/200], Training Loss: 119.3522, Training Accuracy: 69.71%, Validation Loss: 0.6450, Validation Accuracy: 77.42%
2.3748333955543107e-05
Epoch [155/200], Training Loss: 120.1262, Training Accuracy: 72.57%, Validation Loss: 0.5818, Validation Accuracy: 79.23%
2.3593910515999538e-05
Epoch [156/200], Training Loss: 119.0181, Training Accuracy: 69.71%, Validation Loss: 0.7000, Validation Accuracy: 76.93%
2.3442301358363164e-05
Epoch [157/200], Training Loss: 118.6386, Training Accuracy: 70.29%, Validation Loss: 0.6152, Validation Accuracy: 78.62%
2.3293543889925057e-05
Epoch [158/200], Training Loss: 119.8019, Training Accuracy: 72.57%, Validation Loss: 0.6903, Validation Accuracy: 75.97%
2.3147674814364646e-05
Epoch [159/200], Training Loss: 119.0954, Training Accuracy: 68.86%, Validation Loss: 0.6223, Validation Accuracy: 78.62%
2.3004730122693643e-05
Epoch [160/200], Training Loss: 119.7590, Training Accuracy: 71.43%, Validation Loss: 0.6365, Validation Accuracy: 77.90%
2.2864745084375792e-05
Epoch [161/200], Training Loss: 119.8495, Training Accuracy: 69.71%, Validation Loss: 0.6484, Validation Accuracy: 77.42%
2.2727754238624652e-05
Epoch [162/200], Training Loss: 118.7106, Training Accuracy: 72.29%, Validation Loss: 0.6359, Validation Accuracy: 77.90%
2.2593791385881576e-05
Epoch [163/200], Training Loss: 118.3376, Training Accuracy: 70.86%, Validation Loss: 0.6284, Validation Accuracy: 77.78%
2.2462889579475952e-05
Epoch [164/200], Training Loss: 118.3867, Training Accuracy: 71.43%, Validation Loss: 0.6619, Validation Accuracy: 77.17%
2.233508111746978e-05
Epoch [165/200], Training Loss: 117.8242, Training Accuracy: 72.29%, Validation Loss: 0.5822, Validation Accuracy: 79.47%
2.221039753468862e-05
Epoch [166/200], Training Loss: 118.4126, Training Accuracy: 70.29%, Validation Loss: 0.6528, Validation Accuracy: 77.54%
2.2088869594940844e-05
Epoch [167/200], Training Loss: 118.4478, Training Accuracy: 72.86%, Validation Loss: 0.6330, Validation Accuracy: 77.78%
2.197052728342713e-05
Epoch [168/200], Training Loss: 119.1648, Training Accuracy: 74.00%, Validation Loss: 0.6040, Validation Accuracy: 78.74%
2.185539979934205e-05
Epoch [169/200], Training Loss: 116.2705, Training Accuracy: 70.57%, Validation Loss: 0.5968, Validation Accuracy: 78.62%
2.17435155486696e-05
Epoch [170/200], Training Loss: 117.3676, Training Accuracy: 70.57%, Validation Loss: 0.6922, Validation Accuracy: 77.29%
2.1634902137174486e-05
Epoch [171/200], Training Loss: 117.2111, Training Accuracy: 71.71%, Validation Loss: 0.6217, Validation Accuracy: 78.14%
2.152958636359077e-05
Epoch [172/200], Training Loss: 116.5052, Training Accuracy: 74.57%, Validation Loss: 0.6242, Validation Accuracy: 78.38%
2.1427594213009713e-05
Epoch [173/200], Training Loss: 117.7218, Training Accuracy: 74.57%, Validation Loss: 0.6163, Validation Accuracy: 77.90%
2.1328950850468325e-05
Epoch [174/200], Training Loss: 117.2300, Training Accuracy: 75.43%, Validation Loss: 0.7445, Validation Accuracy: 75.72%
2.123368061474029e-05
Epoch [175/200], Training Loss: 116.4874, Training Accuracy: 71.71%, Validation Loss: 0.5536, Validation Accuracy: 80.07%
2.1141807012330703e-05
Epoch [176/200], Training Loss: 116.5377, Training Accuracy: 70.29%, Validation Loss: 0.7535, Validation Accuracy: 75.12%
Visualizing
2.105335271167623e-05
Epoch [177/200], Training Loss: 116.2070, Training Accuracy: 66.86%, Validation Loss: 0.5567, Validation Accuracy: 79.59%
2.096833953755199e-05
Epoch [178/200], Training Loss: 115.8299, Training Accuracy: 73.71%, Validation Loss: 0.8065, Validation Accuracy: 73.91%
2.088678846568662e-05
Epoch [179/200], Training Loss: 114.8940, Training Accuracy: 76.86%, Validation Loss: 0.6132, Validation Accuracy: 78.50%
2.080871961758682e-05
Epoch [180/200], Training Loss: 114.3435, Training Accuracy: 74.57%, Validation Loss: 0.6461, Validation Accuracy: 77.90%
2.0734152255572697e-05
Epoch [181/200], Training Loss: 114.6331, Training Accuracy: 73.14%, Validation Loss: 0.6541, Validation Accuracy: 77.05%
2.066310477802505e-05
Epoch [182/200], Training Loss: 113.4503, Training Accuracy: 76.00%, Validation Loss: 0.5727, Validation Accuracy: 79.95%
2.0595594714845856e-05
Epoch [183/200], Training Loss: 114.0850, Training Accuracy: 74.86%, Validation Loss: 0.6563, Validation Accuracy: 76.93%
2.0531638723133032e-05
Epoch [184/200], Training Loss: 113.2232, Training Accuracy: 74.00%, Validation Loss: 0.6648, Validation Accuracy: 77.54%
2.047125258307054e-05
Epoch [185/200], Training Loss: 112.8776, Training Accuracy: 75.14%, Validation Loss: 0.6030, Validation Accuracy: 78.62%
2.0414451194034853e-05
Epoch [186/200], Training Loss: 112.0767, Training Accuracy: 72.00%, Validation Loss: 0.6721, Validation Accuracy: 77.29%
2.0361248570918792e-05
Epoch [187/200], Training Loss: 113.0235, Training Accuracy: 72.00%, Validation Loss: 0.6071, Validation Accuracy: 78.99%
2.0311657840673515e-05
Epoch [188/200], Training Loss: 113.4656, Training Accuracy: 77.43%, Validation Loss: 0.6743, Validation Accuracy: 76.81%
2.026569123906967e-05
Epoch [189/200], Training Loss: 113.3485, Training Accuracy: 74.00%, Validation Loss: 0.6091, Validation Accuracy: 79.23%
2.0223360107678393e-05
Epoch [190/200], Training Loss: 112.5745, Training Accuracy: 75.43%, Validation Loss: 0.6765, Validation Accuracy: 76.81%
2.0184674891072937e-05
Epoch [191/200], Training Loss: 111.2513, Training Accuracy: 76.00%, Validation Loss: 0.5715, Validation Accuracy: 79.95%
2.014964513425164e-05
Epoch [192/200], Training Loss: 110.5688, Training Accuracy: 75.71%, Validation Loss: 0.7185, Validation Accuracy: 76.33%
2.0118279480282836e-05
Epoch [193/200], Training Loss: 112.2585, Training Accuracy: 72.86%, Validation Loss: 0.6409, Validation Accuracy: 77.78%
2.0090585668172307e-05
Epoch [194/200], Training Loss: 111.4364, Training Accuracy: 74.00%, Validation Loss: 0.6507, Validation Accuracy: 77.17%
2.00665705309538e-05
Epoch [195/200], Training Loss: 111.1291, Training Accuracy: 76.00%, Validation Loss: 0.5928, Validation Accuracy: 78.99%
2.0046239994003082e-05
Epoch [196/200], Training Loss: 111.5875, Training Accuracy: 73.71%, Validation Loss: 0.6306, Validation Accuracy: 77.66%
2.0029599073575927e-05
Epoch [197/200], Training Loss: 111.8822, Training Accuracy: 74.29%, Validation Loss: 0.6262, Validation Accuracy: 78.14%
2.0016651875570453e-05
Epoch [198/200], Training Loss: 110.5146, Training Accuracy: 75.71%, Validation Loss: 0.6284, Validation Accuracy: 78.26%
2.000740159451403e-05
Epoch [199/200], Training Loss: 111.1640, Training Accuracy: 76.57%, Validation Loss: 0.6430, Validation Accuracy: 77.90%
2.0001850512775094e-05
Epoch [200/200], Training Loss: 111.3421, Training Accuracy: 75.43%, Validation Loss: 0.6777, Validation Accuracy: 77.29%
Training time 0:35:43
