Args parsed
Training HDKD - TAKE2 (50 images per class)

Validating the train path:/home/micml/25m0764/MIC_project/final_dataset/dataset_600/train_50
Validating the train path:/home/micml/25m0764/MIC_project/final_dataset/dataset_600/test
Train size: 350
Test size: 828
Creating model: HDKD
Model created
The HDKD has number of params = 3727288
Starting training
2e-05
Epoch [1/200], Training Loss: 698.6419, Training Accuracy: 13.43%, Validation Loss: 1.8647, Validation Accuracy: 2.78%
Visualizing
----------- saving --------------
2.6000000000000002e-05
Epoch [2/200], Training Loss: 672.2541, Training Accuracy: 15.43%, Validation Loss: 1.6500, Validation Accuracy: 80.07%
----------- saving --------------
3.2000000000000005e-05
Epoch [3/200], Training Loss: 644.9280, Training Accuracy: 17.14%, Validation Loss: 1.7476, Validation Accuracy: 39.73%
3.8e-05
Epoch [4/200], Training Loss: 610.4771, Training Accuracy: 22.86%, Validation Loss: 1.6817, Validation Accuracy: 61.84%
4.4e-05
Epoch [5/200], Training Loss: 575.4481, Training Accuracy: 18.57%, Validation Loss: 1.5878, Validation Accuracy: 75.72%
4.9953760005996925e-05
Epoch [6/200], Training Loss: 536.4286, Training Accuracy: 19.14%, Validation Loss: 1.6008, Validation Accuracy: 74.52%
Visualizing
4.993342946904621e-05
Epoch [7/200], Training Loss: 492.9901, Training Accuracy: 23.71%, Validation Loss: 1.4689, Validation Accuracy: 74.52%
4.9909414331827703e-05
Epoch [8/200], Training Loss: 457.0014, Training Accuracy: 25.14%, Validation Loss: 1.4376, Validation Accuracy: 73.67%
4.988172051971717e-05
Epoch [9/200], Training Loss: 429.3935, Training Accuracy: 28.29%, Validation Loss: 1.2581, Validation Accuracy: 76.45%
4.9850354865748364e-05
Epoch [10/200], Training Loss: 406.8060, Training Accuracy: 31.43%, Validation Loss: 1.2925, Validation Accuracy: 72.83%
4.981532510892707e-05
Epoch [11/200], Training Loss: 388.8950, Training Accuracy: 34.00%, Validation Loss: 1.1421, Validation Accuracy: 76.21%
Visualizing
4.977663989232161e-05
Epoch [12/200], Training Loss: 372.2840, Training Accuracy: 31.43%, Validation Loss: 1.1059, Validation Accuracy: 75.48%
4.973430876093034e-05
Epoch [13/200], Training Loss: 359.5976, Training Accuracy: 35.71%, Validation Loss: 1.1875, Validation Accuracy: 71.74%
4.968834215932649e-05
Epoch [14/200], Training Loss: 346.5835, Training Accuracy: 35.43%, Validation Loss: 1.0510, Validation Accuracy: 75.12%
4.963875142908122e-05
Epoch [15/200], Training Loss: 339.0921, Training Accuracy: 40.57%, Validation Loss: 1.0181, Validation Accuracy: 74.52%
4.958554880596515e-05
Epoch [16/200], Training Loss: 328.1090, Training Accuracy: 37.14%, Validation Loss: 1.0064, Validation Accuracy: 72.83%
Visualizing
4.952874741692947e-05
Epoch [17/200], Training Loss: 318.8565, Training Accuracy: 42.29%, Validation Loss: 1.0517, Validation Accuracy: 72.58%
4.946836127686698e-05
Epoch [18/200], Training Loss: 311.1283, Training Accuracy: 40.86%, Validation Loss: 0.9706, Validation Accuracy: 73.07%
4.940440528515415e-05
Epoch [19/200], Training Loss: 302.7873, Training Accuracy: 41.71%, Validation Loss: 0.9017, Validation Accuracy: 74.52%
4.933689522197495e-05
Epoch [20/200], Training Loss: 299.5064, Training Accuracy: 39.71%, Validation Loss: 0.8784, Validation Accuracy: 73.31%
4.926584774442731e-05
Epoch [21/200], Training Loss: 292.9734, Training Accuracy: 39.43%, Validation Loss: 0.9785, Validation Accuracy: 70.53%
Visualizing
4.919128038241318e-05
Epoch [22/200], Training Loss: 284.7339, Training Accuracy: 43.71%, Validation Loss: 0.8478, Validation Accuracy: 73.31%
4.9113211534313383e-05
Epoch [23/200], Training Loss: 277.8491, Training Accuracy: 42.57%, Validation Loss: 0.9203, Validation Accuracy: 72.10%
4.9031660462448016e-05
Epoch [24/200], Training Loss: 274.2602, Training Accuracy: 47.43%, Validation Loss: 0.8244, Validation Accuracy: 75.60%
4.894664728832377e-05
Epoch [25/200], Training Loss: 268.6902, Training Accuracy: 41.14%, Validation Loss: 0.9135, Validation Accuracy: 71.98%
4.88581929876693e-05
Epoch [26/200], Training Loss: 263.0944, Training Accuracy: 48.86%, Validation Loss: 0.7636, Validation Accuracy: 76.45%
Visualizing
4.876631938525972e-05
Epoch [27/200], Training Loss: 261.0943, Training Accuracy: 48.29%, Validation Loss: 0.8004, Validation Accuracy: 74.88%
4.8671049149531676e-05
Epoch [28/200], Training Loss: 254.9546, Training Accuracy: 47.14%, Validation Loss: 1.0030, Validation Accuracy: 70.89%
4.8572405786990295e-05
Epoch [29/200], Training Loss: 253.8897, Training Accuracy: 46.29%, Validation Loss: 0.7811, Validation Accuracy: 74.52%
4.847041363640924e-05
Epoch [30/200], Training Loss: 246.3945, Training Accuracy: 47.71%, Validation Loss: 0.7666, Validation Accuracy: 74.15%
4.836509786282552e-05
Epoch [31/200], Training Loss: 245.8755, Training Accuracy: 45.43%, Validation Loss: 0.8169, Validation Accuracy: 73.79%
Visualizing
4.8256484451330404e-05
Epoch [32/200], Training Loss: 240.9164, Training Accuracy: 52.00%, Validation Loss: 0.8103, Validation Accuracy: 73.19%
4.814460020065795e-05
Epoch [33/200], Training Loss: 236.4093, Training Accuracy: 47.14%, Validation Loss: 0.7082, Validation Accuracy: 76.93%
4.802947271657287e-05
Epoch [34/200], Training Loss: 237.1423, Training Accuracy: 46.29%, Validation Loss: 0.7651, Validation Accuracy: 75.12%
4.7911130405059156e-05
Epoch [35/200], Training Loss: 232.4735, Training Accuracy: 46.57%, Validation Loss: 0.7485, Validation Accuracy: 75.85%
4.778960246531139e-05
Epoch [36/200], Training Loss: 228.5928, Training Accuracy: 46.29%, Validation Loss: 0.7814, Validation Accuracy: 75.00%
Visualizing
4.766491888253023e-05
Epoch [37/200], Training Loss: 227.9909, Training Accuracy: 45.43%, Validation Loss: 0.7218, Validation Accuracy: 76.57%
4.753711042052406e-05
Epoch [38/200], Training Loss: 224.9500, Training Accuracy: 48.00%, Validation Loss: 0.7742, Validation Accuracy: 75.24%
4.7406208614118425e-05
Epoch [39/200], Training Loss: 221.9818, Training Accuracy: 51.43%, Validation Loss: 0.7796, Validation Accuracy: 74.76%
4.727224576137535e-05
Epoch [40/200], Training Loss: 220.2518, Training Accuracy: 49.71%, Validation Loss: 0.6829, Validation Accuracy: 76.33%
4.7135254915624215e-05
Epoch [41/200], Training Loss: 216.8353, Training Accuracy: 48.29%, Validation Loss: 0.7020, Validation Accuracy: 76.09%
Visualizing
4.699526987730636e-05
Epoch [42/200], Training Loss: 215.5998, Training Accuracy: 51.71%, Validation Loss: 0.6867, Validation Accuracy: 75.97%
4.6852325185635355e-05
Epoch [43/200], Training Loss: 212.8344, Training Accuracy: 51.14%, Validation Loss: 0.7154, Validation Accuracy: 76.33%
4.6706456110074944e-05
Epoch [44/200], Training Loss: 212.8223, Training Accuracy: 48.57%, Validation Loss: 0.6793, Validation Accuracy: 75.97%
4.655769864163684e-05
Epoch [45/200], Training Loss: 207.5718, Training Accuracy: 51.14%, Validation Loss: 0.6969, Validation Accuracy: 75.60%
4.6406089484000467e-05
Epoch [46/200], Training Loss: 208.0893, Training Accuracy: 49.43%, Validation Loss: 0.7080, Validation Accuracy: 77.66%
Visualizing
4.6251666044456894e-05
Epoch [47/200], Training Loss: 206.2800, Training Accuracy: 46.29%, Validation Loss: 0.7793, Validation Accuracy: 74.28%
4.609446642467915e-05
Epoch [48/200], Training Loss: 204.6063, Training Accuracy: 53.43%, Validation Loss: 0.6014, Validation Accuracy: 79.59%
4.5934529411321176e-05
Epoch [49/200], Training Loss: 200.7836, Training Accuracy: 51.71%, Validation Loss: 0.8122, Validation Accuracy: 74.76%
4.5771894466447835e-05
Epoch [50/200], Training Loss: 201.0200, Training Accuracy: 54.86%, Validation Loss: 0.7110, Validation Accuracy: 76.57%
4.560660171779821e-05
Epoch [51/200], Training Loss: 199.2649, Training Accuracy: 50.86%, Validation Loss: 0.8096, Validation Accuracy: 72.83%
Visualizing
4.543869194888471e-05
Epoch [52/200], Training Loss: 197.1117, Training Accuracy: 56.00%, Validation Loss: 0.6339, Validation Accuracy: 79.23%
Training time 0:10:28
