Args parsed
Take 1: Modify the transformer to learn teacher's features. Weightage: 0.1, dataset: 50 size

Validating the train path:/home/micml/25m0764/MIC_project/final_dataset/dataset_600/train_50
Validating the train path:/home/micml/25m0764/MIC_project/final_dataset/dataset_600/test
Train size: 350
Test size: 828
Creating model: HDKD
It's multiple distill tokens setup!
Model created
The HDKD has number of params = 3859896
Path for teacher model: /home/micml/25m0764/MIC_project/HDKD/weighted_loss_data_models/teacher_model/teacher_model_weighted_loss.pth
Using weighted loss function for training
Starting training
2e-05
Epoch [1/200], Training Loss: 657.4663, Training Accuracy: 16.29%, Validation Loss: 1.8441, Validation Accuracy: 8.57%
----------- saving --------------
2.6000000000000002e-05
Epoch [2/200], Training Loss: 636.2301, Training Accuracy: 14.86%, Validation Loss: 1.7585, Validation Accuracy: 77.54%
----------- saving --------------
3.2000000000000005e-05
Epoch [3/200], Training Loss: 613.3263, Training Accuracy: 15.43%, Validation Loss: 1.7824, Validation Accuracy: 62.68%
3.8e-05
Epoch [4/200], Training Loss: 589.3322, Training Accuracy: 16.29%, Validation Loss: 1.7980, Validation Accuracy: 72.71%
4.4e-05
Epoch [5/200], Training Loss: 568.2952, Training Accuracy: 18.57%, Validation Loss: 1.6798, Validation Accuracy: 73.91%
4.9953760005996925e-05
Epoch [6/200], Training Loss: 546.4779, Training Accuracy: 20.57%, Validation Loss: 1.5451, Validation Accuracy: 74.28%
4.993342946904621e-05
Epoch [7/200], Training Loss: 520.0425, Training Accuracy: 24.57%, Validation Loss: 1.5866, Validation Accuracy: 66.30%
4.9909414331827703e-05
Epoch [8/200], Training Loss: 500.0035, Training Accuracy: 27.43%, Validation Loss: 1.4208, Validation Accuracy: 70.65%
4.988172051971717e-05
Epoch [9/200], Training Loss: 479.6930, Training Accuracy: 28.57%, Validation Loss: 1.2689, Validation Accuracy: 75.72%
4.9850354865748364e-05
Epoch [10/200], Training Loss: 462.7497, Training Accuracy: 32.86%, Validation Loss: 1.3285, Validation Accuracy: 70.05%
4.981532510892707e-05
Epoch [11/200], Training Loss: 450.8132, Training Accuracy: 38.00%, Validation Loss: 1.2004, Validation Accuracy: 74.28%
4.977663989232161e-05
Epoch [12/200], Training Loss: 433.7303, Training Accuracy: 37.43%, Validation Loss: 1.2287, Validation Accuracy: 71.38%
4.973430876093034e-05
Epoch [13/200], Training Loss: 423.6537, Training Accuracy: 41.14%, Validation Loss: 1.0332, Validation Accuracy: 74.76%
4.968834215932649e-05
Epoch [14/200], Training Loss: 410.4994, Training Accuracy: 43.71%, Validation Loss: 1.0719, Validation Accuracy: 71.26%
4.963875142908122e-05
Epoch [15/200], Training Loss: 403.3127, Training Accuracy: 45.43%, Validation Loss: 0.9961, Validation Accuracy: 74.64%
4.958554880596515e-05
Epoch [16/200], Training Loss: 395.1516, Training Accuracy: 45.43%, Validation Loss: 0.9938, Validation Accuracy: 71.01%
4.952874741692947e-05
Epoch [17/200], Training Loss: 387.2280, Training Accuracy: 45.71%, Validation Loss: 0.9007, Validation Accuracy: 74.28%
4.946836127686698e-05
Epoch [18/200], Training Loss: 380.9410, Training Accuracy: 44.57%, Validation Loss: 0.8618, Validation Accuracy: 74.64%
4.940440528515415e-05
Epoch [19/200], Training Loss: 371.4123, Training Accuracy: 49.14%, Validation Loss: 0.8620, Validation Accuracy: 75.60%
4.933689522197495e-05
Epoch [20/200], Training Loss: 366.7782, Training Accuracy: 51.71%, Validation Loss: 0.8750, Validation Accuracy: 74.15%
4.926584774442731e-05
Epoch [21/200], Training Loss: 361.9606, Training Accuracy: 49.14%, Validation Loss: 0.8058, Validation Accuracy: 76.09%
4.919128038241318e-05
Epoch [22/200], Training Loss: 358.0239, Training Accuracy: 49.14%, Validation Loss: 0.9245, Validation Accuracy: 71.38%
4.9113211534313383e-05
Epoch [23/200], Training Loss: 352.1986, Training Accuracy: 47.43%, Validation Loss: 0.8900, Validation Accuracy: 70.29%
4.9031660462448016e-05
Epoch [24/200], Training Loss: 347.9612, Training Accuracy: 47.14%, Validation Loss: 0.8143, Validation Accuracy: 72.58%
4.894664728832377e-05
Epoch [25/200], Training Loss: 342.4308, Training Accuracy: 49.14%, Validation Loss: 0.9349, Validation Accuracy: 71.14%
4.88581929876693e-05
Epoch [26/200], Training Loss: 339.8794, Training Accuracy: 49.14%, Validation Loss: 0.8368, Validation Accuracy: 70.77%
4.876631938525972e-05
Epoch [27/200], Training Loss: 338.2284, Training Accuracy: 45.71%, Validation Loss: 0.8983, Validation Accuracy: 72.10%
4.8671049149531676e-05
Epoch [28/200], Training Loss: 331.8937, Training Accuracy: 49.71%, Validation Loss: 0.9092, Validation Accuracy: 69.44%
4.8572405786990295e-05
Epoch [29/200], Training Loss: 327.8890, Training Accuracy: 51.43%, Validation Loss: 0.7814, Validation Accuracy: 72.71%
4.847041363640924e-05
Epoch [30/200], Training Loss: 324.8516, Training Accuracy: 50.86%, Validation Loss: 0.7158, Validation Accuracy: 76.69%
4.836509786282552e-05
Epoch [31/200], Training Loss: 319.1326, Training Accuracy: 48.00%, Validation Loss: 0.7868, Validation Accuracy: 73.19%
4.8256484451330404e-05
Epoch [32/200], Training Loss: 317.0387, Training Accuracy: 51.71%, Validation Loss: 0.7991, Validation Accuracy: 74.52%
4.814460020065795e-05
Epoch [33/200], Training Loss: 315.3500, Training Accuracy: 51.43%, Validation Loss: 0.6966, Validation Accuracy: 75.85%
4.802947271657287e-05
Epoch [34/200], Training Loss: 310.0977, Training Accuracy: 51.14%, Validation Loss: 0.8337, Validation Accuracy: 73.55%
4.7911130405059156e-05
Epoch [35/200], Training Loss: 310.3913, Training Accuracy: 51.71%, Validation Loss: 0.7310, Validation Accuracy: 75.60%
4.778960246531139e-05
Epoch [36/200], Training Loss: 310.9221, Training Accuracy: 52.86%, Validation Loss: 0.6690, Validation Accuracy: 77.90%
----------- saving --------------
4.766491888253023e-05
Epoch [37/200], Training Loss: 307.9114, Training Accuracy: 53.14%, Validation Loss: 0.7637, Validation Accuracy: 76.09%
4.753711042052406e-05
Epoch [38/200], Training Loss: 301.3582, Training Accuracy: 56.00%, Validation Loss: 0.7641, Validation Accuracy: 74.52%
4.7406208614118425e-05
Epoch [39/200], Training Loss: 299.8013, Training Accuracy: 52.00%, Validation Loss: 0.7222, Validation Accuracy: 77.29%
4.727224576137535e-05
Epoch [40/200], Training Loss: 299.0834, Training Accuracy: 54.29%, Validation Loss: 0.8410, Validation Accuracy: 72.58%
4.7135254915624215e-05
Epoch [41/200], Training Loss: 296.5241, Training Accuracy: 52.57%, Validation Loss: 0.7855, Validation Accuracy: 75.12%
4.699526987730636e-05
Epoch [42/200], Training Loss: 293.3870, Training Accuracy: 56.29%, Validation Loss: 0.6642, Validation Accuracy: 77.66%
4.6852325185635355e-05
Epoch [43/200], Training Loss: 292.2003, Training Accuracy: 54.57%, Validation Loss: 0.6622, Validation Accuracy: 78.86%
----------- saving --------------
4.6706456110074944e-05
Epoch [44/200], Training Loss: 289.1889, Training Accuracy: 55.43%, Validation Loss: 0.8019, Validation Accuracy: 73.43%
4.655769864163684e-05
Epoch [45/200], Training Loss: 287.8820, Training Accuracy: 56.57%, Validation Loss: 0.7708, Validation Accuracy: 75.60%
4.6406089484000467e-05
Epoch [46/200], Training Loss: 283.7389, Training Accuracy: 55.14%, Validation Loss: 0.7294, Validation Accuracy: 75.60%
4.6251666044456894e-05
Epoch [47/200], Training Loss: 284.7395, Training Accuracy: 57.14%, Validation Loss: 0.7334, Validation Accuracy: 76.33%
4.609446642467915e-05
Epoch [48/200], Training Loss: 283.4547, Training Accuracy: 54.57%, Validation Loss: 0.7843, Validation Accuracy: 74.28%
4.5934529411321176e-05
Epoch [49/200], Training Loss: 282.4103, Training Accuracy: 56.29%, Validation Loss: 0.7264, Validation Accuracy: 76.33%
4.5771894466447835e-05
Epoch [50/200], Training Loss: 279.7818, Training Accuracy: 58.29%, Validation Loss: 0.6864, Validation Accuracy: 76.93%
4.560660171779821e-05
Epoch [51/200], Training Loss: 276.1381, Training Accuracy: 57.71%, Validation Loss: 0.8393, Validation Accuracy: 75.24%
4.543869194888471e-05
Epoch [52/200], Training Loss: 277.8616, Training Accuracy: 56.00%, Validation Loss: 0.6742, Validation Accuracy: 77.42%
4.526820658893033e-05
Epoch [53/200], Training Loss: 275.3170, Training Accuracy: 60.86%, Validation Loss: 0.7571, Validation Accuracy: 75.24%
4.50951877026466e-05
Epoch [54/200], Training Loss: 272.3689, Training Accuracy: 58.86%, Validation Loss: 0.7636, Validation Accuracy: 75.85%
4.491967797985478e-05
Epoch [55/200], Training Loss: 269.6334, Training Accuracy: 58.86%, Validation Loss: 0.6756, Validation Accuracy: 78.74%
4.474172072495276e-05
Epoch [56/200], Training Loss: 268.2816, Training Accuracy: 56.00%, Validation Loss: 0.6736, Validation Accuracy: 78.02%
4.456135984623035e-05
Epoch [57/200], Training Loss: 269.8011, Training Accuracy: 61.43%, Validation Loss: 0.7649, Validation Accuracy: 76.21%
4.4378639845035585e-05
Epoch [58/200], Training Loss: 267.1279, Training Accuracy: 61.14%, Validation Loss: 0.6957, Validation Accuracy: 78.50%
4.419360580479465e-05
Epoch [59/200], Training Loss: 265.2244, Training Accuracy: 58.29%, Validation Loss: 0.7580, Validation Accuracy: 76.45%
4.400630337988827e-05
Epoch [60/200], Training Loss: 262.7329, Training Accuracy: 60.57%, Validation Loss: 0.6503, Validation Accuracy: 78.99%
----------- saving --------------
4.3816778784387106e-05
Epoch [61/200], Training Loss: 261.8903, Training Accuracy: 63.71%, Validation Loss: 0.6909, Validation Accuracy: 77.90%
4.362507878064918e-05
Epoch [62/200], Training Loss: 263.2103, Training Accuracy: 62.57%, Validation Loss: 0.7692, Validation Accuracy: 76.09%
4.343125066778197e-05
Epoch [63/200], Training Loss: 259.6089, Training Accuracy: 60.29%, Validation Loss: 0.8353, Validation Accuracy: 74.52%
4.323534226997198e-05
Epoch [64/200], Training Loss: 259.7316, Training Accuracy: 62.57%, Validation Loss: 0.6933, Validation Accuracy: 78.02%
4.3037401924684955e-05
Epoch [65/200], Training Loss: 256.9644, Training Accuracy: 65.14%, Validation Loss: 0.7062, Validation Accuracy: 77.90%
4.2837478470739236e-05
Epoch [66/200], Training Loss: 254.8533, Training Accuracy: 59.14%, Validation Loss: 0.8033, Validation Accuracy: 74.76%
4.263562123625557e-05
Epoch [67/200], Training Loss: 253.1834, Training Accuracy: 63.43%, Validation Loss: 0.7398, Validation Accuracy: 76.69%
4.243188002648612e-05
Epoch [68/200], Training Loss: 255.0387, Training Accuracy: 67.14%, Validation Loss: 0.7695, Validation Accuracy: 74.88%
4.222630511152573e-05
Epoch [69/200], Training Loss: 253.2939, Training Accuracy: 65.43%, Validation Loss: 0.7115, Validation Accuracy: 76.33%
4.20189472139086e-05
Epoch [70/200], Training Loss: 252.2171, Training Accuracy: 63.43%, Validation Loss: 0.7475, Validation Accuracy: 76.45%
4.180985749609321e-05
Epoch [71/200], Training Loss: 249.0951, Training Accuracy: 63.43%, Validation Loss: 0.7260, Validation Accuracy: 76.45%
4.159908754783872e-05
Epoch [72/200], Training Loss: 248.6902, Training Accuracy: 64.57%, Validation Loss: 0.7444, Validation Accuracy: 75.97%
4.1386689373476096e-05
Epoch [73/200], Training Loss: 245.8372, Training Accuracy: 64.00%, Validation Loss: 0.7447, Validation Accuracy: 75.97%
4.117271537907663e-05
Epoch [74/200], Training Loss: 247.6317, Training Accuracy: 62.86%, Validation Loss: 0.5996, Validation Accuracy: 79.23%
----------- saving --------------
4.095721835952171e-05
Epoch [75/200], Training Loss: 245.4038, Training Accuracy: 65.14%, Validation Loss: 0.7270, Validation Accuracy: 76.33%
4.074025148547635e-05
Epoch [76/200], Training Loss: 244.4998, Training Accuracy: 63.14%, Validation Loss: 0.6725, Validation Accuracy: 76.81%
4.052186829027017e-05
Epoch [77/200], Training Loss: 243.2814, Training Accuracy: 66.29%, Validation Loss: 0.7700, Validation Accuracy: 75.85%
4.0302122656688864e-05
Epoch [78/200], Training Loss: 242.0170, Training Accuracy: 63.43%, Validation Loss: 0.7014, Validation Accuracy: 76.69%
4.008106880367937e-05
Epoch [79/200], Training Loss: 241.0118, Training Accuracy: 67.14%, Validation Loss: 0.6871, Validation Accuracy: 77.78%
3.985876127297224e-05
Epoch [80/200], Training Loss: 238.9738, Training Accuracy: 65.71%, Validation Loss: 0.7712, Validation Accuracy: 75.24%
3.963525491562421e-05
Epoch [81/200], Training Loss: 240.3489, Training Accuracy: 63.43%, Validation Loss: 0.6424, Validation Accuracy: 78.74%
3.9410604878484564e-05
Epoch [82/200], Training Loss: 239.5002, Training Accuracy: 67.71%, Validation Loss: 0.7973, Validation Accuracy: 75.36%
3.918486659058844e-05
Epoch [83/200], Training Loss: 234.4326, Training Accuracy: 66.29%, Validation Loss: 0.6655, Validation Accuracy: 77.66%
3.89580957494806e-05
Epoch [84/200], Training Loss: 231.9902, Training Accuracy: 65.14%, Validation Loss: 0.6628, Validation Accuracy: 79.47%
----------- saving --------------
3.873034830747282e-05
Epoch [85/200], Training Loss: 232.1256, Training Accuracy: 70.57%, Validation Loss: 0.7823, Validation Accuracy: 74.40%
3.8501680457838584e-05
Epoch [86/200], Training Loss: 235.7966, Training Accuracy: 68.57%, Validation Loss: 0.7270, Validation Accuracy: 76.45%
3.8272148620948145e-05
Epoch [87/200], Training Loss: 231.8539, Training Accuracy: 74.00%, Validation Loss: 0.7325, Validation Accuracy: 75.97%
3.8041809430347696e-05
Epoch [88/200], Training Loss: 230.4062, Training Accuracy: 69.43%, Validation Loss: 0.6190, Validation Accuracy: 79.83%
----------- saving --------------
3.7810719718785876e-05
Epoch [89/200], Training Loss: 231.6160, Training Accuracy: 67.43%, Validation Loss: 0.7333, Validation Accuracy: 75.97%
3.757893650419114e-05
Epoch [90/200], Training Loss: 228.6070, Training Accuracy: 68.00%, Validation Loss: 0.6789, Validation Accuracy: 77.66%
3.734651697560347e-05
Epoch [91/200], Training Loss: 229.0382, Training Accuracy: 70.86%, Validation Loss: 0.6510, Validation Accuracy: 78.14%
3.711351847906374e-05
Epoch [92/200], Training Loss: 228.9970, Training Accuracy: 70.00%, Validation Loss: 0.5921, Validation Accuracy: 79.95%
----------- saving --------------
3.687999850346457e-05
Epoch [93/200], Training Loss: 228.2863, Training Accuracy: 67.71%, Validation Loss: 0.6520, Validation Accuracy: 79.59%
3.6646014666365684e-05
Epoch [94/200], Training Loss: 225.4023, Training Accuracy: 72.29%, Validation Loss: 0.7478, Validation Accuracy: 76.33%
3.641162469977772e-05
Epoch [95/200], Training Loss: 225.6800, Training Accuracy: 71.71%, Validation Loss: 0.7218, Validation Accuracy: 76.69%
3.617688643591768e-05
Epoch [96/200], Training Loss: 226.1334, Training Accuracy: 67.71%, Validation Loss: 0.6222, Validation Accuracy: 78.86%
3.594185779293971e-05
Epoch [97/200], Training Loss: 225.3498, Training Accuracy: 70.29%, Validation Loss: 0.7252, Validation Accuracy: 77.05%
3.5706596760644643e-05
Epoch [98/200], Training Loss: 222.1271, Training Accuracy: 72.00%, Validation Loss: 0.6908, Validation Accuracy: 77.78%
3.547116138617192e-05
Epoch [99/200], Training Loss: 222.6142, Training Accuracy: 69.43%, Validation Loss: 0.6442, Validation Accuracy: 79.11%
3.523560975967731e-05
Epoch [100/200], Training Loss: 220.3565, Training Accuracy: 72.86%, Validation Loss: 0.6496, Validation Accuracy: 78.99%
3.5000000000000004e-05
Epoch [101/200], Training Loss: 221.7412, Training Accuracy: 74.00%, Validation Loss: 0.6447, Validation Accuracy: 78.74%
3.4764390240322696e-05
Epoch [102/200], Training Loss: 219.8630, Training Accuracy: 69.43%, Validation Loss: 0.7124, Validation Accuracy: 77.78%
3.452883861382808e-05
Epoch [103/200], Training Loss: 217.7645, Training Accuracy: 72.86%, Validation Loss: 0.7499, Validation Accuracy: 76.69%
3.4293403239355364e-05
Epoch [104/200], Training Loss: 217.9083, Training Accuracy: 71.71%, Validation Loss: 0.5404, Validation Accuracy: 81.64%
----------- saving --------------
3.40581422070603e-05
Epoch [105/200], Training Loss: 219.3881, Training Accuracy: 77.14%, Validation Loss: 0.7510, Validation Accuracy: 77.29%
3.382311356408233e-05
Epoch [106/200], Training Loss: 217.3648, Training Accuracy: 72.57%, Validation Loss: 0.5904, Validation Accuracy: 79.83%
3.358837530022229e-05
Epoch [107/200], Training Loss: 216.4527, Training Accuracy: 71.43%, Validation Loss: 0.7018, Validation Accuracy: 77.54%
3.335398533363432e-05
Epoch [108/200], Training Loss: 218.0995, Training Accuracy: 72.86%, Validation Loss: 0.5491, Validation Accuracy: 81.52%
3.312000149653544e-05
Epoch [109/200], Training Loss: 212.9747, Training Accuracy: 76.57%, Validation Loss: 0.6724, Validation Accuracy: 78.74%
3.2886481520936266e-05
Epoch [110/200], Training Loss: 213.5036, Training Accuracy: 74.57%, Validation Loss: 0.6369, Validation Accuracy: 79.11%
3.2653483024396536e-05
Epoch [111/200], Training Loss: 213.3711, Training Accuracy: 75.71%, Validation Loss: 0.6064, Validation Accuracy: 80.92%
3.242106349580886e-05
Epoch [112/200], Training Loss: 212.1310, Training Accuracy: 76.29%, Validation Loss: 0.6425, Validation Accuracy: 79.35%
3.218928028121413e-05
Epoch [113/200], Training Loss: 213.3672, Training Accuracy: 74.00%, Validation Loss: 0.6370, Validation Accuracy: 79.95%
3.195819056965232e-05
Epoch [114/200], Training Loss: 210.8452, Training Accuracy: 73.14%, Validation Loss: 0.6724, Validation Accuracy: 78.50%
3.172785137905187e-05
Epoch [115/200], Training Loss: 213.1113, Training Accuracy: 74.29%, Validation Loss: 0.7007, Validation Accuracy: 78.62%
3.149831954216142e-05
Epoch [116/200], Training Loss: 209.3039, Training Accuracy: 75.71%, Validation Loss: 0.5687, Validation Accuracy: 81.76%
----------- saving --------------
3.126965169252718e-05
Epoch [117/200], Training Loss: 210.4691, Training Accuracy: 73.71%, Validation Loss: 0.6292, Validation Accuracy: 80.19%
3.104190425051941e-05
Epoch [118/200], Training Loss: 208.6407, Training Accuracy: 74.00%, Validation Loss: 0.6584, Validation Accuracy: 79.23%
3.0815133409411565e-05
Epoch [119/200], Training Loss: 206.5755, Training Accuracy: 76.00%, Validation Loss: 0.6434, Validation Accuracy: 80.56%
3.0589395121515443e-05
Epoch [120/200], Training Loss: 207.3330, Training Accuracy: 74.57%, Validation Loss: 0.6050, Validation Accuracy: 80.19%
3.0364745084375795e-05
Epoch [121/200], Training Loss: 206.5019, Training Accuracy: 76.57%, Validation Loss: 0.6690, Validation Accuracy: 79.47%
3.0141238727027758e-05
Epoch [122/200], Training Loss: 206.3274, Training Accuracy: 76.86%, Validation Loss: 0.6522, Validation Accuracy: 78.50%
2.991893119632063e-05
Epoch [123/200], Training Loss: 203.0546, Training Accuracy: 76.29%, Validation Loss: 0.6284, Validation Accuracy: 80.07%
2.9697877343311147e-05
Epoch [124/200], Training Loss: 206.9795, Training Accuracy: 77.71%, Validation Loss: 0.5843, Validation Accuracy: 80.92%
2.9478131709729838e-05
Epoch [125/200], Training Loss: 204.4887, Training Accuracy: 76.29%, Validation Loss: 0.6194, Validation Accuracy: 81.04%
2.9259748514523657e-05
Epoch [126/200], Training Loss: 206.2301, Training Accuracy: 78.29%, Validation Loss: 0.5957, Validation Accuracy: 80.56%
2.9042781640478292e-05
Epoch [127/200], Training Loss: 204.2277, Training Accuracy: 78.00%, Validation Loss: 0.5670, Validation Accuracy: 81.52%
2.882728462092337e-05
Epoch [128/200], Training Loss: 204.3193, Training Accuracy: 75.14%, Validation Loss: 0.6146, Validation Accuracy: 80.43%
2.861331062652391e-05
Epoch [129/200], Training Loss: 204.4412, Training Accuracy: 76.57%, Validation Loss: 0.5595, Validation Accuracy: 81.52%
2.8400912452161272e-05
Epoch [130/200], Training Loss: 203.7734, Training Accuracy: 79.71%, Validation Loss: 0.5910, Validation Accuracy: 80.43%
2.81901425039068e-05
Epoch [131/200], Training Loss: 201.8357, Training Accuracy: 74.86%, Validation Loss: 0.5952, Validation Accuracy: 79.95%
2.7981052786091404e-05
Epoch [132/200], Training Loss: 201.6748, Training Accuracy: 78.86%, Validation Loss: 0.6064, Validation Accuracy: 80.07%
2.777369488847427e-05
Epoch [133/200], Training Loss: 200.4868, Training Accuracy: 79.14%, Validation Loss: 0.6392, Validation Accuracy: 79.59%
2.756811997351389e-05
Epoch [134/200], Training Loss: 201.1554, Training Accuracy: 78.86%, Validation Loss: 0.5984, Validation Accuracy: 81.16%
2.7364378763744433e-05
Epoch [135/200], Training Loss: 198.9079, Training Accuracy: 78.00%, Validation Loss: 0.6202, Validation Accuracy: 79.71%
2.7162521529260772e-05
Epoch [136/200], Training Loss: 197.8857, Training Accuracy: 78.86%, Validation Loss: 0.5930, Validation Accuracy: 80.80%
2.696259807531505e-05
Epoch [137/200], Training Loss: 199.8142, Training Accuracy: 77.14%, Validation Loss: 0.6333, Validation Accuracy: 79.35%
2.6764657730028024e-05
Epoch [138/200], Training Loss: 197.7221, Training Accuracy: 79.71%, Validation Loss: 0.5794, Validation Accuracy: 81.64%
2.656874933221804e-05
Epoch [139/200], Training Loss: 198.1647, Training Accuracy: 78.57%, Validation Loss: 0.5390, Validation Accuracy: 82.25%
----------- saving --------------
2.6374921219350825e-05
Epoch [140/200], Training Loss: 198.5444, Training Accuracy: 77.14%, Validation Loss: 0.6541, Validation Accuracy: 78.99%
2.6183221215612905e-05
Epoch [141/200], Training Loss: 197.3374, Training Accuracy: 80.00%, Validation Loss: 0.5420, Validation Accuracy: 82.73%
----------- saving --------------
2.5993696620111744e-05
Epoch [142/200], Training Loss: 196.3092, Training Accuracy: 80.29%, Validation Loss: 0.6660, Validation Accuracy: 77.90%
2.5806394195205354e-05
Epoch [143/200], Training Loss: 196.4513, Training Accuracy: 83.43%, Validation Loss: 0.6179, Validation Accuracy: 81.04%
2.5621360154964423e-05
Epoch [144/200], Training Loss: 196.6093, Training Accuracy: 82.86%, Validation Loss: 0.5856, Validation Accuracy: 80.92%
2.5438640153769657e-05
Epoch [145/200], Training Loss: 195.4446, Training Accuracy: 78.00%, Validation Loss: 0.6184, Validation Accuracy: 80.80%
2.525827927504725e-05
Epoch [146/200], Training Loss: 194.2543, Training Accuracy: 79.43%, Validation Loss: 0.6173, Validation Accuracy: 80.43%
2.5080322020145226e-05
Epoch [147/200], Training Loss: 194.7662, Training Accuracy: 79.71%, Validation Loss: 0.5648, Validation Accuracy: 81.64%
2.49048122973534e-05
Epoch [148/200], Training Loss: 192.5068, Training Accuracy: 81.71%, Validation Loss: 0.6944, Validation Accuracy: 78.62%
2.473179341106967e-05
Epoch [149/200], Training Loss: 193.0165, Training Accuracy: 78.86%, Validation Loss: 0.6111, Validation Accuracy: 80.31%
2.4561308051115287e-05
Epoch [150/200], Training Loss: 194.2659, Training Accuracy: 80.86%, Validation Loss: 0.5475, Validation Accuracy: 82.13%
2.439339828220179e-05
Epoch [151/200], Training Loss: 193.5808, Training Accuracy: 80.86%, Validation Loss: 0.6016, Validation Accuracy: 81.04%
2.4228105533552172e-05
Epoch [152/200], Training Loss: 193.6685, Training Accuracy: 81.71%, Validation Loss: 0.6428, Validation Accuracy: 79.47%
2.406547058867883e-05
Epoch [153/200], Training Loss: 192.2620, Training Accuracy: 80.00%, Validation Loss: 0.5803, Validation Accuracy: 80.31%
2.3905533575320855e-05
Epoch [154/200], Training Loss: 193.6956, Training Accuracy: 82.86%, Validation Loss: 0.6666, Validation Accuracy: 79.59%
2.3748333955543107e-05
Epoch [155/200], Training Loss: 191.9574, Training Accuracy: 81.71%, Validation Loss: 0.5579, Validation Accuracy: 81.52%
2.3593910515999538e-05
Epoch [156/200], Training Loss: 192.6907, Training Accuracy: 79.71%, Validation Loss: 0.6834, Validation Accuracy: 79.23%
2.3442301358363164e-05
Epoch [157/200], Training Loss: 191.2993, Training Accuracy: 83.14%, Validation Loss: 0.6098, Validation Accuracy: 80.31%
2.3293543889925057e-05
Epoch [158/200], Training Loss: 192.0435, Training Accuracy: 82.29%, Validation Loss: 0.6077, Validation Accuracy: 80.92%
2.3147674814364646e-05
Epoch [159/200], Training Loss: 189.4317, Training Accuracy: 81.43%, Validation Loss: 0.6649, Validation Accuracy: 79.59%
2.3004730122693643e-05
Epoch [160/200], Training Loss: 192.4028, Training Accuracy: 81.71%, Validation Loss: 0.5702, Validation Accuracy: 81.40%
2.2864745084375792e-05
Epoch [161/200], Training Loss: 188.4191, Training Accuracy: 82.57%, Validation Loss: 0.6201, Validation Accuracy: 80.68%
2.2727754238624652e-05
Epoch [162/200], Training Loss: 187.9488, Training Accuracy: 80.86%, Validation Loss: 0.5948, Validation Accuracy: 81.64%
2.2593791385881576e-05
Epoch [163/200], Training Loss: 188.5250, Training Accuracy: 82.29%, Validation Loss: 0.6225, Validation Accuracy: 80.80%
2.2462889579475952e-05
Epoch [164/200], Training Loss: 189.8608, Training Accuracy: 82.29%, Validation Loss: 0.6573, Validation Accuracy: 79.23%
2.233508111746978e-05
Epoch [165/200], Training Loss: 187.7331, Training Accuracy: 84.57%, Validation Loss: 0.5845, Validation Accuracy: 81.16%
2.221039753468862e-05
Epoch [166/200], Training Loss: 190.2497, Training Accuracy: 82.86%, Validation Loss: 0.6208, Validation Accuracy: 80.92%
2.2088869594940844e-05
Epoch [167/200], Training Loss: 187.8919, Training Accuracy: 80.57%, Validation Loss: 0.6351, Validation Accuracy: 79.95%
2.197052728342713e-05
Epoch [168/200], Training Loss: 188.2067, Training Accuracy: 82.57%, Validation Loss: 0.5929, Validation Accuracy: 80.56%
2.185539979934205e-05
Epoch [169/200], Training Loss: 186.4589, Training Accuracy: 78.29%, Validation Loss: 0.6079, Validation Accuracy: 80.80%
2.17435155486696e-05
Epoch [170/200], Training Loss: 185.8727, Training Accuracy: 81.14%, Validation Loss: 0.6389, Validation Accuracy: 79.71%
2.1634902137174486e-05
Epoch [171/200], Training Loss: 189.1210, Training Accuracy: 82.86%, Validation Loss: 0.6591, Validation Accuracy: 79.47%
2.152958636359077e-05
Epoch [172/200], Training Loss: 184.3686, Training Accuracy: 81.43%, Validation Loss: 0.6292, Validation Accuracy: 80.19%
2.1427594213009713e-05
Epoch [173/200], Training Loss: 187.5413, Training Accuracy: 84.57%, Validation Loss: 0.6108, Validation Accuracy: 80.92%
2.1328950850468325e-05
Epoch [174/200], Training Loss: 188.5030, Training Accuracy: 84.57%, Validation Loss: 0.6066, Validation Accuracy: 80.92%
2.123368061474029e-05
Epoch [175/200], Training Loss: 186.0618, Training Accuracy: 82.29%, Validation Loss: 0.6369, Validation Accuracy: 80.07%
2.1141807012330703e-05
Epoch [176/200], Training Loss: 183.0208, Training Accuracy: 82.29%, Validation Loss: 0.5600, Validation Accuracy: 80.92%
2.105335271167623e-05
Epoch [177/200], Training Loss: 185.0701, Training Accuracy: 82.86%, Validation Loss: 0.5890, Validation Accuracy: 80.68%
2.096833953755199e-05
Epoch [178/200], Training Loss: 182.2199, Training Accuracy: 82.86%, Validation Loss: 0.6188, Validation Accuracy: 79.59%
2.088678846568662e-05
Epoch [179/200], Training Loss: 183.1844, Training Accuracy: 82.29%, Validation Loss: 0.6779, Validation Accuracy: 79.23%
2.080871961758682e-05
Epoch [180/200], Training Loss: 183.1782, Training Accuracy: 84.29%, Validation Loss: 0.5871, Validation Accuracy: 80.92%
2.0734152255572697e-05
Epoch [181/200], Training Loss: 182.9936, Training Accuracy: 84.00%, Validation Loss: 0.5905, Validation Accuracy: 81.04%
2.066310477802505e-05
Epoch [182/200], Training Loss: 182.0856, Training Accuracy: 82.57%, Validation Loss: 0.6320, Validation Accuracy: 79.83%
2.0595594714845856e-05
Epoch [183/200], Training Loss: 181.5335, Training Accuracy: 81.43%, Validation Loss: 0.5770, Validation Accuracy: 80.80%
2.0531638723133032e-05
Epoch [184/200], Training Loss: 183.1423, Training Accuracy: 85.14%, Validation Loss: 0.6154, Validation Accuracy: 80.07%
2.047125258307054e-05
Epoch [185/200], Training Loss: 183.3600, Training Accuracy: 83.43%, Validation Loss: 0.5837, Validation Accuracy: 80.68%
2.0414451194034853e-05
Epoch [186/200], Training Loss: 182.3761, Training Accuracy: 87.71%, Validation Loss: 0.5877, Validation Accuracy: 81.04%
2.0361248570918792e-05
Epoch [187/200], Training Loss: 184.6107, Training Accuracy: 84.86%, Validation Loss: 0.6188, Validation Accuracy: 79.83%
2.0311657840673515e-05
Epoch [188/200], Training Loss: 182.7352, Training Accuracy: 84.29%, Validation Loss: 0.6327, Validation Accuracy: 78.99%
2.026569123906967e-05
Epoch [189/200], Training Loss: 180.6143, Training Accuracy: 87.14%, Validation Loss: 0.5900, Validation Accuracy: 81.52%
2.0223360107678393e-05
Epoch [190/200], Training Loss: 182.0512, Training Accuracy: 87.43%, Validation Loss: 0.5668, Validation Accuracy: 82.00%
2.0184674891072937e-05
Epoch [191/200], Training Loss: 177.3801, Training Accuracy: 83.71%, Validation Loss: 0.6268, Validation Accuracy: 80.07%
2.014964513425164e-05
Epoch [192/200], Training Loss: 180.4985, Training Accuracy: 83.43%, Validation Loss: 0.6316, Validation Accuracy: 79.71%
2.0118279480282836e-05
Epoch [193/200], Training Loss: 180.4529, Training Accuracy: 83.43%, Validation Loss: 0.5485, Validation Accuracy: 82.37%
2.0090585668172307e-05
Epoch [194/200], Training Loss: 179.9692, Training Accuracy: 83.71%, Validation Loss: 0.6601, Validation Accuracy: 78.74%
2.00665705309538e-05
Epoch [195/200], Training Loss: 179.3353, Training Accuracy: 84.00%, Validation Loss: 0.6489, Validation Accuracy: 79.59%
2.0046239994003082e-05
Epoch [196/200], Training Loss: 179.8643, Training Accuracy: 83.14%, Validation Loss: 0.6371, Validation Accuracy: 79.35%
2.0029599073575927e-05
Epoch [197/200], Training Loss: 178.0567, Training Accuracy: 85.14%, Validation Loss: 0.6294, Validation Accuracy: 79.83%
2.0016651875570453e-05
Epoch [198/200], Training Loss: 179.2400, Training Accuracy: 86.29%, Validation Loss: 0.6175, Validation Accuracy: 80.31%
2.000740159451403e-05
Epoch [199/200], Training Loss: 177.5048, Training Accuracy: 84.29%, Validation Loss: 0.5778, Validation Accuracy: 81.40%
2.0001850512775094e-05
Epoch [200/200], Training Loss: 178.7405, Training Accuracy: 84.57%, Validation Loss: 0.6711, Validation Accuracy: 78.74%
Training time 0:28:52
