Args parsed
Training teacher model with Number of train samples: 1741 and Number of test samples: 828

Train size: 1741
Test size: 828
Creating model: teacher_model
Model created
The teacher_model has number of params = 3948677
Starting training
Epoch [1/200], Training Loss: 1.8294, Training Accuracy: 30.67%, Validation Loss: 0.6534, Validation Accuracy: 79.47%
----------- saving --------------
Epoch [2/200], Training Loss: 1.6346, Training Accuracy: 37.51%, Validation Loss: 1.0357, Validation Accuracy: 64.98%
Epoch [3/200], Training Loss: 1.5721, Training Accuracy: 40.09%, Validation Loss: 0.8878, Validation Accuracy: 73.55%
Epoch [4/200], Training Loss: 1.5205, Training Accuracy: 40.55%, Validation Loss: 0.7334, Validation Accuracy: 74.03%
Epoch [5/200], Training Loss: 1.5380, Training Accuracy: 39.98%, Validation Loss: 0.6202, Validation Accuracy: 75.00%
Epoch [6/200], Training Loss: 1.4580, Training Accuracy: 44.00%, Validation Loss: 0.6161, Validation Accuracy: 77.66%
Epoch [7/200], Training Loss: 1.4101, Training Accuracy: 47.21%, Validation Loss: 0.5310, Validation Accuracy: 81.76%
----------- saving --------------
Epoch [8/200], Training Loss: 1.3887, Training Accuracy: 46.58%, Validation Loss: 0.6198, Validation Accuracy: 79.95%
Epoch [9/200], Training Loss: 1.3836, Training Accuracy: 46.07%, Validation Loss: 0.8680, Validation Accuracy: 71.14%
Epoch [10/200], Training Loss: 1.3533, Training Accuracy: 48.71%, Validation Loss: 0.5701, Validation Accuracy: 79.47%
Epoch [11/200], Training Loss: 1.3053, Training Accuracy: 49.17%, Validation Loss: 0.5630, Validation Accuracy: 80.43%
Epoch [12/200], Training Loss: 1.3096, Training Accuracy: 49.68%, Validation Loss: 0.6420, Validation Accuracy: 80.92%
Epoch [13/200], Training Loss: 1.2460, Training Accuracy: 51.29%, Validation Loss: 0.5265, Validation Accuracy: 80.68%
Epoch [14/200], Training Loss: 1.2788, Training Accuracy: 51.35%, Validation Loss: 1.0284, Validation Accuracy: 66.67%
Epoch [15/200], Training Loss: 1.2692, Training Accuracy: 52.61%, Validation Loss: 0.7854, Validation Accuracy: 73.31%
Epoch [16/200], Training Loss: 1.2444, Training Accuracy: 53.70%, Validation Loss: 0.4529, Validation Accuracy: 83.33%
----------- saving --------------
Epoch [17/200], Training Loss: 1.2143, Training Accuracy: 52.90%, Validation Loss: 0.5176, Validation Accuracy: 82.25%
Epoch [18/200], Training Loss: 1.2179, Training Accuracy: 53.30%, Validation Loss: 0.7830, Validation Accuracy: 73.43%
Epoch [19/200], Training Loss: 1.2118, Training Accuracy: 53.48%, Validation Loss: 0.6805, Validation Accuracy: 75.85%
Epoch [20/200], Training Loss: 1.1982, Training Accuracy: 54.91%, Validation Loss: 0.6322, Validation Accuracy: 78.74%
Epoch [21/200], Training Loss: 1.1669, Training Accuracy: 56.92%, Validation Loss: 0.5550, Validation Accuracy: 82.25%
Epoch [22/200], Training Loss: 1.1761, Training Accuracy: 55.77%, Validation Loss: 0.6297, Validation Accuracy: 79.83%
Epoch [23/200], Training Loss: 1.1764, Training Accuracy: 54.51%, Validation Loss: 0.5040, Validation Accuracy: 81.40%
Epoch [24/200], Training Loss: 1.1182, Training Accuracy: 57.09%, Validation Loss: 0.6302, Validation Accuracy: 78.50%
Epoch [25/200], Training Loss: 1.1241, Training Accuracy: 57.84%, Validation Loss: 0.5340, Validation Accuracy: 80.80%
Epoch [26/200], Training Loss: 1.0810, Training Accuracy: 58.76%, Validation Loss: 0.5074, Validation Accuracy: 82.49%
Epoch [27/200], Training Loss: 1.1248, Training Accuracy: 56.58%, Validation Loss: 0.5074, Validation Accuracy: 80.31%
Epoch [28/200], Training Loss: 1.0769, Training Accuracy: 59.51%, Validation Loss: 0.5714, Validation Accuracy: 80.56%
Epoch [29/200], Training Loss: 1.0611, Training Accuracy: 59.05%, Validation Loss: 0.6126, Validation Accuracy: 80.31%
Epoch [30/200], Training Loss: 1.0667, Training Accuracy: 60.37%, Validation Loss: 0.5144, Validation Accuracy: 81.52%
Epoch [31/200], Training Loss: 1.0705, Training Accuracy: 59.56%, Validation Loss: 0.6444, Validation Accuracy: 77.66%
Training time 0:09:28
