Args parsed
Training student model with HDKD (Complete data analysis)

Train size: 1741
Test size: 828
Creating model: HDKD
Model created
The HDKD has number of params = 3727288
Starting training
2e-05
Epoch [1/200], Training Loss: 1115.1635, Training Accuracy: 19.82%, Validation Loss: 1.7552, Validation Accuracy: 22.95%
----------- saving --------------
2.6000000000000002e-05
Epoch [2/200], Training Loss: 895.6354, Training Accuracy: 25.50%, Validation Loss: 1.3892, Validation Accuracy: 69.20%
----------- saving --------------
3.2000000000000005e-05
Epoch [3/200], Training Loss: 735.4964, Training Accuracy: 30.73%, Validation Loss: 1.1707, Validation Accuracy: 72.22%
----------- saving --------------
3.8e-05
Epoch [4/200], Training Loss: 606.5639, Training Accuracy: 33.26%, Validation Loss: 1.0084, Validation Accuracy: 74.76%
----------- saving --------------
4.4e-05
Epoch [5/200], Training Loss: 524.1392, Training Accuracy: 36.70%, Validation Loss: 0.9497, Validation Accuracy: 75.12%
----------- saving --------------
4.9953760005996925e-05
Epoch [6/200], Training Loss: 460.7888, Training Accuracy: 39.06%, Validation Loss: 0.8592, Validation Accuracy: 75.12%
4.993342946904621e-05
Epoch [7/200], Training Loss: 410.3805, Training Accuracy: 41.13%, Validation Loss: 0.8082, Validation Accuracy: 75.36%
----------- saving --------------
4.9909414331827703e-05
Epoch [8/200], Training Loss: 372.5547, Training Accuracy: 44.40%, Validation Loss: 0.8479, Validation Accuracy: 74.52%
4.988172051971717e-05
Epoch [9/200], Training Loss: 337.5328, Training Accuracy: 47.10%, Validation Loss: 0.6974, Validation Accuracy: 75.60%
----------- saving --------------
4.9850354865748364e-05
Epoch [10/200], Training Loss: 310.8919, Training Accuracy: 46.41%, Validation Loss: 0.6707, Validation Accuracy: 77.66%
----------- saving --------------
4.981532510892707e-05
Epoch [11/200], Training Loss: 290.4977, Training Accuracy: 47.33%, Validation Loss: 0.7058, Validation Accuracy: 75.97%
4.977663989232161e-05
Epoch [12/200], Training Loss: 270.2658, Training Accuracy: 47.96%, Validation Loss: 0.6019, Validation Accuracy: 80.07%
----------- saving --------------
4.973430876093034e-05
Epoch [13/200], Training Loss: 253.0091, Training Accuracy: 49.28%, Validation Loss: 0.6478, Validation Accuracy: 79.95%
4.968834215932649e-05
Epoch [14/200], Training Loss: 235.7457, Training Accuracy: 49.80%, Validation Loss: 0.5908, Validation Accuracy: 80.68%
----------- saving --------------
4.963875142908122e-05
Epoch [15/200], Training Loss: 230.2902, Training Accuracy: 49.63%, Validation Loss: 0.5943, Validation Accuracy: 80.19%
4.958554880596515e-05
Epoch [16/200], Training Loss: 215.3601, Training Accuracy: 51.81%, Validation Loss: 0.5742, Validation Accuracy: 80.92%
----------- saving --------------
4.952874741692947e-05
Epoch [17/200], Training Loss: 204.4496, Training Accuracy: 50.83%, Validation Loss: 0.6313, Validation Accuracy: 80.07%
4.946836127686698e-05
Epoch [18/200], Training Loss: 197.6704, Training Accuracy: 50.37%, Validation Loss: 0.5976, Validation Accuracy: 80.80%
4.940440528515415e-05
Epoch [19/200], Training Loss: 189.0422, Training Accuracy: 53.82%, Validation Loss: 0.6018, Validation Accuracy: 79.59%
4.933689522197495e-05
Epoch [20/200], Training Loss: 181.8628, Training Accuracy: 53.70%, Validation Loss: 0.5909, Validation Accuracy: 81.64%
----------- saving --------------
4.926584774442731e-05
Epoch [21/200], Training Loss: 172.2668, Training Accuracy: 53.30%, Validation Loss: 0.5438, Validation Accuracy: 82.49%
----------- saving --------------
4.919128038241318e-05
Epoch [22/200], Training Loss: 167.4127, Training Accuracy: 54.97%, Validation Loss: 0.5303, Validation Accuracy: 83.21%
----------- saving --------------
4.9113211534313383e-05
Epoch [23/200], Training Loss: 161.4610, Training Accuracy: 53.25%, Validation Loss: 0.6398, Validation Accuracy: 79.71%
4.9031660462448016e-05
Epoch [24/200], Training Loss: 157.7730, Training Accuracy: 54.45%, Validation Loss: 0.6720, Validation Accuracy: 79.83%
4.894664728832377e-05
Epoch [25/200], Training Loss: 151.4238, Training Accuracy: 53.13%, Validation Loss: 0.5540, Validation Accuracy: 81.64%
4.88581929876693e-05
Epoch [26/200], Training Loss: 147.4544, Training Accuracy: 54.91%, Validation Loss: 0.6397, Validation Accuracy: 81.88%
4.876631938525972e-05
Epoch [27/200], Training Loss: 143.0207, Training Accuracy: 54.74%, Validation Loss: 0.5675, Validation Accuracy: 81.88%
4.8671049149531676e-05
Epoch [28/200], Training Loss: 138.9424, Training Accuracy: 54.39%, Validation Loss: 0.5212, Validation Accuracy: 82.85%
4.8572405786990295e-05
Epoch [29/200], Training Loss: 135.4652, Training Accuracy: 54.45%, Validation Loss: 0.5290, Validation Accuracy: 82.85%
4.847041363640924e-05
Epoch [30/200], Training Loss: 130.1543, Training Accuracy: 58.82%, Validation Loss: 0.5537, Validation Accuracy: 81.88%
4.836509786282552e-05
Epoch [31/200], Training Loss: 129.1975, Training Accuracy: 55.54%, Validation Loss: 0.5160, Validation Accuracy: 82.73%
4.8256484451330404e-05
Epoch [32/200], Training Loss: 123.4798, Training Accuracy: 56.40%, Validation Loss: 0.5583, Validation Accuracy: 82.49%
4.814460020065795e-05
Epoch [33/200], Training Loss: 121.5552, Training Accuracy: 56.86%, Validation Loss: 0.5411, Validation Accuracy: 81.64%
4.802947271657287e-05
Epoch [34/200], Training Loss: 117.7466, Training Accuracy: 57.61%, Validation Loss: 0.5064, Validation Accuracy: 84.06%
----------- saving --------------
4.7911130405059156e-05
Epoch [35/200], Training Loss: 116.3013, Training Accuracy: 56.52%, Validation Loss: 0.5407, Validation Accuracy: 82.37%
4.778960246531139e-05
Epoch [36/200], Training Loss: 115.0590, Training Accuracy: 57.50%, Validation Loss: 0.5664, Validation Accuracy: 81.52%
4.766491888253023e-05
Epoch [37/200], Training Loss: 110.9779, Training Accuracy: 55.77%, Validation Loss: 0.5259, Validation Accuracy: 82.73%
4.753711042052406e-05
Epoch [38/200], Training Loss: 110.6081, Training Accuracy: 57.50%, Validation Loss: 0.5637, Validation Accuracy: 81.76%
4.7406208614118425e-05
Epoch [39/200], Training Loss: 106.5357, Training Accuracy: 57.73%, Validation Loss: 0.5595, Validation Accuracy: 82.37%
4.727224576137535e-05
Epoch [40/200], Training Loss: 103.1344, Training Accuracy: 58.41%, Validation Loss: 0.5300, Validation Accuracy: 82.00%
4.7135254915624215e-05
Epoch [41/200], Training Loss: 103.8487, Training Accuracy: 57.44%, Validation Loss: 0.5777, Validation Accuracy: 81.64%
4.699526987730636e-05
Epoch [42/200], Training Loss: 100.6725, Training Accuracy: 57.61%, Validation Loss: 0.5843, Validation Accuracy: 82.25%
4.6852325185635355e-05
Epoch [43/200], Training Loss: 97.7893, Training Accuracy: 58.41%, Validation Loss: 0.4793, Validation Accuracy: 82.73%
4.6706456110074944e-05
Epoch [44/200], Training Loss: 97.1327, Training Accuracy: 56.75%, Validation Loss: 0.5336, Validation Accuracy: 81.04%
4.655769864163684e-05
Epoch [45/200], Training Loss: 95.8470, Training Accuracy: 59.45%, Validation Loss: 0.4818, Validation Accuracy: 84.30%
----------- saving --------------
4.6406089484000467e-05
Epoch [46/200], Training Loss: 92.4238, Training Accuracy: 58.53%, Validation Loss: 0.4951, Validation Accuracy: 82.85%
4.6251666044456894e-05
Epoch [47/200], Training Loss: 91.5497, Training Accuracy: 58.99%, Validation Loss: 0.5605, Validation Accuracy: 82.97%
4.609446642467915e-05
Epoch [48/200], Training Loss: 90.9192, Training Accuracy: 58.41%, Validation Loss: 0.5064, Validation Accuracy: 83.21%
4.5934529411321176e-05
Epoch [49/200], Training Loss: 87.4932, Training Accuracy: 59.91%, Validation Loss: 0.4915, Validation Accuracy: 82.25%
4.5771894466447835e-05
Epoch [50/200], Training Loss: 87.7160, Training Accuracy: 57.78%, Validation Loss: 0.4841, Validation Accuracy: 83.57%
4.560660171779821e-05
Epoch [51/200], Training Loss: 86.2890, Training Accuracy: 58.47%, Validation Loss: 0.5270, Validation Accuracy: 83.82%
4.543869194888471e-05
Epoch [52/200], Training Loss: 85.7071, Training Accuracy: 58.76%, Validation Loss: 0.4482, Validation Accuracy: 84.30%
4.526820658893033e-05
Epoch [53/200], Training Loss: 84.7472, Training Accuracy: 57.61%, Validation Loss: 0.5148, Validation Accuracy: 82.25%
4.50951877026466e-05
Epoch [54/200], Training Loss: 83.2634, Training Accuracy: 58.36%, Validation Loss: 0.5186, Validation Accuracy: 82.97%
4.491967797985478e-05
Epoch [55/200], Training Loss: 82.8015, Training Accuracy: 60.14%, Validation Loss: 0.4765, Validation Accuracy: 83.09%
4.474172072495276e-05
Epoch [56/200], Training Loss: 81.0470, Training Accuracy: 58.64%, Validation Loss: 0.4986, Validation Accuracy: 82.97%
4.456135984623035e-05
Epoch [57/200], Training Loss: 79.8708, Training Accuracy: 59.62%, Validation Loss: 0.5199, Validation Accuracy: 82.00%
4.4378639845035585e-05
Epoch [58/200], Training Loss: 79.2452, Training Accuracy: 60.71%, Validation Loss: 0.4907, Validation Accuracy: 83.33%
4.419360580479465e-05
Epoch [59/200], Training Loss: 76.3254, Training Accuracy: 59.91%, Validation Loss: 0.5534, Validation Accuracy: 82.49%
4.400630337988827e-05
Epoch [60/200], Training Loss: 77.2112, Training Accuracy: 59.22%, Validation Loss: 0.4926, Validation Accuracy: 82.37%
Training time 0:23:37
