Args parsed
Training student model without distillation(Complete data analysis)

Train size: 1741
Test size: 828
Creating model: student_model
Model created
The student_model has number of params = 3724977
Starting training
2e-05
Epoch [1/200], Training Loss: 1.8295, Training Accuracy: 26.94%, Validation Loss: 1.1382, Validation Accuracy: 73.07%
----------- saving --------------
2.6000000000000002e-05
Epoch [2/200], Training Loss: 1.6834, Training Accuracy: 34.18%, Validation Loss: 0.9647, Validation Accuracy: 73.55%
----------- saving --------------
3.2000000000000005e-05
Epoch [3/200], Training Loss: 1.5769, Training Accuracy: 39.29%, Validation Loss: 0.8351, Validation Accuracy: 75.12%
----------- saving --------------
3.8e-05
Epoch [4/200], Training Loss: 1.4714, Training Accuracy: 41.47%, Validation Loss: 0.8652, Validation Accuracy: 72.34%
4.4e-05
Epoch [5/200], Training Loss: 1.4301, Training Accuracy: 44.74%, Validation Loss: 0.8195, Validation Accuracy: 74.52%
4.9953760005996925e-05
Epoch [6/200], Training Loss: 1.3856, Training Accuracy: 46.52%, Validation Loss: 0.7026, Validation Accuracy: 74.28%
4.993342946904621e-05
Epoch [7/200], Training Loss: 1.3066, Training Accuracy: 48.65%, Validation Loss: 0.9073, Validation Accuracy: 68.48%
4.9909414331827703e-05
Epoch [8/200], Training Loss: 1.3080, Training Accuracy: 49.68%, Validation Loss: 0.7247, Validation Accuracy: 75.00%
4.988172051971717e-05
Epoch [9/200], Training Loss: 1.2492, Training Accuracy: 51.58%, Validation Loss: 0.5455, Validation Accuracy: 80.31%
----------- saving --------------
4.9850354865748364e-05
Epoch [10/200], Training Loss: 1.2369, Training Accuracy: 52.67%, Validation Loss: 0.5748, Validation Accuracy: 79.23%
4.981532510892707e-05
Epoch [11/200], Training Loss: 1.1989, Training Accuracy: 53.48%, Validation Loss: 0.7075, Validation Accuracy: 73.79%
4.977663989232161e-05
Epoch [12/200], Training Loss: 1.1656, Training Accuracy: 53.53%, Validation Loss: 0.7975, Validation Accuracy: 71.38%
4.973430876093034e-05
Epoch [13/200], Training Loss: 1.1624, Training Accuracy: 54.45%, Validation Loss: 0.7340, Validation Accuracy: 74.76%
4.968834215932649e-05
Epoch [14/200], Training Loss: 1.1273, Training Accuracy: 56.98%, Validation Loss: 0.6190, Validation Accuracy: 78.02%
4.963875142908122e-05
Epoch [15/200], Training Loss: 1.0928, Training Accuracy: 57.50%, Validation Loss: 0.5828, Validation Accuracy: 77.66%
4.958554880596515e-05
Epoch [16/200], Training Loss: 1.0940, Training Accuracy: 58.24%, Validation Loss: 0.5581, Validation Accuracy: 80.31%
4.952874741692947e-05
Epoch [17/200], Training Loss: 1.1113, Training Accuracy: 57.67%, Validation Loss: 0.5764, Validation Accuracy: 80.07%
4.946836127686698e-05
Epoch [18/200], Training Loss: 1.0899, Training Accuracy: 58.82%, Validation Loss: 0.5864, Validation Accuracy: 78.99%
4.940440528515415e-05
Epoch [19/200], Training Loss: 1.0541, Training Accuracy: 60.43%, Validation Loss: 0.5780, Validation Accuracy: 78.14%
4.933689522197495e-05
Epoch [20/200], Training Loss: 1.0401, Training Accuracy: 60.31%, Validation Loss: 0.6859, Validation Accuracy: 76.09%
4.926584774442731e-05
Epoch [21/200], Training Loss: 1.0421, Training Accuracy: 59.39%, Validation Loss: 0.6820, Validation Accuracy: 74.76%
4.919128038241318e-05
Epoch [22/200], Training Loss: 1.0065, Training Accuracy: 61.40%, Validation Loss: 0.6165, Validation Accuracy: 78.74%
4.9113211534313383e-05
Epoch [23/200], Training Loss: 1.0303, Training Accuracy: 59.28%, Validation Loss: 0.6527, Validation Accuracy: 76.69%
4.9031660462448016e-05
Epoch [24/200], Training Loss: 0.9970, Training Accuracy: 61.92%, Validation Loss: 0.5846, Validation Accuracy: 78.50%
Training time 0:06:47
