Args parsed
Training HDKD (50 images per class)

Validating the train path:/home/micml/25m0764/MIC_project/final_dataset/dataset_600/train_50
Validating the train path:/home/micml/25m0764/MIC_project/final_dataset/dataset_600/test
Train size: 350
Test size: 828
Creating model: HDKD
Model created
The HDKD has number of params = 3727288
Starting training
2e-05
Epoch [1/200], Training Loss: 698.6419, Training Accuracy: 13.43%, Validation Loss: 1.8647, Validation Accuracy: 2.78%
Visualizing
----------- saving --------------
2.6000000000000002e-05
Epoch [2/200], Training Loss: 672.2542, Training Accuracy: 15.43%, Validation Loss: 1.6500, Validation Accuracy: 80.07%
Visualizing
----------- saving --------------
3.2000000000000005e-05
Epoch [3/200], Training Loss: 644.9279, Training Accuracy: 17.14%, Validation Loss: 1.7474, Validation Accuracy: 39.86%
Visualizing
3.8e-05
Epoch [4/200], Training Loss: 610.4767, Training Accuracy: 22.86%, Validation Loss: 1.6817, Validation Accuracy: 61.96%
Visualizing
4.4e-05
Epoch [5/200], Training Loss: 575.4465, Training Accuracy: 18.57%, Validation Loss: 1.5878, Validation Accuracy: 75.72%
Visualizing
4.9953760005996925e-05
Epoch [6/200], Training Loss: 536.4264, Training Accuracy: 19.14%, Validation Loss: 1.6008, Validation Accuracy: 74.52%
Visualizing
4.993342946904621e-05
Epoch [7/200], Training Loss: 492.9874, Training Accuracy: 23.71%, Validation Loss: 1.4690, Validation Accuracy: 74.52%
Visualizing
4.9909414331827703e-05
Epoch [8/200], Training Loss: 456.9982, Training Accuracy: 25.14%, Validation Loss: 1.4377, Validation Accuracy: 73.67%
Visualizing
4.988172051971717e-05
Epoch [9/200], Training Loss: 429.3910, Training Accuracy: 28.29%, Validation Loss: 1.2582, Validation Accuracy: 76.45%
Visualizing
4.9850354865748364e-05
Epoch [10/200], Training Loss: 406.8030, Training Accuracy: 31.43%, Validation Loss: 1.2925, Validation Accuracy: 72.83%
Visualizing
4.981532510892707e-05
Epoch [11/200], Training Loss: 388.8928, Training Accuracy: 34.00%, Validation Loss: 1.1421, Validation Accuracy: 76.21%
Visualizing
4.977663989232161e-05
Epoch [12/200], Training Loss: 372.2822, Training Accuracy: 31.43%, Validation Loss: 1.1059, Validation Accuracy: 75.48%
Visualizing
4.973430876093034e-05
Epoch [13/200], Training Loss: 359.5959, Training Accuracy: 35.71%, Validation Loss: 1.1875, Validation Accuracy: 71.74%
Visualizing
4.968834215932649e-05
Epoch [14/200], Training Loss: 346.5817, Training Accuracy: 35.43%, Validation Loss: 1.0510, Validation Accuracy: 75.12%
Visualizing
4.963875142908122e-05
Epoch [15/200], Training Loss: 339.0908, Training Accuracy: 40.57%, Validation Loss: 1.0181, Validation Accuracy: 74.52%
Visualizing
4.958554880596515e-05
Epoch [16/200], Training Loss: 328.1076, Training Accuracy: 37.14%, Validation Loss: 1.0063, Validation Accuracy: 72.83%
Visualizing
4.952874741692947e-05
Epoch [17/200], Training Loss: 318.8551, Training Accuracy: 42.29%, Validation Loss: 1.0518, Validation Accuracy: 72.58%
Visualizing
Training time 0:04:26
