Args parsed
Take 1: Modify the transformer to learn teacher's features. Weightage: 0.1, dataset: full size, no feature distillation

Validating the train path:/home/micml/25m0764/MIC_project/final_dataset/dataset_600/train
Validating the train path:/home/micml/25m0764/MIC_project/final_dataset/dataset_600/test
Train size: 2833
Test size: 828
Creating model: HDKD
It's multiple distill tokens setup!
Model created
The HDKD has number of params = 3859896
Path for teacher model: /home/micml/25m0764/MIC_project/HDKD/weighted_loss_data_models/teacher_model/teacher_model_weighted_loss.pth
Using weighted loss function for training
In this run we will only let transformer learn in the final transformer block!
Starting training
2e-05
Epoch [1/200], Training Loss: 0.9503, Training Accuracy: 29.72%, Validation Loss: 0.9920, Validation Accuracy: 75.72%
----------- saving --------------
2.6000000000000002e-05
Epoch [2/200], Training Loss: 0.8623, Training Accuracy: 36.36%, Validation Loss: 0.8228, Validation Accuracy: 78.26%
----------- saving --------------
3.2000000000000005e-05
Epoch [3/200], Training Loss: 0.7977, Training Accuracy: 40.59%, Validation Loss: 0.8231, Validation Accuracy: 74.76%
3.8e-05
Epoch [4/200], Training Loss: 0.7618, Training Accuracy: 43.42%, Validation Loss: 0.7425, Validation Accuracy: 76.33%
4.4e-05
Epoch [5/200], Training Loss: 0.7289, Training Accuracy: 46.10%, Validation Loss: 0.6686, Validation Accuracy: 78.50%
----------- saving --------------
4.9953760005996925e-05
Epoch [6/200], Training Loss: 0.7072, Training Accuracy: 46.91%, Validation Loss: 0.6919, Validation Accuracy: 76.45%
4.993342946904621e-05
Epoch [7/200], Training Loss: 0.6785, Training Accuracy: 49.66%, Validation Loss: 0.5929, Validation Accuracy: 79.59%
----------- saving --------------
4.9909414331827703e-05
Epoch [8/200], Training Loss: 0.6456, Training Accuracy: 53.34%, Validation Loss: 0.6150, Validation Accuracy: 79.59%
4.988172051971717e-05
Epoch [9/200], Training Loss: 0.6313, Training Accuracy: 54.08%, Validation Loss: 0.7731, Validation Accuracy: 74.15%
4.9850354865748364e-05
Epoch [10/200], Training Loss: 0.6228, Training Accuracy: 54.18%, Validation Loss: 0.5647, Validation Accuracy: 80.56%
----------- saving --------------
4.981532510892707e-05
Epoch [11/200], Training Loss: 0.6050, Training Accuracy: 56.48%, Validation Loss: 0.5582, Validation Accuracy: 81.04%
----------- saving --------------
4.977663989232161e-05
Epoch [12/200], Training Loss: 0.6030, Training Accuracy: 57.11%, Validation Loss: 0.6652, Validation Accuracy: 77.05%
4.973430876093034e-05
Epoch [13/200], Training Loss: 0.5821, Training Accuracy: 57.78%, Validation Loss: 0.6638, Validation Accuracy: 76.21%
4.968834215932649e-05
Epoch [14/200], Training Loss: 0.5744, Training Accuracy: 58.42%, Validation Loss: 0.5229, Validation Accuracy: 81.76%
----------- saving --------------
4.963875142908122e-05
Epoch [15/200], Training Loss: 0.5605, Training Accuracy: 59.16%, Validation Loss: 0.5686, Validation Accuracy: 81.04%
4.958554880596515e-05
Epoch [16/200], Training Loss: 0.5542, Training Accuracy: 59.20%, Validation Loss: 0.5260, Validation Accuracy: 82.13%
----------- saving --------------
4.952874741692947e-05
Epoch [17/200], Training Loss: 0.5549, Training Accuracy: 59.09%, Validation Loss: 0.5269, Validation Accuracy: 81.88%
4.946836127686698e-05
Epoch [18/200], Training Loss: 0.5358, Training Accuracy: 60.11%, Validation Loss: 0.5397, Validation Accuracy: 80.31%
4.940440528515415e-05
Epoch [19/200], Training Loss: 0.5296, Training Accuracy: 60.71%, Validation Loss: 0.5770, Validation Accuracy: 81.40%
4.933689522197495e-05
Epoch [20/200], Training Loss: 0.5301, Training Accuracy: 61.38%, Validation Loss: 0.5287, Validation Accuracy: 81.88%
4.926584774442731e-05
Epoch [21/200], Training Loss: 0.5102, Training Accuracy: 62.90%, Validation Loss: 0.4805, Validation Accuracy: 82.25%
----------- saving --------------
4.919128038241318e-05
Epoch [22/200], Training Loss: 0.5126, Training Accuracy: 62.37%, Validation Loss: 0.4941, Validation Accuracy: 83.33%
----------- saving --------------
4.9113211534313383e-05
Epoch [23/200], Training Loss: 0.4923, Training Accuracy: 64.00%, Validation Loss: 0.5996, Validation Accuracy: 78.62%
4.9031660462448016e-05
Epoch [24/200], Training Loss: 0.5040, Training Accuracy: 62.58%, Validation Loss: 0.4693, Validation Accuracy: 83.94%
----------- saving --------------
4.894664728832377e-05
Epoch [25/200], Training Loss: 0.4852, Training Accuracy: 64.17%, Validation Loss: 0.5392, Validation Accuracy: 80.92%
4.88581929876693e-05
Epoch [26/200], Training Loss: 0.4755, Training Accuracy: 64.74%, Validation Loss: 0.4507, Validation Accuracy: 84.90%
----------- saving --------------
4.876631938525972e-05
Epoch [27/200], Training Loss: 0.4690, Training Accuracy: 65.90%, Validation Loss: 0.4975, Validation Accuracy: 81.40%
4.8671049149531676e-05
Epoch [28/200], Training Loss: 0.4587, Training Accuracy: 66.25%, Validation Loss: 0.5361, Validation Accuracy: 81.04%
4.8572405786990295e-05
Epoch [29/200], Training Loss: 0.4669, Training Accuracy: 65.34%, Validation Loss: 0.4812, Validation Accuracy: 83.21%
4.847041363640924e-05
Epoch [30/200], Training Loss: 0.4543, Training Accuracy: 66.57%, Validation Loss: 0.4557, Validation Accuracy: 82.25%
4.836509786282552e-05
Epoch [31/200], Training Loss: 0.4459, Training Accuracy: 67.07%, Validation Loss: 0.4774, Validation Accuracy: 81.28%
4.8256484451330404e-05
Epoch [32/200], Training Loss: 0.4496, Training Accuracy: 67.00%, Validation Loss: 0.5140, Validation Accuracy: 81.76%
4.814460020065795e-05
Epoch [33/200], Training Loss: 0.4470, Training Accuracy: 66.96%, Validation Loss: 0.4501, Validation Accuracy: 83.45%
4.802947271657287e-05
Epoch [34/200], Training Loss: 0.4397, Training Accuracy: 67.31%, Validation Loss: 0.4425, Validation Accuracy: 83.70%
4.7911130405059156e-05
Epoch [35/200], Training Loss: 0.4341, Training Accuracy: 67.84%, Validation Loss: 0.4773, Validation Accuracy: 81.88%
4.778960246531139e-05
Epoch [36/200], Training Loss: 0.4369, Training Accuracy: 67.74%, Validation Loss: 0.5367, Validation Accuracy: 79.23%
4.766491888253023e-05
Epoch [37/200], Training Loss: 0.4310, Training Accuracy: 68.20%, Validation Loss: 0.5232, Validation Accuracy: 80.31%
4.753711042052406e-05
Epoch [38/200], Training Loss: 0.4215, Training Accuracy: 68.87%, Validation Loss: 0.4181, Validation Accuracy: 83.57%
4.7406208614118425e-05
Epoch [39/200], Training Loss: 0.4220, Training Accuracy: 68.27%, Validation Loss: 0.4163, Validation Accuracy: 85.27%
----------- saving --------------
4.727224576137535e-05
Epoch [40/200], Training Loss: 0.4182, Training Accuracy: 68.73%, Validation Loss: 0.5288, Validation Accuracy: 80.19%
4.7135254915624215e-05
Epoch [41/200], Training Loss: 0.4044, Training Accuracy: 70.49%, Validation Loss: 0.4919, Validation Accuracy: 81.04%
4.699526987730636e-05
Epoch [42/200], Training Loss: 0.4022, Training Accuracy: 69.22%, Validation Loss: 0.6167, Validation Accuracy: 78.26%
4.6852325185635355e-05
Epoch [43/200], Training Loss: 0.4092, Training Accuracy: 69.50%, Validation Loss: 0.4200, Validation Accuracy: 83.94%
4.6706456110074944e-05
Epoch [44/200], Training Loss: 0.3969, Training Accuracy: 70.38%, Validation Loss: 0.5023, Validation Accuracy: 81.76%
4.655769864163684e-05
Epoch [45/200], Training Loss: 0.3976, Training Accuracy: 70.17%, Validation Loss: 0.4634, Validation Accuracy: 82.00%
4.6406089484000467e-05
Epoch [46/200], Training Loss: 0.3846, Training Accuracy: 71.41%, Validation Loss: 0.4055, Validation Accuracy: 85.02%
4.6251666044456894e-05
Epoch [47/200], Training Loss: 0.3787, Training Accuracy: 71.90%, Validation Loss: 0.4787, Validation Accuracy: 82.49%
4.609446642467915e-05
Epoch [48/200], Training Loss: 0.3870, Training Accuracy: 71.23%, Validation Loss: 0.4402, Validation Accuracy: 82.49%
4.5934529411321176e-05
Epoch [49/200], Training Loss: 0.3822, Training Accuracy: 71.23%, Validation Loss: 0.4908, Validation Accuracy: 80.43%
4.5771894466447835e-05
Epoch [50/200], Training Loss: 0.3735, Training Accuracy: 72.64%, Validation Loss: 0.4629, Validation Accuracy: 82.25%
4.560660171779821e-05
Epoch [51/200], Training Loss: 0.3777, Training Accuracy: 71.20%, Validation Loss: 0.4873, Validation Accuracy: 81.88%
4.543869194888471e-05
Epoch [52/200], Training Loss: 0.3627, Training Accuracy: 72.01%, Validation Loss: 0.6570, Validation Accuracy: 75.60%
4.526820658893033e-05
Epoch [53/200], Training Loss: 0.3749, Training Accuracy: 72.18%, Validation Loss: 0.4892, Validation Accuracy: 81.40%
4.50951877026466e-05
Epoch [54/200], Training Loss: 0.3592, Training Accuracy: 73.91%, Validation Loss: 0.4085, Validation Accuracy: 83.94%
4.491967797985478e-05
Epoch [55/200], Training Loss: 0.3619, Training Accuracy: 72.93%, Validation Loss: 0.4555, Validation Accuracy: 84.18%
4.474172072495276e-05
Epoch [56/200], Training Loss: 0.3546, Training Accuracy: 73.70%, Validation Loss: 0.3805, Validation Accuracy: 86.35%
----------- saving --------------
4.456135984623035e-05
Epoch [57/200], Training Loss: 0.3529, Training Accuracy: 73.39%, Validation Loss: 0.4590, Validation Accuracy: 84.06%
4.4378639845035585e-05
Epoch [58/200], Training Loss: 0.3513, Training Accuracy: 73.53%, Validation Loss: 0.4882, Validation Accuracy: 82.61%
4.419360580479465e-05
Epoch [59/200], Training Loss: 0.3519, Training Accuracy: 73.88%, Validation Loss: 0.4576, Validation Accuracy: 82.73%
4.400630337988827e-05
Epoch [60/200], Training Loss: 0.3468, Training Accuracy: 74.55%, Validation Loss: 0.4153, Validation Accuracy: 84.42%
4.3816778784387106e-05
Epoch [61/200], Training Loss: 0.3393, Training Accuracy: 74.27%, Validation Loss: 0.5009, Validation Accuracy: 80.68%
4.362507878064918e-05
Epoch [62/200], Training Loss: 0.3338, Training Accuracy: 75.33%, Validation Loss: 0.4232, Validation Accuracy: 85.87%
4.343125066778197e-05
Epoch [63/200], Training Loss: 0.3249, Training Accuracy: 75.61%, Validation Loss: 0.4312, Validation Accuracy: 84.42%
4.323534226997198e-05
Epoch [64/200], Training Loss: 0.3382, Training Accuracy: 75.08%, Validation Loss: 0.5395, Validation Accuracy: 81.28%
4.3037401924684955e-05
Epoch [65/200], Training Loss: 0.3327, Training Accuracy: 74.66%, Validation Loss: 0.4718, Validation Accuracy: 82.49%
4.2837478470739236e-05
Epoch [66/200], Training Loss: 0.3261, Training Accuracy: 75.64%, Validation Loss: 0.3914, Validation Accuracy: 86.23%
4.263562123625557e-05
Epoch [67/200], Training Loss: 0.3232, Training Accuracy: 75.93%, Validation Loss: 0.3999, Validation Accuracy: 85.75%
4.243188002648612e-05
Epoch [68/200], Training Loss: 0.3130, Training Accuracy: 76.49%, Validation Loss: 0.4430, Validation Accuracy: 83.57%
4.222630511152573e-05
Epoch [69/200], Training Loss: 0.3208, Training Accuracy: 74.80%, Validation Loss: 0.4566, Validation Accuracy: 83.94%
4.20189472139086e-05
Epoch [70/200], Training Loss: 0.3072, Training Accuracy: 76.03%, Validation Loss: 0.3968, Validation Accuracy: 83.94%
4.180985749609321e-05
Epoch [71/200], Training Loss: 0.3121, Training Accuracy: 76.70%, Validation Loss: 0.3955, Validation Accuracy: 84.78%
4.159908754783872e-05
Epoch [72/200], Training Loss: 0.3112, Training Accuracy: 76.70%, Validation Loss: 0.3869, Validation Accuracy: 84.30%
4.1386689373476096e-05
Epoch [73/200], Training Loss: 0.3056, Training Accuracy: 76.67%, Validation Loss: 0.4339, Validation Accuracy: 84.54%
4.117271537907663e-05
Epoch [74/200], Training Loss: 0.3046, Training Accuracy: 77.09%, Validation Loss: 0.4085, Validation Accuracy: 84.66%
4.095721835952171e-05
Epoch [75/200], Training Loss: 0.3022, Training Accuracy: 76.60%, Validation Loss: 0.5099, Validation Accuracy: 81.76%
4.074025148547635e-05
Epoch [76/200], Training Loss: 0.3040, Training Accuracy: 76.46%, Validation Loss: 0.4246, Validation Accuracy: 84.78%
4.052186829027017e-05
Epoch [77/200], Training Loss: 0.2939, Training Accuracy: 77.62%, Validation Loss: 0.4103, Validation Accuracy: 85.39%
4.0302122656688864e-05
Epoch [78/200], Training Loss: 0.2978, Training Accuracy: 77.69%, Validation Loss: 0.3978, Validation Accuracy: 85.87%
4.008106880367937e-05
Epoch [79/200], Training Loss: 0.2818, Training Accuracy: 78.72%, Validation Loss: 0.4073, Validation Accuracy: 84.90%
3.985876127297224e-05
Epoch [80/200], Training Loss: 0.2925, Training Accuracy: 78.26%, Validation Loss: 0.4187, Validation Accuracy: 85.02%
3.963525491562421e-05
Epoch [81/200], Training Loss: 0.2835, Training Accuracy: 78.47%, Validation Loss: 0.4328, Validation Accuracy: 83.94%
3.9410604878484564e-05
Epoch [82/200], Training Loss: 0.2861, Training Accuracy: 77.48%, Validation Loss: 0.4554, Validation Accuracy: 83.21%
3.918486659058844e-05
Epoch [83/200], Training Loss: 0.2676, Training Accuracy: 80.06%, Validation Loss: 0.4091, Validation Accuracy: 85.75%
3.89580957494806e-05
Epoch [84/200], Training Loss: 0.2898, Training Accuracy: 78.01%, Validation Loss: 0.4581, Validation Accuracy: 83.21%
3.873034830747282e-05
Epoch [85/200], Training Loss: 0.2827, Training Accuracy: 78.36%, Validation Loss: 0.4507, Validation Accuracy: 83.82%
3.8501680457838584e-05
Epoch [86/200], Training Loss: 0.2662, Training Accuracy: 79.32%, Validation Loss: 0.4868, Validation Accuracy: 81.64%
3.8272148620948145e-05
Epoch [87/200], Training Loss: 0.2694, Training Accuracy: 79.14%, Validation Loss: 0.4034, Validation Accuracy: 87.20%
----------- saving --------------
3.8041809430347696e-05
Epoch [88/200], Training Loss: 0.2668, Training Accuracy: 79.63%, Validation Loss: 0.4358, Validation Accuracy: 84.54%
3.7810719718785876e-05
Epoch [89/200], Training Loss: 0.2717, Training Accuracy: 80.37%, Validation Loss: 0.4326, Validation Accuracy: 86.47%
3.757893650419114e-05
Epoch [90/200], Training Loss: 0.2652, Training Accuracy: 79.10%, Validation Loss: 0.3843, Validation Accuracy: 86.84%
3.734651697560347e-05
Epoch [91/200], Training Loss: 0.2624, Training Accuracy: 79.77%, Validation Loss: 0.4526, Validation Accuracy: 83.21%
3.711351847906374e-05
Epoch [92/200], Training Loss: 0.2510, Training Accuracy: 80.87%, Validation Loss: 0.4342, Validation Accuracy: 83.70%
3.687999850346457e-05
Epoch [93/200], Training Loss: 0.2451, Training Accuracy: 81.04%, Validation Loss: 0.4239, Validation Accuracy: 83.57%
3.6646014666365684e-05
Epoch [94/200], Training Loss: 0.2531, Training Accuracy: 80.37%, Validation Loss: 0.4441, Validation Accuracy: 84.18%
3.641162469977772e-05
Epoch [95/200], Training Loss: 0.2487, Training Accuracy: 81.82%, Validation Loss: 0.4937, Validation Accuracy: 81.64%
3.617688643591768e-05
Epoch [96/200], Training Loss: 0.2492, Training Accuracy: 80.83%, Validation Loss: 0.4532, Validation Accuracy: 84.18%
3.594185779293971e-05
Epoch [97/200], Training Loss: 0.2395, Training Accuracy: 82.10%, Validation Loss: 0.4305, Validation Accuracy: 84.30%
3.5706596760644643e-05
Epoch [98/200], Training Loss: 0.2436, Training Accuracy: 81.08%, Validation Loss: 0.4900, Validation Accuracy: 81.76%
3.547116138617192e-05
Epoch [99/200], Training Loss: 0.2447, Training Accuracy: 81.89%, Validation Loss: 0.5024, Validation Accuracy: 81.28%
3.523560975967731e-05
Epoch [100/200], Training Loss: 0.2323, Training Accuracy: 83.16%, Validation Loss: 0.4434, Validation Accuracy: 83.82%
3.5000000000000004e-05
Epoch [101/200], Training Loss: 0.2413, Training Accuracy: 81.68%, Validation Loss: 0.3969, Validation Accuracy: 85.63%
3.4764390240322696e-05
Epoch [102/200], Training Loss: 0.2312, Training Accuracy: 82.03%, Validation Loss: 0.3991, Validation Accuracy: 84.30%
3.452883861382808e-05
Epoch [103/200], Training Loss: 0.2309, Training Accuracy: 82.17%, Validation Loss: 0.5146, Validation Accuracy: 81.40%
3.4293403239355364e-05
Epoch [104/200], Training Loss: 0.2199, Training Accuracy: 83.27%, Validation Loss: 0.3805, Validation Accuracy: 85.63%
3.40581422070603e-05
Epoch [105/200], Training Loss: 0.2275, Training Accuracy: 83.37%, Validation Loss: 0.4171, Validation Accuracy: 83.94%
3.382311356408233e-05
Epoch [106/200], Training Loss: 0.2109, Training Accuracy: 84.01%, Validation Loss: 0.4844, Validation Accuracy: 82.00%
3.358837530022229e-05
Epoch [107/200], Training Loss: 0.2215, Training Accuracy: 82.92%, Validation Loss: 0.5109, Validation Accuracy: 81.16%
3.335398533363432e-05
Epoch [108/200], Training Loss: 0.2184, Training Accuracy: 83.23%, Validation Loss: 0.4435, Validation Accuracy: 84.18%
3.312000149653544e-05
Epoch [109/200], Training Loss: 0.2201, Training Accuracy: 83.37%, Validation Loss: 0.4236, Validation Accuracy: 85.51%
3.2886481520936266e-05
Epoch [110/200], Training Loss: 0.2202, Training Accuracy: 82.56%, Validation Loss: 0.3978, Validation Accuracy: 85.39%
3.2653483024396536e-05
Epoch [111/200], Training Loss: 0.2130, Training Accuracy: 83.55%, Validation Loss: 0.4199, Validation Accuracy: 84.30%
3.242106349580886e-05
Epoch [112/200], Training Loss: 0.2133, Training Accuracy: 83.83%, Validation Loss: 0.4886, Validation Accuracy: 81.76%
3.218928028121413e-05
Epoch [113/200], Training Loss: 0.1975, Training Accuracy: 84.65%, Validation Loss: 0.4430, Validation Accuracy: 83.82%
3.195819056965232e-05
Epoch [114/200], Training Loss: 0.2042, Training Accuracy: 84.40%, Validation Loss: 0.4417, Validation Accuracy: 83.82%
3.172785137905187e-05
Epoch [115/200], Training Loss: 0.2108, Training Accuracy: 83.97%, Validation Loss: 0.4038, Validation Accuracy: 85.02%
3.149831954216142e-05
Epoch [116/200], Training Loss: 0.2055, Training Accuracy: 84.65%, Validation Loss: 0.4205, Validation Accuracy: 84.18%
3.126965169252718e-05
Epoch [117/200], Training Loss: 0.1957, Training Accuracy: 85.25%, Validation Loss: 0.4557, Validation Accuracy: 83.21%
3.104190425051941e-05
Epoch [118/200], Training Loss: 0.1973, Training Accuracy: 84.72%, Validation Loss: 0.4156, Validation Accuracy: 84.18%
3.0815133409411565e-05
Epoch [119/200], Training Loss: 0.1945, Training Accuracy: 84.72%, Validation Loss: 0.4104, Validation Accuracy: 85.39%
3.0589395121515443e-05
Epoch [120/200], Training Loss: 0.1903, Training Accuracy: 85.42%, Validation Loss: 0.4546, Validation Accuracy: 83.45%
3.0364745084375795e-05
Epoch [121/200], Training Loss: 0.1969, Training Accuracy: 84.65%, Validation Loss: 0.4559, Validation Accuracy: 83.21%
3.0141238727027758e-05
Epoch [122/200], Training Loss: 0.1916, Training Accuracy: 85.46%, Validation Loss: 0.4190, Validation Accuracy: 84.90%
2.991893119632063e-05
Epoch [123/200], Training Loss: 0.1856, Training Accuracy: 85.81%, Validation Loss: 0.4195, Validation Accuracy: 84.06%
2.9697877343311147e-05
Epoch [124/200], Training Loss: 0.1949, Training Accuracy: 84.36%, Validation Loss: 0.4295, Validation Accuracy: 84.30%
2.9478131709729838e-05
Epoch [125/200], Training Loss: 0.1755, Training Accuracy: 85.46%, Validation Loss: 0.4714, Validation Accuracy: 83.21%
2.9259748514523657e-05
Epoch [126/200], Training Loss: 0.1864, Training Accuracy: 85.63%, Validation Loss: 0.5040, Validation Accuracy: 82.49%
2.9042781640478292e-05
Epoch [127/200], Training Loss: 0.1846, Training Accuracy: 84.96%, Validation Loss: 0.4411, Validation Accuracy: 84.06%
2.882728462092337e-05
Epoch [128/200], Training Loss: 0.1863, Training Accuracy: 85.70%, Validation Loss: 0.4600, Validation Accuracy: 83.33%
2.861331062652391e-05
Epoch [129/200], Training Loss: 0.1718, Training Accuracy: 87.36%, Validation Loss: 0.4506, Validation Accuracy: 84.18%
2.8400912452161272e-05
Epoch [130/200], Training Loss: 0.1778, Training Accuracy: 85.99%, Validation Loss: 0.4184, Validation Accuracy: 84.54%
2.81901425039068e-05
Epoch [131/200], Training Loss: 0.1763, Training Accuracy: 86.76%, Validation Loss: 0.4317, Validation Accuracy: 84.66%
2.7981052786091404e-05
Epoch [132/200], Training Loss: 0.1668, Training Accuracy: 87.08%, Validation Loss: 0.4645, Validation Accuracy: 83.09%
2.777369488847427e-05
Epoch [133/200], Training Loss: 0.1696, Training Accuracy: 86.80%, Validation Loss: 0.4359, Validation Accuracy: 84.18%
2.756811997351389e-05
Epoch [134/200], Training Loss: 0.1606, Training Accuracy: 88.21%, Validation Loss: 0.4278, Validation Accuracy: 84.66%
2.7364378763744433e-05
Epoch [135/200], Training Loss: 0.1573, Training Accuracy: 87.65%, Validation Loss: 0.4704, Validation Accuracy: 82.61%
2.7162521529260772e-05
Epoch [136/200], Training Loss: 0.1714, Training Accuracy: 86.87%, Validation Loss: 0.4501, Validation Accuracy: 83.70%
2.696259807531505e-05
Epoch [137/200], Training Loss: 0.1681, Training Accuracy: 86.97%, Validation Loss: 0.4402, Validation Accuracy: 85.27%
2.6764657730028024e-05
Epoch [138/200], Training Loss: 0.1647, Training Accuracy: 87.26%, Validation Loss: 0.4302, Validation Accuracy: 84.30%
2.656874933221804e-05
Epoch [139/200], Training Loss: 0.1676, Training Accuracy: 86.94%, Validation Loss: 0.4274, Validation Accuracy: 84.54%
2.6374921219350825e-05
Epoch [140/200], Training Loss: 0.1646, Training Accuracy: 87.96%, Validation Loss: 0.4822, Validation Accuracy: 82.00%
2.6183221215612905e-05
Epoch [141/200], Training Loss: 0.1587, Training Accuracy: 88.60%, Validation Loss: 0.3915, Validation Accuracy: 85.39%
2.5993696620111744e-05
Epoch [142/200], Training Loss: 0.1508, Training Accuracy: 88.60%, Validation Loss: 0.4123, Validation Accuracy: 84.30%
2.5806394195205354e-05
Epoch [143/200], Training Loss: 0.1457, Training Accuracy: 88.95%, Validation Loss: 0.4521, Validation Accuracy: 84.54%
2.5621360154964423e-05
Epoch [144/200], Training Loss: 0.1561, Training Accuracy: 88.00%, Validation Loss: 0.4603, Validation Accuracy: 83.33%
2.5438640153769657e-05
Epoch [145/200], Training Loss: 0.1511, Training Accuracy: 88.85%, Validation Loss: 0.4636, Validation Accuracy: 83.70%
2.525827927504725e-05
Epoch [146/200], Training Loss: 0.1518, Training Accuracy: 88.10%, Validation Loss: 0.4889, Validation Accuracy: 82.37%
2.5080322020145226e-05
Epoch [147/200], Training Loss: 0.1525, Training Accuracy: 88.35%, Validation Loss: 0.4197, Validation Accuracy: 84.90%
2.49048122973534e-05
Epoch [148/200], Training Loss: 0.1510, Training Accuracy: 88.42%, Validation Loss: 0.4994, Validation Accuracy: 82.85%
2.473179341106967e-05
Epoch [149/200], Training Loss: 0.1496, Training Accuracy: 88.56%, Validation Loss: 0.4498, Validation Accuracy: 84.18%
2.4561308051115287e-05
Epoch [150/200], Training Loss: 0.1385, Training Accuracy: 89.48%, Validation Loss: 0.4344, Validation Accuracy: 84.18%
2.439339828220179e-05
Epoch [151/200], Training Loss: 0.1389, Training Accuracy: 89.69%, Validation Loss: 0.4830, Validation Accuracy: 82.61%
2.4228105533552172e-05
Epoch [152/200], Training Loss: 0.1428, Training Accuracy: 88.53%, Validation Loss: 0.5088, Validation Accuracy: 82.25%
2.406547058867883e-05
Epoch [153/200], Training Loss: 0.1387, Training Accuracy: 89.06%, Validation Loss: 0.4644, Validation Accuracy: 84.54%
2.3905533575320855e-05
Epoch [154/200], Training Loss: 0.1391, Training Accuracy: 88.95%, Validation Loss: 0.5120, Validation Accuracy: 82.37%
2.3748333955543107e-05
Epoch [155/200], Training Loss: 0.1503, Training Accuracy: 88.92%, Validation Loss: 0.4983, Validation Accuracy: 82.25%
2.3593910515999538e-05
Epoch [156/200], Training Loss: 0.1386, Training Accuracy: 89.62%, Validation Loss: 0.4409, Validation Accuracy: 84.30%
2.3442301358363164e-05
Epoch [157/200], Training Loss: 0.1287, Training Accuracy: 90.43%, Validation Loss: 0.5569, Validation Accuracy: 81.16%
2.3293543889925057e-05
Epoch [158/200], Training Loss: 0.1325, Training Accuracy: 89.41%, Validation Loss: 0.4988, Validation Accuracy: 82.37%
2.3147674814364646e-05
Epoch [159/200], Training Loss: 0.1322, Training Accuracy: 90.26%, Validation Loss: 0.4400, Validation Accuracy: 84.06%
2.3004730122693643e-05
Epoch [160/200], Training Loss: 0.1260, Training Accuracy: 90.82%, Validation Loss: 0.4563, Validation Accuracy: 83.57%
2.2864745084375792e-05
Epoch [161/200], Training Loss: 0.1285, Training Accuracy: 90.72%, Validation Loss: 0.4471, Validation Accuracy: 84.06%
2.2727754238624652e-05
Epoch [162/200], Training Loss: 0.1357, Training Accuracy: 90.22%, Validation Loss: 0.4580, Validation Accuracy: 83.82%
2.2593791385881576e-05
Epoch [163/200], Training Loss: 0.1324, Training Accuracy: 90.47%, Validation Loss: 0.4210, Validation Accuracy: 84.90%
2.2462889579475952e-05
Epoch [164/200], Training Loss: 0.1346, Training Accuracy: 89.69%, Validation Loss: 0.4464, Validation Accuracy: 84.30%
2.233508111746978e-05
Epoch [165/200], Training Loss: 0.1189, Training Accuracy: 91.35%, Validation Loss: 0.4624, Validation Accuracy: 83.33%
2.221039753468862e-05
Epoch [166/200], Training Loss: 0.1166, Training Accuracy: 91.18%, Validation Loss: 0.4407, Validation Accuracy: 84.18%
2.2088869594940844e-05
Epoch [167/200], Training Loss: 0.1229, Training Accuracy: 91.46%, Validation Loss: 0.4079, Validation Accuracy: 85.39%
2.197052728342713e-05
Epoch [168/200], Training Loss: 0.1234, Training Accuracy: 90.40%, Validation Loss: 0.4759, Validation Accuracy: 83.09%
2.185539979934205e-05
Epoch [169/200], Training Loss: 0.1290, Training Accuracy: 90.15%, Validation Loss: 0.4757, Validation Accuracy: 83.33%
2.17435155486696e-05
Epoch [170/200], Training Loss: 0.1124, Training Accuracy: 90.36%, Validation Loss: 0.4860, Validation Accuracy: 82.97%
2.1634902137174486e-05
Epoch [171/200], Training Loss: 0.1225, Training Accuracy: 90.43%, Validation Loss: 0.4089, Validation Accuracy: 85.63%
2.152958636359077e-05
Epoch [172/200], Training Loss: 0.1106, Training Accuracy: 91.42%, Validation Loss: 0.4745, Validation Accuracy: 83.70%
2.1427594213009713e-05
Epoch [173/200], Training Loss: 0.1124, Training Accuracy: 91.67%, Validation Loss: 0.4706, Validation Accuracy: 83.57%
2.1328950850468325e-05
Epoch [174/200], Training Loss: 0.1185, Training Accuracy: 91.46%, Validation Loss: 0.4955, Validation Accuracy: 82.61%
2.123368061474029e-05
Epoch [175/200], Training Loss: 0.1079, Training Accuracy: 91.63%, Validation Loss: 0.4626, Validation Accuracy: 83.94%
2.1141807012330703e-05
Epoch [176/200], Training Loss: 0.1106, Training Accuracy: 91.56%, Validation Loss: 0.4563, Validation Accuracy: 83.94%
2.105335271167623e-05
Epoch [177/200], Training Loss: 0.1087, Training Accuracy: 91.81%, Validation Loss: 0.4400, Validation Accuracy: 85.02%
2.096833953755199e-05
Epoch [178/200], Training Loss: 0.1033, Training Accuracy: 91.85%, Validation Loss: 0.4657, Validation Accuracy: 84.18%
2.088678846568662e-05
Epoch [179/200], Training Loss: 0.1045, Training Accuracy: 91.95%, Validation Loss: 0.4420, Validation Accuracy: 84.30%
2.080871961758682e-05
Epoch [180/200], Training Loss: 0.1066, Training Accuracy: 92.13%, Validation Loss: 0.4638, Validation Accuracy: 85.02%
2.0734152255572697e-05
Epoch [181/200], Training Loss: 0.1058, Training Accuracy: 92.09%, Validation Loss: 0.4457, Validation Accuracy: 84.54%
2.066310477802505e-05
Epoch [182/200], Training Loss: 0.1120, Training Accuracy: 91.32%, Validation Loss: 0.4642, Validation Accuracy: 83.09%
2.0595594714845856e-05
Epoch [183/200], Training Loss: 0.1061, Training Accuracy: 91.67%, Validation Loss: 0.4401, Validation Accuracy: 84.90%
2.0531638723133032e-05
Epoch [184/200], Training Loss: 0.1046, Training Accuracy: 91.03%, Validation Loss: 0.5229, Validation Accuracy: 82.61%
2.047125258307054e-05
Epoch [185/200], Training Loss: 0.1018, Training Accuracy: 92.20%, Validation Loss: 0.4796, Validation Accuracy: 84.18%
2.0414451194034853e-05
Epoch [186/200], Training Loss: 0.1116, Training Accuracy: 91.78%, Validation Loss: 0.4962, Validation Accuracy: 83.21%
2.0361248570918792e-05
Epoch [187/200], Training Loss: 0.1099, Training Accuracy: 91.63%, Validation Loss: 0.4604, Validation Accuracy: 83.70%
2.0311657840673515e-05
Epoch [188/200], Training Loss: 0.1140, Training Accuracy: 91.18%, Validation Loss: 0.4760, Validation Accuracy: 83.21%
2.026569123906967e-05
Epoch [189/200], Training Loss: 0.1060, Training Accuracy: 91.85%, Validation Loss: 0.4742, Validation Accuracy: 83.82%
2.0223360107678393e-05
Epoch [190/200], Training Loss: 0.1006, Training Accuracy: 93.08%, Validation Loss: 0.4819, Validation Accuracy: 84.18%
2.0184674891072937e-05
Epoch [191/200], Training Loss: 0.0970, Training Accuracy: 92.41%, Validation Loss: 0.4486, Validation Accuracy: 84.30%
2.014964513425164e-05
Epoch [192/200], Training Loss: 0.1041, Training Accuracy: 91.56%, Validation Loss: 0.4803, Validation Accuracy: 83.33%
2.0118279480282836e-05
Epoch [193/200], Training Loss: 0.0970, Training Accuracy: 91.92%, Validation Loss: 0.4636, Validation Accuracy: 84.30%
2.0090585668172307e-05
Epoch [194/200], Training Loss: 0.0940, Training Accuracy: 93.15%, Validation Loss: 0.4957, Validation Accuracy: 83.21%
2.00665705309538e-05
Epoch [195/200], Training Loss: 0.0906, Training Accuracy: 93.58%, Validation Loss: 0.4778, Validation Accuracy: 83.45%
2.0046239994003082e-05
Epoch [196/200], Training Loss: 0.0965, Training Accuracy: 92.66%, Validation Loss: 0.4506, Validation Accuracy: 84.18%
2.0029599073575927e-05
Epoch [197/200], Training Loss: 0.0968, Training Accuracy: 92.30%, Validation Loss: 0.4730, Validation Accuracy: 84.18%
2.0016651875570453e-05
Epoch [198/200], Training Loss: 0.0971, Training Accuracy: 93.47%, Validation Loss: 0.5108, Validation Accuracy: 82.49%
2.000740159451403e-05
Epoch [199/200], Training Loss: 0.0917, Training Accuracy: 93.12%, Validation Loss: 0.4558, Validation Accuracy: 84.78%
2.0001850512775094e-05
Epoch [200/200], Training Loss: 0.0966, Training Accuracy: 92.73%, Validation Loss: 0.4390, Validation Accuracy: 85.87%
Training time 2:34:34
