Args parsed
Training HDKD model from weighted loss teacher and weighted loss student (Full data analysis)

Validating the train path:/home/micml/25m0764/MIC_project/final_dataset/dataset_600/train
Validating the train path:/home/micml/25m0764/MIC_project/final_dataset/dataset_600/test
Train size: 2833
Test size: 828
Creating model: HDKD
Model created
The HDKD has number of params = 3727288
Using weighted loss function for training
Starting training
2e-05
Epoch [1/200], Training Loss: 591.6934, Training Accuracy: 25.59%, Validation Loss: 1.4851, Validation Accuracy: 59.30%
----------- saving --------------
2.6000000000000002e-05
Epoch [2/200], Training Loss: 496.6876, Training Accuracy: 31.27%, Validation Loss: 1.1529, Validation Accuracy: 75.97%
----------- saving --------------
3.2000000000000005e-05
Epoch [3/200], Training Loss: 431.4705, Training Accuracy: 37.73%, Validation Loss: 0.9933, Validation Accuracy: 74.76%
3.8e-05
Epoch [4/200], Training Loss: 383.0931, Training Accuracy: 40.56%, Validation Loss: 0.7388, Validation Accuracy: 79.35%
----------- saving --------------
4.4e-05
Epoch [5/200], Training Loss: 346.8510, Training Accuracy: 43.45%, Validation Loss: 0.7256, Validation Accuracy: 76.57%
4.9953760005996925e-05
Epoch [6/200], Training Loss: 319.3726, Training Accuracy: 45.68%, Validation Loss: 0.8342, Validation Accuracy: 74.64%
4.993342946904621e-05
Epoch [7/200], Training Loss: 297.7840, Training Accuracy: 47.79%, Validation Loss: 0.6818, Validation Accuracy: 77.17%
4.9909414331827703e-05
Epoch [8/200], Training Loss: 281.3628, Training Accuracy: 50.26%, Validation Loss: 0.5622, Validation Accuracy: 81.64%
----------- saving --------------
4.988172051971717e-05
Epoch [9/200], Training Loss: 268.0407, Training Accuracy: 49.77%, Validation Loss: 0.6487, Validation Accuracy: 80.31%
4.9850354865748364e-05
Epoch [10/200], Training Loss: 255.2568, Training Accuracy: 53.27%, Validation Loss: 0.5826, Validation Accuracy: 81.40%
4.981532510892707e-05
Epoch [11/200], Training Loss: 245.2226, Training Accuracy: 54.99%, Validation Loss: 0.6571, Validation Accuracy: 78.99%
4.977663989232161e-05
Epoch [12/200], Training Loss: 234.0801, Training Accuracy: 54.57%, Validation Loss: 0.5203, Validation Accuracy: 82.73%
----------- saving --------------
4.973430876093034e-05
Epoch [13/200], Training Loss: 225.3497, Training Accuracy: 57.04%, Validation Loss: 0.5564, Validation Accuracy: 81.28%
4.968834215932649e-05
Epoch [14/200], Training Loss: 216.1897, Training Accuracy: 57.96%, Validation Loss: 0.5409, Validation Accuracy: 81.88%
4.963875142908122e-05
Epoch [15/200], Training Loss: 208.5761, Training Accuracy: 58.63%, Validation Loss: 0.6228, Validation Accuracy: 78.99%
4.958554880596515e-05
Epoch [16/200], Training Loss: 200.7973, Training Accuracy: 59.76%, Validation Loss: 0.4593, Validation Accuracy: 84.30%
----------- saving --------------
4.952874741692947e-05
Epoch [17/200], Training Loss: 194.6499, Training Accuracy: 61.81%, Validation Loss: 0.4513, Validation Accuracy: 84.42%
----------- saving --------------
4.946836127686698e-05
Epoch [18/200], Training Loss: 187.7759, Training Accuracy: 62.37%, Validation Loss: 0.4398, Validation Accuracy: 84.30%
4.940440528515415e-05
Epoch [19/200], Training Loss: 182.1369, Training Accuracy: 62.94%, Validation Loss: 0.4171, Validation Accuracy: 85.75%
----------- saving --------------
4.933689522197495e-05
Epoch [20/200], Training Loss: 177.8793, Training Accuracy: 63.85%, Validation Loss: 0.5155, Validation Accuracy: 81.28%
4.926584774442731e-05
Epoch [21/200], Training Loss: 172.3743, Training Accuracy: 64.95%, Validation Loss: 0.4357, Validation Accuracy: 84.66%
4.919128038241318e-05
Epoch [22/200], Training Loss: 168.7394, Training Accuracy: 64.70%, Validation Loss: 0.4618, Validation Accuracy: 83.82%
4.9113211534313383e-05
Epoch [23/200], Training Loss: 165.3190, Training Accuracy: 66.93%, Validation Loss: 0.4373, Validation Accuracy: 84.30%
4.9031660462448016e-05
Epoch [24/200], Training Loss: 161.3673, Training Accuracy: 66.01%, Validation Loss: 0.4580, Validation Accuracy: 83.70%
4.894664728832377e-05
Epoch [25/200], Training Loss: 157.0075, Training Accuracy: 66.82%, Validation Loss: 0.3942, Validation Accuracy: 86.23%
----------- saving --------------
4.88581929876693e-05
Epoch [26/200], Training Loss: 154.2310, Training Accuracy: 66.43%, Validation Loss: 0.4162, Validation Accuracy: 85.51%
4.876631938525972e-05
Epoch [27/200], Training Loss: 151.3737, Training Accuracy: 68.44%, Validation Loss: 0.4249, Validation Accuracy: 85.14%
4.8671049149531676e-05
Epoch [28/200], Training Loss: 148.4665, Training Accuracy: 68.30%, Validation Loss: 0.3788, Validation Accuracy: 86.84%
----------- saving --------------
4.8572405786990295e-05
Epoch [29/200], Training Loss: 146.0003, Training Accuracy: 67.28%, Validation Loss: 0.3998, Validation Accuracy: 84.90%
4.847041363640924e-05
Epoch [30/200], Training Loss: 143.9981, Training Accuracy: 68.51%, Validation Loss: 0.3682, Validation Accuracy: 86.84%
4.836509786282552e-05
Epoch [31/200], Training Loss: 141.5146, Training Accuracy: 69.64%, Validation Loss: 0.4328, Validation Accuracy: 83.94%
4.8256484451330404e-05
Epoch [32/200], Training Loss: 139.4640, Training Accuracy: 68.51%, Validation Loss: 0.3615, Validation Accuracy: 87.56%
----------- saving --------------
4.814460020065795e-05
Epoch [33/200], Training Loss: 136.3645, Training Accuracy: 69.96%, Validation Loss: 0.3705, Validation Accuracy: 87.08%
4.802947271657287e-05
Epoch [34/200], Training Loss: 134.8754, Training Accuracy: 69.78%, Validation Loss: 0.4255, Validation Accuracy: 84.18%
4.7911130405059156e-05
Epoch [35/200], Training Loss: 133.3190, Training Accuracy: 69.61%, Validation Loss: 0.4387, Validation Accuracy: 83.45%
4.778960246531139e-05
Epoch [36/200], Training Loss: 131.2979, Training Accuracy: 70.74%, Validation Loss: 0.4089, Validation Accuracy: 84.54%
4.766491888253023e-05
Epoch [37/200], Training Loss: 129.9369, Training Accuracy: 70.70%, Validation Loss: 0.4018, Validation Accuracy: 84.78%
4.753711042052406e-05
Epoch [38/200], Training Loss: 128.4481, Training Accuracy: 71.44%, Validation Loss: 0.3893, Validation Accuracy: 86.35%
4.7406208614118425e-05
Epoch [39/200], Training Loss: 127.2581, Training Accuracy: 70.00%, Validation Loss: 0.3673, Validation Accuracy: 87.20%
4.727224576137535e-05
Epoch [40/200], Training Loss: 125.5742, Training Accuracy: 70.53%, Validation Loss: 0.3644, Validation Accuracy: 86.84%
4.7135254915624215e-05
Epoch [41/200], Training Loss: 123.8510, Training Accuracy: 71.55%, Validation Loss: 0.3623, Validation Accuracy: 85.75%
4.699526987730636e-05
Epoch [42/200], Training Loss: 122.9190, Training Accuracy: 71.34%, Validation Loss: 0.4000, Validation Accuracy: 85.75%
4.6852325185635355e-05
Epoch [43/200], Training Loss: 121.4851, Training Accuracy: 72.22%, Validation Loss: 0.3574, Validation Accuracy: 87.56%
4.6706456110074944e-05
Epoch [44/200], Training Loss: 119.4751, Training Accuracy: 71.80%, Validation Loss: 0.4777, Validation Accuracy: 82.73%
4.655769864163684e-05
Epoch [45/200], Training Loss: 117.9177, Training Accuracy: 71.83%, Validation Loss: 0.3566, Validation Accuracy: 86.71%
4.6406089484000467e-05
Epoch [46/200], Training Loss: 117.5848, Training Accuracy: 72.33%, Validation Loss: 0.4490, Validation Accuracy: 83.21%
4.6251666044456894e-05
Epoch [47/200], Training Loss: 116.3744, Training Accuracy: 72.79%, Validation Loss: 0.4051, Validation Accuracy: 84.78%
4.609446642467915e-05
Epoch [48/200], Training Loss: 115.0795, Training Accuracy: 73.56%, Validation Loss: 0.3949, Validation Accuracy: 85.63%
4.5934529411321176e-05
Epoch [49/200], Training Loss: 113.9102, Training Accuracy: 70.84%, Validation Loss: 0.3467, Validation Accuracy: 87.68%
----------- saving --------------
4.5771894466447835e-05
Epoch [50/200], Training Loss: 112.4191, Training Accuracy: 72.50%, Validation Loss: 0.3874, Validation Accuracy: 85.51%
4.560660171779821e-05
Epoch [51/200], Training Loss: 111.5937, Training Accuracy: 73.03%, Validation Loss: 0.4136, Validation Accuracy: 84.90%
4.543869194888471e-05
Epoch [52/200], Training Loss: 110.6205, Training Accuracy: 73.03%, Validation Loss: 0.3668, Validation Accuracy: 86.35%
4.526820658893033e-05
Epoch [53/200], Training Loss: 110.4556, Training Accuracy: 73.24%, Validation Loss: 0.3935, Validation Accuracy: 84.18%
4.50951877026466e-05
Epoch [54/200], Training Loss: 109.0989, Training Accuracy: 73.91%, Validation Loss: 0.4721, Validation Accuracy: 82.85%
4.491967797985478e-05
Epoch [55/200], Training Loss: 108.2401, Training Accuracy: 73.24%, Validation Loss: 0.3939, Validation Accuracy: 84.78%
4.474172072495276e-05
Epoch [56/200], Training Loss: 107.6460, Training Accuracy: 74.06%, Validation Loss: 0.3719, Validation Accuracy: 85.14%
4.456135984623035e-05
Epoch [57/200], Training Loss: 105.8132, Training Accuracy: 74.02%, Validation Loss: 0.3344, Validation Accuracy: 87.56%
4.4378639845035585e-05
Epoch [58/200], Training Loss: 105.5371, Training Accuracy: 74.41%, Validation Loss: 0.3974, Validation Accuracy: 85.14%
4.419360580479465e-05
Epoch [59/200], Training Loss: 105.2774, Training Accuracy: 74.51%, Validation Loss: 0.3433, Validation Accuracy: 87.44%
4.400630337988827e-05
Epoch [60/200], Training Loss: 103.7819, Training Accuracy: 75.75%, Validation Loss: 0.4040, Validation Accuracy: 85.39%
4.3816778784387106e-05
Epoch [61/200], Training Loss: 102.8829, Training Accuracy: 74.87%, Validation Loss: 0.3875, Validation Accuracy: 85.51%
4.362507878064918e-05
Epoch [62/200], Training Loss: 102.5983, Training Accuracy: 74.16%, Validation Loss: 0.3760, Validation Accuracy: 85.87%
4.343125066778197e-05
Epoch [63/200], Training Loss: 102.0222, Training Accuracy: 75.33%, Validation Loss: 0.4595, Validation Accuracy: 83.21%
4.323534226997198e-05
Epoch [64/200], Training Loss: 100.4147, Training Accuracy: 75.15%, Validation Loss: 0.3866, Validation Accuracy: 84.90%
4.3037401924684955e-05
Epoch [65/200], Training Loss: 100.2391, Training Accuracy: 75.19%, Validation Loss: 0.3592, Validation Accuracy: 87.44%
4.2837478470739236e-05
Epoch [66/200], Training Loss: 99.8088, Training Accuracy: 75.50%, Validation Loss: 0.3848, Validation Accuracy: 86.35%
4.263562123625557e-05
Epoch [67/200], Training Loss: 99.2632, Training Accuracy: 73.70%, Validation Loss: 0.4058, Validation Accuracy: 84.66%
4.243188002648612e-05
Epoch [68/200], Training Loss: 98.1354, Training Accuracy: 75.79%, Validation Loss: 0.4004, Validation Accuracy: 84.90%
4.222630511152573e-05
Epoch [69/200], Training Loss: 97.6403, Training Accuracy: 75.29%, Validation Loss: 0.4196, Validation Accuracy: 83.82%
4.20189472139086e-05
Epoch [70/200], Training Loss: 96.6829, Training Accuracy: 75.79%, Validation Loss: 0.3851, Validation Accuracy: 85.51%
4.180985749609321e-05
Epoch [71/200], Training Loss: 96.1991, Training Accuracy: 76.14%, Validation Loss: 0.3617, Validation Accuracy: 87.20%
4.159908754783872e-05
Epoch [72/200], Training Loss: 95.9743, Training Accuracy: 75.22%, Validation Loss: 0.3347, Validation Accuracy: 88.29%
----------- saving --------------
4.1386689373476096e-05
Epoch [73/200], Training Loss: 95.6492, Training Accuracy: 76.31%, Validation Loss: 0.4059, Validation Accuracy: 84.78%
4.117271537907663e-05
Epoch [74/200], Training Loss: 94.5669, Training Accuracy: 76.00%, Validation Loss: 0.3508, Validation Accuracy: 86.47%
4.095721835952171e-05
Epoch [75/200], Training Loss: 95.1298, Training Accuracy: 76.21%, Validation Loss: 0.3573, Validation Accuracy: 86.71%
4.074025148547635e-05
Epoch [76/200], Training Loss: 93.8010, Training Accuracy: 75.82%, Validation Loss: 0.3829, Validation Accuracy: 85.14%
4.052186829027017e-05
Epoch [77/200], Training Loss: 94.1182, Training Accuracy: 77.41%, Validation Loss: 0.3988, Validation Accuracy: 85.14%
4.0302122656688864e-05
Epoch [78/200], Training Loss: 92.8189, Training Accuracy: 75.79%, Validation Loss: 0.3943, Validation Accuracy: 85.63%
4.008106880367937e-05
Epoch [79/200], Training Loss: 92.3142, Training Accuracy: 76.77%, Validation Loss: 0.4235, Validation Accuracy: 84.54%
3.985876127297224e-05
Epoch [80/200], Training Loss: 91.8391, Training Accuracy: 77.41%, Validation Loss: 0.3955, Validation Accuracy: 85.14%
3.963525491562421e-05
Epoch [81/200], Training Loss: 91.4606, Training Accuracy: 76.56%, Validation Loss: 0.3912, Validation Accuracy: 84.78%
3.9410604878484564e-05
Epoch [82/200], Training Loss: 90.7134, Training Accuracy: 77.16%, Validation Loss: 0.3775, Validation Accuracy: 86.59%
3.918486659058844e-05
Epoch [83/200], Training Loss: 90.6837, Training Accuracy: 77.52%, Validation Loss: 0.3973, Validation Accuracy: 84.66%
3.89580957494806e-05
Epoch [84/200], Training Loss: 90.0823, Training Accuracy: 77.66%, Validation Loss: 0.3763, Validation Accuracy: 86.11%
3.873034830747282e-05
Epoch [85/200], Training Loss: 90.0232, Training Accuracy: 76.49%, Validation Loss: 0.3281, Validation Accuracy: 88.89%
----------- saving --------------
3.8501680457838584e-05
Epoch [86/200], Training Loss: 89.4166, Training Accuracy: 77.41%, Validation Loss: 0.3758, Validation Accuracy: 86.71%
3.8272148620948145e-05
Epoch [87/200], Training Loss: 88.8596, Training Accuracy: 77.87%, Validation Loss: 0.4233, Validation Accuracy: 84.06%
3.8041809430347696e-05
Epoch [88/200], Training Loss: 88.3183, Training Accuracy: 77.20%, Validation Loss: 0.3587, Validation Accuracy: 87.20%
3.7810719718785876e-05
Epoch [89/200], Training Loss: 88.1051, Training Accuracy: 78.01%, Validation Loss: 0.3859, Validation Accuracy: 86.96%
3.757893650419114e-05
Epoch [90/200], Training Loss: 87.9142, Training Accuracy: 77.90%, Validation Loss: 0.4222, Validation Accuracy: 84.42%
3.734651697560347e-05
Epoch [91/200], Training Loss: 87.0451, Training Accuracy: 78.68%, Validation Loss: 0.3814, Validation Accuracy: 86.71%
3.711351847906374e-05
Epoch [92/200], Training Loss: 86.8892, Training Accuracy: 78.86%, Validation Loss: 0.3736, Validation Accuracy: 87.20%
3.687999850346457e-05
Epoch [93/200], Training Loss: 86.6018, Training Accuracy: 77.30%, Validation Loss: 0.3688, Validation Accuracy: 86.59%
3.6646014666365684e-05
Epoch [94/200], Training Loss: 86.0834, Training Accuracy: 79.03%, Validation Loss: 0.3870, Validation Accuracy: 85.99%
3.641162469977772e-05
Epoch [95/200], Training Loss: 85.7267, Training Accuracy: 79.10%, Validation Loss: 0.3751, Validation Accuracy: 86.11%
3.617688643591768e-05
Epoch [96/200], Training Loss: 85.1603, Training Accuracy: 79.17%, Validation Loss: 0.3749, Validation Accuracy: 86.59%
3.594185779293971e-05
Epoch [97/200], Training Loss: 85.1519, Training Accuracy: 78.72%, Validation Loss: 0.4261, Validation Accuracy: 85.39%
3.5706596760644643e-05
Epoch [98/200], Training Loss: 84.6988, Training Accuracy: 78.64%, Validation Loss: 0.3480, Validation Accuracy: 88.04%
3.547116138617192e-05
Epoch [99/200], Training Loss: 84.3804, Training Accuracy: 78.79%, Validation Loss: 0.3807, Validation Accuracy: 85.99%
3.523560975967731e-05
Epoch [100/200], Training Loss: 83.6685, Training Accuracy: 80.66%, Validation Loss: 0.3976, Validation Accuracy: 85.87%
