Args parsed
Training teacher model with transformer (Full data analysis)

Validating the train path:/home/micml/25m0764/MIC_project/final_dataset/dataset_600/train
Validating the train path:/home/micml/25m0764/MIC_project/final_dataset/dataset_600/test
Train size: 2833
Test size: 828
Creating model: student_model
Creating model with num_blocks:(6, 6, 9, 3)
Model created
The student_model has number of params = 6540421
Using weighted loss function for training
Starting training
2e-05
Epoch [1/200], Training Loss: 1.8672, Training Accuracy: 25.87%, Validation Loss: 1.2284, Validation Accuracy: 68.48%
----------- saving --------------
2.6000000000000002e-05
Epoch [2/200], Training Loss: 1.6967, Training Accuracy: 34.38%, Validation Loss: 1.3270, Validation Accuracy: 59.78%
3.2000000000000005e-05
Epoch [3/200], Training Loss: 1.5258, Training Accuracy: 40.20%, Validation Loss: 0.8822, Validation Accuracy: 72.10%
----------- saving --------------
3.8e-05
Epoch [4/200], Training Loss: 1.4456, Training Accuracy: 41.55%, Validation Loss: 0.7921, Validation Accuracy: 70.65%
4.4e-05
Epoch [5/200], Training Loss: 1.3832, Training Accuracy: 44.90%, Validation Loss: 1.1484, Validation Accuracy: 59.18%
4.9953760005996925e-05
Epoch [6/200], Training Loss: 1.3683, Training Accuracy: 45.61%, Validation Loss: 0.8040, Validation Accuracy: 73.19%
----------- saving --------------
4.993342946904621e-05
Epoch [7/200], Training Loss: 1.3425, Training Accuracy: 46.28%, Validation Loss: 0.6657, Validation Accuracy: 77.05%
----------- saving --------------
4.9909414331827703e-05
Epoch [8/200], Training Loss: 1.3063, Training Accuracy: 46.91%, Validation Loss: 0.9772, Validation Accuracy: 65.58%
4.988172051971717e-05
Epoch [9/200], Training Loss: 1.2442, Training Accuracy: 50.62%, Validation Loss: 0.6595, Validation Accuracy: 74.88%
4.9850354865748364e-05
Epoch [10/200], Training Loss: 1.2108, Training Accuracy: 50.26%, Validation Loss: 0.8757, Validation Accuracy: 69.44%
4.981532510892707e-05
Epoch [11/200], Training Loss: 1.2011, Training Accuracy: 50.97%, Validation Loss: 0.7462, Validation Accuracy: 71.62%
4.977663989232161e-05
Epoch [12/200], Training Loss: 1.1726, Training Accuracy: 52.24%, Validation Loss: 0.6867, Validation Accuracy: 74.40%
4.973430876093034e-05
Epoch [13/200], Training Loss: 1.1177, Training Accuracy: 54.75%, Validation Loss: 0.7156, Validation Accuracy: 75.24%
4.968834215932649e-05
Epoch [14/200], Training Loss: 1.0941, Training Accuracy: 55.38%, Validation Loss: 0.6495, Validation Accuracy: 77.54%
----------- saving --------------
4.963875142908122e-05
Epoch [15/200], Training Loss: 1.0691, Training Accuracy: 55.52%, Validation Loss: 0.6718, Validation Accuracy: 77.90%
----------- saving --------------
4.958554880596515e-05
Epoch [16/200], Training Loss: 1.0500, Training Accuracy: 55.81%, Validation Loss: 0.6407, Validation Accuracy: 78.14%
----------- saving --------------
4.952874741692947e-05
Epoch [17/200], Training Loss: 1.0215, Training Accuracy: 56.87%, Validation Loss: 0.6296, Validation Accuracy: 76.69%
4.946836127686698e-05
Epoch [18/200], Training Loss: 1.0224, Training Accuracy: 57.39%, Validation Loss: 0.7377, Validation Accuracy: 72.22%
4.940440528515415e-05
Epoch [19/200], Training Loss: 1.0105, Training Accuracy: 56.94%, Validation Loss: 0.9716, Validation Accuracy: 64.61%
4.933689522197495e-05
Epoch [20/200], Training Loss: 0.9621, Training Accuracy: 59.27%, Validation Loss: 0.4980, Validation Accuracy: 81.88%
----------- saving --------------
4.926584774442731e-05
Epoch [21/200], Training Loss: 0.9418, Training Accuracy: 60.61%, Validation Loss: 0.6516, Validation Accuracy: 76.09%
4.919128038241318e-05
Epoch [22/200], Training Loss: 0.9438, Training Accuracy: 60.18%, Validation Loss: 0.6221, Validation Accuracy: 77.54%
4.9113211534313383e-05
Epoch [23/200], Training Loss: 0.9338, Training Accuracy: 61.14%, Validation Loss: 0.6019, Validation Accuracy: 78.38%
4.9031660462448016e-05
Epoch [24/200], Training Loss: 0.9461, Training Accuracy: 60.29%, Validation Loss: 0.5854, Validation Accuracy: 77.17%
4.894664728832377e-05
Epoch [25/200], Training Loss: 0.9194, Training Accuracy: 61.14%, Validation Loss: 0.5505, Validation Accuracy: 78.62%
4.88581929876693e-05
Epoch [26/200], Training Loss: 0.8777, Training Accuracy: 63.04%, Validation Loss: 0.5480, Validation Accuracy: 79.23%
4.876631938525972e-05
Epoch [27/200], Training Loss: 0.8558, Training Accuracy: 62.30%, Validation Loss: 0.5541, Validation Accuracy: 80.31%
4.8671049149531676e-05
Epoch [28/200], Training Loss: 0.8635, Training Accuracy: 62.23%, Validation Loss: 0.6012, Validation Accuracy: 77.54%
4.8572405786990295e-05
Epoch [29/200], Training Loss: 0.8818, Training Accuracy: 61.63%, Validation Loss: 0.7157, Validation Accuracy: 71.50%
4.847041363640924e-05
Epoch [30/200], Training Loss: 0.8459, Training Accuracy: 64.07%, Validation Loss: 0.6767, Validation Accuracy: 73.19%
4.836509786282552e-05
Epoch [31/200], Training Loss: 0.8128, Training Accuracy: 63.61%, Validation Loss: 0.6194, Validation Accuracy: 77.42%
4.8256484451330404e-05
Epoch [32/200], Training Loss: 0.8008, Training Accuracy: 64.21%, Validation Loss: 0.4807, Validation Accuracy: 81.52%
4.814460020065795e-05
Epoch [33/200], Training Loss: 0.7850, Training Accuracy: 65.34%, Validation Loss: 0.4980, Validation Accuracy: 83.09%
----------- saving --------------
4.802947271657287e-05
Epoch [34/200], Training Loss: 0.7984, Training Accuracy: 65.51%, Validation Loss: 0.6921, Validation Accuracy: 73.79%
4.7911130405059156e-05
Epoch [35/200], Training Loss: 0.8011, Training Accuracy: 65.02%, Validation Loss: 0.4620, Validation Accuracy: 82.73%
4.778960246531139e-05
Epoch [36/200], Training Loss: 0.7568, Training Accuracy: 65.90%, Validation Loss: 0.5854, Validation Accuracy: 78.86%
4.766491888253023e-05
Epoch [37/200], Training Loss: 0.7519, Training Accuracy: 67.00%, Validation Loss: 0.5860, Validation Accuracy: 79.23%
4.753711042052406e-05
Epoch [38/200], Training Loss: 0.7574, Training Accuracy: 65.34%, Validation Loss: 0.5688, Validation Accuracy: 78.99%
4.7406208614118425e-05
Epoch [39/200], Training Loss: 0.7214, Training Accuracy: 66.40%, Validation Loss: 0.5637, Validation Accuracy: 79.71%
4.727224576137535e-05
Epoch [40/200], Training Loss: 0.7425, Training Accuracy: 67.67%, Validation Loss: 0.6422, Validation Accuracy: 75.00%
4.7135254915624215e-05
Epoch [41/200], Training Loss: 0.7637, Training Accuracy: 66.50%, Validation Loss: 0.6232, Validation Accuracy: 77.05%
4.699526987730636e-05
Epoch [42/200], Training Loss: 0.7563, Training Accuracy: 66.36%, Validation Loss: 0.4837, Validation Accuracy: 82.00%
4.6852325185635355e-05
Epoch [43/200], Training Loss: 0.7164, Training Accuracy: 67.67%, Validation Loss: 0.5469, Validation Accuracy: 80.43%
4.6706456110074944e-05
Epoch [44/200], Training Loss: 0.6904, Training Accuracy: 69.96%, Validation Loss: 0.4697, Validation Accuracy: 82.97%
4.655769864163684e-05
Epoch [45/200], Training Loss: 0.7054, Training Accuracy: 69.29%, Validation Loss: 0.5727, Validation Accuracy: 78.74%
4.6406089484000467e-05
Epoch [46/200], Training Loss: 0.6847, Training Accuracy: 68.73%, Validation Loss: 0.6074, Validation Accuracy: 78.26%
4.6251666044456894e-05
Epoch [47/200], Training Loss: 0.6512, Training Accuracy: 71.06%, Validation Loss: 0.5255, Validation Accuracy: 80.92%
4.609446642467915e-05
Epoch [48/200], Training Loss: 0.6782, Training Accuracy: 68.27%, Validation Loss: 0.5739, Validation Accuracy: 78.50%
4.5934529411321176e-05
Epoch [49/200], Training Loss: 0.6818, Training Accuracy: 68.90%, Validation Loss: 0.5521, Validation Accuracy: 78.74%
4.5771894466447835e-05
Epoch [50/200], Training Loss: 0.6662, Training Accuracy: 70.53%, Validation Loss: 0.6578, Validation Accuracy: 77.78%
4.560660171779821e-05
Epoch [51/200], Training Loss: 0.6904, Training Accuracy: 68.16%, Validation Loss: 0.6243, Validation Accuracy: 77.66%
4.543869194888471e-05
Epoch [52/200], Training Loss: 0.6328, Training Accuracy: 71.48%, Validation Loss: 0.4918, Validation Accuracy: 81.64%
4.526820658893033e-05
Epoch [53/200], Training Loss: 0.6505, Training Accuracy: 70.46%, Validation Loss: 0.5122, Validation Accuracy: 81.52%
4.50951877026466e-05
Epoch [54/200], Training Loss: 0.6095, Training Accuracy: 71.58%, Validation Loss: 0.6491, Validation Accuracy: 76.93%
4.491967797985478e-05
Epoch [55/200], Training Loss: 0.5954, Training Accuracy: 72.15%, Validation Loss: 0.4350, Validation Accuracy: 84.54%
----------- saving --------------
4.474172072495276e-05
Epoch [56/200], Training Loss: 0.6135, Training Accuracy: 71.62%, Validation Loss: 0.5523, Validation Accuracy: 80.19%
4.456135984623035e-05
Epoch [57/200], Training Loss: 0.6251, Training Accuracy: 71.13%, Validation Loss: 0.5308, Validation Accuracy: 80.68%
4.4378639845035585e-05
Epoch [58/200], Training Loss: 0.6057, Training Accuracy: 72.50%, Validation Loss: 0.5154, Validation Accuracy: 79.95%
4.419360580479465e-05
Epoch [59/200], Training Loss: 0.6170, Training Accuracy: 70.98%, Validation Loss: 0.4943, Validation Accuracy: 81.88%
4.400630337988827e-05
Epoch [60/200], Training Loss: 0.5924, Training Accuracy: 72.11%, Validation Loss: 0.4680, Validation Accuracy: 83.57%
4.3816778784387106e-05
Epoch [61/200], Training Loss: 0.6014, Training Accuracy: 72.15%, Validation Loss: 0.5804, Validation Accuracy: 80.19%
4.362507878064918e-05
Epoch [62/200], Training Loss: 0.5888, Training Accuracy: 72.75%, Validation Loss: 0.4857, Validation Accuracy: 81.76%
4.343125066778197e-05
Epoch [63/200], Training Loss: 0.5814, Training Accuracy: 74.62%, Validation Loss: 0.5275, Validation Accuracy: 81.40%
4.323534226997198e-05
Epoch [64/200], Training Loss: 0.5455, Training Accuracy: 73.42%, Validation Loss: 0.6849, Validation Accuracy: 75.60%
4.3037401924684955e-05
Epoch [65/200], Training Loss: 0.5483, Training Accuracy: 74.51%, Validation Loss: 0.5214, Validation Accuracy: 81.28%
4.2837478470739236e-05
Epoch [66/200], Training Loss: 0.5572, Training Accuracy: 74.83%, Validation Loss: 0.6155, Validation Accuracy: 77.90%
4.263562123625557e-05
Epoch [67/200], Training Loss: 0.5485, Training Accuracy: 74.80%, Validation Loss: 0.5195, Validation Accuracy: 81.40%
4.243188002648612e-05
Epoch [68/200], Training Loss: 0.5306, Training Accuracy: 74.59%, Validation Loss: 0.7453, Validation Accuracy: 73.79%
4.222630511152573e-05
Epoch [69/200], Training Loss: 0.5526, Training Accuracy: 74.02%, Validation Loss: 0.5777, Validation Accuracy: 77.78%
4.20189472139086e-05
Epoch [70/200], Training Loss: 0.5579, Training Accuracy: 74.37%, Validation Loss: 0.5873, Validation Accuracy: 79.95%
4.180985749609321e-05
Epoch [71/200], Training Loss: 0.5040, Training Accuracy: 76.31%, Validation Loss: 0.4975, Validation Accuracy: 81.76%
4.159908754783872e-05
Epoch [72/200], Training Loss: 0.5180, Training Accuracy: 74.62%, Validation Loss: 0.5670, Validation Accuracy: 79.59%
4.1386689373476096e-05
Epoch [73/200], Training Loss: 0.5548, Training Accuracy: 74.73%, Validation Loss: 0.5142, Validation Accuracy: 80.56%
4.117271537907663e-05
Epoch [74/200], Training Loss: 0.5099, Training Accuracy: 77.02%, Validation Loss: 0.5621, Validation Accuracy: 78.99%
4.095721835952171e-05
Epoch [75/200], Training Loss: 0.5187, Training Accuracy: 76.84%, Validation Loss: 0.5053, Validation Accuracy: 81.52%
4.074025148547635e-05
Epoch [76/200], Training Loss: 0.5249, Training Accuracy: 75.93%, Validation Loss: 0.5248, Validation Accuracy: 81.04%
4.052186829027017e-05
Epoch [77/200], Training Loss: 0.4959, Training Accuracy: 76.70%, Validation Loss: 0.4912, Validation Accuracy: 83.09%
4.0302122656688864e-05
Epoch [78/200], Training Loss: 0.4921, Training Accuracy: 76.31%, Validation Loss: 0.5112, Validation Accuracy: 81.40%
4.008106880367937e-05
Epoch [79/200], Training Loss: 0.4849, Training Accuracy: 77.16%, Validation Loss: 0.5743, Validation Accuracy: 79.59%
3.985876127297224e-05
Epoch [80/200], Training Loss: 0.4578, Training Accuracy: 78.08%, Validation Loss: 0.5400, Validation Accuracy: 80.92%
3.963525491562421e-05
Epoch [81/200], Training Loss: 0.4611, Training Accuracy: 78.40%, Validation Loss: 0.5421, Validation Accuracy: 80.92%
3.9410604878484564e-05
Epoch [82/200], Training Loss: 0.4754, Training Accuracy: 77.41%, Validation Loss: 0.5184, Validation Accuracy: 80.56%
3.918486659058844e-05
Epoch [83/200], Training Loss: 0.4645, Training Accuracy: 78.26%, Validation Loss: 0.5415, Validation Accuracy: 81.64%
3.89580957494806e-05
Epoch [84/200], Training Loss: 0.4594, Training Accuracy: 77.97%, Validation Loss: 0.5211, Validation Accuracy: 82.00%
3.873034830747282e-05
Epoch [85/200], Training Loss: 0.4359, Training Accuracy: 79.03%, Validation Loss: 0.5935, Validation Accuracy: 78.62%
