Args parsed
Using SWIM architecture as bottleneck instead of standard ViT transformer without distillation!

Validating the train path:/home/micml/25m0764/MIC_project/final_dataset/dataset_600/train_100
Validating the train path:/home/micml/25m0764/MIC_project/final_dataset/dataset_600/test
Train size: 700
Test size: 828
Creating model: student_model
Using SWIM architecture
Model created
The student_model has number of params = 3729033
Using weighted loss function for training
Starting training
2e-05
Epoch [1/200], Training Loss: 1.9232, Training Accuracy: 21.00%, Validation Loss: 2.0827, Validation Accuracy: 0.72%
----------- saving --------------
2.6000000000000002e-05
Epoch [2/200], Training Loss: 1.8298, Training Accuracy: 28.00%, Validation Loss: 1.3403, Validation Accuracy: 60.51%
----------- saving --------------
3.2000000000000005e-05
Epoch [3/200], Training Loss: 1.7701, Training Accuracy: 33.00%, Validation Loss: 1.0564, Validation Accuracy: 71.14%
----------- saving --------------
3.8e-05
Epoch [4/200], Training Loss: 1.7370, Training Accuracy: 32.14%, Validation Loss: 1.1154, Validation Accuracy: 64.49%
4.4e-05
Epoch [5/200], Training Loss: 1.6728, Training Accuracy: 35.29%, Validation Loss: 1.1377, Validation Accuracy: 64.25%
4.9953760005996925e-05
Epoch [6/200], Training Loss: 1.6395, Training Accuracy: 37.57%, Validation Loss: 1.1075, Validation Accuracy: 66.91%
4.993342946904621e-05
Epoch [7/200], Training Loss: 1.6199, Training Accuracy: 37.57%, Validation Loss: 0.9502, Validation Accuracy: 71.01%
4.9909414331827703e-05
Epoch [8/200], Training Loss: 1.5997, Training Accuracy: 40.29%, Validation Loss: 1.0324, Validation Accuracy: 67.51%
4.988172051971717e-05
Epoch [9/200], Training Loss: 1.5747, Training Accuracy: 37.00%, Validation Loss: 0.9805, Validation Accuracy: 68.24%
4.9850354865748364e-05
Epoch [10/200], Training Loss: 1.5238, Training Accuracy: 41.71%, Validation Loss: 1.0766, Validation Accuracy: 64.49%
4.981532510892707e-05
Epoch [11/200], Training Loss: 1.5012, Training Accuracy: 42.57%, Validation Loss: 0.9640, Validation Accuracy: 66.55%
4.977663989232161e-05
Epoch [12/200], Training Loss: 1.4508, Training Accuracy: 44.71%, Validation Loss: 0.9974, Validation Accuracy: 66.67%
4.973430876093034e-05
Epoch [13/200], Training Loss: 1.4399, Training Accuracy: 44.57%, Validation Loss: 0.8912, Validation Accuracy: 70.29%
4.968834215932649e-05
Epoch [14/200], Training Loss: 1.3872, Training Accuracy: 46.86%, Validation Loss: 0.7877, Validation Accuracy: 71.86%
----------- saving --------------
4.963875142908122e-05
Epoch [15/200], Training Loss: 1.4161, Training Accuracy: 47.43%, Validation Loss: 0.9203, Validation Accuracy: 67.27%
4.958554880596515e-05
Epoch [16/200], Training Loss: 1.3888, Training Accuracy: 45.00%, Validation Loss: 0.7489, Validation Accuracy: 72.71%
----------- saving --------------
4.952874741692947e-05
Epoch [17/200], Training Loss: 1.3604, Training Accuracy: 46.43%, Validation Loss: 0.9097, Validation Accuracy: 67.63%
4.946836127686698e-05
Epoch [18/200], Training Loss: 1.3327, Training Accuracy: 49.43%, Validation Loss: 0.7286, Validation Accuracy: 73.67%
----------- saving --------------
4.940440528515415e-05
Epoch [19/200], Training Loss: 1.2995, Training Accuracy: 52.00%, Validation Loss: 0.8085, Validation Accuracy: 71.62%
4.933689522197495e-05
Epoch [20/200], Training Loss: 1.2867, Training Accuracy: 52.14%, Validation Loss: 0.7251, Validation Accuracy: 75.24%
----------- saving --------------
4.926584774442731e-05
Epoch [21/200], Training Loss: 1.2669, Training Accuracy: 50.57%, Validation Loss: 0.7983, Validation Accuracy: 72.83%
4.919128038241318e-05
Epoch [22/200], Training Loss: 1.2271, Training Accuracy: 53.00%, Validation Loss: 0.7792, Validation Accuracy: 71.38%
4.9113211534313383e-05
Epoch [23/200], Training Loss: 1.2370, Training Accuracy: 52.86%, Validation Loss: 0.8179, Validation Accuracy: 69.81%
4.9031660462448016e-05
Epoch [24/200], Training Loss: 1.2648, Training Accuracy: 49.86%, Validation Loss: 0.6851, Validation Accuracy: 75.00%
4.894664728832377e-05
Epoch [25/200], Training Loss: 1.2481, Training Accuracy: 50.71%, Validation Loss: 0.8240, Validation Accuracy: 70.65%
4.88581929876693e-05
Epoch [26/200], Training Loss: 1.2175, Training Accuracy: 52.86%, Validation Loss: 0.8280, Validation Accuracy: 69.69%
4.876631938525972e-05
Epoch [27/200], Training Loss: 1.2148, Training Accuracy: 52.43%, Validation Loss: 0.9956, Validation Accuracy: 64.86%
4.8671049149531676e-05
Epoch [28/200], Training Loss: 1.2367, Training Accuracy: 52.57%, Validation Loss: 0.7832, Validation Accuracy: 70.77%
4.8572405786990295e-05
Epoch [29/200], Training Loss: 1.1933, Training Accuracy: 55.14%, Validation Loss: 0.7470, Validation Accuracy: 71.74%
4.847041363640924e-05
Epoch [30/200], Training Loss: 1.1620, Training Accuracy: 54.57%, Validation Loss: 0.7530, Validation Accuracy: 71.98%
4.836509786282552e-05
Epoch [31/200], Training Loss: 1.1369, Training Accuracy: 54.43%, Validation Loss: 0.6692, Validation Accuracy: 75.12%
4.8256484451330404e-05
Epoch [32/200], Training Loss: 1.1644, Training Accuracy: 56.00%, Validation Loss: 0.8595, Validation Accuracy: 69.69%
4.814460020065795e-05
Epoch [33/200], Training Loss: 1.1776, Training Accuracy: 52.86%, Validation Loss: 0.6545, Validation Accuracy: 76.45%
----------- saving --------------
4.802947271657287e-05
Epoch [34/200], Training Loss: 1.1616, Training Accuracy: 56.29%, Validation Loss: 0.7510, Validation Accuracy: 72.71%
4.7911130405059156e-05
Epoch [35/200], Training Loss: 1.1323, Training Accuracy: 57.43%, Validation Loss: 0.8749, Validation Accuracy: 68.00%
4.778960246531139e-05
Epoch [36/200], Training Loss: 1.1456, Training Accuracy: 54.71%, Validation Loss: 0.7594, Validation Accuracy: 74.03%
4.766491888253023e-05
Epoch [37/200], Training Loss: 1.1095, Training Accuracy: 57.29%, Validation Loss: 0.7175, Validation Accuracy: 73.91%
4.753711042052406e-05
Epoch [38/200], Training Loss: 1.1175, Training Accuracy: 55.57%, Validation Loss: 0.7904, Validation Accuracy: 72.10%
4.7406208614118425e-05
Epoch [39/200], Training Loss: 1.1005, Training Accuracy: 58.86%, Validation Loss: 0.6774, Validation Accuracy: 75.72%
4.727224576137535e-05
Epoch [40/200], Training Loss: 1.0988, Training Accuracy: 57.29%, Validation Loss: 0.7088, Validation Accuracy: 74.52%
4.7135254915624215e-05
Epoch [41/200], Training Loss: 1.0797, Training Accuracy: 58.14%, Validation Loss: 0.6487, Validation Accuracy: 76.45%
4.699526987730636e-05
Epoch [42/200], Training Loss: 1.0750, Training Accuracy: 58.57%, Validation Loss: 0.7625, Validation Accuracy: 71.74%
4.6852325185635355e-05
Epoch [43/200], Training Loss: 1.0356, Training Accuracy: 59.71%, Validation Loss: 0.7040, Validation Accuracy: 74.52%
4.6706456110074944e-05
Epoch [44/200], Training Loss: 1.0383, Training Accuracy: 60.00%, Validation Loss: 0.7230, Validation Accuracy: 74.15%
4.655769864163684e-05
Epoch [45/200], Training Loss: 1.0316, Training Accuracy: 59.14%, Validation Loss: 0.6614, Validation Accuracy: 76.09%
4.6406089484000467e-05
Epoch [46/200], Training Loss: 1.0531, Training Accuracy: 59.00%, Validation Loss: 0.7107, Validation Accuracy: 74.88%
4.6251666044456894e-05
Epoch [47/200], Training Loss: 1.0452, Training Accuracy: 57.57%, Validation Loss: 0.6515, Validation Accuracy: 75.85%
4.609446642467915e-05
Epoch [48/200], Training Loss: 1.0195, Training Accuracy: 59.71%, Validation Loss: 0.6966, Validation Accuracy: 73.91%
4.5934529411321176e-05
Epoch [49/200], Training Loss: 1.0173, Training Accuracy: 60.00%, Validation Loss: 0.7629, Validation Accuracy: 72.95%
4.5771894466447835e-05
Epoch [50/200], Training Loss: 0.9947, Training Accuracy: 62.57%, Validation Loss: 0.7261, Validation Accuracy: 75.24%
4.560660171779821e-05
Epoch [51/200], Training Loss: 0.9835, Training Accuracy: 61.71%, Validation Loss: 0.7458, Validation Accuracy: 73.79%
4.543869194888471e-05
Epoch [52/200], Training Loss: 0.9779, Training Accuracy: 62.71%, Validation Loss: 0.6635, Validation Accuracy: 76.45%
4.526820658893033e-05
Epoch [53/200], Training Loss: 0.9778, Training Accuracy: 64.29%, Validation Loss: 0.7415, Validation Accuracy: 73.19%
4.50951877026466e-05
Epoch [54/200], Training Loss: 0.9455, Training Accuracy: 64.14%, Validation Loss: 0.6755, Validation Accuracy: 74.64%
4.491967797985478e-05
Epoch [55/200], Training Loss: 0.9904, Training Accuracy: 61.00%, Validation Loss: 0.6667, Validation Accuracy: 75.97%
4.474172072495276e-05
Epoch [56/200], Training Loss: 0.9773, Training Accuracy: 62.43%, Validation Loss: 0.7027, Validation Accuracy: 74.03%
4.456135984623035e-05
Epoch [57/200], Training Loss: 0.9608, Training Accuracy: 63.43%, Validation Loss: 0.6904, Validation Accuracy: 76.21%
4.4378639845035585e-05
Epoch [58/200], Training Loss: 0.9263, Training Accuracy: 66.43%, Validation Loss: 0.6665, Validation Accuracy: 74.40%
4.419360580479465e-05
Epoch [59/200], Training Loss: 0.9023, Training Accuracy: 66.57%, Validation Loss: 0.6544, Validation Accuracy: 76.81%
----------- saving --------------
4.400630337988827e-05
Epoch [60/200], Training Loss: 0.9762, Training Accuracy: 62.14%, Validation Loss: 0.6804, Validation Accuracy: 74.52%
4.3816778784387106e-05
Epoch [61/200], Training Loss: 0.9207, Training Accuracy: 65.00%, Validation Loss: 0.7070, Validation Accuracy: 74.28%
4.362507878064918e-05
Epoch [62/200], Training Loss: 0.9650, Training Accuracy: 62.14%, Validation Loss: 0.7117, Validation Accuracy: 74.28%
4.343125066778197e-05
Epoch [63/200], Training Loss: 0.9115, Training Accuracy: 66.29%, Validation Loss: 0.8948, Validation Accuracy: 67.87%
4.323534226997198e-05
Epoch [64/200], Training Loss: 0.9132, Training Accuracy: 64.29%, Validation Loss: 0.6851, Validation Accuracy: 74.88%
4.3037401924684955e-05
Epoch [65/200], Training Loss: 0.9195, Training Accuracy: 62.43%, Validation Loss: 0.6474, Validation Accuracy: 75.36%
4.2837478470739236e-05
Epoch [66/200], Training Loss: 0.8876, Training Accuracy: 68.00%, Validation Loss: 0.5779, Validation Accuracy: 78.86%
----------- saving --------------
4.263562123625557e-05
Epoch [67/200], Training Loss: 0.9444, Training Accuracy: 64.14%, Validation Loss: 0.6817, Validation Accuracy: 75.00%
4.243188002648612e-05
Epoch [68/200], Training Loss: 0.8737, Training Accuracy: 67.57%, Validation Loss: 0.6534, Validation Accuracy: 76.93%
4.222630511152573e-05
Epoch [69/200], Training Loss: 0.8562, Training Accuracy: 68.57%, Validation Loss: 0.6269, Validation Accuracy: 77.17%
4.20189472139086e-05
Epoch [70/200], Training Loss: 0.9022, Training Accuracy: 65.71%, Validation Loss: 0.7400, Validation Accuracy: 74.03%
4.180985749609321e-05
Epoch [71/200], Training Loss: 0.8470, Training Accuracy: 67.71%, Validation Loss: 0.7062, Validation Accuracy: 75.00%
4.159908754783872e-05
Epoch [72/200], Training Loss: 0.8094, Training Accuracy: 68.57%, Validation Loss: 0.6581, Validation Accuracy: 74.76%
4.1386689373476096e-05
Epoch [73/200], Training Loss: 0.8534, Training Accuracy: 67.43%, Validation Loss: 0.6367, Validation Accuracy: 76.33%
4.117271537907663e-05
Epoch [74/200], Training Loss: 0.8162, Training Accuracy: 67.57%, Validation Loss: 0.6189, Validation Accuracy: 76.45%
4.095721835952171e-05
Epoch [75/200], Training Loss: 0.7539, Training Accuracy: 73.29%, Validation Loss: 0.6665, Validation Accuracy: 77.78%
4.074025148547635e-05
Epoch [76/200], Training Loss: 0.7995, Training Accuracy: 69.43%, Validation Loss: 0.6304, Validation Accuracy: 75.85%
4.052186829027017e-05
Epoch [77/200], Training Loss: 0.7661, Training Accuracy: 72.43%, Validation Loss: 0.6564, Validation Accuracy: 76.81%
4.0302122656688864e-05
Epoch [78/200], Training Loss: 0.8048, Training Accuracy: 69.43%, Validation Loss: 0.5917, Validation Accuracy: 78.38%
4.008106880367937e-05
Epoch [79/200], Training Loss: 0.7965, Training Accuracy: 68.71%, Validation Loss: 0.7176, Validation Accuracy: 76.45%
3.985876127297224e-05
Epoch [80/200], Training Loss: 0.8076, Training Accuracy: 68.86%, Validation Loss: 0.6949, Validation Accuracy: 74.88%
3.963525491562421e-05
Epoch [81/200], Training Loss: 0.7853, Training Accuracy: 71.57%, Validation Loss: 0.6841, Validation Accuracy: 75.97%
3.9410604878484564e-05
Epoch [82/200], Training Loss: 0.7564, Training Accuracy: 71.57%, Validation Loss: 0.6246, Validation Accuracy: 78.74%
3.918486659058844e-05
Epoch [83/200], Training Loss: 0.8070, Training Accuracy: 68.43%, Validation Loss: 0.7028, Validation Accuracy: 76.09%
3.89580957494806e-05
Epoch [84/200], Training Loss: 0.7831, Training Accuracy: 69.00%, Validation Loss: 0.6548, Validation Accuracy: 76.57%
3.873034830747282e-05
Epoch [85/200], Training Loss: 0.7788, Training Accuracy: 69.29%, Validation Loss: 0.6351, Validation Accuracy: 78.62%
3.8501680457838584e-05
Epoch [86/200], Training Loss: 0.7440, Training Accuracy: 70.00%, Validation Loss: 0.6127, Validation Accuracy: 77.29%
3.8272148620948145e-05
Epoch [87/200], Training Loss: 0.7455, Training Accuracy: 72.14%, Validation Loss: 0.5997, Validation Accuracy: 79.95%
----------- saving --------------
3.8041809430347696e-05
Epoch [88/200], Training Loss: 0.7902, Training Accuracy: 70.00%, Validation Loss: 0.6264, Validation Accuracy: 76.93%
3.7810719718785876e-05
Epoch [89/200], Training Loss: 0.7380, Training Accuracy: 72.71%, Validation Loss: 0.7218, Validation Accuracy: 75.48%
3.757893650419114e-05
Epoch [90/200], Training Loss: 0.7457, Training Accuracy: 72.14%, Validation Loss: 0.5849, Validation Accuracy: 78.99%
3.734651697560347e-05
Epoch [91/200], Training Loss: 0.7289, Training Accuracy: 71.86%, Validation Loss: 0.5500, Validation Accuracy: 80.31%
----------- saving --------------
3.711351847906374e-05
Epoch [92/200], Training Loss: 0.7013, Training Accuracy: 72.86%, Validation Loss: 0.6874, Validation Accuracy: 75.60%
3.687999850346457e-05
Epoch [93/200], Training Loss: 0.7006, Training Accuracy: 72.86%, Validation Loss: 0.5988, Validation Accuracy: 80.07%
3.6646014666365684e-05
Epoch [94/200], Training Loss: 0.6892, Training Accuracy: 73.86%, Validation Loss: 0.6629, Validation Accuracy: 75.72%
3.641162469977772e-05
Epoch [95/200], Training Loss: 0.7181, Training Accuracy: 72.86%, Validation Loss: 0.6995, Validation Accuracy: 75.72%
3.617688643591768e-05
Epoch [96/200], Training Loss: 0.7093, Training Accuracy: 72.86%, Validation Loss: 0.6675, Validation Accuracy: 76.57%
3.594185779293971e-05
Epoch [97/200], Training Loss: 0.6937, Training Accuracy: 73.57%, Validation Loss: 0.6673, Validation Accuracy: 76.93%
3.5706596760644643e-05
Epoch [98/200], Training Loss: 0.7176, Training Accuracy: 71.00%, Validation Loss: 0.6438, Validation Accuracy: 76.69%
3.547116138617192e-05
Epoch [99/200], Training Loss: 0.7330, Training Accuracy: 71.29%, Validation Loss: 0.7351, Validation Accuracy: 72.46%
3.523560975967731e-05
Epoch [100/200], Training Loss: 0.6775, Training Accuracy: 75.71%, Validation Loss: 0.6131, Validation Accuracy: 78.38%
3.5000000000000004e-05
Epoch [101/200], Training Loss: 0.6674, Training Accuracy: 75.57%, Validation Loss: 0.7086, Validation Accuracy: 75.00%
3.4764390240322696e-05
Epoch [102/200], Training Loss: 0.6996, Training Accuracy: 73.71%, Validation Loss: 0.6998, Validation Accuracy: 75.24%
3.452883861382808e-05
Epoch [103/200], Training Loss: 0.6630, Training Accuracy: 75.71%, Validation Loss: 0.6648, Validation Accuracy: 76.21%
3.4293403239355364e-05
Epoch [104/200], Training Loss: 0.6725, Training Accuracy: 74.29%, Validation Loss: 0.6956, Validation Accuracy: 75.48%
3.40581422070603e-05
Epoch [105/200], Training Loss: 0.6872, Training Accuracy: 74.57%, Validation Loss: 0.7089, Validation Accuracy: 73.91%
3.382311356408233e-05
Epoch [106/200], Training Loss: 0.6866, Training Accuracy: 74.14%, Validation Loss: 0.6489, Validation Accuracy: 77.66%
3.358837530022229e-05
Epoch [107/200], Training Loss: 0.6478, Training Accuracy: 75.00%, Validation Loss: 0.6368, Validation Accuracy: 77.29%
3.335398533363432e-05
Epoch [108/200], Training Loss: 0.6475, Training Accuracy: 74.71%, Validation Loss: 0.6535, Validation Accuracy: 77.17%
3.312000149653544e-05
Epoch [109/200], Training Loss: 0.6626, Training Accuracy: 74.71%, Validation Loss: 0.6928, Validation Accuracy: 75.85%
3.2886481520936266e-05
Epoch [110/200], Training Loss: 0.6626, Training Accuracy: 75.00%, Validation Loss: 0.6332, Validation Accuracy: 76.93%
3.2653483024396536e-05
Epoch [111/200], Training Loss: 0.6402, Training Accuracy: 76.14%, Validation Loss: 0.7163, Validation Accuracy: 74.76%
3.242106349580886e-05
Epoch [112/200], Training Loss: 0.6440, Training Accuracy: 76.57%, Validation Loss: 0.7679, Validation Accuracy: 73.79%
3.218928028121413e-05
Epoch [113/200], Training Loss: 0.6057, Training Accuracy: 79.14%, Validation Loss: 0.6263, Validation Accuracy: 78.50%
3.195819056965232e-05
Epoch [114/200], Training Loss: 0.6406, Training Accuracy: 77.29%, Validation Loss: 0.6155, Validation Accuracy: 78.86%
3.172785137905187e-05
Epoch [115/200], Training Loss: 0.5865, Training Accuracy: 78.43%, Validation Loss: 0.6291, Validation Accuracy: 78.14%
3.149831954216142e-05
Epoch [116/200], Training Loss: 0.6387, Training Accuracy: 77.57%, Validation Loss: 0.7286, Validation Accuracy: 74.40%
3.126965169252718e-05
Epoch [117/200], Training Loss: 0.6133, Training Accuracy: 75.71%, Validation Loss: 0.6162, Validation Accuracy: 78.14%
3.104190425051941e-05
Epoch [118/200], Training Loss: 0.6316, Training Accuracy: 77.00%, Validation Loss: 0.6942, Validation Accuracy: 76.09%
3.0815133409411565e-05
Epoch [119/200], Training Loss: 0.5873, Training Accuracy: 77.86%, Validation Loss: 0.6501, Validation Accuracy: 77.54%
3.0589395121515443e-05
Epoch [120/200], Training Loss: 0.6149, Training Accuracy: 76.57%, Validation Loss: 0.6391, Validation Accuracy: 77.90%
3.0364745084375795e-05
Epoch [121/200], Training Loss: 0.5679, Training Accuracy: 78.29%, Validation Loss: 0.6452, Validation Accuracy: 76.81%
3.0141238727027758e-05
Epoch [122/200], Training Loss: 0.6706, Training Accuracy: 74.43%, Validation Loss: 0.5770, Validation Accuracy: 79.59%
2.991893119632063e-05
Epoch [123/200], Training Loss: 0.5593, Training Accuracy: 79.14%, Validation Loss: 0.6916, Validation Accuracy: 76.21%
2.9697877343311147e-05
Epoch [124/200], Training Loss: 0.6065, Training Accuracy: 78.29%, Validation Loss: 0.6470, Validation Accuracy: 77.42%
2.9478131709729838e-05
Epoch [125/200], Training Loss: 0.5625, Training Accuracy: 78.43%, Validation Loss: 0.7979, Validation Accuracy: 72.95%
2.9259748514523657e-05
Epoch [126/200], Training Loss: 0.5959, Training Accuracy: 76.43%, Validation Loss: 0.6449, Validation Accuracy: 78.14%
2.9042781640478292e-05
Epoch [127/200], Training Loss: 0.6093, Training Accuracy: 77.29%, Validation Loss: 0.6604, Validation Accuracy: 77.42%
2.882728462092337e-05
Epoch [128/200], Training Loss: 0.6093, Training Accuracy: 77.86%, Validation Loss: 0.6677, Validation Accuracy: 77.66%
2.861331062652391e-05
Epoch [129/200], Training Loss: 0.5900, Training Accuracy: 76.86%, Validation Loss: 0.7831, Validation Accuracy: 74.15%
2.8400912452161272e-05
Epoch [130/200], Training Loss: 0.5479, Training Accuracy: 79.00%, Validation Loss: 0.6263, Validation Accuracy: 79.11%
2.81901425039068e-05
Epoch [131/200], Training Loss: 0.5616, Training Accuracy: 79.43%, Validation Loss: 0.7072, Validation Accuracy: 75.12%
2.7981052786091404e-05
Epoch [132/200], Training Loss: 0.5615, Training Accuracy: 79.71%, Validation Loss: 0.6584, Validation Accuracy: 76.57%
2.777369488847427e-05
Epoch [133/200], Training Loss: 0.5880, Training Accuracy: 78.86%, Validation Loss: 0.6458, Validation Accuracy: 77.90%
2.756811997351389e-05
Epoch [134/200], Training Loss: 0.5701, Training Accuracy: 78.86%, Validation Loss: 0.7200, Validation Accuracy: 75.60%
2.7364378763744433e-05
Epoch [135/200], Training Loss: 0.5683, Training Accuracy: 79.14%, Validation Loss: 0.7295, Validation Accuracy: 75.85%
2.7162521529260772e-05
Epoch [136/200], Training Loss: 0.5559, Training Accuracy: 79.43%, Validation Loss: 0.7944, Validation Accuracy: 73.31%
2.696259807531505e-05
Epoch [137/200], Training Loss: 0.5339, Training Accuracy: 80.86%, Validation Loss: 0.7149, Validation Accuracy: 75.12%
2.6764657730028024e-05
Epoch [138/200], Training Loss: 0.5517, Training Accuracy: 78.14%, Validation Loss: 0.6226, Validation Accuracy: 78.14%
2.656874933221804e-05
Epoch [139/200], Training Loss: 0.5397, Training Accuracy: 79.43%, Validation Loss: 0.6970, Validation Accuracy: 76.33%
2.6374921219350825e-05
Epoch [140/200], Training Loss: 0.5512, Training Accuracy: 79.00%, Validation Loss: 0.6517, Validation Accuracy: 76.69%
2.6183221215612905e-05
Epoch [141/200], Training Loss: 0.5533, Training Accuracy: 79.29%, Validation Loss: 0.6670, Validation Accuracy: 77.54%
2.5993696620111744e-05
Epoch [142/200], Training Loss: 0.5515, Training Accuracy: 80.14%, Validation Loss: 0.6573, Validation Accuracy: 77.42%
2.5806394195205354e-05
Epoch [143/200], Training Loss: 0.5234, Training Accuracy: 81.00%, Validation Loss: 0.7183, Validation Accuracy: 74.76%
2.5621360154964423e-05
Epoch [144/200], Training Loss: 0.5339, Training Accuracy: 81.00%, Validation Loss: 0.7068, Validation Accuracy: 76.45%
2.5438640153769657e-05
Epoch [145/200], Training Loss: 0.5721, Training Accuracy: 78.00%, Validation Loss: 0.7396, Validation Accuracy: 75.00%
2.525827927504725e-05
Epoch [146/200], Training Loss: 0.5409, Training Accuracy: 79.57%, Validation Loss: 0.6553, Validation Accuracy: 77.17%
2.5080322020145226e-05
Epoch [147/200], Training Loss: 0.5068, Training Accuracy: 80.57%, Validation Loss: 0.7085, Validation Accuracy: 75.60%
2.49048122973534e-05
Epoch [148/200], Training Loss: 0.4934, Training Accuracy: 82.71%, Validation Loss: 0.7237, Validation Accuracy: 75.24%
2.473179341106967e-05
Epoch [149/200], Training Loss: 0.4952, Training Accuracy: 80.71%, Validation Loss: 0.6732, Validation Accuracy: 76.21%
2.4561308051115287e-05
Epoch [150/200], Training Loss: 0.5058, Training Accuracy: 81.86%, Validation Loss: 0.7118, Validation Accuracy: 75.60%
2.439339828220179e-05
Epoch [151/200], Training Loss: 0.5355, Training Accuracy: 80.00%, Validation Loss: 0.7568, Validation Accuracy: 75.97%
2.4228105533552172e-05
Epoch [152/200], Training Loss: 0.5468, Training Accuracy: 79.57%, Validation Loss: 0.6700, Validation Accuracy: 77.29%
2.406547058867883e-05
Epoch [153/200], Training Loss: 0.5056, Training Accuracy: 82.43%, Validation Loss: 0.7477, Validation Accuracy: 75.24%
2.3905533575320855e-05
Epoch [154/200], Training Loss: 0.4959, Training Accuracy: 80.00%, Validation Loss: 0.6860, Validation Accuracy: 77.17%
2.3748333955543107e-05
Epoch [155/200], Training Loss: 0.5097, Training Accuracy: 82.14%, Validation Loss: 0.7481, Validation Accuracy: 74.40%
2.3593910515999538e-05
Epoch [156/200], Training Loss: 0.5237, Training Accuracy: 81.29%, Validation Loss: 0.7279, Validation Accuracy: 76.21%
2.3442301358363164e-05
Epoch [157/200], Training Loss: 0.5057, Training Accuracy: 79.71%, Validation Loss: 0.6764, Validation Accuracy: 77.17%
2.3293543889925057e-05
Epoch [158/200], Training Loss: 0.4935, Training Accuracy: 82.00%, Validation Loss: 0.7321, Validation Accuracy: 75.85%
2.3147674814364646e-05
Epoch [159/200], Training Loss: 0.4509, Training Accuracy: 82.86%, Validation Loss: 0.7193, Validation Accuracy: 76.45%
2.3004730122693643e-05
Epoch [160/200], Training Loss: 0.5078, Training Accuracy: 81.00%, Validation Loss: 0.7234, Validation Accuracy: 75.48%
2.2864745084375792e-05
Epoch [161/200], Training Loss: 0.4719, Training Accuracy: 83.71%, Validation Loss: 0.7553, Validation Accuracy: 75.36%
2.2727754238624652e-05
Epoch [162/200], Training Loss: 0.4641, Training Accuracy: 82.86%, Validation Loss: 0.6361, Validation Accuracy: 78.99%
2.2593791385881576e-05
Epoch [163/200], Training Loss: 0.4869, Training Accuracy: 81.86%, Validation Loss: 0.7592, Validation Accuracy: 74.64%
2.2462889579475952e-05
Epoch [164/200], Training Loss: 0.4526, Training Accuracy: 83.86%, Validation Loss: 0.6892, Validation Accuracy: 77.17%
2.233508111746978e-05
Epoch [165/200], Training Loss: 0.4919, Training Accuracy: 81.29%, Validation Loss: 0.6958, Validation Accuracy: 76.45%
2.221039753468862e-05
Epoch [166/200], Training Loss: 0.4853, Training Accuracy: 82.57%, Validation Loss: 0.6992, Validation Accuracy: 77.17%
2.2088869594940844e-05
Epoch [167/200], Training Loss: 0.4727, Training Accuracy: 82.00%, Validation Loss: 0.7050, Validation Accuracy: 76.21%
2.197052728342713e-05
Epoch [168/200], Training Loss: 0.4421, Training Accuracy: 84.71%, Validation Loss: 0.6687, Validation Accuracy: 77.54%
2.185539979934205e-05
Epoch [169/200], Training Loss: 0.4513, Training Accuracy: 84.14%, Validation Loss: 0.7377, Validation Accuracy: 76.33%
2.17435155486696e-05
Epoch [170/200], Training Loss: 0.4638, Training Accuracy: 82.14%, Validation Loss: 0.7373, Validation Accuracy: 75.97%
2.1634902137174486e-05
Epoch [171/200], Training Loss: 0.4647, Training Accuracy: 82.86%, Validation Loss: 0.7295, Validation Accuracy: 76.21%
2.152958636359077e-05
Epoch [172/200], Training Loss: 0.4549, Training Accuracy: 82.43%, Validation Loss: 0.7089, Validation Accuracy: 76.81%
2.1427594213009713e-05
Epoch [173/200], Training Loss: 0.4321, Training Accuracy: 84.14%, Validation Loss: 0.8305, Validation Accuracy: 73.91%
2.1328950850468325e-05
Epoch [174/200], Training Loss: 0.4798, Training Accuracy: 83.29%, Validation Loss: 0.7302, Validation Accuracy: 75.97%
2.123368061474029e-05
Epoch [175/200], Training Loss: 0.4451, Training Accuracy: 84.14%, Validation Loss: 0.7170, Validation Accuracy: 77.05%
2.1141807012330703e-05
Epoch [176/200], Training Loss: 0.4340, Training Accuracy: 82.43%, Validation Loss: 0.6649, Validation Accuracy: 78.02%
2.105335271167623e-05
Epoch [177/200], Training Loss: 0.4557, Training Accuracy: 83.29%, Validation Loss: 0.7097, Validation Accuracy: 77.78%
2.096833953755199e-05
Epoch [178/200], Training Loss: 0.4660, Training Accuracy: 82.29%, Validation Loss: 0.7321, Validation Accuracy: 75.36%
2.088678846568662e-05
Epoch [179/200], Training Loss: 0.4505, Training Accuracy: 83.57%, Validation Loss: 0.6264, Validation Accuracy: 79.23%
2.080871961758682e-05
Epoch [180/200], Training Loss: 0.4325, Training Accuracy: 82.71%, Validation Loss: 0.7553, Validation Accuracy: 76.09%
2.0734152255572697e-05
Epoch [181/200], Training Loss: 0.4404, Training Accuracy: 83.71%, Validation Loss: 0.7136, Validation Accuracy: 76.33%
2.066310477802505e-05
Epoch [182/200], Training Loss: 0.4312, Training Accuracy: 83.71%, Validation Loss: 0.7362, Validation Accuracy: 75.36%
2.0595594714845856e-05
Epoch [183/200], Training Loss: 0.4677, Training Accuracy: 81.43%, Validation Loss: 0.7143, Validation Accuracy: 76.81%
2.0531638723133032e-05
Epoch [184/200], Training Loss: 0.4403, Training Accuracy: 84.43%, Validation Loss: 0.7762, Validation Accuracy: 75.60%
2.047125258307054e-05
Epoch [185/200], Training Loss: 0.4264, Training Accuracy: 83.29%, Validation Loss: 0.7165, Validation Accuracy: 75.97%
2.0414451194034853e-05
Epoch [186/200], Training Loss: 0.4418, Training Accuracy: 83.43%, Validation Loss: 0.7550, Validation Accuracy: 76.93%
2.0361248570918792e-05
Epoch [187/200], Training Loss: 0.4696, Training Accuracy: 81.86%, Validation Loss: 0.7168, Validation Accuracy: 75.60%
2.0311657840673515e-05
Epoch [188/200], Training Loss: 0.4049, Training Accuracy: 84.71%, Validation Loss: 0.6778, Validation Accuracy: 78.02%
2.026569123906967e-05
Epoch [189/200], Training Loss: 0.4290, Training Accuracy: 84.14%, Validation Loss: 0.7342, Validation Accuracy: 76.81%
2.0223360107678393e-05
Epoch [190/200], Training Loss: 0.4315, Training Accuracy: 83.86%, Validation Loss: 0.6983, Validation Accuracy: 78.26%
2.0184674891072937e-05
Epoch [191/200], Training Loss: 0.4282, Training Accuracy: 84.14%, Validation Loss: 0.7277, Validation Accuracy: 76.45%
2.014964513425164e-05
Epoch [192/200], Training Loss: 0.4463, Training Accuracy: 83.14%, Validation Loss: 0.7118, Validation Accuracy: 76.45%
2.0118279480282836e-05
Epoch [193/200], Training Loss: 0.3675, Training Accuracy: 86.43%, Validation Loss: 0.7252, Validation Accuracy: 76.69%
2.0090585668172307e-05
Epoch [194/200], Training Loss: 0.4210, Training Accuracy: 84.00%, Validation Loss: 0.7209, Validation Accuracy: 77.05%
2.00665705309538e-05
Epoch [195/200], Training Loss: 0.4473, Training Accuracy: 84.43%, Validation Loss: 0.7219, Validation Accuracy: 77.54%
2.0046239994003082e-05
Epoch [196/200], Training Loss: 0.4385, Training Accuracy: 83.43%, Validation Loss: 0.6893, Validation Accuracy: 77.54%
2.0029599073575927e-05
Epoch [197/200], Training Loss: 0.4346, Training Accuracy: 84.43%, Validation Loss: 0.7857, Validation Accuracy: 75.97%
2.0016651875570453e-05
Epoch [198/200], Training Loss: 0.4138, Training Accuracy: 84.43%, Validation Loss: 0.8408, Validation Accuracy: 75.48%
2.000740159451403e-05
Epoch [199/200], Training Loss: 0.4569, Training Accuracy: 82.14%, Validation Loss: 0.6829, Validation Accuracy: 78.02%
2.0001850512775094e-05
Epoch [200/200], Training Loss: 0.4285, Training Accuracy: 83.71%, Validation Loss: 0.6688, Validation Accuracy: 77.90%
Training time 0:18:43
