Args parsed
Using SWIM architecture as bottleneck instead of standard ViT transformer

Validating the train path:/home/micml/25m0764/MIC_project/final_dataset/dataset_600/train_100
Validating the train path:/home/micml/25m0764/MIC_project/final_dataset/dataset_600/test
Train size: 700
Test size: 828
Creating model: HDKD
Using SWIM architecture
Model created
The HDKD has number of params = 3730832
Path for teacher model: /home/micml/25m0764/MIC_project/HDKD/weighted_loss_data_models/teacher_model/teacher_model_weighted_loss.pth
Using weighted loss function for training
Starting training
2e-05
Epoch [1/200], Training Loss: 644.3567, Training Accuracy: 14.86%, Validation Loss: 1.8951, Validation Accuracy: 12.44%
----------- saving --------------
2.6000000000000002e-05
Epoch [2/200], Training Loss: 606.6618, Training Accuracy: 19.00%, Validation Loss: 1.7442, Validation Accuracy: 64.37%
----------- saving --------------
3.2000000000000005e-05
Epoch [3/200], Training Loss: 576.9441, Training Accuracy: 20.43%, Validation Loss: 1.6006, Validation Accuracy: 70.65%
----------- saving --------------
3.8e-05
Epoch [4/200], Training Loss: 541.5571, Training Accuracy: 26.57%, Validation Loss: 1.4636, Validation Accuracy: 71.01%
----------- saving --------------
4.4e-05
Epoch [5/200], Training Loss: 508.0406, Training Accuracy: 26.71%, Validation Loss: 1.3701, Validation Accuracy: 71.62%
----------- saving --------------
4.9953760005996925e-05
Epoch [6/200], Training Loss: 473.6714, Training Accuracy: 31.14%, Validation Loss: 1.4656, Validation Accuracy: 62.32%
4.993342946904621e-05
Epoch [7/200], Training Loss: 444.5497, Training Accuracy: 29.57%, Validation Loss: 1.3837, Validation Accuracy: 68.72%
4.9909414331827703e-05
Epoch [8/200], Training Loss: 420.7621, Training Accuracy: 37.43%, Validation Loss: 1.2877, Validation Accuracy: 62.92%
4.988172051971717e-05
Epoch [9/200], Training Loss: 402.0155, Training Accuracy: 36.00%, Validation Loss: 1.3972, Validation Accuracy: 54.71%
4.9850354865748364e-05
Epoch [10/200], Training Loss: 385.8021, Training Accuracy: 37.14%, Validation Loss: 1.1490, Validation Accuracy: 68.84%
4.981532510892707e-05
Epoch [11/200], Training Loss: 373.6743, Training Accuracy: 38.57%, Validation Loss: 1.2880, Validation Accuracy: 61.23%
4.977663989232161e-05
Epoch [12/200], Training Loss: 362.0445, Training Accuracy: 42.14%, Validation Loss: 1.2780, Validation Accuracy: 58.57%
4.973430876093034e-05
Epoch [13/200], Training Loss: 352.7379, Training Accuracy: 43.43%, Validation Loss: 0.9787, Validation Accuracy: 72.22%
----------- saving --------------
4.968834215932649e-05
Epoch [14/200], Training Loss: 342.9764, Training Accuracy: 43.71%, Validation Loss: 0.9888, Validation Accuracy: 68.96%
4.963875142908122e-05
Epoch [15/200], Training Loss: 335.8543, Training Accuracy: 44.14%, Validation Loss: 1.0084, Validation Accuracy: 67.03%
4.958554880596515e-05
Epoch [16/200], Training Loss: 329.7622, Training Accuracy: 44.86%, Validation Loss: 1.0244, Validation Accuracy: 67.75%
4.952874741692947e-05
Epoch [17/200], Training Loss: 321.1944, Training Accuracy: 43.71%, Validation Loss: 1.1556, Validation Accuracy: 62.68%
4.946836127686698e-05
Epoch [18/200], Training Loss: 316.1389, Training Accuracy: 46.14%, Validation Loss: 0.7911, Validation Accuracy: 75.36%
----------- saving --------------
4.940440528515415e-05
Epoch [19/200], Training Loss: 312.2033, Training Accuracy: 46.00%, Validation Loss: 0.8240, Validation Accuracy: 73.91%
4.933689522197495e-05
Epoch [20/200], Training Loss: 306.3468, Training Accuracy: 47.14%, Validation Loss: 0.8220, Validation Accuracy: 74.52%
4.926584774442731e-05
Epoch [21/200], Training Loss: 301.7677, Training Accuracy: 49.00%, Validation Loss: 0.9262, Validation Accuracy: 68.48%
4.919128038241318e-05
Epoch [22/200], Training Loss: 296.2636, Training Accuracy: 49.00%, Validation Loss: 0.8326, Validation Accuracy: 74.03%
4.9113211534313383e-05
Epoch [23/200], Training Loss: 292.6060, Training Accuracy: 48.57%, Validation Loss: 0.8271, Validation Accuracy: 73.91%
4.9031660462448016e-05
Epoch [24/200], Training Loss: 289.0392, Training Accuracy: 49.14%, Validation Loss: 0.9296, Validation Accuracy: 68.60%
4.894664728832377e-05
Epoch [25/200], Training Loss: 286.6165, Training Accuracy: 49.86%, Validation Loss: 0.7030, Validation Accuracy: 76.69%
----------- saving --------------
4.88581929876693e-05
Epoch [26/200], Training Loss: 281.5549, Training Accuracy: 47.57%, Validation Loss: 0.6483, Validation Accuracy: 79.95%
----------- saving --------------
4.876631938525972e-05
Epoch [27/200], Training Loss: 278.0332, Training Accuracy: 49.14%, Validation Loss: 0.7217, Validation Accuracy: 77.17%
4.8671049149531676e-05
Epoch [28/200], Training Loss: 274.3304, Training Accuracy: 50.29%, Validation Loss: 0.7462, Validation Accuracy: 76.33%
4.8572405786990295e-05
Epoch [29/200], Training Loss: 272.6919, Training Accuracy: 51.14%, Validation Loss: 0.7094, Validation Accuracy: 77.17%
4.847041363640924e-05
Epoch [30/200], Training Loss: 270.5174, Training Accuracy: 51.43%, Validation Loss: 0.6818, Validation Accuracy: 79.23%
4.836509786282552e-05
Epoch [31/200], Training Loss: 264.8809, Training Accuracy: 52.29%, Validation Loss: 0.6778, Validation Accuracy: 78.99%
4.8256484451330404e-05
Epoch [32/200], Training Loss: 261.6190, Training Accuracy: 51.43%, Validation Loss: 0.6607, Validation Accuracy: 78.14%
4.814460020065795e-05
Epoch [33/200], Training Loss: 261.2074, Training Accuracy: 53.29%, Validation Loss: 0.5873, Validation Accuracy: 81.16%
----------- saving --------------
4.802947271657287e-05
Epoch [34/200], Training Loss: 257.8603, Training Accuracy: 55.71%, Validation Loss: 0.7847, Validation Accuracy: 75.36%
4.7911130405059156e-05
Epoch [35/200], Training Loss: 254.7995, Training Accuracy: 55.43%, Validation Loss: 0.6422, Validation Accuracy: 79.35%
4.778960246531139e-05
Epoch [36/200], Training Loss: 249.7500, Training Accuracy: 55.57%, Validation Loss: 0.7393, Validation Accuracy: 76.09%
4.766491888253023e-05
Epoch [37/200], Training Loss: 249.7872, Training Accuracy: 53.71%, Validation Loss: 0.7698, Validation Accuracy: 76.57%
4.753711042052406e-05
Epoch [38/200], Training Loss: 245.5412, Training Accuracy: 56.29%, Validation Loss: 0.6937, Validation Accuracy: 77.17%
4.7406208614118425e-05
Epoch [39/200], Training Loss: 244.3065, Training Accuracy: 56.00%, Validation Loss: 0.7143, Validation Accuracy: 77.90%
4.727224576137535e-05
Epoch [40/200], Training Loss: 243.1352, Training Accuracy: 59.29%, Validation Loss: 0.6413, Validation Accuracy: 79.35%
4.7135254915624215e-05
Epoch [41/200], Training Loss: 240.6108, Training Accuracy: 58.29%, Validation Loss: 0.6530, Validation Accuracy: 78.86%
4.699526987730636e-05
Epoch [42/200], Training Loss: 238.7749, Training Accuracy: 56.00%, Validation Loss: 0.6491, Validation Accuracy: 79.47%
4.6852325185635355e-05
Epoch [43/200], Training Loss: 234.6292, Training Accuracy: 58.86%, Validation Loss: 0.6331, Validation Accuracy: 80.43%
4.6706456110074944e-05
Epoch [44/200], Training Loss: 230.7846, Training Accuracy: 59.43%, Validation Loss: 0.6159, Validation Accuracy: 80.19%
4.655769864163684e-05
Epoch [45/200], Training Loss: 231.2762, Training Accuracy: 58.86%, Validation Loss: 0.5607, Validation Accuracy: 81.52%
----------- saving --------------
4.6406089484000467e-05
Epoch [46/200], Training Loss: 229.2795, Training Accuracy: 59.57%, Validation Loss: 0.5522, Validation Accuracy: 80.68%
4.6251666044456894e-05
Epoch [47/200], Training Loss: 224.7809, Training Accuracy: 61.14%, Validation Loss: 0.6524, Validation Accuracy: 79.59%
4.609446642467915e-05
Epoch [48/200], Training Loss: 224.4413, Training Accuracy: 61.43%, Validation Loss: 0.5414, Validation Accuracy: 82.00%
----------- saving --------------
4.5934529411321176e-05
Epoch [49/200], Training Loss: 222.4858, Training Accuracy: 61.71%, Validation Loss: 0.6452, Validation Accuracy: 79.47%
4.5771894466447835e-05
Epoch [50/200], Training Loss: 221.9127, Training Accuracy: 59.71%, Validation Loss: 0.6455, Validation Accuracy: 79.47%
4.560660171779821e-05
Epoch [51/200], Training Loss: 216.7500, Training Accuracy: 62.00%, Validation Loss: 0.5358, Validation Accuracy: 81.76%
4.543869194888471e-05
Epoch [52/200], Training Loss: 216.7979, Training Accuracy: 61.29%, Validation Loss: 0.5093, Validation Accuracy: 82.73%
----------- saving --------------
4.526820658893033e-05
Epoch [53/200], Training Loss: 215.4648, Training Accuracy: 59.57%, Validation Loss: 0.5543, Validation Accuracy: 81.40%
4.50951877026466e-05
Epoch [54/200], Training Loss: 215.5583, Training Accuracy: 61.14%, Validation Loss: 0.5034, Validation Accuracy: 82.13%
4.491967797985478e-05
Epoch [55/200], Training Loss: 211.8342, Training Accuracy: 61.29%, Validation Loss: 0.5586, Validation Accuracy: 82.25%
4.474172072495276e-05
Epoch [56/200], Training Loss: 210.2066, Training Accuracy: 61.29%, Validation Loss: 0.5245, Validation Accuracy: 82.97%
----------- saving --------------
4.456135984623035e-05
Epoch [57/200], Training Loss: 209.1141, Training Accuracy: 60.43%, Validation Loss: 0.5870, Validation Accuracy: 81.28%
4.4378639845035585e-05
Epoch [58/200], Training Loss: 207.4225, Training Accuracy: 62.29%, Validation Loss: 0.5724, Validation Accuracy: 81.16%
4.419360580479465e-05
Epoch [59/200], Training Loss: 204.6019, Training Accuracy: 63.29%, Validation Loss: 0.5547, Validation Accuracy: 80.31%
4.400630337988827e-05
Epoch [60/200], Training Loss: 202.5260, Training Accuracy: 63.29%, Validation Loss: 0.4743, Validation Accuracy: 83.70%
----------- saving --------------
4.3816778784387106e-05
Epoch [61/200], Training Loss: 202.7263, Training Accuracy: 64.29%, Validation Loss: 0.5341, Validation Accuracy: 81.76%
4.362507878064918e-05
Epoch [62/200], Training Loss: 200.5491, Training Accuracy: 66.00%, Validation Loss: 0.5141, Validation Accuracy: 83.45%
4.343125066778197e-05
Epoch [63/200], Training Loss: 199.0894, Training Accuracy: 65.14%, Validation Loss: 0.4598, Validation Accuracy: 84.66%
----------- saving --------------
4.323534226997198e-05
Epoch [64/200], Training Loss: 197.0218, Training Accuracy: 67.57%, Validation Loss: 0.5525, Validation Accuracy: 80.56%
4.3037401924684955e-05
Epoch [65/200], Training Loss: 197.5336, Training Accuracy: 62.29%, Validation Loss: 0.5057, Validation Accuracy: 82.97%
4.2837478470739236e-05
Epoch [66/200], Training Loss: 197.2786, Training Accuracy: 65.00%, Validation Loss: 0.5341, Validation Accuracy: 83.82%
4.263562123625557e-05
Epoch [67/200], Training Loss: 193.3626, Training Accuracy: 66.57%, Validation Loss: 0.4971, Validation Accuracy: 82.37%
4.243188002648612e-05
Epoch [68/200], Training Loss: 192.3113, Training Accuracy: 67.43%, Validation Loss: 0.4885, Validation Accuracy: 83.57%
4.222630511152573e-05
Epoch [69/200], Training Loss: 192.5031, Training Accuracy: 66.00%, Validation Loss: 0.4766, Validation Accuracy: 83.33%
4.20189472139086e-05
Epoch [70/200], Training Loss: 191.2369, Training Accuracy: 67.14%, Validation Loss: 0.4833, Validation Accuracy: 84.06%
4.180985749609321e-05
Epoch [71/200], Training Loss: 189.0417, Training Accuracy: 66.00%, Validation Loss: 0.4989, Validation Accuracy: 84.66%
4.159908754783872e-05
Epoch [72/200], Training Loss: 188.3366, Training Accuracy: 65.14%, Validation Loss: 0.4517, Validation Accuracy: 84.06%
4.1386689373476096e-05
Epoch [73/200], Training Loss: 188.0349, Training Accuracy: 69.86%, Validation Loss: 0.4403, Validation Accuracy: 85.75%
----------- saving --------------
4.117271537907663e-05
Epoch [74/200], Training Loss: 186.7364, Training Accuracy: 67.00%, Validation Loss: 0.4586, Validation Accuracy: 83.45%
4.095721835952171e-05
Epoch [75/200], Training Loss: 183.6887, Training Accuracy: 69.57%, Validation Loss: 0.5462, Validation Accuracy: 81.16%
4.074025148547635e-05
Epoch [76/200], Training Loss: 182.9780, Training Accuracy: 67.00%, Validation Loss: 0.6229, Validation Accuracy: 79.71%
4.052186829027017e-05
Epoch [77/200], Training Loss: 182.5209, Training Accuracy: 66.57%, Validation Loss: 0.4940, Validation Accuracy: 82.25%
4.0302122656688864e-05
Epoch [78/200], Training Loss: 181.5628, Training Accuracy: 69.71%, Validation Loss: 0.4721, Validation Accuracy: 83.45%
4.008106880367937e-05
Epoch [79/200], Training Loss: 179.9016, Training Accuracy: 67.14%, Validation Loss: 0.4827, Validation Accuracy: 82.37%
3.985876127297224e-05
Epoch [80/200], Training Loss: 181.2054, Training Accuracy: 70.29%, Validation Loss: 0.5215, Validation Accuracy: 82.00%
3.963525491562421e-05
Epoch [81/200], Training Loss: 178.4956, Training Accuracy: 67.71%, Validation Loss: 0.4218, Validation Accuracy: 86.47%
----------- saving --------------
3.9410604878484564e-05
Epoch [82/200], Training Loss: 178.0394, Training Accuracy: 68.86%, Validation Loss: 0.5226, Validation Accuracy: 81.28%
3.918486659058844e-05
Epoch [83/200], Training Loss: 177.9007, Training Accuracy: 69.29%, Validation Loss: 0.4488, Validation Accuracy: 84.42%
3.89580957494806e-05
Epoch [84/200], Training Loss: 176.1817, Training Accuracy: 71.71%, Validation Loss: 0.4542, Validation Accuracy: 83.57%
3.873034830747282e-05
Epoch [85/200], Training Loss: 174.6515, Training Accuracy: 70.43%, Validation Loss: 0.4504, Validation Accuracy: 83.57%
3.8501680457838584e-05
Epoch [86/200], Training Loss: 176.1431, Training Accuracy: 69.57%, Validation Loss: 0.4654, Validation Accuracy: 83.45%
3.8272148620948145e-05
Epoch [87/200], Training Loss: 175.1558, Training Accuracy: 69.57%, Validation Loss: 0.5871, Validation Accuracy: 79.47%
3.8041809430347696e-05
Epoch [88/200], Training Loss: 172.1992, Training Accuracy: 73.29%, Validation Loss: 0.4255, Validation Accuracy: 85.39%
3.7810719718785876e-05
Epoch [89/200], Training Loss: 171.5467, Training Accuracy: 71.00%, Validation Loss: 0.4464, Validation Accuracy: 84.18%
3.757893650419114e-05
Epoch [90/200], Training Loss: 170.6634, Training Accuracy: 70.86%, Validation Loss: 0.4520, Validation Accuracy: 83.94%
3.734651697560347e-05
Epoch [91/200], Training Loss: 172.1078, Training Accuracy: 69.00%, Validation Loss: 0.4511, Validation Accuracy: 84.06%
3.711351847906374e-05
Epoch [92/200], Training Loss: 171.3129, Training Accuracy: 69.57%, Validation Loss: 0.5005, Validation Accuracy: 81.64%
3.687999850346457e-05
Epoch [93/200], Training Loss: 171.1865, Training Accuracy: 71.71%, Validation Loss: 0.4745, Validation Accuracy: 83.09%
3.6646014666365684e-05
Epoch [94/200], Training Loss: 168.4878, Training Accuracy: 71.57%, Validation Loss: 0.4654, Validation Accuracy: 83.45%
3.641162469977772e-05
Epoch [95/200], Training Loss: 168.0821, Training Accuracy: 70.00%, Validation Loss: 0.5250, Validation Accuracy: 80.68%
3.617688643591768e-05
Epoch [96/200], Training Loss: 169.1694, Training Accuracy: 72.14%, Validation Loss: 0.4827, Validation Accuracy: 84.18%
3.594185779293971e-05
Epoch [97/200], Training Loss: 167.3866, Training Accuracy: 71.71%, Validation Loss: 0.5384, Validation Accuracy: 81.04%
3.5706596760644643e-05
Epoch [98/200], Training Loss: 165.7818, Training Accuracy: 72.14%, Validation Loss: 0.4722, Validation Accuracy: 82.37%
3.547116138617192e-05
Epoch [99/200], Training Loss: 165.7041, Training Accuracy: 73.00%, Validation Loss: 0.4915, Validation Accuracy: 82.00%
3.523560975967731e-05
Epoch [100/200], Training Loss: 166.9949, Training Accuracy: 70.57%, Validation Loss: 0.4334, Validation Accuracy: 85.39%
3.5000000000000004e-05
Epoch [101/200], Training Loss: 165.8663, Training Accuracy: 74.00%, Validation Loss: 0.4789, Validation Accuracy: 82.37%
3.4764390240322696e-05
Epoch [102/200], Training Loss: 164.9902, Training Accuracy: 70.43%, Validation Loss: 0.4565, Validation Accuracy: 82.85%
3.452883861382808e-05
Epoch [103/200], Training Loss: 162.9426, Training Accuracy: 75.00%, Validation Loss: 0.4571, Validation Accuracy: 84.90%
3.4293403239355364e-05
Epoch [104/200], Training Loss: 162.7173, Training Accuracy: 72.57%, Validation Loss: 0.4931, Validation Accuracy: 81.88%
3.40581422070603e-05
Epoch [105/200], Training Loss: 162.8946, Training Accuracy: 73.29%, Validation Loss: 0.4945, Validation Accuracy: 82.61%
3.382311356408233e-05
Epoch [106/200], Training Loss: 162.0883, Training Accuracy: 73.29%, Validation Loss: 0.4429, Validation Accuracy: 84.18%
3.358837530022229e-05
Epoch [107/200], Training Loss: 160.9561, Training Accuracy: 74.00%, Validation Loss: 0.4452, Validation Accuracy: 84.30%
3.335398533363432e-05
Epoch [108/200], Training Loss: 160.6370, Training Accuracy: 75.00%, Validation Loss: 0.5204, Validation Accuracy: 80.80%
3.312000149653544e-05
Epoch [109/200], Training Loss: 161.1880, Training Accuracy: 72.86%, Validation Loss: 0.5089, Validation Accuracy: 82.37%
3.2886481520936266e-05
Epoch [110/200], Training Loss: 159.8214, Training Accuracy: 72.86%, Validation Loss: 0.4257, Validation Accuracy: 84.90%
3.2653483024396536e-05
Epoch [111/200], Training Loss: 158.2264, Training Accuracy: 74.71%, Validation Loss: 0.4521, Validation Accuracy: 84.66%
3.242106349580886e-05
Epoch [112/200], Training Loss: 158.2320, Training Accuracy: 74.00%, Validation Loss: 0.4887, Validation Accuracy: 83.57%
3.218928028121413e-05
Epoch [113/200], Training Loss: 158.1502, Training Accuracy: 75.14%, Validation Loss: 0.4940, Validation Accuracy: 81.52%
3.195819056965232e-05
Epoch [114/200], Training Loss: 158.3099, Training Accuracy: 76.86%, Validation Loss: 0.5282, Validation Accuracy: 80.68%
3.172785137905187e-05
Epoch [115/200], Training Loss: 156.9520, Training Accuracy: 73.57%, Validation Loss: 0.4155, Validation Accuracy: 85.75%
3.149831954216142e-05
Epoch [116/200], Training Loss: 158.3786, Training Accuracy: 75.29%, Validation Loss: 0.5398, Validation Accuracy: 80.31%
3.126965169252718e-05
Epoch [117/200], Training Loss: 157.4446, Training Accuracy: 76.14%, Validation Loss: 0.4714, Validation Accuracy: 83.09%
3.104190425051941e-05
Epoch [118/200], Training Loss: 155.2117, Training Accuracy: 73.29%, Validation Loss: 0.4193, Validation Accuracy: 85.39%
3.0815133409411565e-05
Epoch [119/200], Training Loss: 155.9044, Training Accuracy: 75.14%, Validation Loss: 0.4900, Validation Accuracy: 82.13%
3.0589395121515443e-05
Epoch [120/200], Training Loss: 154.1727, Training Accuracy: 76.43%, Validation Loss: 0.4582, Validation Accuracy: 85.02%
3.0364745084375795e-05
Epoch [121/200], Training Loss: 154.8814, Training Accuracy: 74.43%, Validation Loss: 0.4809, Validation Accuracy: 82.49%
3.0141238727027758e-05
Epoch [122/200], Training Loss: 155.1664, Training Accuracy: 76.29%, Validation Loss: 0.4637, Validation Accuracy: 82.73%
2.991893119632063e-05
Epoch [123/200], Training Loss: 154.5415, Training Accuracy: 74.14%, Validation Loss: 0.4780, Validation Accuracy: 83.21%
2.9697877343311147e-05
Epoch [124/200], Training Loss: 153.8610, Training Accuracy: 77.00%, Validation Loss: 0.4510, Validation Accuracy: 84.18%
2.9478131709729838e-05
Epoch [125/200], Training Loss: 154.0538, Training Accuracy: 77.43%, Validation Loss: 0.5351, Validation Accuracy: 81.52%
2.9259748514523657e-05
Epoch [126/200], Training Loss: 152.1252, Training Accuracy: 73.00%, Validation Loss: 0.5110, Validation Accuracy: 81.88%
2.9042781640478292e-05
Epoch [127/200], Training Loss: 153.1917, Training Accuracy: 75.86%, Validation Loss: 0.4479, Validation Accuracy: 83.57%
2.882728462092337e-05
Epoch [128/200], Training Loss: 151.2138, Training Accuracy: 76.00%, Validation Loss: 0.4538, Validation Accuracy: 83.94%
2.861331062652391e-05
Epoch [129/200], Training Loss: 151.0735, Training Accuracy: 79.00%, Validation Loss: 0.4555, Validation Accuracy: 82.73%
2.8400912452161272e-05
Epoch [130/200], Training Loss: 151.8514, Training Accuracy: 76.86%, Validation Loss: 0.4494, Validation Accuracy: 84.18%
2.81901425039068e-05
Epoch [131/200], Training Loss: 151.3172, Training Accuracy: 77.71%, Validation Loss: 0.4241, Validation Accuracy: 85.75%
2.7981052786091404e-05
Epoch [132/200], Training Loss: 150.3580, Training Accuracy: 76.71%, Validation Loss: 0.4461, Validation Accuracy: 85.39%
2.777369488847427e-05
Epoch [133/200], Training Loss: 149.8878, Training Accuracy: 77.71%, Validation Loss: 0.5377, Validation Accuracy: 80.56%
2.756811997351389e-05
Epoch [134/200], Training Loss: 150.1662, Training Accuracy: 76.29%, Validation Loss: 0.5099, Validation Accuracy: 81.88%
2.7364378763744433e-05
Epoch [135/200], Training Loss: 150.1224, Training Accuracy: 78.86%, Validation Loss: 0.4479, Validation Accuracy: 84.54%
2.7162521529260772e-05
Epoch [136/200], Training Loss: 149.1651, Training Accuracy: 76.29%, Validation Loss: 0.4577, Validation Accuracy: 83.33%
2.696259807531505e-05
Epoch [137/200], Training Loss: 149.1718, Training Accuracy: 76.29%, Validation Loss: 0.4778, Validation Accuracy: 82.49%
2.6764657730028024e-05
Epoch [138/200], Training Loss: 148.2733, Training Accuracy: 78.00%, Validation Loss: 0.4653, Validation Accuracy: 83.45%
2.656874933221804e-05
Epoch [139/200], Training Loss: 147.4117, Training Accuracy: 76.14%, Validation Loss: 0.5227, Validation Accuracy: 81.16%
2.6374921219350825e-05
Epoch [140/200], Training Loss: 146.8028, Training Accuracy: 76.86%, Validation Loss: 0.4835, Validation Accuracy: 83.09%
2.6183221215612905e-05
Epoch [141/200], Training Loss: 146.4454, Training Accuracy: 78.57%, Validation Loss: 0.5178, Validation Accuracy: 81.28%
2.5993696620111744e-05
Epoch [142/200], Training Loss: 146.5009, Training Accuracy: 77.43%, Validation Loss: 0.4707, Validation Accuracy: 83.21%
2.5806394195205354e-05
Epoch [143/200], Training Loss: 146.3572, Training Accuracy: 77.29%, Validation Loss: 0.4541, Validation Accuracy: 84.06%
2.5621360154964423e-05
Epoch [144/200], Training Loss: 146.8271, Training Accuracy: 77.71%, Validation Loss: 0.5257, Validation Accuracy: 82.85%
2.5438640153769657e-05
Epoch [145/200], Training Loss: 146.1018, Training Accuracy: 79.14%, Validation Loss: 0.4719, Validation Accuracy: 82.73%
2.525827927504725e-05
Epoch [146/200], Training Loss: 145.3897, Training Accuracy: 79.00%, Validation Loss: 0.4689, Validation Accuracy: 82.85%
2.5080322020145226e-05
Epoch [147/200], Training Loss: 144.9060, Training Accuracy: 80.14%, Validation Loss: 0.5434, Validation Accuracy: 80.31%
2.49048122973534e-05
Epoch [148/200], Training Loss: 145.1968, Training Accuracy: 78.29%, Validation Loss: 0.4334, Validation Accuracy: 84.30%
2.473179341106967e-05
Epoch [149/200], Training Loss: 144.3542, Training Accuracy: 78.43%, Validation Loss: 0.4910, Validation Accuracy: 82.49%
2.4561308051115287e-05
Epoch [150/200], Training Loss: 145.1179, Training Accuracy: 78.14%, Validation Loss: 0.5233, Validation Accuracy: 80.80%
2.439339828220179e-05
Epoch [151/200], Training Loss: 143.6261, Training Accuracy: 79.57%, Validation Loss: 0.4363, Validation Accuracy: 85.39%
2.4228105533552172e-05
Epoch [152/200], Training Loss: 143.8329, Training Accuracy: 81.00%, Validation Loss: 0.4517, Validation Accuracy: 85.14%
2.406547058867883e-05
Epoch [153/200], Training Loss: 143.2210, Training Accuracy: 80.14%, Validation Loss: 0.4903, Validation Accuracy: 83.57%
2.3905533575320855e-05
Epoch [154/200], Training Loss: 142.9398, Training Accuracy: 80.29%, Validation Loss: 0.4874, Validation Accuracy: 83.82%
2.3748333955543107e-05
Epoch [155/200], Training Loss: 143.3322, Training Accuracy: 79.71%, Validation Loss: 0.4306, Validation Accuracy: 85.87%
2.3593910515999538e-05
Epoch [156/200], Training Loss: 143.2427, Training Accuracy: 78.00%, Validation Loss: 0.4701, Validation Accuracy: 83.21%
2.3442301358363164e-05
Epoch [157/200], Training Loss: 142.7710, Training Accuracy: 79.43%, Validation Loss: 0.4834, Validation Accuracy: 82.73%
2.3293543889925057e-05
Epoch [158/200], Training Loss: 142.9547, Training Accuracy: 79.57%, Validation Loss: 0.4605, Validation Accuracy: 84.54%
2.3147674814364646e-05
Epoch [159/200], Training Loss: 141.8628, Training Accuracy: 77.86%, Validation Loss: 0.4733, Validation Accuracy: 83.45%
2.3004730122693643e-05
Epoch [160/200], Training Loss: 141.7525, Training Accuracy: 79.86%, Validation Loss: 0.4842, Validation Accuracy: 82.61%
2.2864745084375792e-05
Epoch [161/200], Training Loss: 144.4400, Training Accuracy: 79.57%, Validation Loss: 0.4643, Validation Accuracy: 83.70%
2.2727754238624652e-05
Epoch [162/200], Training Loss: 141.3938, Training Accuracy: 80.29%, Validation Loss: 0.4950, Validation Accuracy: 81.76%
2.2593791385881576e-05
Epoch [163/200], Training Loss: 140.3226, Training Accuracy: 81.86%, Validation Loss: 0.4537, Validation Accuracy: 84.06%
2.2462889579475952e-05
Epoch [164/200], Training Loss: 140.5171, Training Accuracy: 81.14%, Validation Loss: 0.5234, Validation Accuracy: 81.28%
2.233508111746978e-05
Epoch [165/200], Training Loss: 140.9181, Training Accuracy: 80.57%, Validation Loss: 0.4615, Validation Accuracy: 83.33%
2.221039753468862e-05
Epoch [166/200], Training Loss: 140.5905, Training Accuracy: 80.71%, Validation Loss: 0.4938, Validation Accuracy: 83.09%
2.2088869594940844e-05
Epoch [167/200], Training Loss: 138.6803, Training Accuracy: 82.14%, Validation Loss: 0.5135, Validation Accuracy: 82.25%
2.197052728342713e-05
Epoch [168/200], Training Loss: 139.7625, Training Accuracy: 79.14%, Validation Loss: 0.4831, Validation Accuracy: 83.09%
2.185539979934205e-05
Epoch [169/200], Training Loss: 139.9250, Training Accuracy: 82.14%, Validation Loss: 0.5015, Validation Accuracy: 81.88%
2.17435155486696e-05
Epoch [170/200], Training Loss: 140.0461, Training Accuracy: 80.43%, Validation Loss: 0.4519, Validation Accuracy: 83.57%
2.1634902137174486e-05
Epoch [171/200], Training Loss: 140.3505, Training Accuracy: 81.57%, Validation Loss: 0.5034, Validation Accuracy: 82.85%
2.152958636359077e-05
Epoch [172/200], Training Loss: 139.4609, Training Accuracy: 80.00%, Validation Loss: 0.4858, Validation Accuracy: 82.49%
2.1427594213009713e-05
Epoch [173/200], Training Loss: 138.5552, Training Accuracy: 81.57%, Validation Loss: 0.4752, Validation Accuracy: 83.94%
2.1328950850468325e-05
Epoch [174/200], Training Loss: 138.8547, Training Accuracy: 81.86%, Validation Loss: 0.5344, Validation Accuracy: 81.16%
2.123368061474029e-05
Epoch [175/200], Training Loss: 138.2887, Training Accuracy: 81.57%, Validation Loss: 0.5416, Validation Accuracy: 80.68%
2.1141807012330703e-05
Epoch [176/200], Training Loss: 138.2591, Training Accuracy: 81.71%, Validation Loss: 0.4396, Validation Accuracy: 85.39%
2.105335271167623e-05
Epoch [177/200], Training Loss: 138.4064, Training Accuracy: 81.14%, Validation Loss: 0.4638, Validation Accuracy: 83.94%
2.096833953755199e-05
Epoch [178/200], Training Loss: 138.3682, Training Accuracy: 82.57%, Validation Loss: 0.5098, Validation Accuracy: 82.00%
2.088678846568662e-05
Epoch [179/200], Training Loss: 137.5808, Training Accuracy: 81.71%, Validation Loss: 0.5210, Validation Accuracy: 82.85%
2.080871961758682e-05
Epoch [180/200], Training Loss: 138.4496, Training Accuracy: 82.57%, Validation Loss: 0.5046, Validation Accuracy: 82.85%
2.0734152255572697e-05
Epoch [181/200], Training Loss: 136.2461, Training Accuracy: 79.00%, Validation Loss: 0.4564, Validation Accuracy: 84.06%
2.066310477802505e-05
Epoch [182/200], Training Loss: 137.9962, Training Accuracy: 80.86%, Validation Loss: 0.4770, Validation Accuracy: 84.18%
2.0595594714845856e-05
Epoch [183/200], Training Loss: 137.0748, Training Accuracy: 80.00%, Validation Loss: 0.4995, Validation Accuracy: 83.21%
2.0531638723133032e-05
Epoch [184/200], Training Loss: 136.9289, Training Accuracy: 80.57%, Validation Loss: 0.5158, Validation Accuracy: 81.88%
2.047125258307054e-05
Epoch [185/200], Training Loss: 138.1117, Training Accuracy: 80.14%, Validation Loss: 0.5458, Validation Accuracy: 81.28%
2.0414451194034853e-05
Epoch [186/200], Training Loss: 137.7913, Training Accuracy: 80.14%, Validation Loss: 0.4890, Validation Accuracy: 81.76%
2.0361248570918792e-05
Epoch [187/200], Training Loss: 135.8175, Training Accuracy: 81.43%, Validation Loss: 0.4775, Validation Accuracy: 84.18%
2.0311657840673515e-05
Epoch [188/200], Training Loss: 135.7258, Training Accuracy: 80.71%, Validation Loss: 0.4990, Validation Accuracy: 82.85%
2.026569123906967e-05
Epoch [189/200], Training Loss: 134.9354, Training Accuracy: 80.86%, Validation Loss: 0.5078, Validation Accuracy: 82.25%
2.0223360107678393e-05
Epoch [190/200], Training Loss: 135.9049, Training Accuracy: 80.71%, Validation Loss: 0.5333, Validation Accuracy: 82.13%
2.0184674891072937e-05
Epoch [191/200], Training Loss: 135.7840, Training Accuracy: 81.57%, Validation Loss: 0.4292, Validation Accuracy: 84.78%
2.014964513425164e-05
Epoch [192/200], Training Loss: 134.9358, Training Accuracy: 81.71%, Validation Loss: 0.4999, Validation Accuracy: 82.13%
2.0118279480282836e-05
Epoch [193/200], Training Loss: 134.8662, Training Accuracy: 81.43%, Validation Loss: 0.4607, Validation Accuracy: 84.18%
2.0090585668172307e-05
Epoch [194/200], Training Loss: 134.6718, Training Accuracy: 82.00%, Validation Loss: 0.5406, Validation Accuracy: 81.40%
2.00665705309538e-05
Epoch [195/200], Training Loss: 134.5458, Training Accuracy: 81.86%, Validation Loss: 0.5092, Validation Accuracy: 82.85%
2.0046239994003082e-05
Epoch [196/200], Training Loss: 134.4655, Training Accuracy: 79.86%, Validation Loss: 0.4830, Validation Accuracy: 83.33%
2.0029599073575927e-05
Epoch [197/200], Training Loss: 135.1656, Training Accuracy: 83.71%, Validation Loss: 0.4729, Validation Accuracy: 84.42%
2.0016651875570453e-05
Epoch [198/200], Training Loss: 135.7929, Training Accuracy: 82.14%, Validation Loss: 0.5279, Validation Accuracy: 81.16%
2.000740159451403e-05
Epoch [199/200], Training Loss: 133.9470, Training Accuracy: 83.43%, Validation Loss: 0.4589, Validation Accuracy: 85.02%
2.0001850512775094e-05
Epoch [200/200], Training Loss: 132.9676, Training Accuracy: 80.86%, Validation Loss: 0.4866, Validation Accuracy: 83.82%
Training time 0:38:36
