Args parsed
Take 1: Modify the transformer to learn teacher's features. Weightage: 0.1, dataset: 100 size, no feature distillation

Validating the train path:/home/micml/25m0764/MIC_project/final_dataset/dataset_600/train_100
Validating the train path:/home/micml/25m0764/MIC_project/final_dataset/dataset_600/test
Train size: 700
Test size: 828
Creating model: HDKD
It's multiple distill tokens setup!
Model created
The HDKD has number of params = 3859896
Path for teacher model: /home/micml/25m0764/MIC_project/HDKD/weighted_loss_data_models/teacher_model/teacher_model_weighted_loss.pth
Using weighted loss function for training
In this run we will only let transformer learn in the final transformer block!
Starting training
2e-05
Epoch [1/200], Training Loss: 1.0990, Training Accuracy: 15.57%, Validation Loss: 1.7518, Validation Accuracy: 69.08%
----------- saving --------------
2.6000000000000002e-05
Epoch [2/200], Training Loss: 1.0569, Training Accuracy: 19.29%, Validation Loss: 1.6080, Validation Accuracy: 72.95%
----------- saving --------------
3.2000000000000005e-05
Epoch [3/200], Training Loss: 1.0250, Training Accuracy: 25.43%, Validation Loss: 1.4852, Validation Accuracy: 73.07%
----------- saving --------------
3.8e-05
Epoch [4/200], Training Loss: 0.9854, Training Accuracy: 27.29%, Validation Loss: 1.1745, Validation Accuracy: 74.88%
----------- saving --------------
4.4e-05
Epoch [5/200], Training Loss: 0.9483, Training Accuracy: 30.14%, Validation Loss: 1.1585, Validation Accuracy: 73.55%
4.9953760005996925e-05
Epoch [6/200], Training Loss: 0.8935, Training Accuracy: 35.86%, Validation Loss: 1.0340, Validation Accuracy: 73.31%
4.993342946904621e-05
Epoch [7/200], Training Loss: 0.8460, Training Accuracy: 40.86%, Validation Loss: 1.2065, Validation Accuracy: 67.51%
4.9909414331827703e-05
Epoch [8/200], Training Loss: 0.7871, Training Accuracy: 43.71%, Validation Loss: 0.9054, Validation Accuracy: 75.00%
----------- saving --------------
4.988172051971717e-05
Epoch [9/200], Training Loss: 0.8017, Training Accuracy: 43.14%, Validation Loss: 1.0831, Validation Accuracy: 70.53%
4.9850354865748364e-05
Epoch [10/200], Training Loss: 0.7199, Training Accuracy: 49.43%, Validation Loss: 0.8368, Validation Accuracy: 75.60%
----------- saving --------------
4.981532510892707e-05
Epoch [11/200], Training Loss: 0.7136, Training Accuracy: 47.71%, Validation Loss: 0.7256, Validation Accuracy: 77.17%
----------- saving --------------
4.977663989232161e-05
Epoch [12/200], Training Loss: 0.7365, Training Accuracy: 46.57%, Validation Loss: 0.8166, Validation Accuracy: 72.46%
4.973430876093034e-05
Epoch [13/200], Training Loss: 0.7211, Training Accuracy: 46.29%, Validation Loss: 0.7084, Validation Accuracy: 76.69%
4.968834215932649e-05
Epoch [14/200], Training Loss: 0.6977, Training Accuracy: 49.71%, Validation Loss: 0.6706, Validation Accuracy: 78.50%
----------- saving --------------
4.963875142908122e-05
Epoch [15/200], Training Loss: 0.6777, Training Accuracy: 49.14%, Validation Loss: 0.6526, Validation Accuracy: 77.42%
4.958554880596515e-05
Epoch [16/200], Training Loss: 0.6739, Training Accuracy: 51.29%, Validation Loss: 0.7461, Validation Accuracy: 76.93%
4.952874741692947e-05
Epoch [17/200], Training Loss: 0.6547, Training Accuracy: 50.43%, Validation Loss: 0.8557, Validation Accuracy: 72.71%
4.946836127686698e-05
Epoch [18/200], Training Loss: 0.6570, Training Accuracy: 51.57%, Validation Loss: 0.7193, Validation Accuracy: 76.57%
4.940440528515415e-05
Epoch [19/200], Training Loss: 0.6435, Training Accuracy: 53.00%, Validation Loss: 0.6453, Validation Accuracy: 78.38%
4.933689522197495e-05
Epoch [20/200], Training Loss: 0.6377, Training Accuracy: 54.14%, Validation Loss: 0.7638, Validation Accuracy: 74.76%
4.926584774442731e-05
Epoch [21/200], Training Loss: 0.6383, Training Accuracy: 53.43%, Validation Loss: 0.7562, Validation Accuracy: 75.60%
4.919128038241318e-05
Epoch [22/200], Training Loss: 0.6062, Training Accuracy: 54.29%, Validation Loss: 0.7415, Validation Accuracy: 75.24%
4.9113211534313383e-05
Epoch [23/200], Training Loss: 0.6361, Training Accuracy: 52.14%, Validation Loss: 1.0645, Validation Accuracy: 64.25%
4.9031660462448016e-05
Epoch [24/200], Training Loss: 0.6144, Training Accuracy: 54.71%, Validation Loss: 0.8294, Validation Accuracy: 73.91%
4.894664728832377e-05
Epoch [25/200], Training Loss: 0.6432, Training Accuracy: 51.14%, Validation Loss: 0.8042, Validation Accuracy: 73.43%
4.88581929876693e-05
Epoch [26/200], Training Loss: 0.6123, Training Accuracy: 54.57%, Validation Loss: 0.6649, Validation Accuracy: 79.23%
----------- saving --------------
4.876631938525972e-05
Epoch [27/200], Training Loss: 0.6026, Training Accuracy: 55.14%, Validation Loss: 0.8249, Validation Accuracy: 73.43%
4.8671049149531676e-05
Epoch [28/200], Training Loss: 0.5647, Training Accuracy: 60.57%, Validation Loss: 0.6610, Validation Accuracy: 78.02%
4.8572405786990295e-05
Epoch [29/200], Training Loss: 0.5899, Training Accuracy: 56.43%, Validation Loss: 0.5750, Validation Accuracy: 79.83%
----------- saving --------------
4.847041363640924e-05
Epoch [30/200], Training Loss: 0.5492, Training Accuracy: 61.00%, Validation Loss: 0.6151, Validation Accuracy: 78.74%
4.836509786282552e-05
Epoch [31/200], Training Loss: 0.5875, Training Accuracy: 58.29%, Validation Loss: 0.7347, Validation Accuracy: 76.33%
4.8256484451330404e-05
Epoch [32/200], Training Loss: 0.5743, Training Accuracy: 57.43%, Validation Loss: 0.6600, Validation Accuracy: 78.02%
4.814460020065795e-05
Epoch [33/200], Training Loss: 0.5513, Training Accuracy: 62.14%, Validation Loss: 0.6464, Validation Accuracy: 77.17%
4.802947271657287e-05
Epoch [34/200], Training Loss: 0.5730, Training Accuracy: 57.29%, Validation Loss: 0.6728, Validation Accuracy: 76.33%
4.7911130405059156e-05
Epoch [35/200], Training Loss: 0.5397, Training Accuracy: 60.71%, Validation Loss: 0.5790, Validation Accuracy: 80.19%
----------- saving --------------
4.778960246531139e-05
Epoch [36/200], Training Loss: 0.5454, Training Accuracy: 58.57%, Validation Loss: 0.6053, Validation Accuracy: 78.99%
4.766491888253023e-05
Epoch [37/200], Training Loss: 0.5307, Training Accuracy: 62.43%, Validation Loss: 0.6866, Validation Accuracy: 76.81%
4.753711042052406e-05
Epoch [38/200], Training Loss: 0.5350, Training Accuracy: 61.86%, Validation Loss: 0.6301, Validation Accuracy: 78.50%
4.7406208614118425e-05
Epoch [39/200], Training Loss: 0.5041, Training Accuracy: 64.57%, Validation Loss: 0.6285, Validation Accuracy: 78.99%
4.727224576137535e-05
Epoch [40/200], Training Loss: 0.5033, Training Accuracy: 61.86%, Validation Loss: 0.6599, Validation Accuracy: 77.05%
4.7135254915624215e-05
Epoch [41/200], Training Loss: 0.4976, Training Accuracy: 63.57%, Validation Loss: 0.7853, Validation Accuracy: 73.79%
4.699526987730636e-05
Epoch [42/200], Training Loss: 0.5068, Training Accuracy: 62.14%, Validation Loss: 0.6793, Validation Accuracy: 76.09%
4.6852325185635355e-05
Epoch [43/200], Training Loss: 0.5087, Training Accuracy: 63.29%, Validation Loss: 0.6353, Validation Accuracy: 78.38%
4.6706456110074944e-05
Epoch [44/200], Training Loss: 0.4973, Training Accuracy: 62.57%, Validation Loss: 0.8064, Validation Accuracy: 71.01%
4.655769864163684e-05
Epoch [45/200], Training Loss: 0.4800, Training Accuracy: 65.71%, Validation Loss: 0.6599, Validation Accuracy: 77.42%
4.6406089484000467e-05
Epoch [46/200], Training Loss: 0.4810, Training Accuracy: 64.00%, Validation Loss: 0.5883, Validation Accuracy: 79.59%
4.6251666044456894e-05
Epoch [47/200], Training Loss: 0.4529, Training Accuracy: 66.57%, Validation Loss: 0.6054, Validation Accuracy: 78.62%
4.609446642467915e-05
Epoch [48/200], Training Loss: 0.4603, Training Accuracy: 65.29%, Validation Loss: 0.6251, Validation Accuracy: 78.99%
4.5934529411321176e-05
Epoch [49/200], Training Loss: 0.4708, Training Accuracy: 66.57%, Validation Loss: 0.5761, Validation Accuracy: 80.68%
----------- saving --------------
4.5771894466447835e-05
Epoch [50/200], Training Loss: 0.4672, Training Accuracy: 66.71%, Validation Loss: 0.6689, Validation Accuracy: 77.05%
4.560660171779821e-05
Epoch [51/200], Training Loss: 0.4477, Training Accuracy: 66.43%, Validation Loss: 0.6149, Validation Accuracy: 78.26%
4.543869194888471e-05
Epoch [52/200], Training Loss: 0.4237, Training Accuracy: 67.86%, Validation Loss: 0.5660, Validation Accuracy: 79.71%
4.526820658893033e-05
Epoch [53/200], Training Loss: 0.4291, Training Accuracy: 67.14%, Validation Loss: 0.5954, Validation Accuracy: 79.95%
4.50951877026466e-05
Epoch [54/200], Training Loss: 0.4645, Training Accuracy: 65.71%, Validation Loss: 0.6514, Validation Accuracy: 77.29%
4.491967797985478e-05
Epoch [55/200], Training Loss: 0.4336, Training Accuracy: 69.00%, Validation Loss: 0.6201, Validation Accuracy: 77.66%
4.474172072495276e-05
Epoch [56/200], Training Loss: 0.4099, Training Accuracy: 70.29%, Validation Loss: 0.6390, Validation Accuracy: 77.54%
4.456135984623035e-05
Epoch [57/200], Training Loss: 0.4119, Training Accuracy: 70.86%, Validation Loss: 0.6783, Validation Accuracy: 75.97%
4.4378639845035585e-05
Epoch [58/200], Training Loss: 0.4185, Training Accuracy: 70.43%, Validation Loss: 0.6266, Validation Accuracy: 77.90%
4.419360580479465e-05
Epoch [59/200], Training Loss: 0.4044, Training Accuracy: 70.00%, Validation Loss: 0.6774, Validation Accuracy: 75.48%
4.400630337988827e-05
Epoch [60/200], Training Loss: 0.3895, Training Accuracy: 73.00%, Validation Loss: 0.6782, Validation Accuracy: 75.24%
4.3816778784387106e-05
Epoch [61/200], Training Loss: 0.3846, Training Accuracy: 71.71%, Validation Loss: 0.7096, Validation Accuracy: 75.24%
4.362507878064918e-05
Epoch [62/200], Training Loss: 0.3918, Training Accuracy: 71.00%, Validation Loss: 0.6294, Validation Accuracy: 77.66%
4.343125066778197e-05
Epoch [63/200], Training Loss: 0.4065, Training Accuracy: 70.57%, Validation Loss: 0.6184, Validation Accuracy: 78.02%
4.323534226997198e-05
Epoch [64/200], Training Loss: 0.3736, Training Accuracy: 71.86%, Validation Loss: 0.6066, Validation Accuracy: 77.54%
4.3037401924684955e-05
Epoch [65/200], Training Loss: 0.4001, Training Accuracy: 69.71%, Validation Loss: 0.5585, Validation Accuracy: 79.95%
4.2837478470739236e-05
Epoch [66/200], Training Loss: 0.3791, Training Accuracy: 71.71%, Validation Loss: 0.5763, Validation Accuracy: 79.83%
4.263562123625557e-05
Epoch [67/200], Training Loss: 0.3743, Training Accuracy: 73.14%, Validation Loss: 0.6321, Validation Accuracy: 76.81%
4.243188002648612e-05
Epoch [68/200], Training Loss: 0.3771, Training Accuracy: 72.29%, Validation Loss: 0.6599, Validation Accuracy: 74.88%
4.222630511152573e-05
Epoch [69/200], Training Loss: 0.3650, Training Accuracy: 72.14%, Validation Loss: 0.8707, Validation Accuracy: 69.32%
4.20189472139086e-05
Epoch [70/200], Training Loss: 0.3760, Training Accuracy: 70.43%, Validation Loss: 0.5903, Validation Accuracy: 78.99%
4.180985749609321e-05
Epoch [71/200], Training Loss: 0.3643, Training Accuracy: 72.57%, Validation Loss: 0.6196, Validation Accuracy: 76.81%
4.159908754783872e-05
Epoch [72/200], Training Loss: 0.3546, Training Accuracy: 74.86%, Validation Loss: 0.6112, Validation Accuracy: 77.42%
4.1386689373476096e-05
Epoch [73/200], Training Loss: 0.3445, Training Accuracy: 75.29%, Validation Loss: 0.6448, Validation Accuracy: 77.17%
4.117271537907663e-05
Epoch [74/200], Training Loss: 0.3602, Training Accuracy: 73.14%, Validation Loss: 0.6166, Validation Accuracy: 78.50%
4.095721835952171e-05
Epoch [75/200], Training Loss: 0.3455, Training Accuracy: 75.57%, Validation Loss: 0.6901, Validation Accuracy: 76.21%
4.074025148547635e-05
Epoch [76/200], Training Loss: 0.3420, Training Accuracy: 73.71%, Validation Loss: 0.5778, Validation Accuracy: 78.38%
4.052186829027017e-05
Epoch [77/200], Training Loss: 0.3372, Training Accuracy: 74.86%, Validation Loss: 0.5510, Validation Accuracy: 80.68%
4.0302122656688864e-05
Epoch [78/200], Training Loss: 0.3471, Training Accuracy: 75.86%, Validation Loss: 0.5852, Validation Accuracy: 78.50%
4.008106880367937e-05
Epoch [79/200], Training Loss: 0.3457, Training Accuracy: 73.86%, Validation Loss: 0.6049, Validation Accuracy: 77.78%
3.985876127297224e-05
Epoch [80/200], Training Loss: 0.3181, Training Accuracy: 75.71%, Validation Loss: 0.6075, Validation Accuracy: 77.54%
3.963525491562421e-05
Epoch [81/200], Training Loss: 0.3143, Training Accuracy: 76.71%, Validation Loss: 0.6247, Validation Accuracy: 77.42%
3.9410604878484564e-05
Epoch [82/200], Training Loss: 0.3063, Training Accuracy: 76.71%, Validation Loss: 0.5725, Validation Accuracy: 78.99%
3.918486659058844e-05
Epoch [83/200], Training Loss: 0.3174, Training Accuracy: 76.29%, Validation Loss: 0.6567, Validation Accuracy: 76.21%
3.89580957494806e-05
Epoch [84/200], Training Loss: 0.3401, Training Accuracy: 72.57%, Validation Loss: 0.5397, Validation Accuracy: 80.68%
3.873034830747282e-05
Epoch [85/200], Training Loss: 0.3098, Training Accuracy: 77.00%, Validation Loss: 0.6029, Validation Accuracy: 79.95%
3.8501680457838584e-05
Epoch [86/200], Training Loss: 0.3009, Training Accuracy: 78.29%, Validation Loss: 0.6213, Validation Accuracy: 76.93%
3.8272148620948145e-05
Epoch [87/200], Training Loss: 0.2859, Training Accuracy: 79.57%, Validation Loss: 0.5379, Validation Accuracy: 80.31%
3.8041809430347696e-05
Epoch [88/200], Training Loss: 0.3406, Training Accuracy: 75.57%, Validation Loss: 0.6375, Validation Accuracy: 75.60%
3.7810719718785876e-05
Epoch [89/200], Training Loss: 0.3120, Training Accuracy: 76.14%, Validation Loss: 0.5609, Validation Accuracy: 80.68%
3.757893650419114e-05
Epoch [90/200], Training Loss: 0.2973, Training Accuracy: 79.71%, Validation Loss: 0.5796, Validation Accuracy: 78.14%
3.734651697560347e-05
Epoch [91/200], Training Loss: 0.3037, Training Accuracy: 79.14%, Validation Loss: 0.6300, Validation Accuracy: 76.57%
3.711351847906374e-05
Epoch [92/200], Training Loss: 0.3080, Training Accuracy: 77.43%, Validation Loss: 0.6632, Validation Accuracy: 75.36%
3.687999850346457e-05
Epoch [93/200], Training Loss: 0.2891, Training Accuracy: 79.57%, Validation Loss: 0.5575, Validation Accuracy: 79.71%
3.6646014666365684e-05
Epoch [94/200], Training Loss: 0.3136, Training Accuracy: 76.29%, Validation Loss: 0.5889, Validation Accuracy: 78.99%
3.641162469977772e-05
Epoch [95/200], Training Loss: 0.2692, Training Accuracy: 81.86%, Validation Loss: 0.5525, Validation Accuracy: 80.56%
3.617688643591768e-05
Epoch [96/200], Training Loss: 0.3075, Training Accuracy: 75.14%, Validation Loss: 0.5788, Validation Accuracy: 79.23%
3.594185779293971e-05
Epoch [97/200], Training Loss: 0.2588, Training Accuracy: 80.43%, Validation Loss: 0.6005, Validation Accuracy: 78.74%
3.5706596760644643e-05
Epoch [98/200], Training Loss: 0.2668, Training Accuracy: 81.57%, Validation Loss: 0.5848, Validation Accuracy: 79.35%
3.547116138617192e-05
Epoch [99/200], Training Loss: 0.2789, Training Accuracy: 79.71%, Validation Loss: 0.6289, Validation Accuracy: 77.66%
3.523560975967731e-05
Epoch [100/200], Training Loss: 0.2608, Training Accuracy: 80.43%, Validation Loss: 0.5901, Validation Accuracy: 78.50%
3.5000000000000004e-05
Epoch [101/200], Training Loss: 0.2877, Training Accuracy: 78.57%, Validation Loss: 0.6800, Validation Accuracy: 76.09%
3.4764390240322696e-05
Epoch [102/200], Training Loss: 0.2927, Training Accuracy: 78.57%, Validation Loss: 0.7177, Validation Accuracy: 75.00%
3.452883861382808e-05
Epoch [103/200], Training Loss: 0.2584, Training Accuracy: 81.29%, Validation Loss: 0.5967, Validation Accuracy: 78.50%
3.4293403239355364e-05
Epoch [104/200], Training Loss: 0.2588, Training Accuracy: 81.86%, Validation Loss: 0.5930, Validation Accuracy: 78.86%
3.40581422070603e-05
Epoch [105/200], Training Loss: 0.2599, Training Accuracy: 81.00%, Validation Loss: 0.5932, Validation Accuracy: 78.38%
3.382311356408233e-05
Epoch [106/200], Training Loss: 0.2722, Training Accuracy: 80.86%, Validation Loss: 0.5984, Validation Accuracy: 78.14%
3.358837530022229e-05
Epoch [107/200], Training Loss: 0.2643, Training Accuracy: 81.57%, Validation Loss: 0.5704, Validation Accuracy: 80.43%
3.335398533363432e-05
Epoch [108/200], Training Loss: 0.2600, Training Accuracy: 80.43%, Validation Loss: 0.5735, Validation Accuracy: 80.07%
3.312000149653544e-05
Epoch [109/200], Training Loss: 0.2623, Training Accuracy: 82.71%, Validation Loss: 0.6642, Validation Accuracy: 75.72%
3.2886481520936266e-05
Epoch [110/200], Training Loss: 0.2440, Training Accuracy: 82.00%, Validation Loss: 0.6568, Validation Accuracy: 76.81%
3.2653483024396536e-05
Epoch [111/200], Training Loss: 0.2447, Training Accuracy: 81.86%, Validation Loss: 0.6007, Validation Accuracy: 77.54%
3.242106349580886e-05
Epoch [112/200], Training Loss: 0.2501, Training Accuracy: 82.00%, Validation Loss: 0.6989, Validation Accuracy: 74.52%
3.218928028121413e-05
Epoch [113/200], Training Loss: 0.2485, Training Accuracy: 82.29%, Validation Loss: 0.5648, Validation Accuracy: 80.07%
3.195819056965232e-05
Epoch [114/200], Training Loss: 0.2444, Training Accuracy: 81.00%, Validation Loss: 0.6167, Validation Accuracy: 77.29%
3.172785137905187e-05
Epoch [115/200], Training Loss: 0.2477, Training Accuracy: 80.29%, Validation Loss: 0.6144, Validation Accuracy: 77.66%
3.149831954216142e-05
Epoch [116/200], Training Loss: 0.2587, Training Accuracy: 82.29%, Validation Loss: 0.5753, Validation Accuracy: 79.95%
3.126965169252718e-05
Epoch [117/200], Training Loss: 0.2303, Training Accuracy: 83.57%, Validation Loss: 0.6591, Validation Accuracy: 76.09%
3.104190425051941e-05
Epoch [118/200], Training Loss: 0.2364, Training Accuracy: 81.14%, Validation Loss: 0.6958, Validation Accuracy: 74.52%
3.0815133409411565e-05
Epoch [119/200], Training Loss: 0.2274, Training Accuracy: 83.14%, Validation Loss: 0.5814, Validation Accuracy: 80.19%
3.0589395121515443e-05
Epoch [120/200], Training Loss: 0.2384, Training Accuracy: 81.43%, Validation Loss: 0.6253, Validation Accuracy: 78.02%
3.0364745084375795e-05
Epoch [121/200], Training Loss: 0.2373, Training Accuracy: 83.57%, Validation Loss: 0.5932, Validation Accuracy: 77.78%
3.0141238727027758e-05
Epoch [122/200], Training Loss: 0.2205, Training Accuracy: 83.86%, Validation Loss: 0.6162, Validation Accuracy: 77.78%
2.991893119632063e-05
Epoch [123/200], Training Loss: 0.2132, Training Accuracy: 83.86%, Validation Loss: 0.6683, Validation Accuracy: 75.24%
2.9697877343311147e-05
Epoch [124/200], Training Loss: 0.2214, Training Accuracy: 82.71%, Validation Loss: 0.6004, Validation Accuracy: 78.74%
2.9478131709729838e-05
Epoch [125/200], Training Loss: 0.2231, Training Accuracy: 84.29%, Validation Loss: 0.5851, Validation Accuracy: 79.71%
2.9259748514523657e-05
Epoch [126/200], Training Loss: 0.2266, Training Accuracy: 84.29%, Validation Loss: 0.6457, Validation Accuracy: 75.97%
2.9042781640478292e-05
Epoch [127/200], Training Loss: 0.2109, Training Accuracy: 85.00%, Validation Loss: 0.6695, Validation Accuracy: 75.72%
2.882728462092337e-05
Epoch [128/200], Training Loss: 0.2063, Training Accuracy: 86.00%, Validation Loss: 0.6251, Validation Accuracy: 77.66%
2.861331062652391e-05
Epoch [129/200], Training Loss: 0.2102, Training Accuracy: 84.29%, Validation Loss: 0.6867, Validation Accuracy: 75.85%
2.8400912452161272e-05
Epoch [130/200], Training Loss: 0.2252, Training Accuracy: 83.43%, Validation Loss: 0.5992, Validation Accuracy: 78.99%
2.81901425039068e-05
Epoch [131/200], Training Loss: 0.2163, Training Accuracy: 83.57%, Validation Loss: 0.6058, Validation Accuracy: 78.14%
2.7981052786091404e-05
Epoch [132/200], Training Loss: 0.2036, Training Accuracy: 86.43%, Validation Loss: 0.6182, Validation Accuracy: 78.02%
2.777369488847427e-05
Epoch [133/200], Training Loss: 0.2115, Training Accuracy: 85.14%, Validation Loss: 0.5532, Validation Accuracy: 80.19%
2.756811997351389e-05
Epoch [134/200], Training Loss: 0.1992, Training Accuracy: 87.29%, Validation Loss: 0.5762, Validation Accuracy: 79.11%
2.7364378763744433e-05
Epoch [135/200], Training Loss: 0.2097, Training Accuracy: 84.00%, Validation Loss: 0.6080, Validation Accuracy: 77.90%
2.7162521529260772e-05
Epoch [136/200], Training Loss: 0.1904, Training Accuracy: 86.29%, Validation Loss: 0.6071, Validation Accuracy: 78.02%
2.696259807531505e-05
Epoch [137/200], Training Loss: 0.2070, Training Accuracy: 85.14%, Validation Loss: 0.6306, Validation Accuracy: 76.21%
2.6764657730028024e-05
Epoch [138/200], Training Loss: 0.1895, Training Accuracy: 86.57%, Validation Loss: 0.5896, Validation Accuracy: 79.83%
2.656874933221804e-05
Epoch [139/200], Training Loss: 0.1937, Training Accuracy: 83.57%, Validation Loss: 0.5981, Validation Accuracy: 79.47%
2.6374921219350825e-05
Epoch [140/200], Training Loss: 0.1974, Training Accuracy: 86.14%, Validation Loss: 0.5989, Validation Accuracy: 78.62%
2.6183221215612905e-05
Epoch [141/200], Training Loss: 0.1806, Training Accuracy: 87.86%, Validation Loss: 0.6096, Validation Accuracy: 78.14%
2.5993696620111744e-05
Epoch [142/200], Training Loss: 0.1957, Training Accuracy: 85.86%, Validation Loss: 0.6962, Validation Accuracy: 75.60%
2.5806394195205354e-05
Epoch [143/200], Training Loss: 0.1744, Training Accuracy: 87.29%, Validation Loss: 0.6309, Validation Accuracy: 76.93%
2.5621360154964423e-05
Epoch [144/200], Training Loss: 0.1783, Training Accuracy: 88.29%, Validation Loss: 0.6011, Validation Accuracy: 79.35%
2.5438640153769657e-05
Epoch [145/200], Training Loss: 0.1890, Training Accuracy: 86.00%, Validation Loss: 0.6534, Validation Accuracy: 76.33%
2.525827927504725e-05
Epoch [146/200], Training Loss: 0.1840, Training Accuracy: 86.57%, Validation Loss: 0.5952, Validation Accuracy: 79.83%
2.5080322020145226e-05
Epoch [147/200], Training Loss: 0.1865, Training Accuracy: 86.00%, Validation Loss: 0.6360, Validation Accuracy: 77.66%
2.49048122973534e-05
Epoch [148/200], Training Loss: 0.1774, Training Accuracy: 86.57%, Validation Loss: 0.6462, Validation Accuracy: 78.38%
2.473179341106967e-05
Epoch [149/200], Training Loss: 0.1899, Training Accuracy: 86.14%, Validation Loss: 0.7419, Validation Accuracy: 73.55%
2.4561308051115287e-05
Epoch [150/200], Training Loss: 0.1603, Training Accuracy: 87.86%, Validation Loss: 0.5796, Validation Accuracy: 79.59%
2.439339828220179e-05
Epoch [151/200], Training Loss: 0.1847, Training Accuracy: 86.43%, Validation Loss: 0.6133, Validation Accuracy: 77.90%
2.4228105533552172e-05
Epoch [152/200], Training Loss: 0.1817, Training Accuracy: 87.29%, Validation Loss: 0.6202, Validation Accuracy: 78.38%
2.406547058867883e-05
Epoch [153/200], Training Loss: 0.1767, Training Accuracy: 87.57%, Validation Loss: 0.6374, Validation Accuracy: 76.21%
2.3905533575320855e-05
Epoch [154/200], Training Loss: 0.1683, Training Accuracy: 88.14%, Validation Loss: 0.6945, Validation Accuracy: 74.52%
2.3748333955543107e-05
Epoch [155/200], Training Loss: 0.1773, Training Accuracy: 87.43%, Validation Loss: 0.6534, Validation Accuracy: 75.97%
2.3593910515999538e-05
Epoch [156/200], Training Loss: 0.1890, Training Accuracy: 88.71%, Validation Loss: 0.6258, Validation Accuracy: 78.86%
2.3442301358363164e-05
Epoch [157/200], Training Loss: 0.1757, Training Accuracy: 87.57%, Validation Loss: 0.6494, Validation Accuracy: 77.29%
2.3293543889925057e-05
Epoch [158/200], Training Loss: 0.1752, Training Accuracy: 87.43%, Validation Loss: 0.6524, Validation Accuracy: 76.45%
2.3147674814364646e-05
Epoch [159/200], Training Loss: 0.1750, Training Accuracy: 87.57%, Validation Loss: 0.5736, Validation Accuracy: 79.95%
2.3004730122693643e-05
Epoch [160/200], Training Loss: 0.1632, Training Accuracy: 88.86%, Validation Loss: 0.6290, Validation Accuracy: 77.29%
2.2864745084375792e-05
Epoch [161/200], Training Loss: 0.1773, Training Accuracy: 86.14%, Validation Loss: 0.6436, Validation Accuracy: 76.09%
2.2727754238624652e-05
Epoch [162/200], Training Loss: 0.1643, Training Accuracy: 87.86%, Validation Loss: 0.6384, Validation Accuracy: 77.90%
2.2593791385881576e-05
Epoch [163/200], Training Loss: 0.1810, Training Accuracy: 87.86%, Validation Loss: 0.5359, Validation Accuracy: 81.52%
----------- saving --------------
2.2462889579475952e-05
Epoch [164/200], Training Loss: 0.1783, Training Accuracy: 88.14%, Validation Loss: 0.7527, Validation Accuracy: 74.28%
2.233508111746978e-05
Epoch [165/200], Training Loss: 0.1538, Training Accuracy: 88.43%, Validation Loss: 0.5868, Validation Accuracy: 78.99%
2.221039753468862e-05
Epoch [166/200], Training Loss: 0.1679, Training Accuracy: 88.71%, Validation Loss: 0.6403, Validation Accuracy: 77.54%
2.2088869594940844e-05
Epoch [167/200], Training Loss: 0.1574, Training Accuracy: 87.14%, Validation Loss: 0.6187, Validation Accuracy: 77.54%
2.197052728342713e-05
Epoch [168/200], Training Loss: 0.1680, Training Accuracy: 88.57%, Validation Loss: 0.6346, Validation Accuracy: 78.02%
2.185539979934205e-05
Epoch [169/200], Training Loss: 0.1425, Training Accuracy: 89.57%, Validation Loss: 0.6368, Validation Accuracy: 77.29%
2.17435155486696e-05
Epoch [170/200], Training Loss: 0.1597, Training Accuracy: 89.43%, Validation Loss: 0.6292, Validation Accuracy: 78.14%
2.1634902137174486e-05
Epoch [171/200], Training Loss: 0.1437, Training Accuracy: 89.29%, Validation Loss: 0.5579, Validation Accuracy: 82.00%
----------- saving --------------
2.152958636359077e-05
Epoch [172/200], Training Loss: 0.1522, Training Accuracy: 89.57%, Validation Loss: 0.6199, Validation Accuracy: 79.23%
2.1427594213009713e-05
Epoch [173/200], Training Loss: 0.1474, Training Accuracy: 90.00%, Validation Loss: 0.6220, Validation Accuracy: 78.74%
2.1328950850468325e-05
Epoch [174/200], Training Loss: 0.1345, Training Accuracy: 89.86%, Validation Loss: 0.6288, Validation Accuracy: 78.38%
2.123368061474029e-05
Epoch [175/200], Training Loss: 0.1487, Training Accuracy: 89.29%, Validation Loss: 0.6483, Validation Accuracy: 78.02%
2.1141807012330703e-05
Epoch [176/200], Training Loss: 0.1518, Training Accuracy: 89.43%, Validation Loss: 0.6441, Validation Accuracy: 77.17%
2.105335271167623e-05
Epoch [177/200], Training Loss: 0.1628, Training Accuracy: 88.71%, Validation Loss: 0.6707, Validation Accuracy: 77.42%
2.096833953755199e-05
Epoch [178/200], Training Loss: 0.1446, Training Accuracy: 90.43%, Validation Loss: 0.6604, Validation Accuracy: 76.93%
2.088678846568662e-05
Epoch [179/200], Training Loss: 0.1511, Training Accuracy: 88.14%, Validation Loss: 0.6497, Validation Accuracy: 78.14%
2.080871961758682e-05
Epoch [180/200], Training Loss: 0.1413, Training Accuracy: 91.14%, Validation Loss: 0.6190, Validation Accuracy: 79.71%
2.0734152255572697e-05
Epoch [181/200], Training Loss: 0.1458, Training Accuracy: 89.43%, Validation Loss: 0.6492, Validation Accuracy: 78.02%
2.066310477802505e-05
Epoch [182/200], Training Loss: 0.1327, Training Accuracy: 90.29%, Validation Loss: 0.6468, Validation Accuracy: 77.42%
2.0595594714845856e-05
Epoch [183/200], Training Loss: 0.1292, Training Accuracy: 90.57%, Validation Loss: 0.6869, Validation Accuracy: 77.29%
2.0531638723133032e-05
Epoch [184/200], Training Loss: 0.1329, Training Accuracy: 90.86%, Validation Loss: 0.5792, Validation Accuracy: 80.31%
2.047125258307054e-05
Epoch [185/200], Training Loss: 0.1428, Training Accuracy: 90.57%, Validation Loss: 0.6330, Validation Accuracy: 78.14%
2.0414451194034853e-05
Epoch [186/200], Training Loss: 0.1524, Training Accuracy: 88.43%, Validation Loss: 0.6325, Validation Accuracy: 78.86%
2.0361248570918792e-05
Epoch [187/200], Training Loss: 0.1306, Training Accuracy: 89.43%, Validation Loss: 0.6304, Validation Accuracy: 78.74%
2.0311657840673515e-05
Epoch [188/200], Training Loss: 0.1494, Training Accuracy: 88.14%, Validation Loss: 0.6166, Validation Accuracy: 78.86%
2.026569123906967e-05
Epoch [189/200], Training Loss: 0.1488, Training Accuracy: 90.14%, Validation Loss: 0.6689, Validation Accuracy: 77.42%
2.0223360107678393e-05
Epoch [190/200], Training Loss: 0.1233, Training Accuracy: 91.57%, Validation Loss: 0.6644, Validation Accuracy: 77.54%
2.0184674891072937e-05
Epoch [191/200], Training Loss: 0.1300, Training Accuracy: 90.29%, Validation Loss: 0.6691, Validation Accuracy: 77.66%
2.014964513425164e-05
Epoch [192/200], Training Loss: 0.1332, Training Accuracy: 90.29%, Validation Loss: 0.6710, Validation Accuracy: 78.14%
2.0118279480282836e-05
Epoch [193/200], Training Loss: 0.1293, Training Accuracy: 92.00%, Validation Loss: 0.6201, Validation Accuracy: 79.47%
2.0090585668172307e-05
Epoch [194/200], Training Loss: 0.1306, Training Accuracy: 91.86%, Validation Loss: 0.6389, Validation Accuracy: 78.50%
2.00665705309538e-05
Epoch [195/200], Training Loss: 0.1197, Training Accuracy: 91.43%, Validation Loss: 0.6559, Validation Accuracy: 78.38%
2.0046239994003082e-05
Epoch [196/200], Training Loss: 0.1276, Training Accuracy: 92.00%, Validation Loss: 0.6370, Validation Accuracy: 78.50%
2.0029599073575927e-05
Epoch [197/200], Training Loss: 0.1274, Training Accuracy: 90.71%, Validation Loss: 0.6343, Validation Accuracy: 79.23%
2.0016651875570453e-05
Epoch [198/200], Training Loss: 0.1118, Training Accuracy: 93.43%, Validation Loss: 0.7069, Validation Accuracy: 76.45%
2.000740159451403e-05
Epoch [199/200], Training Loss: 0.1176, Training Accuracy: 91.29%, Validation Loss: 0.5655, Validation Accuracy: 81.16%
2.0001850512775094e-05
Epoch [200/200], Training Loss: 0.1312, Training Accuracy: 89.86%, Validation Loss: 0.6156, Validation Accuracy: 78.14%
Training time 0:45:24
