Args parsed
Take 1: Modify the transformer to learn teacher's features. Weightage: 0.1, dataset: 700 (can't be too small)

Validating the train path:/home/micml/25m0764/MIC_project/final_dataset/dataset_600/train_100
Validating the train path:/home/micml/25m0764/MIC_project/final_dataset/dataset_600/test
Train size: 700
Test size: 828
Creating model: HDKD
It's multiple distill tokens setup!
Model created
The HDKD has number of params = 3859896
Path for teacher model: /home/micml/25m0764/MIC_project/HDKD/weighted_loss_data_models/teacher_model/teacher_model_weighted_loss.pth
Using weighted loss function for training
Starting training
2e-05
Epoch [1/200], Training Loss: 644.7840, Training Accuracy: 13.71%, Validation Loss: 1.8293, Validation Accuracy: 27.90%
----------- saving --------------
2.6000000000000002e-05
Epoch [2/200], Training Loss: 605.5548, Training Accuracy: 16.43%, Validation Loss: 1.7538, Validation Accuracy: 78.26%
----------- saving --------------
3.2000000000000005e-05
Epoch [3/200], Training Loss: 573.0010, Training Accuracy: 19.00%, Validation Loss: 1.7027, Validation Accuracy: 71.86%
3.8e-05
Epoch [4/200], Training Loss: 541.9318, Training Accuracy: 20.14%, Validation Loss: 1.4383, Validation Accuracy: 77.54%
4.4e-05
Epoch [5/200], Training Loss: 506.9260, Training Accuracy: 23.71%, Validation Loss: 1.4889, Validation Accuracy: 67.03%
4.9953760005996925e-05
Epoch [6/200], Training Loss: 475.7002, Training Accuracy: 25.71%, Validation Loss: 1.2397, Validation Accuracy: 74.64%
4.993342946904621e-05
Epoch [7/200], Training Loss: 445.3315, Training Accuracy: 33.57%, Validation Loss: 1.4214, Validation Accuracy: 66.30%
4.9909414331827703e-05
Epoch [8/200], Training Loss: 419.7265, Training Accuracy: 39.14%, Validation Loss: 1.0941, Validation Accuracy: 75.24%
4.988172051971717e-05
Epoch [9/200], Training Loss: 403.1842, Training Accuracy: 40.14%, Validation Loss: 1.1334, Validation Accuracy: 70.77%
4.9850354865748364e-05
Epoch [10/200], Training Loss: 385.9212, Training Accuracy: 46.00%, Validation Loss: 0.9788, Validation Accuracy: 73.55%
4.981532510892707e-05
Epoch [11/200], Training Loss: 373.8292, Training Accuracy: 44.57%, Validation Loss: 0.8429, Validation Accuracy: 74.52%
4.977663989232161e-05
Epoch [12/200], Training Loss: 361.2337, Training Accuracy: 45.29%, Validation Loss: 0.9494, Validation Accuracy: 69.20%
4.973430876093034e-05
Epoch [13/200], Training Loss: 351.2191, Training Accuracy: 45.00%, Validation Loss: 0.7425, Validation Accuracy: 76.57%
4.968834215932649e-05
Epoch [14/200], Training Loss: 342.9764, Training Accuracy: 45.71%, Validation Loss: 0.7548, Validation Accuracy: 77.42%
4.963875142908122e-05
Epoch [15/200], Training Loss: 334.1516, Training Accuracy: 46.29%, Validation Loss: 0.7230, Validation Accuracy: 77.17%
4.958554880596515e-05
Epoch [16/200], Training Loss: 327.9102, Training Accuracy: 47.57%, Validation Loss: 0.8050, Validation Accuracy: 74.03%
4.952874741692947e-05
Epoch [17/200], Training Loss: 320.5265, Training Accuracy: 48.86%, Validation Loss: 0.9710, Validation Accuracy: 69.57%
4.946836127686698e-05
Epoch [18/200], Training Loss: 314.5686, Training Accuracy: 48.86%, Validation Loss: 0.8485, Validation Accuracy: 70.41%
4.940440528515415e-05
Epoch [19/200], Training Loss: 311.1488, Training Accuracy: 49.00%, Validation Loss: 0.6647, Validation Accuracy: 78.02%
4.933689522197495e-05
Epoch [20/200], Training Loss: 303.7593, Training Accuracy: 48.71%, Validation Loss: 0.7452, Validation Accuracy: 75.48%
4.926584774442731e-05
Epoch [21/200], Training Loss: 301.1587, Training Accuracy: 49.57%, Validation Loss: 0.8447, Validation Accuracy: 73.07%
4.919128038241318e-05
Epoch [22/200], Training Loss: 295.5552, Training Accuracy: 50.00%, Validation Loss: 0.8005, Validation Accuracy: 73.07%
4.9113211534313383e-05
Epoch [23/200], Training Loss: 292.8803, Training Accuracy: 49.57%, Validation Loss: 1.0525, Validation Accuracy: 65.82%
4.9031660462448016e-05
Epoch [24/200], Training Loss: 287.9521, Training Accuracy: 51.29%, Validation Loss: 1.1306, Validation Accuracy: 66.67%
4.894664728832377e-05
Epoch [25/200], Training Loss: 285.2365, Training Accuracy: 48.14%, Validation Loss: 0.9428, Validation Accuracy: 68.60%
4.88581929876693e-05
Epoch [26/200], Training Loss: 279.9585, Training Accuracy: 52.00%, Validation Loss: 0.7447, Validation Accuracy: 75.72%
4.876631938525972e-05
Epoch [27/200], Training Loss: 276.2914, Training Accuracy: 51.14%, Validation Loss: 0.8486, Validation Accuracy: 73.19%
4.8671049149531676e-05
Epoch [28/200], Training Loss: 273.3586, Training Accuracy: 56.43%, Validation Loss: 0.7030, Validation Accuracy: 77.66%
4.8572405786990295e-05
Epoch [29/200], Training Loss: 271.1998, Training Accuracy: 52.86%, Validation Loss: 0.5933, Validation Accuracy: 79.71%
----------- saving --------------
4.847041363640924e-05
Epoch [30/200], Training Loss: 269.2060, Training Accuracy: 54.29%, Validation Loss: 0.7434, Validation Accuracy: 76.09%
4.836509786282552e-05
Epoch [31/200], Training Loss: 265.0926, Training Accuracy: 52.29%, Validation Loss: 0.8713, Validation Accuracy: 73.07%
4.8256484451330404e-05
Epoch [32/200], Training Loss: 263.4465, Training Accuracy: 52.43%, Validation Loss: 0.6969, Validation Accuracy: 78.38%
4.814460020065795e-05
Epoch [33/200], Training Loss: 260.5511, Training Accuracy: 56.86%, Validation Loss: 0.7293, Validation Accuracy: 77.78%
4.802947271657287e-05
Epoch [34/200], Training Loss: 257.5455, Training Accuracy: 53.71%, Validation Loss: 0.7883, Validation Accuracy: 75.00%
4.7911130405059156e-05
Epoch [35/200], Training Loss: 254.3153, Training Accuracy: 56.14%, Validation Loss: 0.6433, Validation Accuracy: 79.71%
4.778960246531139e-05
Epoch [36/200], Training Loss: 251.8023, Training Accuracy: 55.86%, Validation Loss: 0.6482, Validation Accuracy: 79.71%
4.766491888253023e-05
Epoch [37/200], Training Loss: 251.6868, Training Accuracy: 59.86%, Validation Loss: 0.8043, Validation Accuracy: 74.03%
4.753711042052406e-05
Epoch [38/200], Training Loss: 246.8090, Training Accuracy: 57.14%, Validation Loss: 0.7031, Validation Accuracy: 77.90%
4.7406208614118425e-05
Epoch [39/200], Training Loss: 244.4218, Training Accuracy: 57.86%, Validation Loss: 0.6023, Validation Accuracy: 79.95%
----------- saving --------------
4.727224576137535e-05
Epoch [40/200], Training Loss: 242.1322, Training Accuracy: 57.29%, Validation Loss: 0.6815, Validation Accuracy: 78.14%
4.7135254915624215e-05
Epoch [41/200], Training Loss: 240.1672, Training Accuracy: 59.14%, Validation Loss: 0.7933, Validation Accuracy: 74.52%
4.699526987730636e-05
Epoch [42/200], Training Loss: 237.2745, Training Accuracy: 60.14%, Validation Loss: 0.6992, Validation Accuracy: 77.90%
4.6852325185635355e-05
Epoch [43/200], Training Loss: 233.3220, Training Accuracy: 60.86%, Validation Loss: 0.5743, Validation Accuracy: 82.00%
----------- saving --------------
4.6706456110074944e-05
Epoch [44/200], Training Loss: 232.7856, Training Accuracy: 59.43%, Validation Loss: 0.7087, Validation Accuracy: 77.90%
4.655769864163684e-05
Epoch [45/200], Training Loss: 230.1685, Training Accuracy: 59.14%, Validation Loss: 0.6192, Validation Accuracy: 79.23%
4.6406089484000467e-05
Epoch [46/200], Training Loss: 229.9790, Training Accuracy: 60.71%, Validation Loss: 0.5793, Validation Accuracy: 81.88%
4.6251666044456894e-05
Epoch [47/200], Training Loss: 225.2450, Training Accuracy: 63.14%, Validation Loss: 0.5235, Validation Accuracy: 82.37%
----------- saving --------------
4.609446642467915e-05
Epoch [48/200], Training Loss: 224.3653, Training Accuracy: 62.43%, Validation Loss: 0.5750, Validation Accuracy: 83.33%
----------- saving --------------
4.5934529411321176e-05
Epoch [49/200], Training Loss: 223.2181, Training Accuracy: 63.43%, Validation Loss: 0.5593, Validation Accuracy: 81.52%
4.5771894466447835e-05
Epoch [50/200], Training Loss: 220.0230, Training Accuracy: 63.14%, Validation Loss: 0.6101, Validation Accuracy: 78.99%
4.560660171779821e-05
Epoch [51/200], Training Loss: 218.6088, Training Accuracy: 62.57%, Validation Loss: 0.5383, Validation Accuracy: 83.09%
4.543869194888471e-05
Epoch [52/200], Training Loss: 218.1786, Training Accuracy: 63.14%, Validation Loss: 0.5193, Validation Accuracy: 82.25%
4.526820658893033e-05
Epoch [53/200], Training Loss: 217.3904, Training Accuracy: 65.00%, Validation Loss: 0.5692, Validation Accuracy: 81.88%
4.50951877026466e-05
Epoch [54/200], Training Loss: 213.5400, Training Accuracy: 63.57%, Validation Loss: 0.5825, Validation Accuracy: 79.83%
4.491967797985478e-05
Epoch [55/200], Training Loss: 212.9191, Training Accuracy: 66.86%, Validation Loss: 0.5389, Validation Accuracy: 82.49%
4.474172072495276e-05
Epoch [56/200], Training Loss: 208.7859, Training Accuracy: 66.57%, Validation Loss: 0.5064, Validation Accuracy: 83.70%
----------- saving --------------
4.456135984623035e-05
Epoch [57/200], Training Loss: 208.9577, Training Accuracy: 63.71%, Validation Loss: 0.5729, Validation Accuracy: 80.31%
4.4378639845035585e-05
Epoch [58/200], Training Loss: 206.4901, Training Accuracy: 65.57%, Validation Loss: 0.5164, Validation Accuracy: 82.85%
4.419360580479465e-05
Epoch [59/200], Training Loss: 203.3006, Training Accuracy: 65.57%, Validation Loss: 0.5181, Validation Accuracy: 81.64%
4.400630337988827e-05
Epoch [60/200], Training Loss: 202.5005, Training Accuracy: 68.43%, Validation Loss: 0.5643, Validation Accuracy: 80.92%
4.3816778784387106e-05
Epoch [61/200], Training Loss: 201.4988, Training Accuracy: 67.29%, Validation Loss: 0.6166, Validation Accuracy: 78.38%
4.362507878064918e-05
Epoch [62/200], Training Loss: 200.1979, Training Accuracy: 69.57%, Validation Loss: 0.5112, Validation Accuracy: 82.85%
4.343125066778197e-05
Epoch [63/200], Training Loss: 198.0861, Training Accuracy: 66.43%, Validation Loss: 0.5351, Validation Accuracy: 80.92%
4.323534226997198e-05
Epoch [64/200], Training Loss: 196.9268, Training Accuracy: 69.29%, Validation Loss: 0.4920, Validation Accuracy: 83.21%
4.3037401924684955e-05
Epoch [65/200], Training Loss: 196.5618, Training Accuracy: 68.71%, Validation Loss: 0.4689, Validation Accuracy: 83.57%
4.2837478470739236e-05
Epoch [66/200], Training Loss: 196.1377, Training Accuracy: 70.71%, Validation Loss: 0.4651, Validation Accuracy: 84.42%
----------- saving --------------
4.263562123625557e-05
Epoch [67/200], Training Loss: 193.6220, Training Accuracy: 70.71%, Validation Loss: 0.4655, Validation Accuracy: 83.70%
4.243188002648612e-05
Epoch [68/200], Training Loss: 192.3844, Training Accuracy: 70.14%, Validation Loss: 0.5490, Validation Accuracy: 80.43%
4.222630511152573e-05
Epoch [69/200], Training Loss: 192.3031, Training Accuracy: 69.43%, Validation Loss: 0.5989, Validation Accuracy: 79.83%
4.20189472139086e-05
Epoch [70/200], Training Loss: 190.3853, Training Accuracy: 67.29%, Validation Loss: 0.4658, Validation Accuracy: 83.82%
4.180985749609321e-05
Epoch [71/200], Training Loss: 189.2264, Training Accuracy: 70.29%, Validation Loss: 0.5164, Validation Accuracy: 82.13%
4.159908754783872e-05
Epoch [72/200], Training Loss: 187.3735, Training Accuracy: 71.43%, Validation Loss: 0.4996, Validation Accuracy: 81.52%
4.1386689373476096e-05
Epoch [73/200], Training Loss: 186.4116, Training Accuracy: 72.86%, Validation Loss: 0.4913, Validation Accuracy: 83.09%
4.117271537907663e-05
Epoch [74/200], Training Loss: 186.4626, Training Accuracy: 71.29%, Validation Loss: 0.4575, Validation Accuracy: 84.30%
4.095721835952171e-05
Epoch [75/200], Training Loss: 184.6605, Training Accuracy: 72.14%, Validation Loss: 0.4986, Validation Accuracy: 81.88%
4.074025148547635e-05
Epoch [76/200], Training Loss: 185.6824, Training Accuracy: 71.29%, Validation Loss: 0.4759, Validation Accuracy: 81.76%
4.052186829027017e-05
Epoch [77/200], Training Loss: 181.4192, Training Accuracy: 73.14%, Validation Loss: 0.4877, Validation Accuracy: 82.97%
4.0302122656688864e-05
Epoch [78/200], Training Loss: 181.2622, Training Accuracy: 74.00%, Validation Loss: 0.4865, Validation Accuracy: 82.00%
4.008106880367937e-05
Epoch [79/200], Training Loss: 179.2529, Training Accuracy: 72.71%, Validation Loss: 0.4943, Validation Accuracy: 81.88%
3.985876127297224e-05
Epoch [80/200], Training Loss: 178.1448, Training Accuracy: 72.43%, Validation Loss: 0.5414, Validation Accuracy: 80.43%
3.963525491562421e-05
Epoch [81/200], Training Loss: 177.3577, Training Accuracy: 74.43%, Validation Loss: 0.5096, Validation Accuracy: 82.00%
3.9410604878484564e-05
Epoch [82/200], Training Loss: 176.1203, Training Accuracy: 72.29%, Validation Loss: 0.4479, Validation Accuracy: 84.18%
3.918486659058844e-05
Epoch [83/200], Training Loss: 176.6624, Training Accuracy: 77.29%, Validation Loss: 0.5674, Validation Accuracy: 79.59%
3.89580957494806e-05
Epoch [84/200], Training Loss: 176.5104, Training Accuracy: 71.00%, Validation Loss: 0.4962, Validation Accuracy: 81.04%
3.873034830747282e-05
Epoch [85/200], Training Loss: 174.9982, Training Accuracy: 75.71%, Validation Loss: 0.5193, Validation Accuracy: 81.28%
3.8501680457838584e-05
Epoch [86/200], Training Loss: 175.3743, Training Accuracy: 75.29%, Validation Loss: 0.5203, Validation Accuracy: 80.56%
3.8272148620948145e-05
Epoch [87/200], Training Loss: 173.4956, Training Accuracy: 74.43%, Validation Loss: 0.4810, Validation Accuracy: 82.37%
3.8041809430347696e-05
Epoch [88/200], Training Loss: 173.5450, Training Accuracy: 76.29%, Validation Loss: 0.5614, Validation Accuracy: 80.07%
3.7810719718785876e-05
Epoch [89/200], Training Loss: 173.4567, Training Accuracy: 75.14%, Validation Loss: 0.4264, Validation Accuracy: 85.14%
----------- saving --------------
3.757893650419114e-05
Epoch [90/200], Training Loss: 170.6395, Training Accuracy: 76.00%, Validation Loss: 0.4489, Validation Accuracy: 82.97%
3.734651697560347e-05
Epoch [91/200], Training Loss: 169.7962, Training Accuracy: 77.57%, Validation Loss: 0.5158, Validation Accuracy: 80.92%
3.711351847906374e-05
Epoch [92/200], Training Loss: 170.4059, Training Accuracy: 75.86%, Validation Loss: 0.5355, Validation Accuracy: 79.71%
3.687999850346457e-05
Epoch [93/200], Training Loss: 168.3109, Training Accuracy: 77.00%, Validation Loss: 0.4853, Validation Accuracy: 82.97%
3.6646014666365684e-05
Epoch [94/200], Training Loss: 167.6359, Training Accuracy: 75.57%, Validation Loss: 0.4401, Validation Accuracy: 84.18%
3.641162469977772e-05
Epoch [95/200], Training Loss: 168.3936, Training Accuracy: 77.14%, Validation Loss: 0.4636, Validation Accuracy: 84.78%
3.617688643591768e-05
Epoch [96/200], Training Loss: 166.0620, Training Accuracy: 75.14%, Validation Loss: 0.5311, Validation Accuracy: 81.04%
3.594185779293971e-05
Epoch [97/200], Training Loss: 166.5435, Training Accuracy: 76.29%, Validation Loss: 0.5157, Validation Accuracy: 81.16%
3.5706596760644643e-05
Epoch [98/200], Training Loss: 166.2676, Training Accuracy: 76.86%, Validation Loss: 0.4711, Validation Accuracy: 83.82%
3.547116138617192e-05
Epoch [99/200], Training Loss: 164.1443, Training Accuracy: 76.14%, Validation Loss: 0.4950, Validation Accuracy: 80.80%
3.523560975967731e-05
Epoch [100/200], Training Loss: 164.2039, Training Accuracy: 78.14%, Validation Loss: 0.4524, Validation Accuracy: 84.06%
3.5000000000000004e-05
Epoch [101/200], Training Loss: 165.0881, Training Accuracy: 77.14%, Validation Loss: 0.4679, Validation Accuracy: 83.21%
3.4764390240322696e-05
Epoch [102/200], Training Loss: 163.1250, Training Accuracy: 80.29%, Validation Loss: 0.5892, Validation Accuracy: 78.74%
3.452883861382808e-05
Epoch [103/200], Training Loss: 162.8520, Training Accuracy: 78.00%, Validation Loss: 0.4646, Validation Accuracy: 84.18%
3.4293403239355364e-05
Epoch [104/200], Training Loss: 162.0892, Training Accuracy: 79.43%, Validation Loss: 0.4676, Validation Accuracy: 82.97%
3.40581422070603e-05
Epoch [105/200], Training Loss: 162.6147, Training Accuracy: 78.71%, Validation Loss: 0.4593, Validation Accuracy: 84.06%
3.382311356408233e-05
Epoch [106/200], Training Loss: 161.9731, Training Accuracy: 76.71%, Validation Loss: 0.5094, Validation Accuracy: 81.16%
3.358837530022229e-05
Epoch [107/200], Training Loss: 159.9715, Training Accuracy: 76.86%, Validation Loss: 0.4538, Validation Accuracy: 84.30%
3.335398533363432e-05
Epoch [108/200], Training Loss: 159.5123, Training Accuracy: 78.71%, Validation Loss: 0.4600, Validation Accuracy: 84.06%
3.312000149653544e-05
Epoch [109/200], Training Loss: 160.7161, Training Accuracy: 78.00%, Validation Loss: 0.4848, Validation Accuracy: 82.61%
3.2886481520936266e-05
Epoch [110/200], Training Loss: 159.6311, Training Accuracy: 78.86%, Validation Loss: 0.5331, Validation Accuracy: 80.92%
3.2653483024396536e-05
Epoch [111/200], Training Loss: 158.5996, Training Accuracy: 81.14%, Validation Loss: 0.4919, Validation Accuracy: 82.00%
3.242106349580886e-05
Epoch [112/200], Training Loss: 158.9569, Training Accuracy: 79.29%, Validation Loss: 0.4701, Validation Accuracy: 82.13%
3.218928028121413e-05
Epoch [113/200], Training Loss: 157.5813, Training Accuracy: 82.71%, Validation Loss: 0.4857, Validation Accuracy: 82.61%
3.195819056965232e-05
Epoch [114/200], Training Loss: 157.5951, Training Accuracy: 80.14%, Validation Loss: 0.5014, Validation Accuracy: 81.40%
3.172785137905187e-05
Epoch [115/200], Training Loss: 155.5766, Training Accuracy: 81.00%, Validation Loss: 0.4971, Validation Accuracy: 81.76%
3.149831954216142e-05
Epoch [116/200], Training Loss: 156.3190, Training Accuracy: 79.43%, Validation Loss: 0.4891, Validation Accuracy: 82.37%
3.126965169252718e-05
Epoch [117/200], Training Loss: 156.6210, Training Accuracy: 81.43%, Validation Loss: 0.5578, Validation Accuracy: 79.83%
3.104190425051941e-05
Epoch [118/200], Training Loss: 154.5817, Training Accuracy: 81.71%, Validation Loss: 0.5554, Validation Accuracy: 80.19%
3.0815133409411565e-05
Epoch [119/200], Training Loss: 153.9901, Training Accuracy: 79.43%, Validation Loss: 0.4900, Validation Accuracy: 82.61%
3.0589395121515443e-05
Epoch [120/200], Training Loss: 153.6793, Training Accuracy: 78.14%, Validation Loss: 0.5700, Validation Accuracy: 79.71%
3.0364745084375795e-05
Epoch [121/200], Training Loss: 155.2895, Training Accuracy: 79.00%, Validation Loss: 0.5246, Validation Accuracy: 80.56%
3.0141238727027758e-05
Epoch [122/200], Training Loss: 153.7733, Training Accuracy: 82.00%, Validation Loss: 0.4487, Validation Accuracy: 84.78%
2.991893119632063e-05
Epoch [123/200], Training Loss: 152.5794, Training Accuracy: 82.14%, Validation Loss: 0.5415, Validation Accuracy: 81.16%
2.9697877343311147e-05
Epoch [124/200], Training Loss: 154.2354, Training Accuracy: 80.29%, Validation Loss: 0.5290, Validation Accuracy: 81.40%
2.9478131709729838e-05
Epoch [125/200], Training Loss: 152.2273, Training Accuracy: 78.86%, Validation Loss: 0.4900, Validation Accuracy: 84.06%
2.9259748514523657e-05
Epoch [126/200], Training Loss: 152.1652, Training Accuracy: 80.86%, Validation Loss: 0.4809, Validation Accuracy: 83.70%
2.9042781640478292e-05
Epoch [127/200], Training Loss: 151.7520, Training Accuracy: 82.00%, Validation Loss: 0.4545, Validation Accuracy: 84.66%
2.882728462092337e-05
Epoch [128/200], Training Loss: 152.4055, Training Accuracy: 80.86%, Validation Loss: 0.4924, Validation Accuracy: 82.37%
2.861331062652391e-05
Epoch [129/200], Training Loss: 151.3667, Training Accuracy: 82.29%, Validation Loss: 0.4856, Validation Accuracy: 82.97%
2.8400912452161272e-05
Epoch [130/200], Training Loss: 151.4638, Training Accuracy: 80.29%, Validation Loss: 0.4287, Validation Accuracy: 86.23%
----------- saving --------------
2.81901425039068e-05
Epoch [131/200], Training Loss: 150.5297, Training Accuracy: 83.43%, Validation Loss: 0.5340, Validation Accuracy: 81.04%
2.7981052786091404e-05
Epoch [132/200], Training Loss: 148.4204, Training Accuracy: 80.71%, Validation Loss: 0.5483, Validation Accuracy: 81.04%
2.777369488847427e-05
Epoch [133/200], Training Loss: 147.5761, Training Accuracy: 84.14%, Validation Loss: 0.4569, Validation Accuracy: 84.78%
2.756811997351389e-05
Epoch [134/200], Training Loss: 150.3678, Training Accuracy: 83.57%, Validation Loss: 0.4972, Validation Accuracy: 82.25%
2.7364378763744433e-05
Epoch [135/200], Training Loss: 149.2009, Training Accuracy: 82.57%, Validation Loss: 0.5370, Validation Accuracy: 81.04%
2.7162521529260772e-05
Epoch [136/200], Training Loss: 147.3731, Training Accuracy: 85.14%, Validation Loss: 0.4996, Validation Accuracy: 82.49%
2.696259807531505e-05
Epoch [137/200], Training Loss: 147.8592, Training Accuracy: 81.00%, Validation Loss: 0.5674, Validation Accuracy: 79.83%
2.6764657730028024e-05
Epoch [138/200], Training Loss: 148.6024, Training Accuracy: 82.71%, Validation Loss: 0.4793, Validation Accuracy: 84.18%
2.656874933221804e-05
Epoch [139/200], Training Loss: 148.3911, Training Accuracy: 84.43%, Validation Loss: 0.4410, Validation Accuracy: 84.90%
2.6374921219350825e-05
Epoch [140/200], Training Loss: 147.1065, Training Accuracy: 83.43%, Validation Loss: 0.4610, Validation Accuracy: 84.30%
2.6183221215612905e-05
Epoch [141/200], Training Loss: 147.3108, Training Accuracy: 83.29%, Validation Loss: 0.5339, Validation Accuracy: 81.16%
2.5993696620111744e-05
Epoch [142/200], Training Loss: 145.9823, Training Accuracy: 83.86%, Validation Loss: 0.5201, Validation Accuracy: 82.25%
2.5806394195205354e-05
Epoch [143/200], Training Loss: 145.0527, Training Accuracy: 84.14%, Validation Loss: 0.5286, Validation Accuracy: 81.76%
2.5621360154964423e-05
Epoch [144/200], Training Loss: 145.1780, Training Accuracy: 82.86%, Validation Loss: 0.4958, Validation Accuracy: 83.57%
2.5438640153769657e-05
Epoch [145/200], Training Loss: 146.3415, Training Accuracy: 85.29%, Validation Loss: 0.5365, Validation Accuracy: 80.80%
2.525827927504725e-05
Epoch [146/200], Training Loss: 145.1625, Training Accuracy: 84.86%, Validation Loss: 0.4372, Validation Accuracy: 85.39%
2.5080322020145226e-05
Epoch [147/200], Training Loss: 144.3084, Training Accuracy: 82.86%, Validation Loss: 0.5200, Validation Accuracy: 82.37%
2.49048122973534e-05
Epoch [148/200], Training Loss: 144.5316, Training Accuracy: 85.71%, Validation Loss: 0.5279, Validation Accuracy: 81.64%
2.473179341106967e-05
Epoch [149/200], Training Loss: 143.9853, Training Accuracy: 83.43%, Validation Loss: 0.5810, Validation Accuracy: 79.23%
2.4561308051115287e-05
Epoch [150/200], Training Loss: 143.5036, Training Accuracy: 84.00%, Validation Loss: 0.4571, Validation Accuracy: 84.42%
2.439339828220179e-05
Epoch [151/200], Training Loss: 143.6628, Training Accuracy: 85.00%, Validation Loss: 0.4642, Validation Accuracy: 84.18%
2.4228105533552172e-05
Epoch [152/200], Training Loss: 143.7441, Training Accuracy: 85.57%, Validation Loss: 0.5037, Validation Accuracy: 82.85%
2.406547058867883e-05
Epoch [153/200], Training Loss: 143.5759, Training Accuracy: 84.00%, Validation Loss: 0.4707, Validation Accuracy: 84.66%
2.3905533575320855e-05
Epoch [154/200], Training Loss: 143.7680, Training Accuracy: 86.57%, Validation Loss: 0.5153, Validation Accuracy: 82.49%
2.3748333955543107e-05
Epoch [155/200], Training Loss: 142.7410, Training Accuracy: 83.71%, Validation Loss: 0.4990, Validation Accuracy: 84.18%
2.3593910515999538e-05
Epoch [156/200], Training Loss: 142.9338, Training Accuracy: 84.71%, Validation Loss: 0.4933, Validation Accuracy: 83.57%
2.3442301358363164e-05
Epoch [157/200], Training Loss: 141.5704, Training Accuracy: 85.29%, Validation Loss: 0.4899, Validation Accuracy: 83.94%
2.3293543889925057e-05
Epoch [158/200], Training Loss: 141.9720, Training Accuracy: 85.57%, Validation Loss: 0.4719, Validation Accuracy: 83.57%
2.3147674814364646e-05
Epoch [159/200], Training Loss: 142.0507, Training Accuracy: 87.29%, Validation Loss: 0.4507, Validation Accuracy: 85.14%
2.3004730122693643e-05
Epoch [160/200], Training Loss: 142.6944, Training Accuracy: 85.00%, Validation Loss: 0.4610, Validation Accuracy: 83.94%
2.2864745084375792e-05
Epoch [161/200], Training Loss: 140.7591, Training Accuracy: 85.43%, Validation Loss: 0.5109, Validation Accuracy: 81.88%
2.2727754238624652e-05
Epoch [162/200], Training Loss: 140.9230, Training Accuracy: 85.71%, Validation Loss: 0.5233, Validation Accuracy: 81.88%
2.2593791385881576e-05
Epoch [163/200], Training Loss: 142.4312, Training Accuracy: 86.14%, Validation Loss: 0.4526, Validation Accuracy: 84.78%
2.2462889579475952e-05
Epoch [164/200], Training Loss: 139.8388, Training Accuracy: 87.14%, Validation Loss: 0.4892, Validation Accuracy: 83.21%
2.233508111746978e-05
Epoch [165/200], Training Loss: 140.7243, Training Accuracy: 84.29%, Validation Loss: 0.5094, Validation Accuracy: 82.00%
2.221039753468862e-05
Epoch [166/200], Training Loss: 142.0042, Training Accuracy: 86.00%, Validation Loss: 0.5077, Validation Accuracy: 82.85%
2.2088869594940844e-05
Epoch [167/200], Training Loss: 139.4484, Training Accuracy: 84.29%, Validation Loss: 0.4899, Validation Accuracy: 83.33%
2.197052728342713e-05
Epoch [168/200], Training Loss: 140.4740, Training Accuracy: 87.00%, Validation Loss: 0.4929, Validation Accuracy: 84.06%
2.185539979934205e-05
Epoch [169/200], Training Loss: 139.4245, Training Accuracy: 87.71%, Validation Loss: 0.4649, Validation Accuracy: 84.54%
2.17435155486696e-05
Epoch [170/200], Training Loss: 139.4148, Training Accuracy: 87.71%, Validation Loss: 0.4798, Validation Accuracy: 83.70%
2.1634902137174486e-05
Epoch [171/200], Training Loss: 139.6219, Training Accuracy: 85.71%, Validation Loss: 0.4763, Validation Accuracy: 83.94%
2.152958636359077e-05
Epoch [172/200], Training Loss: 138.2632, Training Accuracy: 85.43%, Validation Loss: 0.4899, Validation Accuracy: 84.54%
2.1427594213009713e-05
Epoch [173/200], Training Loss: 137.8284, Training Accuracy: 87.43%, Validation Loss: 0.4541, Validation Accuracy: 85.27%
2.1328950850468325e-05
Epoch [174/200], Training Loss: 139.7192, Training Accuracy: 84.43%, Validation Loss: 0.4864, Validation Accuracy: 84.42%
2.123368061474029e-05
Epoch [175/200], Training Loss: 138.0165, Training Accuracy: 85.57%, Validation Loss: 0.5301, Validation Accuracy: 81.88%
2.1141807012330703e-05
Epoch [176/200], Training Loss: 138.2847, Training Accuracy: 86.71%, Validation Loss: 0.5066, Validation Accuracy: 83.21%
2.105335271167623e-05
Epoch [177/200], Training Loss: 138.2538, Training Accuracy: 84.57%, Validation Loss: 0.5246, Validation Accuracy: 81.40%
2.096833953755199e-05
Epoch [178/200], Training Loss: 136.7135, Training Accuracy: 86.71%, Validation Loss: 0.5439, Validation Accuracy: 80.43%
2.088678846568662e-05
Epoch [179/200], Training Loss: 137.8227, Training Accuracy: 86.71%, Validation Loss: 0.5808, Validation Accuracy: 79.59%
2.080871961758682e-05
Epoch [180/200], Training Loss: 136.9307, Training Accuracy: 86.43%, Validation Loss: 0.4936, Validation Accuracy: 83.45%
2.0734152255572697e-05
Epoch [181/200], Training Loss: 137.1471, Training Accuracy: 88.00%, Validation Loss: 0.4840, Validation Accuracy: 83.09%
2.066310477802505e-05
Epoch [182/200], Training Loss: 137.6902, Training Accuracy: 87.43%, Validation Loss: 0.4997, Validation Accuracy: 82.37%
2.0595594714845856e-05
Epoch [183/200], Training Loss: 135.6854, Training Accuracy: 87.29%, Validation Loss: 0.4895, Validation Accuracy: 83.45%
2.0531638723133032e-05
Epoch [184/200], Training Loss: 136.5416, Training Accuracy: 87.43%, Validation Loss: 0.5619, Validation Accuracy: 80.56%
2.047125258307054e-05
Epoch [185/200], Training Loss: 136.4385, Training Accuracy: 86.00%, Validation Loss: 0.4719, Validation Accuracy: 83.57%
2.0414451194034853e-05
Epoch [186/200], Training Loss: 136.4006, Training Accuracy: 88.57%, Validation Loss: 0.5168, Validation Accuracy: 81.88%
2.0361248570918792e-05
Epoch [187/200], Training Loss: 135.5323, Training Accuracy: 88.00%, Validation Loss: 0.4871, Validation Accuracy: 82.97%
2.0311657840673515e-05
Epoch [188/200], Training Loss: 135.3086, Training Accuracy: 86.43%, Validation Loss: 0.4326, Validation Accuracy: 85.51%
2.026569123906967e-05
Epoch [189/200], Training Loss: 135.6996, Training Accuracy: 87.00%, Validation Loss: 0.5247, Validation Accuracy: 82.49%
2.0223360107678393e-05
Epoch [190/200], Training Loss: 135.3453, Training Accuracy: 86.86%, Validation Loss: 0.5104, Validation Accuracy: 81.76%
2.0184674891072937e-05
Epoch [191/200], Training Loss: 134.0252, Training Accuracy: 87.86%, Validation Loss: 0.5846, Validation Accuracy: 79.47%
2.014964513425164e-05
Epoch [192/200], Training Loss: 134.4129, Training Accuracy: 88.29%, Validation Loss: 0.5293, Validation Accuracy: 81.28%
2.0118279480282836e-05
Epoch [193/200], Training Loss: 134.9912, Training Accuracy: 88.29%, Validation Loss: 0.4609, Validation Accuracy: 85.02%
2.0090585668172307e-05
Epoch [194/200], Training Loss: 134.9483, Training Accuracy: 88.86%, Validation Loss: 0.4854, Validation Accuracy: 83.70%
2.00665705309538e-05
Epoch [195/200], Training Loss: 134.3837, Training Accuracy: 88.29%, Validation Loss: 0.4765, Validation Accuracy: 83.09%
2.0046239994003082e-05
Epoch [196/200], Training Loss: 133.8138, Training Accuracy: 88.86%, Validation Loss: 0.5814, Validation Accuracy: 79.95%
2.0029599073575927e-05
Epoch [197/200], Training Loss: 134.3930, Training Accuracy: 87.71%, Validation Loss: 0.4664, Validation Accuracy: 84.90%
2.0016651875570453e-05
Epoch [198/200], Training Loss: 133.2936, Training Accuracy: 90.57%, Validation Loss: 0.5660, Validation Accuracy: 80.56%
2.000740159451403e-05
Epoch [199/200], Training Loss: 134.6736, Training Accuracy: 88.71%, Validation Loss: 0.4892, Validation Accuracy: 84.18%
2.0001850512775094e-05
Epoch [200/200], Training Loss: 134.1564, Training Accuracy: 87.29%, Validation Loss: 0.5095, Validation Accuracy: 82.85%
Training time 0:46:52
