Args parsed
Training teacher model with transformer (Full data analysis)

Validating the train path:/home/micml/25m0764/MIC_project/final_dataset/dataset_600/train
Validating the train path:/home/micml/25m0764/MIC_project/final_dataset/dataset_600/test
Train size: 2833
Test size: 828
Creating model: student_model
Creating model with num_blocks:(6, 6, 9, 3)
Model created
The student_model has number of params = 6540421
Using weighted loss function for training
Starting training
2e-05
Epoch [1/200], Training Loss: 1.8672, Training Accuracy: 25.87%, Validation Loss: 1.2284, Validation Accuracy: 68.48%
----------- saving --------------
2.6000000000000002e-05
Epoch [2/200], Training Loss: 1.6967, Training Accuracy: 34.38%, Validation Loss: 1.3270, Validation Accuracy: 59.78%
3.2000000000000005e-05
Epoch [3/200], Training Loss: 1.5258, Training Accuracy: 40.20%, Validation Loss: 0.8822, Validation Accuracy: 72.10%
----------- saving --------------
3.8e-05
Epoch [4/200], Training Loss: 1.4456, Training Accuracy: 41.55%, Validation Loss: 0.7921, Validation Accuracy: 70.65%
4.4e-05
Epoch [5/200], Training Loss: 1.3832, Training Accuracy: 44.90%, Validation Loss: 1.1484, Validation Accuracy: 59.18%
4.9953760005996925e-05
Epoch [6/200], Training Loss: 1.3683, Training Accuracy: 45.61%, Validation Loss: 0.8040, Validation Accuracy: 73.19%
----------- saving --------------
4.993342946904621e-05
Epoch [7/200], Training Loss: 1.3425, Training Accuracy: 46.28%, Validation Loss: 0.6657, Validation Accuracy: 77.05%
----------- saving --------------
4.9909414331827703e-05
Epoch [8/200], Training Loss: 1.3063, Training Accuracy: 46.91%, Validation Loss: 0.9772, Validation Accuracy: 65.58%
4.988172051971717e-05
Epoch [9/200], Training Loss: 1.2442, Training Accuracy: 50.62%, Validation Loss: 0.6595, Validation Accuracy: 74.88%
4.9850354865748364e-05
Epoch [10/200], Training Loss: 1.2108, Training Accuracy: 50.26%, Validation Loss: 0.8757, Validation Accuracy: 69.44%
4.981532510892707e-05
Epoch [11/200], Training Loss: 1.2011, Training Accuracy: 50.97%, Validation Loss: 0.7462, Validation Accuracy: 71.62%
4.977663989232161e-05
Epoch [12/200], Training Loss: 1.1726, Training Accuracy: 52.24%, Validation Loss: 0.6867, Validation Accuracy: 74.40%
4.973430876093034e-05
Epoch [13/200], Training Loss: 1.1177, Training Accuracy: 54.75%, Validation Loss: 0.7156, Validation Accuracy: 75.24%
4.968834215932649e-05
Epoch [14/200], Training Loss: 1.0941, Training Accuracy: 55.38%, Validation Loss: 0.6495, Validation Accuracy: 77.54%
----------- saving --------------
4.963875142908122e-05
Epoch [15/200], Training Loss: 1.0691, Training Accuracy: 55.52%, Validation Loss: 0.6718, Validation Accuracy: 77.90%
----------- saving --------------
4.958554880596515e-05
Epoch [16/200], Training Loss: 1.0500, Training Accuracy: 55.81%, Validation Loss: 0.6407, Validation Accuracy: 78.14%
----------- saving --------------
4.952874741692947e-05
Epoch [17/200], Training Loss: 1.0215, Training Accuracy: 56.87%, Validation Loss: 0.6296, Validation Accuracy: 76.69%
4.946836127686698e-05
Epoch [18/200], Training Loss: 1.0224, Training Accuracy: 57.39%, Validation Loss: 0.7377, Validation Accuracy: 72.22%
4.940440528515415e-05
Epoch [19/200], Training Loss: 1.0105, Training Accuracy: 56.94%, Validation Loss: 0.9716, Validation Accuracy: 64.61%
4.933689522197495e-05
Epoch [20/200], Training Loss: 0.9621, Training Accuracy: 59.27%, Validation Loss: 0.4980, Validation Accuracy: 81.88%
----------- saving --------------
4.926584774442731e-05
Epoch [21/200], Training Loss: 0.9418, Training Accuracy: 60.61%, Validation Loss: 0.6516, Validation Accuracy: 76.09%
4.919128038241318e-05
Epoch [22/200], Training Loss: 0.9438, Training Accuracy: 60.18%, Validation Loss: 0.6221, Validation Accuracy: 77.54%
4.9113211534313383e-05
Epoch [23/200], Training Loss: 0.9338, Training Accuracy: 61.14%, Validation Loss: 0.6019, Validation Accuracy: 78.38%
4.9031660462448016e-05
Epoch [24/200], Training Loss: 0.9461, Training Accuracy: 60.29%, Validation Loss: 0.5854, Validation Accuracy: 77.17%
4.894664728832377e-05
Epoch [25/200], Training Loss: 0.9194, Training Accuracy: 61.14%, Validation Loss: 0.5505, Validation Accuracy: 78.62%
4.88581929876693e-05
Epoch [26/200], Training Loss: 0.8777, Training Accuracy: 63.04%, Validation Loss: 0.5480, Validation Accuracy: 79.23%
4.876631938525972e-05
Epoch [27/200], Training Loss: 0.8558, Training Accuracy: 62.30%, Validation Loss: 0.5541, Validation Accuracy: 80.31%
4.8671049149531676e-05
Epoch [28/200], Training Loss: 0.8635, Training Accuracy: 62.23%, Validation Loss: 0.6012, Validation Accuracy: 77.54%
4.8572405786990295e-05
Epoch [29/200], Training Loss: 0.8818, Training Accuracy: 61.63%, Validation Loss: 0.7157, Validation Accuracy: 71.50%
4.847041363640924e-05
Epoch [30/200], Training Loss: 0.8459, Training Accuracy: 64.07%, Validation Loss: 0.6767, Validation Accuracy: 73.19%
4.836509786282552e-05
Epoch [31/200], Training Loss: 0.8128, Training Accuracy: 63.61%, Validation Loss: 0.6194, Validation Accuracy: 77.42%
4.8256484451330404e-05
Epoch [32/200], Training Loss: 0.8008, Training Accuracy: 64.21%, Validation Loss: 0.4807, Validation Accuracy: 81.52%
4.814460020065795e-05
Epoch [33/200], Training Loss: 0.7850, Training Accuracy: 65.34%, Validation Loss: 0.4980, Validation Accuracy: 83.09%
----------- saving --------------
4.802947271657287e-05
Epoch [34/200], Training Loss: 0.7984, Training Accuracy: 65.51%, Validation Loss: 0.6921, Validation Accuracy: 73.79%
4.7911130405059156e-05
Epoch [35/200], Training Loss: 0.8011, Training Accuracy: 65.02%, Validation Loss: 0.4620, Validation Accuracy: 82.73%
4.778960246531139e-05
Epoch [36/200], Training Loss: 0.7568, Training Accuracy: 65.90%, Validation Loss: 0.5854, Validation Accuracy: 78.86%
4.766491888253023e-05
Epoch [37/200], Training Loss: 0.7519, Training Accuracy: 67.00%, Validation Loss: 0.5860, Validation Accuracy: 79.23%
4.753711042052406e-05
Epoch [38/200], Training Loss: 0.7574, Training Accuracy: 65.34%, Validation Loss: 0.5688, Validation Accuracy: 78.99%
4.7406208614118425e-05
Epoch [39/200], Training Loss: 0.7214, Training Accuracy: 66.40%, Validation Loss: 0.5637, Validation Accuracy: 79.71%
4.727224576137535e-05
Epoch [40/200], Training Loss: 0.7425, Training Accuracy: 67.67%, Validation Loss: 0.6422, Validation Accuracy: 75.00%
4.7135254915624215e-05
Epoch [41/200], Training Loss: 0.7637, Training Accuracy: 66.50%, Validation Loss: 0.6232, Validation Accuracy: 77.05%
4.699526987730636e-05
Epoch [42/200], Training Loss: 0.7563, Training Accuracy: 66.36%, Validation Loss: 0.4837, Validation Accuracy: 82.00%
4.6852325185635355e-05
Epoch [43/200], Training Loss: 0.7164, Training Accuracy: 67.67%, Validation Loss: 0.5469, Validation Accuracy: 80.43%
4.6706456110074944e-05
Epoch [44/200], Training Loss: 0.6904, Training Accuracy: 69.96%, Validation Loss: 0.4697, Validation Accuracy: 82.97%
4.655769864163684e-05
Epoch [45/200], Training Loss: 0.7054, Training Accuracy: 69.29%, Validation Loss: 0.5727, Validation Accuracy: 78.74%
4.6406089484000467e-05
Epoch [46/200], Training Loss: 0.6847, Training Accuracy: 68.73%, Validation Loss: 0.6074, Validation Accuracy: 78.26%
4.6251666044456894e-05
Epoch [47/200], Training Loss: 0.6512, Training Accuracy: 71.06%, Validation Loss: 0.5255, Validation Accuracy: 80.92%
4.609446642467915e-05
Epoch [48/200], Training Loss: 0.6782, Training Accuracy: 68.27%, Validation Loss: 0.5739, Validation Accuracy: 78.50%
4.5934529411321176e-05
Epoch [49/200], Training Loss: 0.6818, Training Accuracy: 68.90%, Validation Loss: 0.5521, Validation Accuracy: 78.74%
4.5771894466447835e-05
Epoch [50/200], Training Loss: 0.6662, Training Accuracy: 70.53%, Validation Loss: 0.6578, Validation Accuracy: 77.78%
4.560660171779821e-05
Epoch [51/200], Training Loss: 0.6904, Training Accuracy: 68.16%, Validation Loss: 0.6243, Validation Accuracy: 77.66%
4.543869194888471e-05
Epoch [52/200], Training Loss: 0.6328, Training Accuracy: 71.48%, Validation Loss: 0.4918, Validation Accuracy: 81.64%
4.526820658893033e-05
Epoch [53/200], Training Loss: 0.6505, Training Accuracy: 70.46%, Validation Loss: 0.5122, Validation Accuracy: 81.52%
4.50951877026466e-05
Epoch [54/200], Training Loss: 0.6095, Training Accuracy: 71.58%, Validation Loss: 0.6491, Validation Accuracy: 76.93%
4.491967797985478e-05
Epoch [55/200], Training Loss: 0.5954, Training Accuracy: 72.15%, Validation Loss: 0.4350, Validation Accuracy: 84.54%
----------- saving --------------
4.474172072495276e-05
Epoch [56/200], Training Loss: 0.6135, Training Accuracy: 71.62%, Validation Loss: 0.5523, Validation Accuracy: 80.19%
4.456135984623035e-05
Epoch [57/200], Training Loss: 0.6251, Training Accuracy: 71.13%, Validation Loss: 0.5308, Validation Accuracy: 80.68%
4.4378639845035585e-05
Epoch [58/200], Training Loss: 0.6057, Training Accuracy: 72.50%, Validation Loss: 0.5154, Validation Accuracy: 79.95%
4.419360580479465e-05
Epoch [59/200], Training Loss: 0.6170, Training Accuracy: 70.98%, Validation Loss: 0.4943, Validation Accuracy: 81.88%
4.400630337988827e-05
Epoch [60/200], Training Loss: 0.5924, Training Accuracy: 72.11%, Validation Loss: 0.4680, Validation Accuracy: 83.57%
4.3816778784387106e-05
Epoch [61/200], Training Loss: 0.6014, Training Accuracy: 72.15%, Validation Loss: 0.5804, Validation Accuracy: 80.19%
4.362507878064918e-05
Epoch [62/200], Training Loss: 0.5888, Training Accuracy: 72.75%, Validation Loss: 0.4857, Validation Accuracy: 81.76%
4.343125066778197e-05
Epoch [63/200], Training Loss: 0.5814, Training Accuracy: 74.62%, Validation Loss: 0.5275, Validation Accuracy: 81.40%
4.323534226997198e-05
Epoch [64/200], Training Loss: 0.5455, Training Accuracy: 73.42%, Validation Loss: 0.6849, Validation Accuracy: 75.60%
4.3037401924684955e-05
Epoch [65/200], Training Loss: 0.5483, Training Accuracy: 74.51%, Validation Loss: 0.5214, Validation Accuracy: 81.28%
4.2837478470739236e-05
Epoch [66/200], Training Loss: 0.5572, Training Accuracy: 74.83%, Validation Loss: 0.6155, Validation Accuracy: 77.90%
4.263562123625557e-05
Epoch [67/200], Training Loss: 0.5485, Training Accuracy: 74.80%, Validation Loss: 0.5195, Validation Accuracy: 81.40%
4.243188002648612e-05
Epoch [68/200], Training Loss: 0.5306, Training Accuracy: 74.59%, Validation Loss: 0.7453, Validation Accuracy: 73.79%
4.222630511152573e-05
Epoch [69/200], Training Loss: 0.5526, Training Accuracy: 74.02%, Validation Loss: 0.5777, Validation Accuracy: 77.78%
4.20189472139086e-05
Epoch [70/200], Training Loss: 0.5579, Training Accuracy: 74.37%, Validation Loss: 0.5873, Validation Accuracy: 79.95%
4.180985749609321e-05
Epoch [71/200], Training Loss: 0.5040, Training Accuracy: 76.31%, Validation Loss: 0.4975, Validation Accuracy: 81.76%
4.159908754783872e-05
Epoch [72/200], Training Loss: 0.5180, Training Accuracy: 74.62%, Validation Loss: 0.5670, Validation Accuracy: 79.59%
4.1386689373476096e-05
Epoch [73/200], Training Loss: 0.5548, Training Accuracy: 74.73%, Validation Loss: 0.5142, Validation Accuracy: 80.56%
4.117271537907663e-05
Epoch [74/200], Training Loss: 0.5099, Training Accuracy: 77.02%, Validation Loss: 0.5621, Validation Accuracy: 78.99%
4.095721835952171e-05
Epoch [75/200], Training Loss: 0.5187, Training Accuracy: 76.84%, Validation Loss: 0.5053, Validation Accuracy: 81.52%
4.074025148547635e-05
Epoch [76/200], Training Loss: 0.5249, Training Accuracy: 75.93%, Validation Loss: 0.5248, Validation Accuracy: 81.04%
4.052186829027017e-05
Epoch [77/200], Training Loss: 0.4959, Training Accuracy: 76.70%, Validation Loss: 0.4912, Validation Accuracy: 83.09%
4.0302122656688864e-05
Epoch [78/200], Training Loss: 0.4921, Training Accuracy: 76.31%, Validation Loss: 0.5112, Validation Accuracy: 81.40%
4.008106880367937e-05
Epoch [79/200], Training Loss: 0.4849, Training Accuracy: 77.16%, Validation Loss: 0.5743, Validation Accuracy: 79.59%
3.985876127297224e-05
Epoch [80/200], Training Loss: 0.4578, Training Accuracy: 78.08%, Validation Loss: 0.5400, Validation Accuracy: 80.92%
3.963525491562421e-05
Epoch [81/200], Training Loss: 0.4611, Training Accuracy: 78.40%, Validation Loss: 0.5421, Validation Accuracy: 80.92%
3.9410604878484564e-05
Epoch [82/200], Training Loss: 0.4754, Training Accuracy: 77.41%, Validation Loss: 0.5184, Validation Accuracy: 80.56%
3.918486659058844e-05
Epoch [83/200], Training Loss: 0.4645, Training Accuracy: 78.26%, Validation Loss: 0.5415, Validation Accuracy: 81.64%
3.89580957494806e-05
Epoch [84/200], Training Loss: 0.4594, Training Accuracy: 77.97%, Validation Loss: 0.5211, Validation Accuracy: 82.00%
3.873034830747282e-05
Epoch [85/200], Training Loss: 0.4359, Training Accuracy: 79.03%, Validation Loss: 0.5935, Validation Accuracy: 78.62%
3.8501680457838584e-05
Epoch [86/200], Training Loss: 0.4322, Training Accuracy: 79.10%, Validation Loss: 0.5710, Validation Accuracy: 79.47%
3.8272148620948145e-05
Epoch [87/200], Training Loss: 0.4308, Training Accuracy: 78.61%, Validation Loss: 0.5545, Validation Accuracy: 80.07%
3.8041809430347696e-05
Epoch [88/200], Training Loss: 0.4420, Training Accuracy: 79.00%, Validation Loss: 0.5059, Validation Accuracy: 82.73%
3.7810719718785876e-05
Epoch [89/200], Training Loss: 0.4171, Training Accuracy: 79.70%, Validation Loss: 0.5537, Validation Accuracy: 81.16%
3.757893650419114e-05
Epoch [90/200], Training Loss: 0.4167, Training Accuracy: 79.77%, Validation Loss: 0.5186, Validation Accuracy: 82.49%
3.734651697560347e-05
Epoch [91/200], Training Loss: 0.4080, Training Accuracy: 80.69%, Validation Loss: 0.5581, Validation Accuracy: 78.86%
3.711351847906374e-05
Epoch [92/200], Training Loss: 0.4136, Training Accuracy: 79.49%, Validation Loss: 0.4805, Validation Accuracy: 83.94%
3.687999850346457e-05
Epoch [93/200], Training Loss: 0.4414, Training Accuracy: 79.39%, Validation Loss: 0.5583, Validation Accuracy: 79.71%
3.6646014666365684e-05
Epoch [94/200], Training Loss: 0.4558, Training Accuracy: 78.79%, Validation Loss: 0.5760, Validation Accuracy: 80.31%
3.641162469977772e-05
Epoch [95/200], Training Loss: 0.4316, Training Accuracy: 79.00%, Validation Loss: 0.5627, Validation Accuracy: 80.92%
3.617688643591768e-05
Epoch [96/200], Training Loss: 0.3812, Training Accuracy: 82.35%, Validation Loss: 0.5888, Validation Accuracy: 81.28%
3.594185779293971e-05
Epoch [97/200], Training Loss: 0.4267, Training Accuracy: 79.67%, Validation Loss: 0.6340, Validation Accuracy: 80.80%
3.5706596760644643e-05
Epoch [98/200], Training Loss: 0.3955, Training Accuracy: 81.04%, Validation Loss: 0.5661, Validation Accuracy: 81.52%
3.547116138617192e-05
Epoch [99/200], Training Loss: 0.3987, Training Accuracy: 81.40%, Validation Loss: 0.5079, Validation Accuracy: 82.37%
3.523560975967731e-05
Epoch [100/200], Training Loss: 0.3731, Training Accuracy: 82.00%, Validation Loss: 0.5708, Validation Accuracy: 81.16%
3.5000000000000004e-05
Epoch [101/200], Training Loss: 0.3829, Training Accuracy: 80.76%, Validation Loss: 0.5408, Validation Accuracy: 82.13%
3.4764390240322696e-05
Epoch [102/200], Training Loss: 0.3654, Training Accuracy: 81.86%, Validation Loss: 0.5850, Validation Accuracy: 80.31%
3.452883861382808e-05
Epoch [103/200], Training Loss: 0.3811, Training Accuracy: 81.72%, Validation Loss: 0.5515, Validation Accuracy: 81.76%
3.4293403239355364e-05
Epoch [104/200], Training Loss: 0.3469, Training Accuracy: 84.12%, Validation Loss: 0.5448, Validation Accuracy: 82.73%
3.40581422070603e-05
Epoch [105/200], Training Loss: 0.3571, Training Accuracy: 83.52%, Validation Loss: 0.6358, Validation Accuracy: 79.95%
3.382311356408233e-05
Epoch [106/200], Training Loss: 0.3655, Training Accuracy: 82.88%, Validation Loss: 0.5972, Validation Accuracy: 79.95%
3.358837530022229e-05
Epoch [107/200], Training Loss: 0.3655, Training Accuracy: 82.92%, Validation Loss: 0.5152, Validation Accuracy: 83.82%
3.335398533363432e-05
Epoch [108/200], Training Loss: 0.3608, Training Accuracy: 82.42%, Validation Loss: 0.5197, Validation Accuracy: 83.09%
3.312000149653544e-05
Epoch [109/200], Training Loss: 0.3501, Training Accuracy: 83.16%, Validation Loss: 0.5758, Validation Accuracy: 80.68%
3.2886481520936266e-05
Epoch [110/200], Training Loss: 0.3406, Training Accuracy: 84.05%, Validation Loss: 0.4922, Validation Accuracy: 83.70%
3.2653483024396536e-05
Epoch [111/200], Training Loss: 0.3588, Training Accuracy: 83.20%, Validation Loss: 0.4859, Validation Accuracy: 83.94%
3.242106349580886e-05
Epoch [112/200], Training Loss: 0.3323, Training Accuracy: 83.80%, Validation Loss: 0.4912, Validation Accuracy: 83.33%
3.218928028121413e-05
Epoch [113/200], Training Loss: 0.3170, Training Accuracy: 84.40%, Validation Loss: 0.6010, Validation Accuracy: 81.28%
3.195819056965232e-05
Epoch [114/200], Training Loss: 0.3464, Training Accuracy: 82.63%, Validation Loss: 0.6323, Validation Accuracy: 81.04%
3.172785137905187e-05
Epoch [115/200], Training Loss: 0.3128, Training Accuracy: 84.96%, Validation Loss: 0.5355, Validation Accuracy: 81.88%
3.149831954216142e-05
Epoch [116/200], Training Loss: 0.3232, Training Accuracy: 83.87%, Validation Loss: 0.6119, Validation Accuracy: 80.56%
3.126965169252718e-05
Epoch [117/200], Training Loss: 0.3147, Training Accuracy: 84.79%, Validation Loss: 0.5690, Validation Accuracy: 81.76%
3.104190425051941e-05
Epoch [118/200], Training Loss: 0.3104, Training Accuracy: 84.89%, Validation Loss: 0.6426, Validation Accuracy: 80.56%
3.0815133409411565e-05
Epoch [119/200], Training Loss: 0.3162, Training Accuracy: 85.35%, Validation Loss: 0.5228, Validation Accuracy: 83.45%
3.0589395121515443e-05
Epoch [120/200], Training Loss: 0.2818, Training Accuracy: 85.74%, Validation Loss: 0.5481, Validation Accuracy: 81.88%
3.0364745084375795e-05
Epoch [121/200], Training Loss: 0.2904, Training Accuracy: 85.88%, Validation Loss: 0.5458, Validation Accuracy: 83.57%
3.0141238727027758e-05
Epoch [122/200], Training Loss: 0.2933, Training Accuracy: 85.92%, Validation Loss: 0.5239, Validation Accuracy: 83.21%
2.991893119632063e-05
Epoch [123/200], Training Loss: 0.2960, Training Accuracy: 85.49%, Validation Loss: 0.5008, Validation Accuracy: 84.66%
----------- saving --------------
2.9697877343311147e-05
Epoch [124/200], Training Loss: 0.2996, Training Accuracy: 85.25%, Validation Loss: 0.8969, Validation Accuracy: 72.95%
2.9478131709729838e-05
Epoch [125/200], Training Loss: 0.2790, Training Accuracy: 86.48%, Validation Loss: 0.4982, Validation Accuracy: 85.14%
----------- saving --------------
2.9259748514523657e-05
Epoch [126/200], Training Loss: 0.2775, Training Accuracy: 86.66%, Validation Loss: 0.6885, Validation Accuracy: 78.50%
2.9042781640478292e-05
Epoch [127/200], Training Loss: 0.2866, Training Accuracy: 86.80%, Validation Loss: 0.6110, Validation Accuracy: 81.40%
2.882728462092337e-05
Epoch [128/200], Training Loss: 0.2787, Training Accuracy: 86.45%, Validation Loss: 0.5934, Validation Accuracy: 82.25%
2.861331062652391e-05
Epoch [129/200], Training Loss: 0.2635, Training Accuracy: 87.12%, Validation Loss: 0.6204, Validation Accuracy: 80.92%
2.8400912452161272e-05
Epoch [130/200], Training Loss: 0.2809, Training Accuracy: 86.30%, Validation Loss: 0.6285, Validation Accuracy: 81.52%
2.81901425039068e-05
Epoch [131/200], Training Loss: 0.2971, Training Accuracy: 85.25%, Validation Loss: 0.6128, Validation Accuracy: 82.37%
2.7981052786091404e-05
Epoch [132/200], Training Loss: 0.2639, Training Accuracy: 87.47%, Validation Loss: 0.5922, Validation Accuracy: 82.73%
2.777369488847427e-05
Epoch [133/200], Training Loss: 0.2630, Training Accuracy: 87.36%, Validation Loss: 0.6327, Validation Accuracy: 82.49%
2.756811997351389e-05
Epoch [134/200], Training Loss: 0.2423, Training Accuracy: 88.53%, Validation Loss: 0.6810, Validation Accuracy: 79.95%
2.7364378763744433e-05
Epoch [135/200], Training Loss: 0.2521, Training Accuracy: 87.47%, Validation Loss: 0.5729, Validation Accuracy: 82.49%
2.7162521529260772e-05
Epoch [136/200], Training Loss: 0.2391, Training Accuracy: 88.63%, Validation Loss: 0.6542, Validation Accuracy: 81.52%
2.696259807531505e-05
Epoch [137/200], Training Loss: 0.2493, Training Accuracy: 88.18%, Validation Loss: 0.5911, Validation Accuracy: 82.73%
2.6764657730028024e-05
Epoch [138/200], Training Loss: 0.2262, Training Accuracy: 88.85%, Validation Loss: 0.6430, Validation Accuracy: 82.13%
2.656874933221804e-05
Epoch [139/200], Training Loss: 0.2332, Training Accuracy: 88.88%, Validation Loss: 0.6885, Validation Accuracy: 80.92%
2.6374921219350825e-05
Epoch [140/200], Training Loss: 0.2234, Training Accuracy: 89.41%, Validation Loss: 0.6153, Validation Accuracy: 82.37%
2.6183221215612905e-05
Epoch [141/200], Training Loss: 0.2215, Training Accuracy: 88.95%, Validation Loss: 0.5687, Validation Accuracy: 82.97%
2.5993696620111744e-05
Epoch [142/200], Training Loss: 0.2353, Training Accuracy: 88.46%, Validation Loss: 0.6383, Validation Accuracy: 81.52%
2.5806394195205354e-05
Epoch [143/200], Training Loss: 0.2431, Training Accuracy: 88.28%, Validation Loss: 0.6367, Validation Accuracy: 81.04%
2.5621360154964423e-05
Epoch [144/200], Training Loss: 0.2123, Training Accuracy: 89.55%, Validation Loss: 0.5698, Validation Accuracy: 83.57%
2.5438640153769657e-05
Epoch [145/200], Training Loss: 0.2061, Training Accuracy: 90.22%, Validation Loss: 0.6841, Validation Accuracy: 79.23%
2.525827927504725e-05
Epoch [146/200], Training Loss: 0.2199, Training Accuracy: 89.23%, Validation Loss: 0.6662, Validation Accuracy: 79.95%
2.5080322020145226e-05
Epoch [147/200], Training Loss: 0.2015, Training Accuracy: 90.40%, Validation Loss: 0.5820, Validation Accuracy: 83.09%
2.49048122973534e-05
Epoch [148/200], Training Loss: 0.1978, Training Accuracy: 89.98%, Validation Loss: 0.6226, Validation Accuracy: 83.09%
2.473179341106967e-05
Epoch [149/200], Training Loss: 0.2018, Training Accuracy: 89.80%, Validation Loss: 0.5819, Validation Accuracy: 84.06%
2.4561308051115287e-05
Epoch [150/200], Training Loss: 0.2017, Training Accuracy: 90.50%, Validation Loss: 0.6276, Validation Accuracy: 82.61%
2.439339828220179e-05
Epoch [151/200], Training Loss: 0.2173, Training Accuracy: 89.59%, Validation Loss: 0.6237, Validation Accuracy: 82.61%
2.4228105533552172e-05
Epoch [152/200], Training Loss: 0.1814, Training Accuracy: 90.89%, Validation Loss: 0.6059, Validation Accuracy: 82.73%
2.406547058867883e-05
Epoch [153/200], Training Loss: 0.1983, Training Accuracy: 90.65%, Validation Loss: 0.6428, Validation Accuracy: 82.00%
2.3905533575320855e-05
Epoch [154/200], Training Loss: 0.1898, Training Accuracy: 90.96%, Validation Loss: 0.5865, Validation Accuracy: 84.54%
2.3748333955543107e-05
Epoch [155/200], Training Loss: 0.1732, Training Accuracy: 91.81%, Validation Loss: 0.6114, Validation Accuracy: 82.49%
2.3593910515999538e-05
Epoch [156/200], Training Loss: 0.2005, Training Accuracy: 90.29%, Validation Loss: 0.6751, Validation Accuracy: 81.16%
2.3442301358363164e-05
Epoch [157/200], Training Loss: 0.1872, Training Accuracy: 91.39%, Validation Loss: 0.5657, Validation Accuracy: 83.82%
2.3293543889925057e-05
Epoch [158/200], Training Loss: 0.1787, Training Accuracy: 91.56%, Validation Loss: 0.6443, Validation Accuracy: 82.49%
2.3147674814364646e-05
Epoch [159/200], Training Loss: 0.1701, Training Accuracy: 92.27%, Validation Loss: 0.5624, Validation Accuracy: 84.30%
2.3004730122693643e-05
Epoch [160/200], Training Loss: 0.1781, Training Accuracy: 91.39%, Validation Loss: 0.5971, Validation Accuracy: 83.82%
2.2864745084375792e-05
Epoch [161/200], Training Loss: 0.1786, Training Accuracy: 91.39%, Validation Loss: 0.5782, Validation Accuracy: 84.54%
2.2727754238624652e-05
Epoch [162/200], Training Loss: 0.1930, Training Accuracy: 91.00%, Validation Loss: 0.6355, Validation Accuracy: 82.97%
2.2593791385881576e-05
Epoch [163/200], Training Loss: 0.1740, Training Accuracy: 91.10%, Validation Loss: 0.6280, Validation Accuracy: 83.57%
2.2462889579475952e-05
Epoch [164/200], Training Loss: 0.1709, Training Accuracy: 91.88%, Validation Loss: 0.6578, Validation Accuracy: 82.25%
2.233508111746978e-05
Epoch [165/200], Training Loss: 0.1738, Training Accuracy: 91.60%, Validation Loss: 0.6660, Validation Accuracy: 81.52%
2.221039753468862e-05
Epoch [166/200], Training Loss: 0.1632, Training Accuracy: 92.27%, Validation Loss: 0.7078, Validation Accuracy: 82.13%
2.2088869594940844e-05
Epoch [167/200], Training Loss: 0.1698, Training Accuracy: 92.59%, Validation Loss: 0.6064, Validation Accuracy: 83.57%
2.197052728342713e-05
Epoch [168/200], Training Loss: 0.1563, Training Accuracy: 92.69%, Validation Loss: 0.6921, Validation Accuracy: 82.49%
2.185539979934205e-05
Epoch [169/200], Training Loss: 0.1514, Training Accuracy: 92.16%, Validation Loss: 0.5794, Validation Accuracy: 84.90%
2.17435155486696e-05
Epoch [170/200], Training Loss: 0.1570, Training Accuracy: 92.20%, Validation Loss: 0.6658, Validation Accuracy: 83.70%
2.1634902137174486e-05
Epoch [171/200], Training Loss: 0.1455, Training Accuracy: 92.94%, Validation Loss: 0.6171, Validation Accuracy: 85.14%
2.152958636359077e-05
Epoch [172/200], Training Loss: 0.1452, Training Accuracy: 93.15%, Validation Loss: 0.6086, Validation Accuracy: 84.06%
2.1427594213009713e-05
Epoch [173/200], Training Loss: 0.1434, Training Accuracy: 93.29%, Validation Loss: 0.6375, Validation Accuracy: 84.66%
2.1328950850468325e-05
Epoch [174/200], Training Loss: 0.1724, Training Accuracy: 91.63%, Validation Loss: 0.7490, Validation Accuracy: 80.92%
2.123368061474029e-05
Epoch [175/200], Training Loss: 0.1592, Training Accuracy: 93.01%, Validation Loss: 0.6575, Validation Accuracy: 82.73%
2.1141807012330703e-05
Epoch [176/200], Training Loss: 0.1428, Training Accuracy: 93.68%, Validation Loss: 0.6549, Validation Accuracy: 83.09%
2.105335271167623e-05
Epoch [177/200], Training Loss: 0.1399, Training Accuracy: 92.80%, Validation Loss: 0.7272, Validation Accuracy: 80.92%
2.096833953755199e-05
Epoch [178/200], Training Loss: 0.1357, Training Accuracy: 93.65%, Validation Loss: 0.6371, Validation Accuracy: 83.70%
2.088678846568662e-05
Epoch [179/200], Training Loss: 0.1426, Training Accuracy: 93.01%, Validation Loss: 0.6415, Validation Accuracy: 83.57%
2.080871961758682e-05
Epoch [180/200], Training Loss: 0.1334, Training Accuracy: 93.47%, Validation Loss: 0.6800, Validation Accuracy: 82.00%
2.0734152255572697e-05
Epoch [181/200], Training Loss: 0.1213, Training Accuracy: 94.14%, Validation Loss: 0.6906, Validation Accuracy: 82.73%
2.066310477802505e-05
Epoch [182/200], Training Loss: 0.1442, Training Accuracy: 92.91%, Validation Loss: 0.6575, Validation Accuracy: 84.42%
2.0595594714845856e-05
Epoch [183/200], Training Loss: 0.1496, Training Accuracy: 93.12%, Validation Loss: 0.7067, Validation Accuracy: 83.45%
2.0531638723133032e-05
Epoch [184/200], Training Loss: 0.1357, Training Accuracy: 93.43%, Validation Loss: 0.6758, Validation Accuracy: 83.09%
2.047125258307054e-05
Epoch [185/200], Training Loss: 0.1231, Training Accuracy: 94.35%, Validation Loss: 0.7437, Validation Accuracy: 81.88%
2.0414451194034853e-05
Epoch [186/200], Training Loss: 0.1390, Training Accuracy: 93.22%, Validation Loss: 0.6615, Validation Accuracy: 84.18%
2.0361248570918792e-05
Epoch [187/200], Training Loss: 0.1281, Training Accuracy: 93.51%, Validation Loss: 0.5822, Validation Accuracy: 85.63%
----------- saving --------------
2.0311657840673515e-05
Epoch [188/200], Training Loss: 0.1272, Training Accuracy: 94.00%, Validation Loss: 0.6241, Validation Accuracy: 84.78%
2.026569123906967e-05
Epoch [189/200], Training Loss: 0.1061, Training Accuracy: 95.13%, Validation Loss: 0.7855, Validation Accuracy: 80.68%
2.0223360107678393e-05
Epoch [190/200], Training Loss: 0.1284, Training Accuracy: 93.89%, Validation Loss: 0.7676, Validation Accuracy: 82.13%
2.0184674891072937e-05
Epoch [191/200], Training Loss: 0.1216, Training Accuracy: 94.03%, Validation Loss: 0.7045, Validation Accuracy: 83.57%
2.014964513425164e-05
Epoch [192/200], Training Loss: 0.1272, Training Accuracy: 94.14%, Validation Loss: 0.6843, Validation Accuracy: 83.09%
2.0118279480282836e-05
Epoch [193/200], Training Loss: 0.1193, Training Accuracy: 94.42%, Validation Loss: 0.7919, Validation Accuracy: 80.56%
2.0090585668172307e-05
Epoch [194/200], Training Loss: 0.1283, Training Accuracy: 93.93%, Validation Loss: 0.6723, Validation Accuracy: 83.09%
2.00665705309538e-05
Epoch [195/200], Training Loss: 0.1270, Training Accuracy: 94.25%, Validation Loss: 0.6946, Validation Accuracy: 84.18%
2.0046239994003082e-05
Epoch [196/200], Training Loss: 0.1101, Training Accuracy: 95.09%, Validation Loss: 0.7174, Validation Accuracy: 82.49%
2.0029599073575927e-05
Epoch [197/200], Training Loss: 0.1284, Training Accuracy: 94.00%, Validation Loss: 0.7258, Validation Accuracy: 82.85%
2.0016651875570453e-05
Epoch [198/200], Training Loss: 0.1377, Training Accuracy: 93.75%, Validation Loss: 0.7401, Validation Accuracy: 82.97%
2.000740159451403e-05
Epoch [199/200], Training Loss: 0.1213, Training Accuracy: 93.82%, Validation Loss: 0.6953, Validation Accuracy: 83.82%
2.0001850512775094e-05
Epoch [200/200], Training Loss: 0.1001, Training Accuracy: 95.41%, Validation Loss: 0.7862, Validation Accuracy: 82.37%
Training time 1:21:29
