Args parsed
Training HDKD model with fine-tuned teacher - 50 per class data

Validating the train path:/home/micml/25m0764/MIC_project/dataset_dbn/dataset_50/train
Validating the train path:/home/micml/25m0764/MIC_project/dataset_dbn/dataset_50/test
Train size: 350
Test size: 4009
Creating model: HDKD
Model created
The HDKD has number of params = 3727288
Using weighted loss function for training
Starting training
2e-05
Epoch [1/200], Training Loss: 632.5198, Training Accuracy: 14.00%, Validation Loss: 1.9697, Validation Accuracy: 7.51%
----------- saving --------------
2.6000000000000002e-05
Epoch [2/200], Training Loss: 612.0944, Training Accuracy: 18.00%, Validation Loss: 1.9115, Validation Accuracy: 32.40%
----------- saving --------------
3.2000000000000005e-05
Epoch [3/200], Training Loss: 588.7357, Training Accuracy: 15.14%, Validation Loss: 1.9308, Validation Accuracy: 16.81%
3.8e-05
Epoch [4/200], Training Loss: 571.4189, Training Accuracy: 20.57%, Validation Loss: 1.8875, Validation Accuracy: 39.96%
----------- saving --------------
4.4e-05
Epoch [5/200], Training Loss: 548.8404, Training Accuracy: 19.43%, Validation Loss: 1.9174, Validation Accuracy: 30.71%
4.9953760005996925e-05
Epoch [6/200], Training Loss: 529.1405, Training Accuracy: 19.71%, Validation Loss: 1.9050, Validation Accuracy: 36.42%
4.993342946904621e-05
Epoch [7/200], Training Loss: 500.3761, Training Accuracy: 24.29%, Validation Loss: 1.8561, Validation Accuracy: 37.72%
4.9909414331827703e-05
Epoch [8/200], Training Loss: 478.9981, Training Accuracy: 21.71%, Validation Loss: 1.8670, Validation Accuracy: 38.26%
4.988172051971717e-05
Epoch [9/200], Training Loss: 461.8928, Training Accuracy: 24.00%, Validation Loss: 1.8283, Validation Accuracy: 34.75%
4.9850354865748364e-05
Epoch [10/200], Training Loss: 444.5106, Training Accuracy: 23.71%, Validation Loss: 1.8141, Validation Accuracy: 31.25%
4.981532510892707e-05
Epoch [11/200], Training Loss: 430.5433, Training Accuracy: 27.71%, Validation Loss: 1.8138, Validation Accuracy: 31.80%
4.977663989232161e-05
Epoch [12/200], Training Loss: 416.9216, Training Accuracy: 26.29%, Validation Loss: 1.6975, Validation Accuracy: 40.21%
----------- saving --------------
4.973430876093034e-05
Epoch [13/200], Training Loss: 409.1038, Training Accuracy: 28.86%, Validation Loss: 1.7287, Validation Accuracy: 33.87%
4.968834215932649e-05
Epoch [14/200], Training Loss: 394.7221, Training Accuracy: 32.29%, Validation Loss: 1.7048, Validation Accuracy: 35.50%
4.963875142908122e-05
Epoch [15/200], Training Loss: 390.1071, Training Accuracy: 32.57%, Validation Loss: 1.7080, Validation Accuracy: 38.44%
4.958554880596515e-05
Epoch [16/200], Training Loss: 378.8241, Training Accuracy: 30.29%, Validation Loss: 1.6554, Validation Accuracy: 38.09%
4.952874741692947e-05
Epoch [17/200], Training Loss: 369.2667, Training Accuracy: 35.14%, Validation Loss: 1.6509, Validation Accuracy: 38.61%
4.946836127686698e-05
Epoch [18/200], Training Loss: 362.9266, Training Accuracy: 33.14%, Validation Loss: 1.6314, Validation Accuracy: 41.48%
----------- saving --------------
4.940440528515415e-05
Epoch [19/200], Training Loss: 354.3142, Training Accuracy: 30.29%, Validation Loss: 1.6125, Validation Accuracy: 38.59%
4.933689522197495e-05
Epoch [20/200], Training Loss: 349.5032, Training Accuracy: 32.86%, Validation Loss: 1.6668, Validation Accuracy: 39.84%
4.926584774442731e-05
Epoch [21/200], Training Loss: 346.1502, Training Accuracy: 35.14%, Validation Loss: 1.6368, Validation Accuracy: 37.07%
4.919128038241318e-05
Epoch [22/200], Training Loss: 338.5946, Training Accuracy: 34.86%, Validation Loss: 1.6220, Validation Accuracy: 40.93%
4.9113211534313383e-05
Epoch [23/200], Training Loss: 333.5202, Training Accuracy: 34.86%, Validation Loss: 1.6470, Validation Accuracy: 35.77%
4.9031660462448016e-05
Epoch [24/200], Training Loss: 331.1934, Training Accuracy: 35.71%, Validation Loss: 1.6088, Validation Accuracy: 40.03%
4.894664728832377e-05
Epoch [25/200], Training Loss: 326.2430, Training Accuracy: 39.43%, Validation Loss: 1.5969, Validation Accuracy: 39.66%
4.88581929876693e-05
Epoch [26/200], Training Loss: 320.1888, Training Accuracy: 34.00%, Validation Loss: 1.6312, Validation Accuracy: 38.09%
4.876631938525972e-05
Epoch [27/200], Training Loss: 318.3268, Training Accuracy: 39.71%, Validation Loss: 1.6185, Validation Accuracy: 37.84%
4.8671049149531676e-05
Epoch [28/200], Training Loss: 313.1367, Training Accuracy: 37.71%, Validation Loss: 1.6670, Validation Accuracy: 35.15%
4.8572405786990295e-05
Epoch [29/200], Training Loss: 311.2134, Training Accuracy: 40.86%, Validation Loss: 1.5922, Validation Accuracy: 40.01%
4.847041363640924e-05
Epoch [30/200], Training Loss: 307.8453, Training Accuracy: 42.86%, Validation Loss: 1.6067, Validation Accuracy: 38.29%
4.836509786282552e-05
Epoch [31/200], Training Loss: 304.6408, Training Accuracy: 40.57%, Validation Loss: 1.6299, Validation Accuracy: 37.24%
4.8256484451330404e-05
Epoch [32/200], Training Loss: 301.8142, Training Accuracy: 38.29%, Validation Loss: 1.5612, Validation Accuracy: 40.58%
4.814460020065795e-05
Epoch [33/200], Training Loss: 299.4330, Training Accuracy: 41.43%, Validation Loss: 1.6243, Validation Accuracy: 37.22%
4.802947271657287e-05
Epoch [34/200], Training Loss: 298.3918, Training Accuracy: 43.71%, Validation Loss: 1.5995, Validation Accuracy: 38.44%
4.7911130405059156e-05
Epoch [35/200], Training Loss: 292.9794, Training Accuracy: 37.71%, Validation Loss: 1.5807, Validation Accuracy: 37.81%
4.778960246531139e-05
Epoch [36/200], Training Loss: 290.6049, Training Accuracy: 43.43%, Validation Loss: 1.5622, Validation Accuracy: 41.63%
----------- saving --------------
4.766491888253023e-05
Epoch [37/200], Training Loss: 289.2799, Training Accuracy: 43.14%, Validation Loss: 1.6071, Validation Accuracy: 37.84%
4.753711042052406e-05
Epoch [38/200], Training Loss: 284.5280, Training Accuracy: 42.57%, Validation Loss: 1.6115, Validation Accuracy: 37.54%
4.7406208614118425e-05
Epoch [39/200], Training Loss: 283.5924, Training Accuracy: 41.71%, Validation Loss: 1.5570, Validation Accuracy: 39.06%
4.727224576137535e-05
Epoch [40/200], Training Loss: 281.6812, Training Accuracy: 44.86%, Validation Loss: 1.5985, Validation Accuracy: 38.54%
4.7135254915624215e-05
Epoch [41/200], Training Loss: 281.3309, Training Accuracy: 43.14%, Validation Loss: 1.5244, Validation Accuracy: 40.11%
4.699526987730636e-05
Epoch [42/200], Training Loss: 279.4909, Training Accuracy: 46.29%, Validation Loss: 1.5575, Validation Accuracy: 39.79%
4.6852325185635355e-05
Epoch [43/200], Training Loss: 275.4017, Training Accuracy: 45.14%, Validation Loss: 1.5386, Validation Accuracy: 40.08%
4.6706456110074944e-05
Epoch [44/200], Training Loss: 272.9559, Training Accuracy: 46.57%, Validation Loss: 1.5583, Validation Accuracy: 40.73%
4.655769864163684e-05
Epoch [45/200], Training Loss: 271.7875, Training Accuracy: 45.71%, Validation Loss: 1.5221, Validation Accuracy: 40.36%
4.6406089484000467e-05
Epoch [46/200], Training Loss: 270.6908, Training Accuracy: 44.57%, Validation Loss: 1.6248, Validation Accuracy: 36.02%
4.6251666044456894e-05
Epoch [47/200], Training Loss: 268.9746, Training Accuracy: 47.14%, Validation Loss: 1.5487, Validation Accuracy: 40.93%
4.609446642467915e-05
Epoch [48/200], Training Loss: 266.2174, Training Accuracy: 45.14%, Validation Loss: 1.5926, Validation Accuracy: 38.56%
4.5934529411321176e-05
Epoch [49/200], Training Loss: 264.7510, Training Accuracy: 50.57%, Validation Loss: 1.5462, Validation Accuracy: 38.66%
4.5771894466447835e-05
Epoch [50/200], Training Loss: 264.7261, Training Accuracy: 50.29%, Validation Loss: 1.5757, Validation Accuracy: 38.21%
4.560660171779821e-05
Epoch [51/200], Training Loss: 262.1355, Training Accuracy: 47.71%, Validation Loss: 1.5305, Validation Accuracy: 40.18%
4.543869194888471e-05
Epoch [52/200], Training Loss: 261.0120, Training Accuracy: 52.86%, Validation Loss: 1.5364, Validation Accuracy: 40.51%
4.526820658893033e-05
Epoch [53/200], Training Loss: 257.6195, Training Accuracy: 48.86%, Validation Loss: 1.6528, Validation Accuracy: 35.82%
4.50951877026466e-05
Epoch [54/200], Training Loss: 258.5833, Training Accuracy: 49.43%, Validation Loss: 1.5105, Validation Accuracy: 39.79%
4.491967797985478e-05
Epoch [55/200], Training Loss: 256.7792, Training Accuracy: 50.57%, Validation Loss: 1.5246, Validation Accuracy: 39.96%
4.474172072495276e-05
Epoch [56/200], Training Loss: 255.6318, Training Accuracy: 49.43%, Validation Loss: 1.5756, Validation Accuracy: 37.32%
4.456135984623035e-05
Epoch [57/200], Training Loss: 254.8719, Training Accuracy: 49.43%, Validation Loss: 1.5382, Validation Accuracy: 39.56%
4.4378639845035585e-05
Epoch [58/200], Training Loss: 251.9853, Training Accuracy: 51.71%, Validation Loss: 1.5226, Validation Accuracy: 40.86%
4.419360580479465e-05
Epoch [59/200], Training Loss: 251.5610, Training Accuracy: 50.86%, Validation Loss: 1.5368, Validation Accuracy: 38.86%
4.400630337988827e-05
Epoch [60/200], Training Loss: 246.8116, Training Accuracy: 51.43%, Validation Loss: 1.4868, Validation Accuracy: 41.16%
4.3816778784387106e-05
Epoch [61/200], Training Loss: 247.4760, Training Accuracy: 52.29%, Validation Loss: 1.4949, Validation Accuracy: 39.96%
4.362507878064918e-05
Epoch [62/200], Training Loss: 248.3451, Training Accuracy: 52.00%, Validation Loss: 1.5076, Validation Accuracy: 41.58%
4.343125066778197e-05
Epoch [63/200], Training Loss: 245.1592, Training Accuracy: 56.00%, Validation Loss: 1.5294, Validation Accuracy: 39.01%
4.323534226997198e-05
Epoch [64/200], Training Loss: 244.4598, Training Accuracy: 58.00%, Validation Loss: 1.5220, Validation Accuracy: 40.93%
4.3037401924684955e-05
Epoch [65/200], Training Loss: 241.7146, Training Accuracy: 53.14%, Validation Loss: 1.5218, Validation Accuracy: 40.61%
4.2837478470739236e-05
Epoch [66/200], Training Loss: 241.4992, Training Accuracy: 54.29%, Validation Loss: 1.5216, Validation Accuracy: 39.56%
4.263562123625557e-05
Epoch [67/200], Training Loss: 240.9595, Training Accuracy: 53.14%, Validation Loss: 1.5253, Validation Accuracy: 40.98%
4.243188002648612e-05
Epoch [68/200], Training Loss: 235.8849, Training Accuracy: 55.43%, Validation Loss: 1.4844, Validation Accuracy: 42.25%
----------- saving --------------
4.222630511152573e-05
Epoch [69/200], Training Loss: 235.4611, Training Accuracy: 53.14%, Validation Loss: 1.4877, Validation Accuracy: 41.56%
4.20189472139086e-05
Epoch [70/200], Training Loss: 236.3954, Training Accuracy: 55.71%, Validation Loss: 1.5000, Validation Accuracy: 39.89%
4.180985749609321e-05
Epoch [71/200], Training Loss: 235.2532, Training Accuracy: 58.57%, Validation Loss: 1.4847, Validation Accuracy: 42.08%
4.159908754783872e-05
Epoch [72/200], Training Loss: 233.2495, Training Accuracy: 56.29%, Validation Loss: 1.5921, Validation Accuracy: 37.79%
4.1386689373476096e-05
Epoch [73/200], Training Loss: 231.8648, Training Accuracy: 56.86%, Validation Loss: 1.4595, Validation Accuracy: 41.66%
4.117271537907663e-05
Epoch [74/200], Training Loss: 231.5474, Training Accuracy: 53.14%, Validation Loss: 1.5145, Validation Accuracy: 40.48%
4.095721835952171e-05
Epoch [75/200], Training Loss: 230.1668, Training Accuracy: 59.43%, Validation Loss: 1.5343, Validation Accuracy: 41.08%
4.074025148547635e-05
Epoch [76/200], Training Loss: 228.7909, Training Accuracy: 60.00%, Validation Loss: 1.4815, Validation Accuracy: 42.35%
----------- saving --------------
4.052186829027017e-05
Epoch [77/200], Training Loss: 229.3235, Training Accuracy: 60.86%, Validation Loss: 1.5372, Validation Accuracy: 39.29%
4.0302122656688864e-05
Epoch [78/200], Training Loss: 227.9015, Training Accuracy: 59.43%, Validation Loss: 1.4505, Validation Accuracy: 44.50%
----------- saving --------------
4.008106880367937e-05
Epoch [79/200], Training Loss: 226.7758, Training Accuracy: 60.29%, Validation Loss: 1.5754, Validation Accuracy: 39.04%
3.985876127297224e-05
Epoch [80/200], Training Loss: 226.8819, Training Accuracy: 60.00%, Validation Loss: 1.5076, Validation Accuracy: 41.81%
3.963525491562421e-05
Epoch [81/200], Training Loss: 223.1841, Training Accuracy: 60.86%, Validation Loss: 1.5608, Validation Accuracy: 38.11%
3.9410604878484564e-05
Epoch [82/200], Training Loss: 222.8508, Training Accuracy: 60.00%, Validation Loss: 1.3975, Validation Accuracy: 46.15%
----------- saving --------------
3.918486659058844e-05
Epoch [83/200], Training Loss: 223.1986, Training Accuracy: 64.29%, Validation Loss: 1.5090, Validation Accuracy: 39.91%
3.89580957494806e-05
Epoch [84/200], Training Loss: 220.9814, Training Accuracy: 59.43%, Validation Loss: 1.5020, Validation Accuracy: 42.48%
3.873034830747282e-05
Epoch [85/200], Training Loss: 221.0954, Training Accuracy: 64.29%, Validation Loss: 1.4821, Validation Accuracy: 41.21%
3.8501680457838584e-05
Epoch [86/200], Training Loss: 220.1730, Training Accuracy: 60.00%, Validation Loss: 1.4917, Validation Accuracy: 41.16%
3.8272148620948145e-05
Epoch [87/200], Training Loss: 218.1182, Training Accuracy: 60.29%, Validation Loss: 1.5523, Validation Accuracy: 40.81%
3.8041809430347696e-05
Epoch [88/200], Training Loss: 219.0728, Training Accuracy: 62.00%, Validation Loss: 1.4367, Validation Accuracy: 45.00%
3.7810719718785876e-05
Epoch [89/200], Training Loss: 215.2681, Training Accuracy: 61.14%, Validation Loss: 1.5673, Validation Accuracy: 38.69%
3.757893650419114e-05
Epoch [90/200], Training Loss: 215.7668, Training Accuracy: 62.86%, Validation Loss: 1.3936, Validation Accuracy: 44.70%
3.734651697560347e-05
Epoch [91/200], Training Loss: 213.2920, Training Accuracy: 61.71%, Validation Loss: 1.5628, Validation Accuracy: 40.91%
3.711351847906374e-05
Epoch [92/200], Training Loss: 213.6083, Training Accuracy: 64.00%, Validation Loss: 1.5070, Validation Accuracy: 41.08%
3.687999850346457e-05
Epoch [93/200], Training Loss: 212.9977, Training Accuracy: 66.57%, Validation Loss: 1.5164, Validation Accuracy: 41.26%
3.6646014666365684e-05
Epoch [94/200], Training Loss: 213.1306, Training Accuracy: 67.71%, Validation Loss: 1.4559, Validation Accuracy: 43.70%
3.641162469977772e-05
Epoch [95/200], Training Loss: 210.4159, Training Accuracy: 66.00%, Validation Loss: 1.5813, Validation Accuracy: 39.94%
3.617688643591768e-05
Epoch [96/200], Training Loss: 207.5617, Training Accuracy: 67.43%, Validation Loss: 1.5156, Validation Accuracy: 40.06%
3.594185779293971e-05
Epoch [97/200], Training Loss: 210.1727, Training Accuracy: 65.43%, Validation Loss: 1.5457, Validation Accuracy: 39.69%
3.5706596760644643e-05
Epoch [98/200], Training Loss: 211.0712, Training Accuracy: 69.43%, Validation Loss: 1.4871, Validation Accuracy: 43.70%
3.547116138617192e-05
Epoch [99/200], Training Loss: 207.6487, Training Accuracy: 66.00%, Validation Loss: 1.5029, Validation Accuracy: 42.85%
3.523560975967731e-05
Epoch [100/200], Training Loss: 207.1808, Training Accuracy: 64.57%, Validation Loss: 1.5513, Validation Accuracy: 39.01%
3.5000000000000004e-05
Epoch [101/200], Training Loss: 207.5424, Training Accuracy: 68.57%, Validation Loss: 1.5136, Validation Accuracy: 42.18%
3.4764390240322696e-05
Epoch [102/200], Training Loss: 206.1406, Training Accuracy: 70.29%, Validation Loss: 1.5111, Validation Accuracy: 42.33%
3.452883861382808e-05
Epoch [103/200], Training Loss: 205.8027, Training Accuracy: 69.43%, Validation Loss: 1.4746, Validation Accuracy: 44.25%
3.4293403239355364e-05
Epoch [104/200], Training Loss: 206.2112, Training Accuracy: 66.29%, Validation Loss: 1.6105, Validation Accuracy: 36.92%
3.40581422070603e-05
Epoch [105/200], Training Loss: 202.6033, Training Accuracy: 66.29%, Validation Loss: 1.5610, Validation Accuracy: 41.38%
3.382311356408233e-05
Epoch [106/200], Training Loss: 201.7650, Training Accuracy: 69.43%, Validation Loss: 1.4496, Validation Accuracy: 44.60%
3.358837530022229e-05
Epoch [107/200], Training Loss: 203.1946, Training Accuracy: 68.29%, Validation Loss: 1.6093, Validation Accuracy: 39.29%
3.335398533363432e-05
Epoch [108/200], Training Loss: 202.9664, Training Accuracy: 69.14%, Validation Loss: 1.5632, Validation Accuracy: 40.11%
3.312000149653544e-05
Epoch [109/200], Training Loss: 202.1150, Training Accuracy: 70.57%, Validation Loss: 1.4644, Validation Accuracy: 44.20%
3.2886481520936266e-05
Epoch [110/200], Training Loss: 198.5415, Training Accuracy: 69.71%, Validation Loss: 1.5683, Validation Accuracy: 40.98%
3.2653483024396536e-05
Epoch [111/200], Training Loss: 198.1318, Training Accuracy: 73.14%, Validation Loss: 1.4569, Validation Accuracy: 44.47%
3.242106349580886e-05
Epoch [112/200], Training Loss: 198.7195, Training Accuracy: 72.57%, Validation Loss: 1.5919, Validation Accuracy: 40.98%
3.218928028121413e-05
Epoch [113/200], Training Loss: 198.1770, Training Accuracy: 68.57%, Validation Loss: 1.5482, Validation Accuracy: 41.06%
3.195819056965232e-05
Epoch [114/200], Training Loss: 199.8955, Training Accuracy: 74.00%, Validation Loss: 1.5640, Validation Accuracy: 43.40%
3.172785137905187e-05
Epoch [115/200], Training Loss: 198.1955, Training Accuracy: 74.86%, Validation Loss: 1.4633, Validation Accuracy: 44.15%
3.149831954216142e-05
Epoch [116/200], Training Loss: 197.1921, Training Accuracy: 70.86%, Validation Loss: 1.6687, Validation Accuracy: 41.16%
3.126965169252718e-05
Epoch [117/200], Training Loss: 196.1008, Training Accuracy: 74.57%, Validation Loss: 1.5212, Validation Accuracy: 41.28%
3.104190425051941e-05
Epoch [118/200], Training Loss: 196.2889, Training Accuracy: 70.29%, Validation Loss: 1.5353, Validation Accuracy: 43.08%
3.0815133409411565e-05
Epoch [119/200], Training Loss: 195.2269, Training Accuracy: 73.43%, Validation Loss: 1.5696, Validation Accuracy: 41.53%
3.0589395121515443e-05
Epoch [120/200], Training Loss: 195.7088, Training Accuracy: 72.29%, Validation Loss: 1.5050, Validation Accuracy: 43.80%
3.0364745084375795e-05
Epoch [121/200], Training Loss: 194.4978, Training Accuracy: 73.43%, Validation Loss: 1.5079, Validation Accuracy: 43.33%
3.0141238727027758e-05
Epoch [122/200], Training Loss: 193.9988, Training Accuracy: 72.00%, Validation Loss: 1.5519, Validation Accuracy: 42.08%
2.991893119632063e-05
Epoch [123/200], Training Loss: 193.0439, Training Accuracy: 74.29%, Validation Loss: 1.5296, Validation Accuracy: 42.88%
2.9697877343311147e-05
Epoch [124/200], Training Loss: 192.8035, Training Accuracy: 76.29%, Validation Loss: 1.5444, Validation Accuracy: 42.28%
2.9478131709729838e-05
Epoch [125/200], Training Loss: 193.6724, Training Accuracy: 73.14%, Validation Loss: 1.5545, Validation Accuracy: 42.50%
2.9259748514523657e-05
Epoch [126/200], Training Loss: 191.0204, Training Accuracy: 73.43%, Validation Loss: 1.5993, Validation Accuracy: 41.53%
2.9042781640478292e-05
Epoch [127/200], Training Loss: 191.0266, Training Accuracy: 75.14%, Validation Loss: 1.4528, Validation Accuracy: 44.38%
2.882728462092337e-05
Epoch [128/200], Training Loss: 190.6461, Training Accuracy: 74.29%, Validation Loss: 1.6411, Validation Accuracy: 39.74%
2.861331062652391e-05
Epoch [129/200], Training Loss: 189.6614, Training Accuracy: 74.57%, Validation Loss: 1.5381, Validation Accuracy: 41.51%
2.8400912452161272e-05
Epoch [130/200], Training Loss: 188.0335, Training Accuracy: 71.14%, Validation Loss: 1.5844, Validation Accuracy: 43.13%
2.81901425039068e-05
Epoch [131/200], Training Loss: 190.7969, Training Accuracy: 72.86%, Validation Loss: 1.5481, Validation Accuracy: 42.78%
2.7981052786091404e-05
Epoch [132/200], Training Loss: 188.5533, Training Accuracy: 78.29%, Validation Loss: 1.5348, Validation Accuracy: 44.92%
2.777369488847427e-05
Epoch [133/200], Training Loss: 191.8563, Training Accuracy: 73.14%, Validation Loss: 1.5660, Validation Accuracy: 42.08%
2.756811997351389e-05
Epoch [134/200], Training Loss: 187.3508, Training Accuracy: 74.57%, Validation Loss: 1.5809, Validation Accuracy: 40.71%
2.7364378763744433e-05
Epoch [135/200], Training Loss: 184.6039, Training Accuracy: 76.29%, Validation Loss: 1.5137, Validation Accuracy: 44.90%
2.7162521529260772e-05
Epoch [136/200], Training Loss: 185.3290, Training Accuracy: 76.86%, Validation Loss: 1.5656, Validation Accuracy: 43.28%
2.696259807531505e-05
Epoch [137/200], Training Loss: 186.6804, Training Accuracy: 77.71%, Validation Loss: 1.5823, Validation Accuracy: 41.73%
2.6764657730028024e-05
Epoch [138/200], Training Loss: 186.0211, Training Accuracy: 76.57%, Validation Loss: 1.5371, Validation Accuracy: 42.93%
2.656874933221804e-05
Epoch [139/200], Training Loss: 186.0574, Training Accuracy: 75.14%, Validation Loss: 1.6685, Validation Accuracy: 36.99%
2.6374921219350825e-05
Epoch [140/200], Training Loss: 184.9654, Training Accuracy: 73.71%, Validation Loss: 1.5531, Validation Accuracy: 43.53%
2.6183221215612905e-05
Epoch [141/200], Training Loss: 186.0765, Training Accuracy: 79.43%, Validation Loss: 1.5456, Validation Accuracy: 43.50%
2.5993696620111744e-05
Epoch [142/200], Training Loss: 185.2962, Training Accuracy: 77.14%, Validation Loss: 1.6798, Validation Accuracy: 38.19%
2.5806394195205354e-05
Epoch [143/200], Training Loss: 186.0689, Training Accuracy: 76.57%, Validation Loss: 1.5328, Validation Accuracy: 44.67%
2.5621360154964423e-05
Epoch [144/200], Training Loss: 185.9481, Training Accuracy: 77.43%, Validation Loss: 1.6036, Validation Accuracy: 42.68%
2.5438640153769657e-05
Epoch [145/200], Training Loss: 184.9470, Training Accuracy: 78.86%, Validation Loss: 1.6191, Validation Accuracy: 40.66%
2.525827927504725e-05
Epoch [146/200], Training Loss: 184.4857, Training Accuracy: 79.14%, Validation Loss: 1.5933, Validation Accuracy: 43.65%
2.5080322020145226e-05
Epoch [147/200], Training Loss: 181.4949, Training Accuracy: 75.43%, Validation Loss: 1.6057, Validation Accuracy: 42.33%
2.49048122973534e-05
Epoch [148/200], Training Loss: 180.8031, Training Accuracy: 78.57%, Validation Loss: 1.5474, Validation Accuracy: 44.05%
2.473179341106967e-05
Epoch [149/200], Training Loss: 181.6564, Training Accuracy: 79.43%, Validation Loss: 1.6297, Validation Accuracy: 40.03%
2.4561308051115287e-05
Epoch [150/200], Training Loss: 181.7517, Training Accuracy: 80.29%, Validation Loss: 1.4834, Validation Accuracy: 47.02%
----------- saving --------------
2.439339828220179e-05
Epoch [151/200], Training Loss: 180.6429, Training Accuracy: 75.14%, Validation Loss: 1.6575, Validation Accuracy: 38.34%
2.4228105533552172e-05
Epoch [152/200], Training Loss: 179.8981, Training Accuracy: 78.29%, Validation Loss: 1.5312, Validation Accuracy: 45.00%
2.406547058867883e-05
Epoch [153/200], Training Loss: 180.7820, Training Accuracy: 79.43%, Validation Loss: 1.6371, Validation Accuracy: 39.91%
2.3905533575320855e-05
Epoch [154/200], Training Loss: 179.6929, Training Accuracy: 80.29%, Validation Loss: 1.5872, Validation Accuracy: 41.93%
2.3748333955543107e-05
Epoch [155/200], Training Loss: 178.9828, Training Accuracy: 76.57%, Validation Loss: 1.7104, Validation Accuracy: 36.99%
2.3593910515999538e-05
Epoch [156/200], Training Loss: 177.8633, Training Accuracy: 78.86%, Validation Loss: 1.5657, Validation Accuracy: 43.73%
2.3442301358363164e-05
Epoch [157/200], Training Loss: 178.1432, Training Accuracy: 83.14%, Validation Loss: 1.6170, Validation Accuracy: 41.81%
2.3293543889925057e-05
Epoch [158/200], Training Loss: 176.8996, Training Accuracy: 80.00%, Validation Loss: 1.5849, Validation Accuracy: 41.88%
2.3147674814364646e-05
Epoch [159/200], Training Loss: 179.8356, Training Accuracy: 80.00%, Validation Loss: 1.6191, Validation Accuracy: 41.41%
2.3004730122693643e-05
Epoch [160/200], Training Loss: 176.7171, Training Accuracy: 78.57%, Validation Loss: 1.6407, Validation Accuracy: 42.40%
2.2864745084375792e-05
Epoch [161/200], Training Loss: 178.6850, Training Accuracy: 79.14%, Validation Loss: 1.6015, Validation Accuracy: 41.93%
2.2727754238624652e-05
Epoch [162/200], Training Loss: 178.3418, Training Accuracy: 78.86%, Validation Loss: 1.6608, Validation Accuracy: 40.23%
2.2593791385881576e-05
Epoch [163/200], Training Loss: 175.7171, Training Accuracy: 80.00%, Validation Loss: 1.6612, Validation Accuracy: 40.13%
2.2462889579475952e-05
Epoch [164/200], Training Loss: 175.2570, Training Accuracy: 81.71%, Validation Loss: 1.6283, Validation Accuracy: 42.50%
2.233508111746978e-05
Epoch [165/200], Training Loss: 175.2803, Training Accuracy: 84.57%, Validation Loss: 1.6262, Validation Accuracy: 40.33%
2.221039753468862e-05
Epoch [166/200], Training Loss: 178.0805, Training Accuracy: 79.71%, Validation Loss: 1.6209, Validation Accuracy: 42.18%
2.2088869594940844e-05
Epoch [167/200], Training Loss: 175.6387, Training Accuracy: 80.86%, Validation Loss: 1.6136, Validation Accuracy: 42.30%
2.197052728342713e-05
Epoch [168/200], Training Loss: 174.4985, Training Accuracy: 80.57%, Validation Loss: 1.6156, Validation Accuracy: 42.68%
2.185539979934205e-05
Epoch [169/200], Training Loss: 174.6508, Training Accuracy: 81.14%, Validation Loss: 1.6824, Validation Accuracy: 40.41%
2.17435155486696e-05
Epoch [170/200], Training Loss: 174.0137, Training Accuracy: 80.00%, Validation Loss: 1.6561, Validation Accuracy: 41.78%
2.1634902137174486e-05
Epoch [171/200], Training Loss: 176.5378, Training Accuracy: 79.71%, Validation Loss: 1.6704, Validation Accuracy: 40.88%
2.152958636359077e-05
Epoch [172/200], Training Loss: 173.4893, Training Accuracy: 83.43%, Validation Loss: 1.6128, Validation Accuracy: 43.05%
2.1427594213009713e-05
Epoch [173/200], Training Loss: 173.3202, Training Accuracy: 83.71%, Validation Loss: 1.7185, Validation Accuracy: 37.74%
2.1328950850468325e-05
Epoch [174/200], Training Loss: 172.9213, Training Accuracy: 82.29%, Validation Loss: 1.6292, Validation Accuracy: 43.10%
2.123368061474029e-05
Epoch [175/200], Training Loss: 170.9112, Training Accuracy: 84.00%, Validation Loss: 1.6628, Validation Accuracy: 40.33%
2.1141807012330703e-05
Epoch [176/200], Training Loss: 173.0119, Training Accuracy: 80.57%, Validation Loss: 1.5516, Validation Accuracy: 45.17%
2.105335271167623e-05
Epoch [177/200], Training Loss: 172.5652, Training Accuracy: 80.57%, Validation Loss: 1.8240, Validation Accuracy: 34.62%
2.096833953755199e-05
Epoch [178/200], Training Loss: 172.8674, Training Accuracy: 83.14%, Validation Loss: 1.6112, Validation Accuracy: 43.43%
2.088678846568662e-05
Epoch [179/200], Training Loss: 172.9714, Training Accuracy: 85.43%, Validation Loss: 1.6982, Validation Accuracy: 39.59%
2.080871961758682e-05
Epoch [180/200], Training Loss: 170.4868, Training Accuracy: 84.57%, Validation Loss: 1.5819, Validation Accuracy: 44.92%
2.0734152255572697e-05
Epoch [181/200], Training Loss: 169.9028, Training Accuracy: 83.43%, Validation Loss: 1.8047, Validation Accuracy: 37.42%
2.066310477802505e-05
Epoch [182/200], Training Loss: 170.0297, Training Accuracy: 86.57%, Validation Loss: 1.6828, Validation Accuracy: 40.33%
2.0595594714845856e-05
Epoch [183/200], Training Loss: 171.3225, Training Accuracy: 82.29%, Validation Loss: 1.7021, Validation Accuracy: 40.16%
2.0531638723133032e-05
Epoch [184/200], Training Loss: 171.8457, Training Accuracy: 80.29%, Validation Loss: 1.6937, Validation Accuracy: 40.06%
2.047125258307054e-05
Epoch [185/200], Training Loss: 170.0725, Training Accuracy: 85.71%, Validation Loss: 1.6432, Validation Accuracy: 42.03%
2.0414451194034853e-05
Epoch [186/200], Training Loss: 170.1974, Training Accuracy: 85.43%, Validation Loss: 1.6836, Validation Accuracy: 41.33%
2.0361248570918792e-05
Epoch [187/200], Training Loss: 171.1552, Training Accuracy: 82.00%, Validation Loss: 1.6719, Validation Accuracy: 42.03%
2.0311657840673515e-05
Epoch [188/200], Training Loss: 169.6342, Training Accuracy: 83.71%, Validation Loss: 1.5992, Validation Accuracy: 45.05%
2.026569123906967e-05
Epoch [189/200], Training Loss: 169.9795, Training Accuracy: 82.00%, Validation Loss: 1.6140, Validation Accuracy: 42.28%
2.0223360107678393e-05
Epoch [190/200], Training Loss: 168.6691, Training Accuracy: 82.86%, Validation Loss: 1.7018, Validation Accuracy: 41.03%
2.0184674891072937e-05
Epoch [191/200], Training Loss: 169.6574, Training Accuracy: 86.86%, Validation Loss: 1.6481, Validation Accuracy: 41.08%
2.014964513425164e-05
Epoch [192/200], Training Loss: 167.7220, Training Accuracy: 83.43%, Validation Loss: 1.6267, Validation Accuracy: 42.40%
2.0118279480282836e-05
Epoch [193/200], Training Loss: 168.3621, Training Accuracy: 83.43%, Validation Loss: 1.7316, Validation Accuracy: 39.41%
2.0090585668172307e-05
Epoch [194/200], Training Loss: 168.9217, Training Accuracy: 84.00%, Validation Loss: 1.5820, Validation Accuracy: 42.95%
2.00665705309538e-05
Epoch [195/200], Training Loss: 167.8186, Training Accuracy: 78.86%, Validation Loss: 1.6818, Validation Accuracy: 41.26%
2.0046239994003082e-05
Epoch [196/200], Training Loss: 167.6587, Training Accuracy: 85.43%, Validation Loss: 1.6626, Validation Accuracy: 41.58%
2.0029599073575927e-05
Epoch [197/200], Training Loss: 167.8395, Training Accuracy: 84.00%, Validation Loss: 1.6677, Validation Accuracy: 40.63%
2.0016651875570453e-05
Epoch [198/200], Training Loss: 166.6623, Training Accuracy: 85.71%, Validation Loss: 1.6513, Validation Accuracy: 42.33%
2.000740159451403e-05
Epoch [199/200], Training Loss: 167.5729, Training Accuracy: 85.14%, Validation Loss: 1.6390, Validation Accuracy: 41.53%
2.0001850512775094e-05
Epoch [200/200], Training Loss: 167.1380, Training Accuracy: 83.43%, Validation Loss: 1.6541, Validation Accuracy: 42.68%
Training time 1:04:43
