Args parsed
Training HDKD model without fine-tuned teacher - 50 per class data

Validating the train path:/home/micml/25m0764/MIC_project/dataset_dbn/dataset_50/train
Validating the train path:/home/micml/25m0764/MIC_project/dataset_dbn/dataset_50/test
Train size: 350
Test size: 4009
Creating model: HDKD
Model created
The HDKD has number of params = 3727288
Using weighted loss function for training
Starting training
2e-05
Epoch [1/200], Training Loss: 588.2925, Training Accuracy: 16.29%, Validation Loss: 1.9134, Validation Accuracy: 20.13%
----------- saving --------------
2.6000000000000002e-05
Epoch [2/200], Training Loss: 567.8842, Training Accuracy: 14.57%, Validation Loss: 1.8573, Validation Accuracy: 35.74%
----------- saving --------------
3.2000000000000005e-05
Epoch [3/200], Training Loss: 546.5133, Training Accuracy: 14.29%, Validation Loss: 1.8463, Validation Accuracy: 35.55%
3.8e-05
Epoch [4/200], Training Loss: 526.5937, Training Accuracy: 14.57%, Validation Loss: 1.8123, Validation Accuracy: 34.30%
4.4e-05
Epoch [5/200], Training Loss: 500.9154, Training Accuracy: 14.57%, Validation Loss: 1.8083, Validation Accuracy: 34.87%
4.9953760005996925e-05
Epoch [6/200], Training Loss: 481.4062, Training Accuracy: 15.14%, Validation Loss: 1.7911, Validation Accuracy: 32.00%
4.993342946904621e-05
Epoch [7/200], Training Loss: 454.0815, Training Accuracy: 15.43%, Validation Loss: 1.7770, Validation Accuracy: 33.20%
4.9909414331827703e-05
Epoch [8/200], Training Loss: 431.6895, Training Accuracy: 15.14%, Validation Loss: 1.7899, Validation Accuracy: 30.43%
4.988172051971717e-05
Epoch [9/200], Training Loss: 412.4032, Training Accuracy: 16.00%, Validation Loss: 1.7534, Validation Accuracy: 33.52%
4.9850354865748364e-05
Epoch [10/200], Training Loss: 392.8534, Training Accuracy: 17.71%, Validation Loss: 1.7291, Validation Accuracy: 36.32%
----------- saving --------------
4.981532510892707e-05
Epoch [11/200], Training Loss: 383.5320, Training Accuracy: 18.29%, Validation Loss: 1.7541, Validation Accuracy: 35.10%
4.977663989232161e-05
Epoch [12/200], Training Loss: 367.3664, Training Accuracy: 18.57%, Validation Loss: 1.7013, Validation Accuracy: 36.37%
----------- saving --------------
4.973430876093034e-05
Epoch [13/200], Training Loss: 358.0594, Training Accuracy: 20.00%, Validation Loss: 1.7056, Validation Accuracy: 38.16%
----------- saving --------------
4.968834215932649e-05
Epoch [14/200], Training Loss: 348.7375, Training Accuracy: 19.43%, Validation Loss: 1.7088, Validation Accuracy: 36.87%
4.963875142908122e-05
Epoch [15/200], Training Loss: 341.8114, Training Accuracy: 22.00%, Validation Loss: 1.6967, Validation Accuracy: 38.26%
----------- saving --------------
4.958554880596515e-05
Epoch [16/200], Training Loss: 330.2849, Training Accuracy: 20.86%, Validation Loss: 1.6863, Validation Accuracy: 36.97%
4.952874741692947e-05
Epoch [17/200], Training Loss: 322.8686, Training Accuracy: 20.86%, Validation Loss: 1.6715, Validation Accuracy: 37.32%
4.946836127686698e-05
Epoch [18/200], Training Loss: 315.0945, Training Accuracy: 22.00%, Validation Loss: 1.6645, Validation Accuracy: 38.84%
----------- saving --------------
4.940440528515415e-05
Epoch [19/200], Training Loss: 307.5225, Training Accuracy: 24.86%, Validation Loss: 1.6361, Validation Accuracy: 40.48%
----------- saving --------------
4.933689522197495e-05
Epoch [20/200], Training Loss: 303.6946, Training Accuracy: 25.14%, Validation Loss: 1.6537, Validation Accuracy: 39.74%
4.926584774442731e-05
Epoch [21/200], Training Loss: 299.8719, Training Accuracy: 23.43%, Validation Loss: 1.6357, Validation Accuracy: 37.81%
4.919128038241318e-05
Epoch [22/200], Training Loss: 290.8950, Training Accuracy: 26.29%, Validation Loss: 1.6010, Validation Accuracy: 42.73%
----------- saving --------------
4.9113211534313383e-05
Epoch [23/200], Training Loss: 287.6092, Training Accuracy: 24.86%, Validation Loss: 1.5894, Validation Accuracy: 40.03%
4.9031660462448016e-05
Epoch [24/200], Training Loss: 283.9315, Training Accuracy: 26.57%, Validation Loss: 1.5984, Validation Accuracy: 41.88%
4.894664728832377e-05
Epoch [25/200], Training Loss: 280.9936, Training Accuracy: 26.29%, Validation Loss: 1.5954, Validation Accuracy: 39.91%
4.88581929876693e-05
Epoch [26/200], Training Loss: 275.4761, Training Accuracy: 27.71%, Validation Loss: 1.5917, Validation Accuracy: 42.43%
4.876631938525972e-05
Epoch [27/200], Training Loss: 274.6462, Training Accuracy: 30.57%, Validation Loss: 1.5834, Validation Accuracy: 40.06%
4.8671049149531676e-05
Epoch [28/200], Training Loss: 269.7918, Training Accuracy: 30.86%, Validation Loss: 1.5925, Validation Accuracy: 38.21%
4.8572405786990295e-05
Epoch [29/200], Training Loss: 266.9362, Training Accuracy: 32.29%, Validation Loss: 1.5432, Validation Accuracy: 43.40%
----------- saving --------------
4.847041363640924e-05
Epoch [30/200], Training Loss: 264.5766, Training Accuracy: 34.57%, Validation Loss: 1.5855, Validation Accuracy: 39.06%
4.836509786282552e-05
Epoch [31/200], Training Loss: 258.4112, Training Accuracy: 32.29%, Validation Loss: 1.5740, Validation Accuracy: 39.74%
4.8256484451330404e-05
Epoch [32/200], Training Loss: 256.4204, Training Accuracy: 36.57%, Validation Loss: 1.5165, Validation Accuracy: 45.65%
----------- saving --------------
4.814460020065795e-05
Epoch [33/200], Training Loss: 254.9637, Training Accuracy: 35.14%, Validation Loss: 1.5460, Validation Accuracy: 40.48%
4.802947271657287e-05
Epoch [34/200], Training Loss: 252.4348, Training Accuracy: 38.00%, Validation Loss: 1.5561, Validation Accuracy: 38.94%
4.7911130405059156e-05
Epoch [35/200], Training Loss: 247.5941, Training Accuracy: 37.14%, Validation Loss: 1.5572, Validation Accuracy: 40.23%
4.778960246531139e-05
Epoch [36/200], Training Loss: 246.4834, Training Accuracy: 35.71%, Validation Loss: 1.5133, Validation Accuracy: 44.72%
4.766491888253023e-05
Epoch [37/200], Training Loss: 243.7544, Training Accuracy: 37.14%, Validation Loss: 1.5666, Validation Accuracy: 39.06%
4.753711042052406e-05
Epoch [38/200], Training Loss: 240.3991, Training Accuracy: 37.43%, Validation Loss: 1.5739, Validation Accuracy: 39.19%
4.7406208614118425e-05
Epoch [39/200], Training Loss: 238.6585, Training Accuracy: 39.71%, Validation Loss: 1.5297, Validation Accuracy: 43.68%
4.727224576137535e-05
Epoch [40/200], Training Loss: 237.6337, Training Accuracy: 41.43%, Validation Loss: 1.5452, Validation Accuracy: 41.83%
4.7135254915624215e-05
Epoch [41/200], Training Loss: 237.2420, Training Accuracy: 42.00%, Validation Loss: 1.5184, Validation Accuracy: 42.60%
4.699526987730636e-05
Epoch [42/200], Training Loss: 234.7924, Training Accuracy: 40.86%, Validation Loss: 1.5322, Validation Accuracy: 42.13%
4.6852325185635355e-05
Epoch [43/200], Training Loss: 231.9837, Training Accuracy: 42.29%, Validation Loss: 1.5131, Validation Accuracy: 42.30%
4.6706456110074944e-05
Epoch [44/200], Training Loss: 230.6573, Training Accuracy: 38.00%, Validation Loss: 1.5540, Validation Accuracy: 41.31%
4.655769864163684e-05
Epoch [45/200], Training Loss: 226.1856, Training Accuracy: 42.00%, Validation Loss: 1.5200, Validation Accuracy: 43.95%
4.6406089484000467e-05
Epoch [46/200], Training Loss: 227.0681, Training Accuracy: 42.57%, Validation Loss: 1.5934, Validation Accuracy: 34.17%
4.6251666044456894e-05
Epoch [47/200], Training Loss: 226.2278, Training Accuracy: 43.43%, Validation Loss: 1.5235, Validation Accuracy: 43.95%
4.609446642467915e-05
Epoch [48/200], Training Loss: 222.5857, Training Accuracy: 44.29%, Validation Loss: 1.5762, Validation Accuracy: 38.79%
4.5934529411321176e-05
Epoch [49/200], Training Loss: 219.6358, Training Accuracy: 45.14%, Validation Loss: 1.5432, Validation Accuracy: 40.71%
4.5771894466447835e-05
Epoch [50/200], Training Loss: 219.7076, Training Accuracy: 42.00%, Validation Loss: 1.5874, Validation Accuracy: 38.14%
4.560660171779821e-05
Epoch [51/200], Training Loss: 219.6070, Training Accuracy: 46.29%, Validation Loss: 1.5103, Validation Accuracy: 43.10%
4.543869194888471e-05
Epoch [52/200], Training Loss: 217.3747, Training Accuracy: 43.71%, Validation Loss: 1.5433, Validation Accuracy: 41.28%
4.526820658893033e-05
Epoch [53/200], Training Loss: 212.6609, Training Accuracy: 46.86%, Validation Loss: 1.5819, Validation Accuracy: 39.11%
4.50951877026466e-05
Epoch [54/200], Training Loss: 214.6110, Training Accuracy: 46.00%, Validation Loss: 1.5440, Validation Accuracy: 40.43%
4.491967797985478e-05
Epoch [55/200], Training Loss: 211.3227, Training Accuracy: 48.00%, Validation Loss: 1.5135, Validation Accuracy: 43.60%
4.474172072495276e-05
Epoch [56/200], Training Loss: 211.4617, Training Accuracy: 46.86%, Validation Loss: 1.5962, Validation Accuracy: 37.86%
4.456135984623035e-05
Epoch [57/200], Training Loss: 210.0910, Training Accuracy: 47.14%, Validation Loss: 1.5579, Validation Accuracy: 40.46%
4.4378639845035585e-05
Epoch [58/200], Training Loss: 208.5354, Training Accuracy: 47.14%, Validation Loss: 1.5658, Validation Accuracy: 43.38%
4.419360580479465e-05
Epoch [59/200], Training Loss: 208.3465, Training Accuracy: 48.86%, Validation Loss: 1.5661, Validation Accuracy: 37.62%
4.400630337988827e-05
Epoch [60/200], Training Loss: 204.3765, Training Accuracy: 50.00%, Validation Loss: 1.5495, Validation Accuracy: 43.70%
4.3816778784387106e-05
Epoch [61/200], Training Loss: 204.0630, Training Accuracy: 48.29%, Validation Loss: 1.5407, Validation Accuracy: 39.99%
4.362507878064918e-05
Epoch [62/200], Training Loss: 203.6113, Training Accuracy: 49.71%, Validation Loss: 1.5299, Validation Accuracy: 43.08%
4.343125066778197e-05
Epoch [63/200], Training Loss: 203.6519, Training Accuracy: 46.57%, Validation Loss: 1.5594, Validation Accuracy: 40.13%
4.323534226997198e-05
Epoch [64/200], Training Loss: 201.9811, Training Accuracy: 52.57%, Validation Loss: 1.5568, Validation Accuracy: 41.11%
4.3037401924684955e-05
Epoch [65/200], Training Loss: 199.4184, Training Accuracy: 52.00%, Validation Loss: 1.5855, Validation Accuracy: 39.26%
4.2837478470739236e-05
Epoch [66/200], Training Loss: 199.3679, Training Accuracy: 53.71%, Validation Loss: 1.5636, Validation Accuracy: 41.31%
4.263562123625557e-05
Epoch [67/200], Training Loss: 200.5479, Training Accuracy: 51.43%, Validation Loss: 1.5473, Validation Accuracy: 41.21%
4.243188002648612e-05
Epoch [68/200], Training Loss: 194.3482, Training Accuracy: 50.29%, Validation Loss: 1.5220, Validation Accuracy: 44.18%
4.222630511152573e-05
Epoch [69/200], Training Loss: 194.7886, Training Accuracy: 56.00%, Validation Loss: 1.5221, Validation Accuracy: 42.50%
4.20189472139086e-05
Epoch [70/200], Training Loss: 194.4063, Training Accuracy: 54.57%, Validation Loss: 1.5848, Validation Accuracy: 38.09%
4.180985749609321e-05
Epoch [71/200], Training Loss: 194.0276, Training Accuracy: 54.29%, Validation Loss: 1.4952, Validation Accuracy: 44.72%
4.159908754783872e-05
Epoch [72/200], Training Loss: 191.6046, Training Accuracy: 55.71%, Validation Loss: 1.6116, Validation Accuracy: 38.99%
4.1386689373476096e-05
Epoch [73/200], Training Loss: 189.3783, Training Accuracy: 52.57%, Validation Loss: 1.5773, Validation Accuracy: 38.66%
4.117271537907663e-05
Epoch [74/200], Training Loss: 190.6770, Training Accuracy: 52.57%, Validation Loss: 1.5820, Validation Accuracy: 39.64%
4.095721835952171e-05
Epoch [75/200], Training Loss: 187.7812, Training Accuracy: 52.29%, Validation Loss: 1.5513, Validation Accuracy: 41.18%
4.074025148547635e-05
Epoch [76/200], Training Loss: 187.9116, Training Accuracy: 58.29%, Validation Loss: 1.5459, Validation Accuracy: 41.66%
4.052186829027017e-05
Epoch [77/200], Training Loss: 186.4376, Training Accuracy: 53.71%, Validation Loss: 1.5692, Validation Accuracy: 40.91%
4.0302122656688864e-05
Epoch [78/200], Training Loss: 187.5401, Training Accuracy: 55.71%, Validation Loss: 1.4964, Validation Accuracy: 44.55%
4.008106880367937e-05
Epoch [79/200], Training Loss: 186.5932, Training Accuracy: 57.71%, Validation Loss: 1.6073, Validation Accuracy: 37.96%
3.985876127297224e-05
Epoch [80/200], Training Loss: 185.1988, Training Accuracy: 56.57%, Validation Loss: 1.5073, Validation Accuracy: 43.78%
3.963525491562421e-05
Epoch [81/200], Training Loss: 183.1377, Training Accuracy: 56.00%, Validation Loss: 1.6270, Validation Accuracy: 38.56%
3.9410604878484564e-05
Epoch [82/200], Training Loss: 182.2071, Training Accuracy: 58.29%, Validation Loss: 1.5007, Validation Accuracy: 45.25%
3.918486659058844e-05
Epoch [83/200], Training Loss: 181.2066, Training Accuracy: 59.14%, Validation Loss: 1.5497, Validation Accuracy: 41.83%
3.89580957494806e-05
Epoch [84/200], Training Loss: 180.6699, Training Accuracy: 58.29%, Validation Loss: 1.5614, Validation Accuracy: 43.18%
3.873034830747282e-05
Epoch [85/200], Training Loss: 179.2870, Training Accuracy: 56.57%, Validation Loss: 1.5860, Validation Accuracy: 39.81%
3.8501680457838584e-05
Epoch [86/200], Training Loss: 178.7941, Training Accuracy: 60.57%, Validation Loss: 1.6091, Validation Accuracy: 39.24%
3.8272148620948145e-05
Epoch [87/200], Training Loss: 177.6124, Training Accuracy: 58.57%, Validation Loss: 1.5900, Validation Accuracy: 39.54%
3.8041809430347696e-05
Epoch [88/200], Training Loss: 177.2822, Training Accuracy: 59.71%, Validation Loss: 1.4998, Validation Accuracy: 45.70%
----------- saving --------------
3.7810719718785876e-05
Epoch [89/200], Training Loss: 175.3287, Training Accuracy: 60.29%, Validation Loss: 1.6320, Validation Accuracy: 39.09%
3.757893650419114e-05
Epoch [90/200], Training Loss: 176.4565, Training Accuracy: 58.00%, Validation Loss: 1.4917, Validation Accuracy: 44.33%
3.734651697560347e-05
Epoch [91/200], Training Loss: 173.1383, Training Accuracy: 59.71%, Validation Loss: 1.6049, Validation Accuracy: 40.63%
3.711351847906374e-05
Epoch [92/200], Training Loss: 175.1969, Training Accuracy: 59.14%, Validation Loss: 1.5839, Validation Accuracy: 39.11%
3.687999850346457e-05
Epoch [93/200], Training Loss: 172.4211, Training Accuracy: 60.29%, Validation Loss: 1.5679, Validation Accuracy: 42.13%
3.6646014666365684e-05
Epoch [94/200], Training Loss: 172.1442, Training Accuracy: 58.00%, Validation Loss: 1.5125, Validation Accuracy: 44.03%
3.641162469977772e-05
Epoch [95/200], Training Loss: 172.2529, Training Accuracy: 58.29%, Validation Loss: 1.6062, Validation Accuracy: 39.61%
3.617688643591768e-05
Epoch [96/200], Training Loss: 168.8857, Training Accuracy: 63.43%, Validation Loss: 1.6365, Validation Accuracy: 37.52%
3.594185779293971e-05
Epoch [97/200], Training Loss: 170.6219, Training Accuracy: 58.86%, Validation Loss: 1.5752, Validation Accuracy: 42.25%
3.5706596760644643e-05
Epoch [98/200], Training Loss: 170.8397, Training Accuracy: 65.14%, Validation Loss: 1.6093, Validation Accuracy: 40.36%
3.547116138617192e-05
Epoch [99/200], Training Loss: 168.0212, Training Accuracy: 63.43%, Validation Loss: 1.5668, Validation Accuracy: 43.75%
3.523560975967731e-05
Epoch [100/200], Training Loss: 168.4722, Training Accuracy: 62.00%, Validation Loss: 1.6565, Validation Accuracy: 37.86%
3.5000000000000004e-05
Epoch [101/200], Training Loss: 167.7926, Training Accuracy: 63.71%, Validation Loss: 1.5128, Validation Accuracy: 44.28%
3.4764390240322696e-05
Epoch [102/200], Training Loss: 165.3221, Training Accuracy: 65.71%, Validation Loss: 1.5977, Validation Accuracy: 41.51%
3.452883861382808e-05
Epoch [103/200], Training Loss: 167.9135, Training Accuracy: 62.86%, Validation Loss: 1.5433, Validation Accuracy: 42.16%
3.4293403239355364e-05
Epoch [104/200], Training Loss: 166.3394, Training Accuracy: 63.43%, Validation Loss: 1.6193, Validation Accuracy: 40.56%
3.40581422070603e-05
Epoch [105/200], Training Loss: 163.7851, Training Accuracy: 60.86%, Validation Loss: 1.6338, Validation Accuracy: 38.91%
3.382311356408233e-05
Epoch [106/200], Training Loss: 164.5009, Training Accuracy: 62.86%, Validation Loss: 1.5209, Validation Accuracy: 44.50%
3.358837530022229e-05
Epoch [107/200], Training Loss: 162.7869, Training Accuracy: 63.71%, Validation Loss: 1.5629, Validation Accuracy: 43.68%
3.335398533363432e-05
Epoch [108/200], Training Loss: 165.2585, Training Accuracy: 62.86%, Validation Loss: 1.7544, Validation Accuracy: 34.10%
3.312000149653544e-05
Epoch [109/200], Training Loss: 161.9973, Training Accuracy: 62.57%, Validation Loss: 1.4981, Validation Accuracy: 44.80%
3.2886481520936266e-05
Epoch [110/200], Training Loss: 159.2222, Training Accuracy: 62.00%, Validation Loss: 1.6222, Validation Accuracy: 40.11%
3.2653483024396536e-05
Epoch [111/200], Training Loss: 160.6164, Training Accuracy: 64.00%, Validation Loss: 1.5949, Validation Accuracy: 42.58%
3.242106349580886e-05
Epoch [112/200], Training Loss: 159.9306, Training Accuracy: 65.71%, Validation Loss: 1.5904, Validation Accuracy: 41.73%
3.218928028121413e-05
Epoch [113/200], Training Loss: 160.3377, Training Accuracy: 58.57%, Validation Loss: 1.7046, Validation Accuracy: 35.47%
3.195819056965232e-05
Epoch [114/200], Training Loss: 159.5722, Training Accuracy: 61.43%, Validation Loss: 1.5601, Validation Accuracy: 45.25%
3.172785137905187e-05
Epoch [115/200], Training Loss: 158.1722, Training Accuracy: 66.57%, Validation Loss: 1.5938, Validation Accuracy: 40.21%
3.149831954216142e-05
Epoch [116/200], Training Loss: 158.4375, Training Accuracy: 64.00%, Validation Loss: 1.6339, Validation Accuracy: 42.90%
3.126965169252718e-05
Epoch [117/200], Training Loss: 157.0762, Training Accuracy: 67.43%, Validation Loss: 1.6018, Validation Accuracy: 40.61%
3.104190425051941e-05
Epoch [118/200], Training Loss: 156.5517, Training Accuracy: 64.00%, Validation Loss: 1.5863, Validation Accuracy: 41.88%
3.0815133409411565e-05
Epoch [119/200], Training Loss: 156.2380, Training Accuracy: 63.71%, Validation Loss: 1.6260, Validation Accuracy: 40.28%
3.0589395121515443e-05
Epoch [120/200], Training Loss: 156.4483, Training Accuracy: 67.71%, Validation Loss: 1.6224, Validation Accuracy: 41.18%
3.0364745084375795e-05
Epoch [121/200], Training Loss: 155.0584, Training Accuracy: 64.86%, Validation Loss: 1.5100, Validation Accuracy: 44.57%
3.0141238727027758e-05
Epoch [122/200], Training Loss: 155.2959, Training Accuracy: 65.14%, Validation Loss: 1.6911, Validation Accuracy: 37.84%
2.991893119632063e-05
Epoch [123/200], Training Loss: 153.7012, Training Accuracy: 67.43%, Validation Loss: 1.6189, Validation Accuracy: 42.68%
2.9697877343311147e-05
Epoch [124/200], Training Loss: 153.5127, Training Accuracy: 64.57%, Validation Loss: 1.5898, Validation Accuracy: 41.88%
2.9478131709729838e-05
Epoch [125/200], Training Loss: 153.7344, Training Accuracy: 67.14%, Validation Loss: 1.7237, Validation Accuracy: 38.29%
2.9259748514523657e-05
Epoch [126/200], Training Loss: 153.0128, Training Accuracy: 68.00%, Validation Loss: 1.6333, Validation Accuracy: 40.96%
2.9042781640478292e-05
Epoch [127/200], Training Loss: 153.0717, Training Accuracy: 66.00%, Validation Loss: 1.5734, Validation Accuracy: 42.33%
2.882728462092337e-05
Epoch [128/200], Training Loss: 151.8715, Training Accuracy: 67.43%, Validation Loss: 1.7615, Validation Accuracy: 37.02%
2.861331062652391e-05
Epoch [129/200], Training Loss: 151.4532, Training Accuracy: 68.29%, Validation Loss: 1.5868, Validation Accuracy: 40.88%
2.8400912452161272e-05
Epoch [130/200], Training Loss: 149.4706, Training Accuracy: 65.43%, Validation Loss: 1.6655, Validation Accuracy: 39.96%
2.81901425039068e-05
Epoch [131/200], Training Loss: 151.3252, Training Accuracy: 67.71%, Validation Loss: 1.5928, Validation Accuracy: 41.58%
2.7981052786091404e-05
Epoch [132/200], Training Loss: 150.2014, Training Accuracy: 69.43%, Validation Loss: 1.6315, Validation Accuracy: 41.38%
2.777369488847427e-05
Epoch [133/200], Training Loss: 151.7291, Training Accuracy: 66.86%, Validation Loss: 1.6522, Validation Accuracy: 40.61%
2.756811997351389e-05
Epoch [134/200], Training Loss: 149.2216, Training Accuracy: 68.57%, Validation Loss: 1.7235, Validation Accuracy: 38.96%
2.7364378763744433e-05
Epoch [135/200], Training Loss: 145.9158, Training Accuracy: 67.43%, Validation Loss: 1.6088, Validation Accuracy: 41.66%
2.7162521529260772e-05
Epoch [136/200], Training Loss: 148.0183, Training Accuracy: 69.43%, Validation Loss: 1.6462, Validation Accuracy: 42.06%
2.696259807531505e-05
Epoch [137/200], Training Loss: 148.4258, Training Accuracy: 66.86%, Validation Loss: 1.6314, Validation Accuracy: 40.88%
2.6764657730028024e-05
Epoch [138/200], Training Loss: 147.7266, Training Accuracy: 70.00%, Validation Loss: 1.6458, Validation Accuracy: 39.16%
2.656874933221804e-05
Epoch [139/200], Training Loss: 148.4900, Training Accuracy: 63.43%, Validation Loss: 1.6554, Validation Accuracy: 38.44%
2.6374921219350825e-05
Epoch [140/200], Training Loss: 145.9302, Training Accuracy: 67.14%, Validation Loss: 1.6999, Validation Accuracy: 40.31%
2.6183221215612905e-05
Epoch [141/200], Training Loss: 147.4630, Training Accuracy: 64.29%, Validation Loss: 1.6304, Validation Accuracy: 42.40%
2.5993696620111744e-05
Epoch [142/200], Training Loss: 146.7951, Training Accuracy: 67.43%, Validation Loss: 1.7388, Validation Accuracy: 39.31%
2.5806394195205354e-05
Epoch [143/200], Training Loss: 145.8671, Training Accuracy: 63.71%, Validation Loss: 1.6151, Validation Accuracy: 41.23%
2.5621360154964423e-05
Epoch [144/200], Training Loss: 145.2879, Training Accuracy: 71.71%, Validation Loss: 1.7041, Validation Accuracy: 40.53%
2.5438640153769657e-05
Epoch [145/200], Training Loss: 145.4954, Training Accuracy: 68.86%, Validation Loss: 1.6665, Validation Accuracy: 40.03%
2.525827927504725e-05
Epoch [146/200], Training Loss: 147.3295, Training Accuracy: 68.29%, Validation Loss: 1.7847, Validation Accuracy: 37.34%
2.5080322020145226e-05
Epoch [147/200], Training Loss: 144.2825, Training Accuracy: 69.14%, Validation Loss: 1.6394, Validation Accuracy: 41.76%
2.49048122973534e-05
Epoch [148/200], Training Loss: 143.8252, Training Accuracy: 68.29%, Validation Loss: 1.7161, Validation Accuracy: 38.71%
2.473179341106967e-05
Epoch [149/200], Training Loss: 143.5694, Training Accuracy: 67.43%, Validation Loss: 1.6333, Validation Accuracy: 42.48%
2.4561308051115287e-05
Epoch [150/200], Training Loss: 142.7517, Training Accuracy: 65.71%, Validation Loss: 1.6562, Validation Accuracy: 41.68%
2.439339828220179e-05
Epoch [151/200], Training Loss: 141.8637, Training Accuracy: 72.00%, Validation Loss: 1.6292, Validation Accuracy: 41.96%
2.4228105533552172e-05
Epoch [152/200], Training Loss: 143.0817, Training Accuracy: 67.14%, Validation Loss: 1.7540, Validation Accuracy: 38.89%
2.406547058867883e-05
Epoch [153/200], Training Loss: 142.7915, Training Accuracy: 70.00%, Validation Loss: 1.6773, Validation Accuracy: 40.23%
2.3905533575320855e-05
Epoch [154/200], Training Loss: 142.5863, Training Accuracy: 65.43%, Validation Loss: 1.7575, Validation Accuracy: 36.99%
2.3748333955543107e-05
Epoch [155/200], Training Loss: 141.3052, Training Accuracy: 71.14%, Validation Loss: 1.6175, Validation Accuracy: 42.60%
2.3593910515999538e-05
Epoch [156/200], Training Loss: 139.0756, Training Accuracy: 71.71%, Validation Loss: 1.6935, Validation Accuracy: 39.59%
2.3442301358363164e-05
Epoch [157/200], Training Loss: 140.3047, Training Accuracy: 70.29%, Validation Loss: 1.7120, Validation Accuracy: 39.89%
2.3293543889925057e-05
Epoch [158/200], Training Loss: 138.8190, Training Accuracy: 71.14%, Validation Loss: 1.6669, Validation Accuracy: 40.48%
2.3147674814364646e-05
Epoch [159/200], Training Loss: 141.2607, Training Accuracy: 71.14%, Validation Loss: 1.6384, Validation Accuracy: 42.25%
2.3004730122693643e-05
Epoch [160/200], Training Loss: 139.9144, Training Accuracy: 69.71%, Validation Loss: 1.7161, Validation Accuracy: 40.96%
2.2864745084375792e-05
Epoch [161/200], Training Loss: 140.4845, Training Accuracy: 67.14%, Validation Loss: 1.6039, Validation Accuracy: 42.75%
2.2727754238624652e-05
Epoch [162/200], Training Loss: 139.9031, Training Accuracy: 71.14%, Validation Loss: 1.7936, Validation Accuracy: 36.82%
2.2593791385881576e-05
Epoch [163/200], Training Loss: 138.5620, Training Accuracy: 71.43%, Validation Loss: 1.6308, Validation Accuracy: 41.38%
2.2462889579475952e-05
Epoch [164/200], Training Loss: 138.6059, Training Accuracy: 68.86%, Validation Loss: 1.7506, Validation Accuracy: 39.71%
2.233508111746978e-05
Epoch [165/200], Training Loss: 138.8795, Training Accuracy: 72.86%, Validation Loss: 1.7344, Validation Accuracy: 37.42%
2.221039753468862e-05
Epoch [166/200], Training Loss: 139.8396, Training Accuracy: 70.00%, Validation Loss: 1.6911, Validation Accuracy: 40.86%
2.2088869594940844e-05
Epoch [167/200], Training Loss: 137.1784, Training Accuracy: 71.71%, Validation Loss: 1.6778, Validation Accuracy: 39.81%
2.197052728342713e-05
Epoch [168/200], Training Loss: 137.2257, Training Accuracy: 72.29%, Validation Loss: 1.6840, Validation Accuracy: 40.46%
2.185539979934205e-05
Epoch [169/200], Training Loss: 137.9032, Training Accuracy: 70.86%, Validation Loss: 1.7696, Validation Accuracy: 37.54%
2.17435155486696e-05
Epoch [170/200], Training Loss: 136.6897, Training Accuracy: 75.43%, Validation Loss: 1.7093, Validation Accuracy: 41.21%
2.1634902137174486e-05
Epoch [171/200], Training Loss: 138.3751, Training Accuracy: 70.57%, Validation Loss: 1.8539, Validation Accuracy: 36.07%
2.152958636359077e-05
Epoch [172/200], Training Loss: 136.8772, Training Accuracy: 72.29%, Validation Loss: 1.6985, Validation Accuracy: 41.28%
2.1427594213009713e-05
Epoch [173/200], Training Loss: 136.1700, Training Accuracy: 69.71%, Validation Loss: 1.7936, Validation Accuracy: 36.07%
2.1328950850468325e-05
Epoch [174/200], Training Loss: 137.1479, Training Accuracy: 73.14%, Validation Loss: 1.7274, Validation Accuracy: 40.68%
2.123368061474029e-05
Epoch [175/200], Training Loss: 133.4750, Training Accuracy: 72.57%, Validation Loss: 1.6785, Validation Accuracy: 41.18%
2.1141807012330703e-05
Epoch [176/200], Training Loss: 135.5458, Training Accuracy: 72.57%, Validation Loss: 1.6638, Validation Accuracy: 42.78%
2.105335271167623e-05
Epoch [177/200], Training Loss: 135.5718, Training Accuracy: 71.71%, Validation Loss: 1.8005, Validation Accuracy: 36.37%
2.096833953755199e-05
Epoch [178/200], Training Loss: 136.6237, Training Accuracy: 72.57%, Validation Loss: 1.7902, Validation Accuracy: 37.44%
2.088678846568662e-05
Epoch [179/200], Training Loss: 135.1181, Training Accuracy: 74.00%, Validation Loss: 1.7532, Validation Accuracy: 40.68%
2.080871961758682e-05
Epoch [180/200], Training Loss: 134.2407, Training Accuracy: 72.57%, Validation Loss: 1.6410, Validation Accuracy: 41.93%
2.0734152255572697e-05
Epoch [181/200], Training Loss: 133.8741, Training Accuracy: 73.14%, Validation Loss: 1.8498, Validation Accuracy: 38.31%
2.066310477802505e-05
Epoch [182/200], Training Loss: 133.2972, Training Accuracy: 73.43%, Validation Loss: 1.7727, Validation Accuracy: 37.94%
2.0595594714845856e-05
Epoch [183/200], Training Loss: 134.8524, Training Accuracy: 74.57%, Validation Loss: 1.7656, Validation Accuracy: 39.64%
2.0531638723133032e-05
Epoch [184/200], Training Loss: 134.4940, Training Accuracy: 74.29%, Validation Loss: 1.7440, Validation Accuracy: 39.39%
2.047125258307054e-05
Epoch [185/200], Training Loss: 132.4264, Training Accuracy: 72.86%, Validation Loss: 1.7737, Validation Accuracy: 39.79%
2.0414451194034853e-05
Epoch [186/200], Training Loss: 132.8724, Training Accuracy: 70.86%, Validation Loss: 1.7855, Validation Accuracy: 38.76%
2.0361248570918792e-05
Epoch [187/200], Training Loss: 133.3511, Training Accuracy: 72.29%, Validation Loss: 1.6940, Validation Accuracy: 41.46%
2.0311657840673515e-05
Epoch [188/200], Training Loss: 131.8868, Training Accuracy: 74.86%, Validation Loss: 1.6722, Validation Accuracy: 42.85%
2.026569123906967e-05
Epoch [189/200], Training Loss: 132.6961, Training Accuracy: 74.29%, Validation Loss: 1.7443, Validation Accuracy: 41.33%
2.0223360107678393e-05
Epoch [190/200], Training Loss: 132.3051, Training Accuracy: 73.71%, Validation Loss: 1.8376, Validation Accuracy: 36.32%
2.0184674891072937e-05
Epoch [191/200], Training Loss: 132.7026, Training Accuracy: 73.71%, Validation Loss: 1.7304, Validation Accuracy: 40.38%
2.014964513425164e-05
Epoch [192/200], Training Loss: 132.0395, Training Accuracy: 78.00%, Validation Loss: 1.6991, Validation Accuracy: 39.81%
2.0118279480282836e-05
Epoch [193/200], Training Loss: 131.8131, Training Accuracy: 74.86%, Validation Loss: 1.7948, Validation Accuracy: 39.04%
2.0090585668172307e-05
Epoch [194/200], Training Loss: 132.4776, Training Accuracy: 73.14%, Validation Loss: 1.6958, Validation Accuracy: 39.94%
2.00665705309538e-05
Epoch [195/200], Training Loss: 130.3544, Training Accuracy: 71.71%, Validation Loss: 1.8235, Validation Accuracy: 38.91%
2.0046239994003082e-05
Epoch [196/200], Training Loss: 131.2346, Training Accuracy: 73.43%, Validation Loss: 1.6568, Validation Accuracy: 42.16%
2.0029599073575927e-05
Epoch [197/200], Training Loss: 131.3470, Training Accuracy: 75.71%, Validation Loss: 1.8498, Validation Accuracy: 36.87%
2.0016651875570453e-05
Epoch [198/200], Training Loss: 129.3017, Training Accuracy: 74.00%, Validation Loss: 1.6755, Validation Accuracy: 41.18%
2.000740159451403e-05
Epoch [199/200], Training Loss: 129.8788, Training Accuracy: 71.71%, Validation Loss: 1.8106, Validation Accuracy: 37.17%
2.0001850512775094e-05
Epoch [200/200], Training Loss: 128.8019, Training Accuracy: 74.86%, Validation Loss: 1.7979, Validation Accuracy: 38.06%
Training time 1:06:42
