Args parsed
SMOTE analysis:True
Training teacher model (600 per class)

Uses SMOTE for reproducing remaining samples. 

Train size: 4200
Test size: 828
Creating model: teacher_model
Model created
The teacher_model has number of params = 3948677
Starting training
Epoch [1/200], Training Loss: 1.8145, Training Accuracy: 29.55%, Validation Loss: 0.6062, Validation Accuracy: 77.42%
----------- saving --------------
Epoch [2/200], Training Loss: 1.5536, Training Accuracy: 37.64%, Validation Loss: 0.6307, Validation Accuracy: 76.09%
Epoch [3/200], Training Loss: 1.4358, Training Accuracy: 43.14%, Validation Loss: 0.5308, Validation Accuracy: 80.68%
----------- saving --------------
Epoch [4/200], Training Loss: 1.3790, Training Accuracy: 44.86%, Validation Loss: 0.5562, Validation Accuracy: 79.95%
Epoch [5/200], Training Loss: 1.3344, Training Accuracy: 47.93%, Validation Loss: 0.5870, Validation Accuracy: 79.71%
Epoch [6/200], Training Loss: 1.2883, Training Accuracy: 48.95%, Validation Loss: 0.6825, Validation Accuracy: 76.57%
Epoch [7/200], Training Loss: 1.2376, Training Accuracy: 50.52%, Validation Loss: 0.5611, Validation Accuracy: 81.04%
----------- saving --------------
Epoch [8/200], Training Loss: 1.2172, Training Accuracy: 52.29%, Validation Loss: 0.5532, Validation Accuracy: 80.19%
Epoch [9/200], Training Loss: 1.1822, Training Accuracy: 54.05%, Validation Loss: 0.5540, Validation Accuracy: 79.35%
Epoch [10/200], Training Loss: 1.1789, Training Accuracy: 52.81%, Validation Loss: 0.5898, Validation Accuracy: 78.38%
Epoch [11/200], Training Loss: 1.1338, Training Accuracy: 55.24%, Validation Loss: 0.5193, Validation Accuracy: 81.16%
----------- saving --------------
Epoch [12/200], Training Loss: 1.1176, Training Accuracy: 56.69%, Validation Loss: 0.5885, Validation Accuracy: 78.38%
Epoch [13/200], Training Loss: 1.1185, Training Accuracy: 56.76%, Validation Loss: 0.6788, Validation Accuracy: 76.93%
Epoch [14/200], Training Loss: 1.0909, Training Accuracy: 58.48%, Validation Loss: 0.6689, Validation Accuracy: 77.78%
Epoch [15/200], Training Loss: 1.0826, Training Accuracy: 58.40%, Validation Loss: 0.6612, Validation Accuracy: 78.38%
Epoch [16/200], Training Loss: 1.0367, Training Accuracy: 59.60%, Validation Loss: 0.6756, Validation Accuracy: 76.81%
Epoch [17/200], Training Loss: 1.0295, Training Accuracy: 60.24%, Validation Loss: 0.6124, Validation Accuracy: 78.62%
Epoch [18/200], Training Loss: 1.0156, Training Accuracy: 60.38%, Validation Loss: 0.5895, Validation Accuracy: 81.64%
----------- saving --------------
Epoch [19/200], Training Loss: 1.0118, Training Accuracy: 61.14%, Validation Loss: 0.5043, Validation Accuracy: 83.33%
----------- saving --------------
Epoch [20/200], Training Loss: 0.9843, Training Accuracy: 62.00%, Validation Loss: 0.7284, Validation Accuracy: 75.97%
Epoch [21/200], Training Loss: 0.9652, Training Accuracy: 62.43%, Validation Loss: 0.9191, Validation Accuracy: 72.22%
Epoch [22/200], Training Loss: 0.9642, Training Accuracy: 63.07%, Validation Loss: 0.6483, Validation Accuracy: 77.29%
Epoch [23/200], Training Loss: 0.9323, Training Accuracy: 64.88%, Validation Loss: 0.5533, Validation Accuracy: 77.90%
Epoch [24/200], Training Loss: 0.9186, Training Accuracy: 64.76%, Validation Loss: 0.5058, Validation Accuracy: 81.04%
Epoch [25/200], Training Loss: 0.9344, Training Accuracy: 63.83%, Validation Loss: 0.4826, Validation Accuracy: 82.49%
Epoch [26/200], Training Loss: 0.9023, Training Accuracy: 65.50%, Validation Loss: 0.6231, Validation Accuracy: 79.47%
Epoch [27/200], Training Loss: 0.8987, Training Accuracy: 65.36%, Validation Loss: 0.6388, Validation Accuracy: 79.35%
Epoch [28/200], Training Loss: 0.8913, Training Accuracy: 65.90%, Validation Loss: 0.6823, Validation Accuracy: 78.50%
Epoch [29/200], Training Loss: 0.8923, Training Accuracy: 65.19%, Validation Loss: 0.7399, Validation Accuracy: 76.45%
Epoch [30/200], Training Loss: 0.8684, Training Accuracy: 66.48%, Validation Loss: 0.5800, Validation Accuracy: 79.71%
Epoch [31/200], Training Loss: 0.8681, Training Accuracy: 65.76%, Validation Loss: 0.5239, Validation Accuracy: 79.95%
Epoch [32/200], Training Loss: 0.8511, Training Accuracy: 67.57%, Validation Loss: 0.7618, Validation Accuracy: 71.14%
Epoch [33/200], Training Loss: 0.8298, Training Accuracy: 68.50%, Validation Loss: 0.4345, Validation Accuracy: 84.78%
----------- saving --------------
Epoch [34/200], Training Loss: 0.8286, Training Accuracy: 68.29%, Validation Loss: 0.6565, Validation Accuracy: 79.59%
Epoch [35/200], Training Loss: 0.8101, Training Accuracy: 69.02%, Validation Loss: 0.5314, Validation Accuracy: 81.28%
Epoch [36/200], Training Loss: 0.8132, Training Accuracy: 68.67%, Validation Loss: 0.7350, Validation Accuracy: 73.79%
Epoch [37/200], Training Loss: 0.7895, Training Accuracy: 69.10%, Validation Loss: 0.6214, Validation Accuracy: 77.90%
Epoch [38/200], Training Loss: 0.7810, Training Accuracy: 70.45%, Validation Loss: 0.5488, Validation Accuracy: 79.95%
Epoch [39/200], Training Loss: 0.7828, Training Accuracy: 69.83%, Validation Loss: 0.4594, Validation Accuracy: 83.82%
Epoch [40/200], Training Loss: 0.7623, Training Accuracy: 71.26%, Validation Loss: 0.4230, Validation Accuracy: 84.66%
Epoch [41/200], Training Loss: 0.7491, Training Accuracy: 70.79%, Validation Loss: 0.4937, Validation Accuracy: 82.73%
Epoch [42/200], Training Loss: 0.7566, Training Accuracy: 70.90%, Validation Loss: 0.4964, Validation Accuracy: 82.25%
Epoch [43/200], Training Loss: 0.7404, Training Accuracy: 71.02%, Validation Loss: 0.5136, Validation Accuracy: 81.40%
Epoch [44/200], Training Loss: 0.7509, Training Accuracy: 71.43%, Validation Loss: 0.5223, Validation Accuracy: 81.40%
Epoch [45/200], Training Loss: 0.7095, Training Accuracy: 72.74%, Validation Loss: 0.8279, Validation Accuracy: 74.76%
Epoch [46/200], Training Loss: 0.7177, Training Accuracy: 72.52%, Validation Loss: 0.5937, Validation Accuracy: 77.90%
Epoch [47/200], Training Loss: 0.7120, Training Accuracy: 73.17%, Validation Loss: 0.4563, Validation Accuracy: 83.94%
Epoch [48/200], Training Loss: 0.6820, Training Accuracy: 73.31%, Validation Loss: 0.5204, Validation Accuracy: 81.76%
Training time 0:45:46
