Args parsed
Training HDKD model from weighted loss teacher - 700

Validating the train path:/home/micml/25m0764/MIC_project/final_dataset/dataset_600/train_100
Validating the train path:/home/micml/25m0764/MIC_project/final_dataset/dataset_600/test
Train size: 700
Test size: 828
Creating model: HDKD
Model created
The HDKD has number of params = 3727288
Starting training
2e-05
Epoch [1/200], Training Loss: 646.1096, Training Accuracy: 15.43%, Validation Loss: 1.7666, Validation Accuracy: 75.48%
----------- saving --------------
2.6000000000000002e-05
Epoch [2/200], Training Loss: 607.4232, Training Accuracy: 16.00%, Validation Loss: 1.7836, Validation Accuracy: 67.63%
3.2000000000000005e-05
Epoch [3/200], Training Loss: 573.4806, Training Accuracy: 16.14%, Validation Loss: 1.7331, Validation Accuracy: 49.76%
3.8e-05
Epoch [4/200], Training Loss: 543.8905, Training Accuracy: 18.43%, Validation Loss: 1.6501, Validation Accuracy: 71.01%
4.4e-05
Epoch [5/200], Training Loss: 508.6247, Training Accuracy: 24.43%, Validation Loss: 1.5238, Validation Accuracy: 69.81%
4.9953760005996925e-05
Epoch [6/200], Training Loss: 474.0478, Training Accuracy: 29.14%, Validation Loss: 1.3896, Validation Accuracy: 67.27%
4.993342946904621e-05
Epoch [7/200], Training Loss: 446.9273, Training Accuracy: 30.29%, Validation Loss: 1.1141, Validation Accuracy: 79.35%
----------- saving --------------
4.9909414331827703e-05
Epoch [8/200], Training Loss: 421.9834, Training Accuracy: 34.14%, Validation Loss: 1.4201, Validation Accuracy: 65.22%
4.988172051971717e-05
Epoch [9/200], Training Loss: 400.8675, Training Accuracy: 42.00%, Validation Loss: 1.1390, Validation Accuracy: 70.29%
4.9850354865748364e-05
Epoch [10/200], Training Loss: 382.2933, Training Accuracy: 44.29%, Validation Loss: 0.9393, Validation Accuracy: 74.40%
4.981532510892707e-05
Epoch [11/200], Training Loss: 373.8727, Training Accuracy: 43.71%, Validation Loss: 0.8591, Validation Accuracy: 75.00%
4.977663989232161e-05
Epoch [12/200], Training Loss: 361.4976, Training Accuracy: 43.71%, Validation Loss: 0.9249, Validation Accuracy: 71.74%
4.973430876093034e-05
Epoch [13/200], Training Loss: 351.0815, Training Accuracy: 47.43%, Validation Loss: 0.9544, Validation Accuracy: 71.62%
4.968834215932649e-05
Epoch [14/200], Training Loss: 343.2241, Training Accuracy: 44.43%, Validation Loss: 0.8494, Validation Accuracy: 72.58%
4.963875142908122e-05
Epoch [15/200], Training Loss: 335.5133, Training Accuracy: 47.00%, Validation Loss: 0.8153, Validation Accuracy: 72.83%
4.958554880596515e-05
Epoch [16/200], Training Loss: 327.0268, Training Accuracy: 47.00%, Validation Loss: 0.7648, Validation Accuracy: 73.91%
4.952874741692947e-05
Epoch [17/200], Training Loss: 320.0288, Training Accuracy: 47.86%, Validation Loss: 0.7372, Validation Accuracy: 76.33%
4.946836127686698e-05
Epoch [18/200], Training Loss: 316.4808, Training Accuracy: 47.29%, Validation Loss: 0.8809, Validation Accuracy: 72.46%
4.940440528515415e-05
Epoch [19/200], Training Loss: 309.5361, Training Accuracy: 47.57%, Validation Loss: 0.9166, Validation Accuracy: 69.08%
4.933689522197495e-05
Epoch [20/200], Training Loss: 306.7971, Training Accuracy: 46.14%, Validation Loss: 0.6625, Validation Accuracy: 78.74%
4.926584774442731e-05
Epoch [21/200], Training Loss: 299.3528, Training Accuracy: 51.57%, Validation Loss: 0.7260, Validation Accuracy: 75.97%
4.919128038241318e-05
Epoch [22/200], Training Loss: 297.1403, Training Accuracy: 48.57%, Validation Loss: 0.7506, Validation Accuracy: 76.09%
4.9113211534313383e-05
Epoch [23/200], Training Loss: 292.7925, Training Accuracy: 49.57%, Validation Loss: 0.8374, Validation Accuracy: 72.46%
4.9031660462448016e-05
Epoch [24/200], Training Loss: 288.9846, Training Accuracy: 50.57%, Validation Loss: 0.9134, Validation Accuracy: 69.20%
4.894664728832377e-05
Epoch [25/200], Training Loss: 285.9295, Training Accuracy: 54.29%, Validation Loss: 0.7780, Validation Accuracy: 74.40%
4.88581929876693e-05
Epoch [26/200], Training Loss: 280.2671, Training Accuracy: 54.57%, Validation Loss: 0.7705, Validation Accuracy: 74.76%
4.876631938525972e-05
Epoch [27/200], Training Loss: 278.7448, Training Accuracy: 52.71%, Validation Loss: 0.6798, Validation Accuracy: 79.83%
----------- saving --------------
4.8671049149531676e-05
Epoch [28/200], Training Loss: 276.4647, Training Accuracy: 54.86%, Validation Loss: 0.6671, Validation Accuracy: 78.50%
4.8572405786990295e-05
Epoch [29/200], Training Loss: 272.0440, Training Accuracy: 53.71%, Validation Loss: 0.7112, Validation Accuracy: 76.93%
4.847041363640924e-05
Epoch [30/200], Training Loss: 268.5790, Training Accuracy: 55.00%, Validation Loss: 0.7603, Validation Accuracy: 74.76%
4.836509786282552e-05
Epoch [31/200], Training Loss: 265.0441, Training Accuracy: 56.00%, Validation Loss: 0.6868, Validation Accuracy: 78.38%
4.8256484451330404e-05
Epoch [32/200], Training Loss: 263.3542, Training Accuracy: 52.86%, Validation Loss: 0.6757, Validation Accuracy: 78.02%
4.814460020065795e-05
Epoch [33/200], Training Loss: 259.2061, Training Accuracy: 57.86%, Validation Loss: 0.5844, Validation Accuracy: 80.56%
----------- saving --------------
4.802947271657287e-05
Epoch [34/200], Training Loss: 257.0181, Training Accuracy: 54.57%, Validation Loss: 0.7241, Validation Accuracy: 77.66%
4.7911130405059156e-05
Epoch [35/200], Training Loss: 255.5479, Training Accuracy: 55.57%, Validation Loss: 0.6714, Validation Accuracy: 79.35%
4.778960246531139e-05
Epoch [36/200], Training Loss: 252.1718, Training Accuracy: 57.71%, Validation Loss: 0.6605, Validation Accuracy: 78.99%
4.766491888253023e-05
Epoch [37/200], Training Loss: 249.8541, Training Accuracy: 56.86%, Validation Loss: 0.5970, Validation Accuracy: 79.95%
4.753711042052406e-05
Epoch [38/200], Training Loss: 246.8143, Training Accuracy: 56.14%, Validation Loss: 0.6950, Validation Accuracy: 78.62%
4.7406208614118425e-05
Epoch [39/200], Training Loss: 242.2878, Training Accuracy: 54.86%, Validation Loss: 0.7068, Validation Accuracy: 77.29%
4.727224576137535e-05
Epoch [40/200], Training Loss: 242.5701, Training Accuracy: 57.29%, Validation Loss: 0.8288, Validation Accuracy: 73.31%
4.7135254915624215e-05
Epoch [41/200], Training Loss: 238.9218, Training Accuracy: 56.57%, Validation Loss: 0.5872, Validation Accuracy: 81.52%
----------- saving --------------
4.699526987730636e-05
Epoch [42/200], Training Loss: 238.3635, Training Accuracy: 60.71%, Validation Loss: 0.5519, Validation Accuracy: 82.61%
----------- saving --------------
4.6852325185635355e-05
Epoch [43/200], Training Loss: 235.4341, Training Accuracy: 60.00%, Validation Loss: 0.7630, Validation Accuracy: 75.85%
4.6706456110074944e-05
Epoch [44/200], Training Loss: 232.5686, Training Accuracy: 59.00%, Validation Loss: 0.7990, Validation Accuracy: 73.19%
4.655769864163684e-05
Epoch [45/200], Training Loss: 229.6897, Training Accuracy: 61.71%, Validation Loss: 0.6354, Validation Accuracy: 80.07%
4.6406089484000467e-05
Epoch [46/200], Training Loss: 228.4472, Training Accuracy: 61.29%, Validation Loss: 0.5809, Validation Accuracy: 81.52%
4.6251666044456894e-05
Epoch [47/200], Training Loss: 227.0573, Training Accuracy: 63.14%, Validation Loss: 0.5902, Validation Accuracy: 81.28%
4.609446642467915e-05
Epoch [48/200], Training Loss: 224.6796, Training Accuracy: 62.00%, Validation Loss: 0.6219, Validation Accuracy: 79.23%
4.5934529411321176e-05
Epoch [49/200], Training Loss: 221.7483, Training Accuracy: 62.43%, Validation Loss: 0.6065, Validation Accuracy: 79.83%
4.5771894466447835e-05
Epoch [50/200], Training Loss: 220.0908, Training Accuracy: 61.43%, Validation Loss: 0.6329, Validation Accuracy: 79.71%
4.560660171779821e-05
Epoch [51/200], Training Loss: 217.7136, Training Accuracy: 65.00%, Validation Loss: 0.5631, Validation Accuracy: 80.56%
4.543869194888471e-05
Epoch [52/200], Training Loss: 216.8032, Training Accuracy: 66.86%, Validation Loss: 0.5747, Validation Accuracy: 81.04%
4.526820658893033e-05
Epoch [53/200], Training Loss: 214.7683, Training Accuracy: 66.57%, Validation Loss: 0.6464, Validation Accuracy: 78.38%
4.50951877026466e-05
Epoch [54/200], Training Loss: 212.1665, Training Accuracy: 64.71%, Validation Loss: 0.5250, Validation Accuracy: 82.37%
4.491967797985478e-05
Epoch [55/200], Training Loss: 209.5963, Training Accuracy: 64.43%, Validation Loss: 0.4751, Validation Accuracy: 83.94%
----------- saving --------------
4.474172072495276e-05
Epoch [56/200], Training Loss: 209.5899, Training Accuracy: 64.43%, Validation Loss: 0.6162, Validation Accuracy: 80.31%
4.456135984623035e-05
Epoch [57/200], Training Loss: 207.2723, Training Accuracy: 65.14%, Validation Loss: 0.5299, Validation Accuracy: 81.52%
4.4378639845035585e-05
Epoch [58/200], Training Loss: 206.8555, Training Accuracy: 66.00%, Validation Loss: 0.5421, Validation Accuracy: 82.13%
4.419360580479465e-05
Epoch [59/200], Training Loss: 204.0101, Training Accuracy: 68.57%, Validation Loss: 0.5697, Validation Accuracy: 81.52%
4.400630337988827e-05
Epoch [60/200], Training Loss: 202.3644, Training Accuracy: 67.00%, Validation Loss: 0.4987, Validation Accuracy: 82.61%
4.3816778784387106e-05
Epoch [61/200], Training Loss: 202.0488, Training Accuracy: 68.43%, Validation Loss: 0.4704, Validation Accuracy: 84.42%
----------- saving --------------
4.362507878064918e-05
Epoch [62/200], Training Loss: 201.1078, Training Accuracy: 68.29%, Validation Loss: 0.5489, Validation Accuracy: 81.16%
4.343125066778197e-05
Epoch [63/200], Training Loss: 198.7651, Training Accuracy: 67.43%, Validation Loss: 0.5354, Validation Accuracy: 80.68%
4.323534226997198e-05
Epoch [64/200], Training Loss: 197.3100, Training Accuracy: 69.43%, Validation Loss: 0.5336, Validation Accuracy: 81.76%
4.3037401924684955e-05
Epoch [65/200], Training Loss: 195.4637, Training Accuracy: 69.43%, Validation Loss: 0.5126, Validation Accuracy: 83.21%
4.2837478470739236e-05
Epoch [66/200], Training Loss: 193.5533, Training Accuracy: 69.71%, Validation Loss: 0.5286, Validation Accuracy: 81.52%
4.263562123625557e-05
Epoch [67/200], Training Loss: 191.3342, Training Accuracy: 70.43%, Validation Loss: 0.5085, Validation Accuracy: 81.16%
4.243188002648612e-05
Epoch [68/200], Training Loss: 193.5870, Training Accuracy: 71.57%, Validation Loss: 0.5357, Validation Accuracy: 79.95%
4.222630511152573e-05
Epoch [69/200], Training Loss: 190.6966, Training Accuracy: 70.00%, Validation Loss: 0.4944, Validation Accuracy: 83.82%
4.20189472139086e-05
Epoch [70/200], Training Loss: 187.9333, Training Accuracy: 70.43%, Validation Loss: 0.5502, Validation Accuracy: 79.95%
4.180985749609321e-05
Epoch [71/200], Training Loss: 187.7114, Training Accuracy: 67.00%, Validation Loss: 0.5921, Validation Accuracy: 79.11%
4.159908754783872e-05
Epoch [72/200], Training Loss: 186.4470, Training Accuracy: 71.29%, Validation Loss: 0.5148, Validation Accuracy: 81.52%
4.1386689373476096e-05
Epoch [73/200], Training Loss: 185.8652, Training Accuracy: 71.14%, Validation Loss: 0.4771, Validation Accuracy: 84.06%
4.117271537907663e-05
Epoch [74/200], Training Loss: 185.9608, Training Accuracy: 70.14%, Validation Loss: 0.4635, Validation Accuracy: 84.30%
4.095721835952171e-05
Epoch [75/200], Training Loss: 183.7925, Training Accuracy: 71.86%, Validation Loss: 0.4503, Validation Accuracy: 84.30%
4.074025148547635e-05
Epoch [76/200], Training Loss: 182.1446, Training Accuracy: 72.43%, Validation Loss: 0.4978, Validation Accuracy: 81.52%
4.052186829027017e-05
Epoch [77/200], Training Loss: 181.3718, Training Accuracy: 72.71%, Validation Loss: 0.5215, Validation Accuracy: 81.76%
4.0302122656688864e-05
Epoch [78/200], Training Loss: 180.2997, Training Accuracy: 72.86%, Validation Loss: 0.4419, Validation Accuracy: 84.54%
----------- saving --------------
4.008106880367937e-05
Epoch [79/200], Training Loss: 180.8818, Training Accuracy: 70.86%, Validation Loss: 0.5331, Validation Accuracy: 80.31%
3.985876127297224e-05
Epoch [80/200], Training Loss: 180.1495, Training Accuracy: 73.43%, Validation Loss: 0.4710, Validation Accuracy: 84.06%
3.963525491562421e-05
Epoch [81/200], Training Loss: 179.4991, Training Accuracy: 72.29%, Validation Loss: 0.4546, Validation Accuracy: 83.57%
3.9410604878484564e-05
Epoch [82/200], Training Loss: 177.2654, Training Accuracy: 73.71%, Validation Loss: 0.5394, Validation Accuracy: 81.04%
3.918486659058844e-05
Epoch [83/200], Training Loss: 175.7800, Training Accuracy: 73.71%, Validation Loss: 0.4950, Validation Accuracy: 81.40%
3.89580957494806e-05
Epoch [84/200], Training Loss: 177.5376, Training Accuracy: 74.86%, Validation Loss: 0.4867, Validation Accuracy: 82.85%
3.873034830747282e-05
Epoch [85/200], Training Loss: 175.3899, Training Accuracy: 73.86%, Validation Loss: 0.4618, Validation Accuracy: 82.85%
3.8501680457838584e-05
Epoch [86/200], Training Loss: 173.5850, Training Accuracy: 75.14%, Validation Loss: 0.4563, Validation Accuracy: 83.57%
3.8272148620948145e-05
Epoch [87/200], Training Loss: 174.2552, Training Accuracy: 73.29%, Validation Loss: 0.5006, Validation Accuracy: 82.49%
3.8041809430347696e-05
Epoch [88/200], Training Loss: 172.4137, Training Accuracy: 76.00%, Validation Loss: 0.5485, Validation Accuracy: 80.80%
3.7810719718785876e-05
Epoch [89/200], Training Loss: 171.3616, Training Accuracy: 76.43%, Validation Loss: 0.5127, Validation Accuracy: 83.21%
3.757893650419114e-05
Epoch [90/200], Training Loss: 171.1542, Training Accuracy: 76.00%, Validation Loss: 0.4962, Validation Accuracy: 82.97%
3.734651697560347e-05
Epoch [91/200], Training Loss: 169.2973, Training Accuracy: 74.43%, Validation Loss: 0.5472, Validation Accuracy: 81.28%
3.711351847906374e-05
Epoch [92/200], Training Loss: 171.1358, Training Accuracy: 75.14%, Validation Loss: 0.4601, Validation Accuracy: 84.30%
3.687999850346457e-05
Epoch [93/200], Training Loss: 169.4204, Training Accuracy: 75.00%, Validation Loss: 0.4590, Validation Accuracy: 84.54%
3.6646014666365684e-05
Epoch [94/200], Training Loss: 168.2286, Training Accuracy: 76.29%, Validation Loss: 0.5422, Validation Accuracy: 80.80%
3.641162469977772e-05
Epoch [95/200], Training Loss: 167.8122, Training Accuracy: 76.29%, Validation Loss: 0.5064, Validation Accuracy: 82.49%
3.617688643591768e-05
Epoch [96/200], Training Loss: 165.8742, Training Accuracy: 77.71%, Validation Loss: 0.4530, Validation Accuracy: 84.54%
3.594185779293971e-05
Epoch [97/200], Training Loss: 164.6504, Training Accuracy: 76.86%, Validation Loss: 0.5164, Validation Accuracy: 82.37%
3.5706596760644643e-05
Epoch [98/200], Training Loss: 165.3201, Training Accuracy: 77.43%, Validation Loss: 0.4777, Validation Accuracy: 83.94%
3.547116138617192e-05
Epoch [99/200], Training Loss: 165.4085, Training Accuracy: 76.00%, Validation Loss: 0.4660, Validation Accuracy: 85.39%
----------- saving --------------
3.523560975967731e-05
Epoch [100/200], Training Loss: 164.7367, Training Accuracy: 76.57%, Validation Loss: 0.4111, Validation Accuracy: 86.71%
----------- saving --------------
3.5000000000000004e-05
Epoch [101/200], Training Loss: 163.6373, Training Accuracy: 76.86%, Validation Loss: 0.4820, Validation Accuracy: 83.94%
3.4764390240322696e-05
Epoch [102/200], Training Loss: 162.9164, Training Accuracy: 76.43%, Validation Loss: 0.4956, Validation Accuracy: 82.37%
3.452883861382808e-05
Epoch [103/200], Training Loss: 163.8399, Training Accuracy: 78.29%, Validation Loss: 0.4746, Validation Accuracy: 82.85%
3.4293403239355364e-05
Epoch [104/200], Training Loss: 162.4941, Training Accuracy: 77.71%, Validation Loss: 0.4979, Validation Accuracy: 82.49%
3.40581422070603e-05
Epoch [105/200], Training Loss: 161.6627, Training Accuracy: 78.14%, Validation Loss: 0.4509, Validation Accuracy: 85.14%
3.382311356408233e-05
Epoch [106/200], Training Loss: 159.8504, Training Accuracy: 80.00%, Validation Loss: 0.4753, Validation Accuracy: 83.45%
3.358837530022229e-05
Epoch [107/200], Training Loss: 160.3136, Training Accuracy: 79.57%, Validation Loss: 0.4887, Validation Accuracy: 84.06%
3.335398533363432e-05
Epoch [108/200], Training Loss: 159.3103, Training Accuracy: 78.14%, Validation Loss: 0.4615, Validation Accuracy: 84.06%
3.312000149653544e-05
Epoch [109/200], Training Loss: 158.3857, Training Accuracy: 78.00%, Validation Loss: 0.5456, Validation Accuracy: 81.76%
3.2886481520936266e-05
Epoch [110/200], Training Loss: 158.4049, Training Accuracy: 78.86%, Validation Loss: 0.5064, Validation Accuracy: 81.88%
3.2653483024396536e-05
Epoch [111/200], Training Loss: 159.6297, Training Accuracy: 79.14%, Validation Loss: 0.5091, Validation Accuracy: 82.13%
3.242106349580886e-05
Epoch [112/200], Training Loss: 156.8043, Training Accuracy: 77.29%, Validation Loss: 0.5261, Validation Accuracy: 80.92%
3.218928028121413e-05
Epoch [113/200], Training Loss: 157.2963, Training Accuracy: 80.43%, Validation Loss: 0.4446, Validation Accuracy: 86.23%
3.195819056965232e-05
Epoch [114/200], Training Loss: 157.3492, Training Accuracy: 77.71%, Validation Loss: 0.5188, Validation Accuracy: 82.49%
3.172785137905187e-05
Epoch [115/200], Training Loss: 156.0223, Training Accuracy: 80.29%, Validation Loss: 0.5397, Validation Accuracy: 81.16%
3.149831954216142e-05
Epoch [116/200], Training Loss: 155.5120, Training Accuracy: 80.57%, Validation Loss: 0.5309, Validation Accuracy: 80.68%
3.126965169252718e-05
Epoch [117/200], Training Loss: 156.0186, Training Accuracy: 78.43%, Validation Loss: 0.4735, Validation Accuracy: 83.82%
3.104190425051941e-05
Epoch [118/200], Training Loss: 155.4139, Training Accuracy: 79.86%, Validation Loss: 0.4496, Validation Accuracy: 85.02%
3.0815133409411565e-05
Epoch [119/200], Training Loss: 153.6097, Training Accuracy: 78.57%, Validation Loss: 0.4539, Validation Accuracy: 85.02%
3.0589395121515443e-05
Epoch [120/200], Training Loss: 154.7834, Training Accuracy: 80.43%, Validation Loss: 0.5087, Validation Accuracy: 82.73%
3.0364745084375795e-05
Epoch [121/200], Training Loss: 153.5782, Training Accuracy: 80.86%, Validation Loss: 0.4564, Validation Accuracy: 84.18%
3.0141238727027758e-05
Epoch [122/200], Training Loss: 152.8130, Training Accuracy: 82.00%, Validation Loss: 0.5556, Validation Accuracy: 80.31%
2.991893119632063e-05
Epoch [123/200], Training Loss: 152.3049, Training Accuracy: 78.71%, Validation Loss: 0.4708, Validation Accuracy: 83.09%
2.9697877343311147e-05
Epoch [124/200], Training Loss: 151.0132, Training Accuracy: 81.00%, Validation Loss: 0.4481, Validation Accuracy: 84.42%
2.9478131709729838e-05
Epoch [125/200], Training Loss: 151.9221, Training Accuracy: 80.14%, Validation Loss: 0.5256, Validation Accuracy: 81.28%
2.9259748514523657e-05
Epoch [126/200], Training Loss: 153.0532, Training Accuracy: 82.00%, Validation Loss: 0.4691, Validation Accuracy: 83.45%
2.9042781640478292e-05
Epoch [127/200], Training Loss: 151.5844, Training Accuracy: 81.14%, Validation Loss: 0.4743, Validation Accuracy: 83.94%
2.882728462092337e-05
Epoch [128/200], Training Loss: 150.8016, Training Accuracy: 80.43%, Validation Loss: 0.4592, Validation Accuracy: 85.39%
2.861331062652391e-05
Epoch [129/200], Training Loss: 149.6577, Training Accuracy: 81.29%, Validation Loss: 0.4845, Validation Accuracy: 83.57%
2.8400912452161272e-05
Epoch [130/200], Training Loss: 149.6455, Training Accuracy: 82.57%, Validation Loss: 0.4329, Validation Accuracy: 85.02%
2.81901425039068e-05
Epoch [131/200], Training Loss: 149.8082, Training Accuracy: 81.43%, Validation Loss: 0.4991, Validation Accuracy: 82.61%
2.7981052786091404e-05
Epoch [132/200], Training Loss: 149.1054, Training Accuracy: 81.71%, Validation Loss: 0.5279, Validation Accuracy: 81.88%
2.777369488847427e-05
Epoch [133/200], Training Loss: 149.0473, Training Accuracy: 84.71%, Validation Loss: 0.4395, Validation Accuracy: 83.94%
2.756811997351389e-05
Epoch [134/200], Training Loss: 149.1243, Training Accuracy: 80.29%, Validation Loss: 0.5420, Validation Accuracy: 81.64%
2.7364378763744433e-05
Epoch [135/200], Training Loss: 148.8047, Training Accuracy: 83.57%, Validation Loss: 0.4857, Validation Accuracy: 82.61%
2.7162521529260772e-05
Epoch [136/200], Training Loss: 148.9351, Training Accuracy: 83.57%, Validation Loss: 0.5122, Validation Accuracy: 82.25%
2.696259807531505e-05
Epoch [137/200], Training Loss: 147.9950, Training Accuracy: 84.71%, Validation Loss: 0.4398, Validation Accuracy: 85.27%
2.6764657730028024e-05
Epoch [138/200], Training Loss: 147.8865, Training Accuracy: 82.00%, Validation Loss: 0.4822, Validation Accuracy: 83.45%
2.656874933221804e-05
Epoch [139/200], Training Loss: 147.1444, Training Accuracy: 83.29%, Validation Loss: 0.5903, Validation Accuracy: 80.19%
2.6374921219350825e-05
Epoch [140/200], Training Loss: 146.7431, Training Accuracy: 82.71%, Validation Loss: 0.4820, Validation Accuracy: 83.09%
2.6183221215612905e-05
Epoch [141/200], Training Loss: 146.6937, Training Accuracy: 82.43%, Validation Loss: 0.4645, Validation Accuracy: 84.30%
2.5993696620111744e-05
Epoch [142/200], Training Loss: 147.4453, Training Accuracy: 82.00%, Validation Loss: 0.4998, Validation Accuracy: 83.09%
2.5806394195205354e-05
Epoch [143/200], Training Loss: 145.5342, Training Accuracy: 83.57%, Validation Loss: 0.4622, Validation Accuracy: 84.42%
2.5621360154964423e-05
Epoch [144/200], Training Loss: 144.8377, Training Accuracy: 84.00%, Validation Loss: 0.4945, Validation Accuracy: 82.97%
2.5438640153769657e-05
Epoch [145/200], Training Loss: 145.4094, Training Accuracy: 82.29%, Validation Loss: 0.4893, Validation Accuracy: 83.45%
2.525827927504725e-05
Epoch [146/200], Training Loss: 145.0661, Training Accuracy: 82.29%, Validation Loss: 0.5323, Validation Accuracy: 81.64%
2.5080322020145226e-05
Epoch [147/200], Training Loss: 143.6027, Training Accuracy: 82.29%, Validation Loss: 0.4550, Validation Accuracy: 84.18%
2.49048122973534e-05
Epoch [148/200], Training Loss: 144.5797, Training Accuracy: 82.29%, Validation Loss: 0.4954, Validation Accuracy: 82.49%
2.473179341106967e-05
Epoch [149/200], Training Loss: 145.4242, Training Accuracy: 83.71%, Validation Loss: 0.4477, Validation Accuracy: 85.39%
2.4561308051115287e-05
Epoch [150/200], Training Loss: 144.4228, Training Accuracy: 84.29%, Validation Loss: 0.4635, Validation Accuracy: 83.70%
2.439339828220179e-05
Epoch [151/200], Training Loss: 143.4054, Training Accuracy: 82.86%, Validation Loss: 0.4632, Validation Accuracy: 84.42%
2.4228105533552172e-05
Epoch [152/200], Training Loss: 143.6787, Training Accuracy: 84.57%, Validation Loss: 0.4701, Validation Accuracy: 84.18%
2.406547058867883e-05
Epoch [153/200], Training Loss: 142.5288, Training Accuracy: 85.71%, Validation Loss: 0.4893, Validation Accuracy: 83.82%
2.3905533575320855e-05
Epoch [154/200], Training Loss: 143.1048, Training Accuracy: 83.43%, Validation Loss: 0.4853, Validation Accuracy: 83.82%
2.3748333955543107e-05
Epoch [155/200], Training Loss: 142.5186, Training Accuracy: 82.86%, Validation Loss: 0.4610, Validation Accuracy: 84.42%
2.3593910515999538e-05
Epoch [156/200], Training Loss: 143.1525, Training Accuracy: 84.29%, Validation Loss: 0.5053, Validation Accuracy: 82.85%
2.3442301358363164e-05
Epoch [157/200], Training Loss: 142.1176, Training Accuracy: 86.86%, Validation Loss: 0.4967, Validation Accuracy: 82.49%
2.3293543889925057e-05
Epoch [158/200], Training Loss: 140.3774, Training Accuracy: 85.71%, Validation Loss: 0.5632, Validation Accuracy: 80.43%
2.3147674814364646e-05
Epoch [159/200], Training Loss: 142.1790, Training Accuracy: 83.43%, Validation Loss: 0.4944, Validation Accuracy: 83.09%
2.3004730122693643e-05
Epoch [160/200], Training Loss: 141.2042, Training Accuracy: 84.14%, Validation Loss: 0.5003, Validation Accuracy: 82.13%
2.2864745084375792e-05
Epoch [161/200], Training Loss: 140.4150, Training Accuracy: 83.14%, Validation Loss: 0.4834, Validation Accuracy: 82.73%
2.2727754238624652e-05
Epoch [162/200], Training Loss: 140.3209, Training Accuracy: 84.00%, Validation Loss: 0.4804, Validation Accuracy: 83.21%
2.2593791385881576e-05
Epoch [163/200], Training Loss: 140.7406, Training Accuracy: 85.71%, Validation Loss: 0.4640, Validation Accuracy: 84.30%
2.2462889579475952e-05
Epoch [164/200], Training Loss: 139.8052, Training Accuracy: 85.71%, Validation Loss: 0.4966, Validation Accuracy: 82.85%
2.233508111746978e-05
Epoch [165/200], Training Loss: 140.4053, Training Accuracy: 86.00%, Validation Loss: 0.4748, Validation Accuracy: 83.94%
2.221039753468862e-05
Epoch [166/200], Training Loss: 139.6155, Training Accuracy: 86.71%, Validation Loss: 0.5116, Validation Accuracy: 82.25%
2.2088869594940844e-05
Epoch [167/200], Training Loss: 139.5224, Training Accuracy: 86.57%, Validation Loss: 0.4666, Validation Accuracy: 83.82%
2.197052728342713e-05
Epoch [168/200], Training Loss: 139.6443, Training Accuracy: 88.00%, Validation Loss: 0.5210, Validation Accuracy: 81.28%
2.185539979934205e-05
Epoch [169/200], Training Loss: 139.4428, Training Accuracy: 84.57%, Validation Loss: 0.4780, Validation Accuracy: 83.21%
2.17435155486696e-05
Epoch [170/200], Training Loss: 138.0713, Training Accuracy: 87.00%, Validation Loss: 0.4583, Validation Accuracy: 84.78%
2.1634902137174486e-05
Epoch [171/200], Training Loss: 138.2668, Training Accuracy: 85.86%, Validation Loss: 0.5029, Validation Accuracy: 82.37%
2.152958636359077e-05
Epoch [172/200], Training Loss: 138.9955, Training Accuracy: 85.29%, Validation Loss: 0.4768, Validation Accuracy: 83.82%
2.1427594213009713e-05
Epoch [173/200], Training Loss: 137.5433, Training Accuracy: 84.00%, Validation Loss: 0.5390, Validation Accuracy: 81.64%
2.1328950850468325e-05
Epoch [174/200], Training Loss: 137.2159, Training Accuracy: 87.14%, Validation Loss: 0.4960, Validation Accuracy: 83.33%
2.123368061474029e-05
Epoch [175/200], Training Loss: 138.8056, Training Accuracy: 84.71%, Validation Loss: 0.4708, Validation Accuracy: 84.30%
2.1141807012330703e-05
Epoch [176/200], Training Loss: 136.8692, Training Accuracy: 87.43%, Validation Loss: 0.4963, Validation Accuracy: 83.45%
2.105335271167623e-05
Epoch [177/200], Training Loss: 137.9890, Training Accuracy: 85.57%, Validation Loss: 0.4971, Validation Accuracy: 82.61%
2.096833953755199e-05
Epoch [178/200], Training Loss: 137.7017, Training Accuracy: 87.43%, Validation Loss: 0.4818, Validation Accuracy: 84.30%
2.088678846568662e-05
Epoch [179/200], Training Loss: 137.5338, Training Accuracy: 85.00%, Validation Loss: 0.4714, Validation Accuracy: 83.57%
2.080871961758682e-05
Epoch [180/200], Training Loss: 136.1653, Training Accuracy: 88.71%, Validation Loss: 0.5162, Validation Accuracy: 81.76%
2.0734152255572697e-05
Epoch [181/200], Training Loss: 136.2185, Training Accuracy: 87.86%, Validation Loss: 0.4757, Validation Accuracy: 83.94%
2.066310477802505e-05
Epoch [182/200], Training Loss: 136.0284, Training Accuracy: 90.00%, Validation Loss: 0.5056, Validation Accuracy: 82.49%
2.0595594714845856e-05
Epoch [183/200], Training Loss: 135.6715, Training Accuracy: 86.86%, Validation Loss: 0.4398, Validation Accuracy: 85.75%
2.0531638723133032e-05
Epoch [184/200], Training Loss: 136.2933, Training Accuracy: 85.14%, Validation Loss: 0.4776, Validation Accuracy: 83.45%
2.047125258307054e-05
Epoch [185/200], Training Loss: 135.5877, Training Accuracy: 89.00%, Validation Loss: 0.5305, Validation Accuracy: 81.64%
2.0414451194034853e-05
Epoch [186/200], Training Loss: 136.0337, Training Accuracy: 87.43%, Validation Loss: 0.4434, Validation Accuracy: 85.87%
2.0361248570918792e-05
Epoch [187/200], Training Loss: 134.6244, Training Accuracy: 87.43%, Validation Loss: 0.4868, Validation Accuracy: 83.57%
2.0311657840673515e-05
Epoch [188/200], Training Loss: 133.7983, Training Accuracy: 87.43%, Validation Loss: 0.5213, Validation Accuracy: 81.52%
2.026569123906967e-05
Epoch [189/200], Training Loss: 135.2705, Training Accuracy: 86.86%, Validation Loss: 0.5199, Validation Accuracy: 82.61%
2.0223360107678393e-05
Epoch [190/200], Training Loss: 135.2841, Training Accuracy: 87.57%, Validation Loss: 0.4525, Validation Accuracy: 84.42%
2.0184674891072937e-05
Epoch [191/200], Training Loss: 134.3571, Training Accuracy: 88.00%, Validation Loss: 0.4672, Validation Accuracy: 83.94%
2.014964513425164e-05
Epoch [192/200], Training Loss: 133.7138, Training Accuracy: 87.00%, Validation Loss: 0.5274, Validation Accuracy: 82.49%
2.0118279480282836e-05
Epoch [193/200], Training Loss: 134.4615, Training Accuracy: 87.57%, Validation Loss: 0.4649, Validation Accuracy: 84.06%
2.0090585668172307e-05
Epoch [194/200], Training Loss: 134.0475, Training Accuracy: 88.43%, Validation Loss: 0.4736, Validation Accuracy: 84.18%
2.00665705309538e-05
Epoch [195/200], Training Loss: 134.9918, Training Accuracy: 87.29%, Validation Loss: 0.4412, Validation Accuracy: 85.51%
2.0046239994003082e-05
Epoch [196/200], Training Loss: 132.8448, Training Accuracy: 89.57%, Validation Loss: 0.4811, Validation Accuracy: 84.78%
2.0029599073575927e-05
Epoch [197/200], Training Loss: 135.5942, Training Accuracy: 88.71%, Validation Loss: 0.4735, Validation Accuracy: 84.30%
2.0016651875570453e-05
Epoch [198/200], Training Loss: 132.9189, Training Accuracy: 88.86%, Validation Loss: 0.4845, Validation Accuracy: 84.66%
2.000740159451403e-05
Epoch [199/200], Training Loss: 133.6661, Training Accuracy: 87.00%, Validation Loss: 0.4825, Validation Accuracy: 83.09%
2.0001850512775094e-05
Epoch [200/200], Training Loss: 132.2945, Training Accuracy: 87.57%, Validation Loss: 0.4702, Validation Accuracy: 84.90%
Training time 1:00:39
